
MITObim - mitochondrial baiting and iterative mapping
version 1.8
author: Christoph Hahn, (c) 2012-2016

quick option selected! -maf option will be ignored (if given)

Full command run:
/home/478358/src/MITObim/MITObim/MITObim_1.8.pl -end 100 --quick /home/478358/WORKING/GYRO/mt-genomes/3-mt-genomes/references/G.salaris.mt.fasta -readpool let-reads.fastq -ref Gyrodactylus_salaris -sample let --clean --missmatch 1

All paramters seem to make sense:
startiteration: 0
enditeration: 100
sample: let
refname: Gyrodactylus_salaris
readpool: /home/478358/WORKING/GYRO/mt-genomes/3-mt-genomes/multi-pe/let/Gyrodactylus_salaris/1-pass-all/let-reads.fastq
maf: 0
quick: /home/478358/WORKING/GYRO/mt-genomes/3-mt-genomes/references/G.salaris.mt.fasta
paired: 0 (off=0, on=1)
assembly mode: 0 (mapping=0, denovo=1)
verbose: 0 (off=0, on=1)
split: 0 (off=0, on=1)
minimum avg. coverage: 0 (off=0)
clean: 1 (off=0, on=1)
trim reads: 0 (off=0, on=1)
trim overhang: 0 (no=0, yes=1)
platform: solexa
kmer baiting: 31
number of missmatches in mapping assembly: 1
proofreading: off

Starting MITObim 

==============
 ITERATION 0
==============
Nov  4 11:53:02


quick option baits reads from provided reference in iteration 0

fishing readpool using mirabait (k = 31)


running mapping assembly using MIRA

readpool contains 59512 reads
assembly contains 1 contig(s)
contig length: 14836

==============
 ITERATION 1
==============
Nov  4 11:54:48


recover backbone by running miraconvert on maf file


fishing readpool using mirabait (k = 31)


running mapping assembly using MIRA

readpool contains 60168 reads
assembly contains 1 contig(s)
contig length: 14882

==============
 ITERATION 2
==============
Nov  4 11:56:32


recover backbone by running miraconvert on maf file


fishing readpool using mirabait (k = 31)


running mapping assembly using MIRA

readpool contains 64434 reads
assembly contains 1 contig(s)
contig length: 14875

now removing directory iteration0

==============
 ITERATION 3
==============
Nov  4 11:58:17


recover backbone by running miraconvert on maf file


fishing readpool using mirabait (k = 31)


running mapping assembly using MIRA

readpool contains 60713 reads
assembly contains 1 contig(s)
contig length: 14882

now removing directory iteration1

MITObim has reached a stationary read number after 3 iterations!!

if you found MITObim useful, please cite:
Hahn C, Bachmann L and Chevreux B. (2013) Reconstructing mitochondrial genomes directly from genomic next-generation sequencing reads -
a baiting and iterative mapping approach. Nucl. Acids Res. 41(13):e129. doi: 10.1093/nar/gkt371

Nov  4 12:00:01

removed ‘let-reads.fastq’
