0	rr_####981####
1	rr_####982####
2	rr_####983####
3	rr_####984####
4	rr_####985####
5	rr_####986####
6	rr_####987####
7	rr_####988####
8	rr_####989####
9	rr_####990####
10	rr_####991####
11	rr_####992####
12	rr_####993####
13	rr_####994####
14	rr_####995####
15	rr_####996####
16	rr_####997####
17	rr_####998####
18	rr_####999####
19	rr_####1000####
20	rr_####1001####
21	rr_####1002####
22	rr_####1003####
23	rr_####1004####
24	rr_####1005####
25	rr_####1006####
26	rr_####1007####
27	rr_####1008####
28	rr_####1009####
29	rr_####1010####
30	rr_####1011####
31	rr_####1012####
32	rr_####1013####
33	rr_####1014####
34	rr_####1015####
35	rr_####1016####
36	rr_####1017####
37	rr_####1018####
38	rr_####1019####
39	rr_####1020####
40	rr_####1021####
41	rr_####1022####
42	rr_####1023####
43	rr_####1024####
44	rr_####1025####
45	rr_####1026####
46	rr_####1027####
47	rr_####1028####
48	rr_####1029####
49	rr_####1030####
50	rr_####1031####
51	rr_####1032####
52	rr_####1033####
53	rr_####1034####
54	rr_####1035####
55	rr_####1036####
56	rr_####1037####
57	rr_####1038####
58	rr_####1039####
59	rr_####1040####
60	rr_####1041####
61	rr_####1042####
62	rr_####1043####
63	rr_####1044####
64	rr_####1045####
65	rr_####1046####
66	rr_####1047####
67	rr_####1048####
68	rr_####1049####
69	rr_####1050####
70	rr_####1051####
71	rr_####1052####
72	rr_####1053####
73	rr_####1054####
74	rr_####1055####
75	rr_####1056####
76	rr_####1057####
77	rr_####1058####
78	rr_####1059####
79	rr_####1060####
80	rr_####1061####
81	rr_####1062####
82	rr_####1063####
83	rr_####1064####
84	rr_####1065####
85	rr_####1066####
86	rr_####1067####
87	rr_####1068####
88	rr_####1069####
89	rr_####1070####
90	rr_####1071####
91	rr_####1072####
92	rr_####1073####
93	rr_####1074####
94	rr_####1075####
95	rr_####1076####
96	rr_####1077####
97	rr_####1078####
98	rr_####1079####
99	rr_####1080####
100	rr_####1081####
101	rr_####1082####
102	rr_####1083####
103	rr_####1084####
104	rr_####1085####
105	rr_####1086####
106	rr_####1087####
107	rr_####1088####
108	rr_####1089####
109	rr_####1090####
110	rr_####1091####
111	rr_####1092####
112	rr_####1093####
113	rr_####1094####
114	rr_####1095####
115	rr_####1096####
116	rr_####1097####
117	rr_####1098####
118	rr_####1099####
119	rr_####1100####
120	rr_####1101####
121	rr_####1102####
122	rr_####1103####
123	rr_####1104####
124	rr_####1105####
125	HWI-ST558:73:B01BVACXX:6:1101:6852:21209/1
126	HWI-ST558:73:B01BVACXX:6:1101:6852:21209/2
127	HWI-ST558:73:B01BVACXX:6:1101:12195:25850/1
128	HWI-ST558:73:B01BVACXX:6:1101:12195:25850/2
129	HWI-ST558:73:B01BVACXX:6:1101:5025:32702/1
130	HWI-ST558:73:B01BVACXX:6:1101:5025:32702/2
131	HWI-ST558:73:B01BVACXX:6:1101:11927:61228/1
132	HWI-ST558:73:B01BVACXX:6:1101:11927:61228/2
133	HWI-ST558:73:B01BVACXX:6:1101:17522:75053/1
134	HWI-ST558:73:B01BVACXX:6:1101:17522:75053/2
135	HWI-ST558:73:B01BVACXX:6:1101:17323:135125/1
136	HWI-ST558:73:B01BVACXX:6:1101:17323:135125/2
137	HWI-ST558:73:B01BVACXX:6:1101:9315:166839/1
138	HWI-ST558:73:B01BVACXX:6:1101:9315:166839/2
139	HWI-ST558:73:B01BVACXX:6:1101:18115:186534/1
140	HWI-ST558:73:B01BVACXX:6:1101:18115:186534/2
141	HWI-ST558:73:B01BVACXX:6:1101:8614:200423/1
142	HWI-ST558:73:B01BVACXX:6:1101:8614:200423/2
143	HWI-ST558:73:B01BVACXX:6:1102:4007:3009/1
144	HWI-ST558:73:B01BVACXX:6:1102:4007:3009/2
145	HWI-ST558:73:B01BVACXX:6:1102:9231:24819/1
146	HWI-ST558:73:B01BVACXX:6:1102:9231:24819/2
147	HWI-ST558:73:B01BVACXX:6:1102:11887:27618/1
148	HWI-ST558:73:B01BVACXX:6:1102:11887:27618/2
149	HWI-ST558:73:B01BVACXX:6:1102:12847:57460/1
150	HWI-ST558:73:B01BVACXX:6:1102:12847:57460/2
151	HWI-ST558:73:B01BVACXX:6:1102:9463:57782/1
152	HWI-ST558:73:B01BVACXX:6:1102:9463:57782/2
153	HWI-ST558:73:B01BVACXX:6:1102:1357:69081/1
154	HWI-ST558:73:B01BVACXX:6:1102:1357:69081/2
155	HWI-ST558:73:B01BVACXX:6:1102:1315:73133/1
156	HWI-ST558:73:B01BVACXX:6:1102:1315:73133/2
157	HWI-ST558:73:B01BVACXX:6:1102:4217:85362/1
158	HWI-ST558:73:B01BVACXX:6:1102:4217:85362/2
159	HWI-ST558:73:B01BVACXX:6:1102:14597:102047/1
160	HWI-ST558:73:B01BVACXX:6:1102:14597:102047/2
161	HWI-ST558:73:B01BVACXX:6:1102:2324:123861/1
162	HWI-ST558:73:B01BVACXX:6:1102:2324:123861/2
163	HWI-ST558:73:B01BVACXX:6:1102:6202:125046/1
164	HWI-ST558:73:B01BVACXX:6:1102:6202:125046/2
165	HWI-ST558:73:B01BVACXX:6:1102:15328:125278/1
166	HWI-ST558:73:B01BVACXX:6:1102:15328:125278/2
167	HWI-ST558:73:B01BVACXX:6:1102:6541:127235/1
168	HWI-ST558:73:B01BVACXX:6:1102:6541:127235/2
169	HWI-ST558:73:B01BVACXX:6:1102:8320:129724/1
170	HWI-ST558:73:B01BVACXX:6:1102:8320:129724/2
171	HWI-ST558:73:B01BVACXX:6:1102:3583:143805/1
172	HWI-ST558:73:B01BVACXX:6:1102:3583:143805/2
173	HWI-ST558:73:B01BVACXX:6:1102:3464:156124/1
174	HWI-ST558:73:B01BVACXX:6:1102:3464:156124/2
175	HWI-ST558:73:B01BVACXX:6:1102:15033:158394/1
176	HWI-ST558:73:B01BVACXX:6:1102:15033:158394/2
177	HWI-ST558:73:B01BVACXX:6:1102:17825:159506/1
178	HWI-ST558:73:B01BVACXX:6:1102:17825:159506/2
179	HWI-ST558:73:B01BVACXX:6:1102:14854:172617/1
180	HWI-ST558:73:B01BVACXX:6:1102:14854:172617/2
181	HWI-ST558:73:B01BVACXX:6:1102:3999:188546/1
182	HWI-ST558:73:B01BVACXX:6:1102:3999:188546/2
183	HWI-ST558:73:B01BVACXX:6:1103:5185:31090/1
184	HWI-ST558:73:B01BVACXX:6:1103:5185:31090/2
185	HWI-ST558:73:B01BVACXX:6:1103:13963:62672/1
186	HWI-ST558:73:B01BVACXX:6:1103:13963:62672/2
187	HWI-ST558:73:B01BVACXX:6:1103:15955:66570/1
188	HWI-ST558:73:B01BVACXX:6:1103:15955:66570/2
189	HWI-ST558:73:B01BVACXX:6:1103:5451:72371/1
190	HWI-ST558:73:B01BVACXX:6:1103:5451:72371/2
191	HWI-ST558:73:B01BVACXX:6:1103:18953:82188/1
192	HWI-ST558:73:B01BVACXX:6:1103:18953:82188/2
193	HWI-ST558:73:B01BVACXX:6:1103:6398:109535/1
194	HWI-ST558:73:B01BVACXX:6:1103:6398:109535/2
195	HWI-ST558:73:B01BVACXX:6:1103:13056:116656/1
196	HWI-ST558:73:B01BVACXX:6:1103:13056:116656/2
197	HWI-ST558:73:B01BVACXX:6:1103:9950:119346/1
198	HWI-ST558:73:B01BVACXX:6:1103:9950:119346/2
199	HWI-ST558:73:B01BVACXX:6:1103:13026:125812/1
200	HWI-ST558:73:B01BVACXX:6:1103:13026:125812/2
201	HWI-ST558:73:B01BVACXX:6:1104:7220:8917/1
202	HWI-ST558:73:B01BVACXX:6:1104:7220:8917/2
203	HWI-ST558:73:B01BVACXX:6:1104:15514:13445/1
204	HWI-ST558:73:B01BVACXX:6:1104:15514:13445/2
205	HWI-ST558:73:B01BVACXX:6:1104:19012:21036/1
206	HWI-ST558:73:B01BVACXX:6:1104:19012:21036/2
207	HWI-ST558:73:B01BVACXX:6:1104:8100:27565/1
208	HWI-ST558:73:B01BVACXX:6:1104:8100:27565/2
209	HWI-ST558:73:B01BVACXX:6:1104:11791:41048/1
210	HWI-ST558:73:B01BVACXX:6:1104:11791:41048/2
211	HWI-ST558:73:B01BVACXX:6:1104:1645:65266/1
212	HWI-ST558:73:B01BVACXX:6:1104:1645:65266/2
213	HWI-ST558:73:B01BVACXX:6:1104:13277:78192/1
214	HWI-ST558:73:B01BVACXX:6:1104:13277:78192/2
215	HWI-ST558:73:B01BVACXX:6:1104:4610:88546/1
216	HWI-ST558:73:B01BVACXX:6:1104:4610:88546/2
217	HWI-ST558:73:B01BVACXX:6:1104:6535:108051/1
218	HWI-ST558:73:B01BVACXX:6:1104:6535:108051/2
219	HWI-ST558:73:B01BVACXX:6:1104:7940:157074/1
220	HWI-ST558:73:B01BVACXX:6:1104:7940:157074/2
221	HWI-ST558:73:B01BVACXX:6:1104:1360:176157/1
222	HWI-ST558:73:B01BVACXX:6:1104:1360:176157/2
223	HWI-ST558:73:B01BVACXX:6:1104:10824:177016/1
224	HWI-ST558:73:B01BVACXX:6:1104:10824:177016/2
225	HWI-ST558:73:B01BVACXX:6:1104:15705:198374/1
226	HWI-ST558:73:B01BVACXX:6:1104:15705:198374/2
227	HWI-ST558:73:B01BVACXX:6:1105:5224:28192/1
228	HWI-ST558:73:B01BVACXX:6:1105:5224:28192/2
229	HWI-ST558:73:B01BVACXX:6:1105:8252:39603/1
230	HWI-ST558:73:B01BVACXX:6:1105:8252:39603/2
231	HWI-ST558:73:B01BVACXX:6:1105:10438:74005/1
232	HWI-ST558:73:B01BVACXX:6:1105:10438:74005/2
233	HWI-ST558:73:B01BVACXX:6:1105:10318:80970/1
234	HWI-ST558:73:B01BVACXX:6:1105:10318:80970/2
235	HWI-ST558:73:B01BVACXX:6:1105:20376:89275/1
236	HWI-ST558:73:B01BVACXX:6:1105:20376:89275/2
237	HWI-ST558:73:B01BVACXX:6:1105:20407:103222/1
238	HWI-ST558:73:B01BVACXX:6:1105:20407:103222/2
239	HWI-ST558:73:B01BVACXX:6:1105:13634:144216/1
240	HWI-ST558:73:B01BVACXX:6:1105:13634:144216/2
241	HWI-ST558:73:B01BVACXX:6:1105:13450:172001/1
242	HWI-ST558:73:B01BVACXX:6:1105:13450:172001/2
243	HWI-ST558:73:B01BVACXX:6:1106:14539:7426/1
244	HWI-ST558:73:B01BVACXX:6:1106:14539:7426/2
245	HWI-ST558:73:B01BVACXX:6:1106:18775:23527/1
246	HWI-ST558:73:B01BVACXX:6:1106:18775:23527/2
247	HWI-ST558:73:B01BVACXX:6:1106:5721:25798/1
248	HWI-ST558:73:B01BVACXX:6:1106:5721:25798/2
249	HWI-ST558:73:B01BVACXX:6:1106:18153:43245/1
250	HWI-ST558:73:B01BVACXX:6:1106:18153:43245/2
251	HWI-ST558:73:B01BVACXX:6:1106:14694:51289/1
252	HWI-ST558:73:B01BVACXX:6:1106:14694:51289/2
253	HWI-ST558:73:B01BVACXX:6:1106:7177:57321/1
254	HWI-ST558:73:B01BVACXX:6:1106:7177:57321/2
255	HWI-ST558:73:B01BVACXX:6:1106:15577:61793/1
256	HWI-ST558:73:B01BVACXX:6:1106:15577:61793/2
257	HWI-ST558:73:B01BVACXX:6:1106:19957:63783/1
258	HWI-ST558:73:B01BVACXX:6:1106:19957:63783/2
259	HWI-ST558:73:B01BVACXX:6:1106:6189:70277/1
260	HWI-ST558:73:B01BVACXX:6:1106:6189:70277/2
261	HWI-ST558:73:B01BVACXX:6:1106:1115:137210/1
262	HWI-ST558:73:B01BVACXX:6:1106:1115:137210/2
263	HWI-ST558:73:B01BVACXX:6:1107:6332:27053/1
264	HWI-ST558:73:B01BVACXX:6:1107:6332:27053/2
265	HWI-ST558:73:B01BVACXX:6:1107:19263:46326/1
266	HWI-ST558:73:B01BVACXX:6:1107:19263:46326/2
267	HWI-ST558:73:B01BVACXX:6:1107:11401:85957/1
268	HWI-ST558:73:B01BVACXX:6:1107:11401:85957/2
269	HWI-ST558:73:B01BVACXX:6:1107:12743:90079/1
270	HWI-ST558:73:B01BVACXX:6:1107:12743:90079/2
271	HWI-ST558:73:B01BVACXX:6:1107:19479:93303/1
272	HWI-ST558:73:B01BVACXX:6:1107:19479:93303/2
273	HWI-ST558:73:B01BVACXX:6:1107:10723:130649/1
274	HWI-ST558:73:B01BVACXX:6:1107:10723:130649/2
275	HWI-ST558:73:B01BVACXX:6:1107:4288:133516/1
276	HWI-ST558:73:B01BVACXX:6:1107:4288:133516/2
277	HWI-ST558:73:B01BVACXX:6:1107:11736:145505/1
278	HWI-ST558:73:B01BVACXX:6:1107:11736:145505/2
279	HWI-ST558:73:B01BVACXX:6:1107:16345:173582/1
280	HWI-ST558:73:B01BVACXX:6:1107:16345:173582/2
281	HWI-ST558:73:B01BVACXX:6:1107:3483:177417/1
282	HWI-ST558:73:B01BVACXX:6:1107:3483:177417/2
283	HWI-ST558:73:B01BVACXX:6:1107:4868:184326/1
284	HWI-ST558:73:B01BVACXX:6:1107:4868:184326/2
285	HWI-ST558:73:B01BVACXX:6:1107:18103:185022/1
286	HWI-ST558:73:B01BVACXX:6:1107:18103:185022/2
287	HWI-ST558:73:B01BVACXX:6:1107:6050:186630/1
288	HWI-ST558:73:B01BVACXX:6:1107:6050:186630/2
289	HWI-ST558:73:B01BVACXX:6:1107:21056:193117/1
290	HWI-ST558:73:B01BVACXX:6:1107:21056:193117/2
291	HWI-ST558:73:B01BVACXX:6:1108:8391:28036/1
292	HWI-ST558:73:B01BVACXX:6:1108:8391:28036/2
293	HWI-ST558:73:B01BVACXX:6:1108:15133:42739/1
294	HWI-ST558:73:B01BVACXX:6:1108:15133:42739/2
295	HWI-ST558:73:B01BVACXX:6:1108:5644:58401/1
296	HWI-ST558:73:B01BVACXX:6:1108:5644:58401/2
297	HWI-ST558:73:B01BVACXX:6:1108:17848:60769/1
298	HWI-ST558:73:B01BVACXX:6:1108:17848:60769/2
299	HWI-ST558:73:B01BVACXX:6:1108:13993:91938/1
300	HWI-ST558:73:B01BVACXX:6:1108:13993:91938/2
301	HWI-ST558:73:B01BVACXX:6:1108:2619:98364/1
302	HWI-ST558:73:B01BVACXX:6:1108:2619:98364/2
303	HWI-ST558:73:B01BVACXX:6:1108:10573:100350/1
304	HWI-ST558:73:B01BVACXX:6:1108:10573:100350/2
305	HWI-ST558:73:B01BVACXX:6:1108:3674:146748/1
306	HWI-ST558:73:B01BVACXX:6:1108:3674:146748/2
307	HWI-ST558:73:B01BVACXX:6:1108:18238:165319/1
308	HWI-ST558:73:B01BVACXX:6:1108:18238:165319/2
309	HWI-ST558:73:B01BVACXX:6:1108:2947:176271/1
310	HWI-ST558:73:B01BVACXX:6:1108:2947:176271/2
311	HWI-ST558:73:B01BVACXX:6:1108:5890:181070/1
312	HWI-ST558:73:B01BVACXX:6:1108:5890:181070/2
313	HWI-ST558:73:B01BVACXX:6:1108:1425:187691/1
314	HWI-ST558:73:B01BVACXX:6:1108:1425:187691/2
315	HWI-ST558:73:B01BVACXX:6:1201:1916:10466/1
316	HWI-ST558:73:B01BVACXX:6:1201:1916:10466/2
317	HWI-ST558:73:B01BVACXX:6:1201:4072:32078/1
318	HWI-ST558:73:B01BVACXX:6:1201:4072:32078/2
319	HWI-ST558:73:B01BVACXX:6:1201:6269:78994/1
320	HWI-ST558:73:B01BVACXX:6:1201:6269:78994/2
321	HWI-ST558:73:B01BVACXX:6:1201:11742:91807/1
322	HWI-ST558:73:B01BVACXX:6:1201:11742:91807/2
323	HWI-ST558:73:B01BVACXX:6:1201:4187:97789/1
324	HWI-ST558:73:B01BVACXX:6:1201:4187:97789/2
325	HWI-ST558:73:B01BVACXX:6:1201:18705:103357/1
326	HWI-ST558:73:B01BVACXX:6:1201:18705:103357/2
327	HWI-ST558:73:B01BVACXX:6:1201:11961:116437/1
328	HWI-ST558:73:B01BVACXX:6:1201:11961:116437/2
329	HWI-ST558:73:B01BVACXX:6:1201:13323:123399/1
330	HWI-ST558:73:B01BVACXX:6:1201:13323:123399/2
331	HWI-ST558:73:B01BVACXX:6:1201:20907:140347/1
332	HWI-ST558:73:B01BVACXX:6:1201:20907:140347/2
333	HWI-ST558:73:B01BVACXX:6:1201:16880:158542/1
334	HWI-ST558:73:B01BVACXX:6:1201:16880:158542/2
335	HWI-ST558:73:B01BVACXX:6:1201:7587:161368/1
336	HWI-ST558:73:B01BVACXX:6:1201:7587:161368/2
337	HWI-ST558:73:B01BVACXX:6:1201:4962:177861/1
338	HWI-ST558:73:B01BVACXX:6:1201:4962:177861/2
339	HWI-ST558:73:B01BVACXX:6:1201:4059:186613/1
340	HWI-ST558:73:B01BVACXX:6:1201:4059:186613/2
341	HWI-ST558:73:B01BVACXX:6:1201:20724:193211/1
342	HWI-ST558:73:B01BVACXX:6:1201:20724:193211/2
343	HWI-ST558:73:B01BVACXX:6:1202:12336:7067/1
344	HWI-ST558:73:B01BVACXX:6:1202:12336:7067/2
345	HWI-ST558:73:B01BVACXX:6:1202:10203:38557/1
346	HWI-ST558:73:B01BVACXX:6:1202:10203:38557/2
347	HWI-ST558:73:B01BVACXX:6:1202:10034:47067/1
348	HWI-ST558:73:B01BVACXX:6:1202:10034:47067/2
349	HWI-ST558:73:B01BVACXX:6:1202:12663:78305/1
350	HWI-ST558:73:B01BVACXX:6:1202:12663:78305/2
351	HWI-ST558:73:B01BVACXX:6:1202:21222:84386/1
352	HWI-ST558:73:B01BVACXX:6:1202:21222:84386/2
353	HWI-ST558:73:B01BVACXX:6:1202:11092:110501/1
354	HWI-ST558:73:B01BVACXX:6:1202:11092:110501/2
355	HWI-ST558:73:B01BVACXX:6:1202:19363:113440/1
356	HWI-ST558:73:B01BVACXX:6:1202:19363:113440/2
357	HWI-ST558:73:B01BVACXX:6:1202:12676:114055/1
358	HWI-ST558:73:B01BVACXX:6:1202:12676:114055/2
359	HWI-ST558:73:B01BVACXX:6:1202:2870:156817/1
360	HWI-ST558:73:B01BVACXX:6:1202:2870:156817/2
361	HWI-ST558:73:B01BVACXX:6:1202:1085:167724/1
362	HWI-ST558:73:B01BVACXX:6:1202:1085:167724/2
363	HWI-ST558:73:B01BVACXX:6:1202:20727:173198/1
364	HWI-ST558:73:B01BVACXX:6:1202:20727:173198/2
365	HWI-ST558:73:B01BVACXX:6:1202:5115:197746/1
366	HWI-ST558:73:B01BVACXX:6:1202:5115:197746/2
367	HWI-ST558:73:B01BVACXX:6:1203:14487:6002/1
368	HWI-ST558:73:B01BVACXX:6:1203:14487:6002/2
369	HWI-ST558:73:B01BVACXX:6:1203:13799:16686/1
370	HWI-ST558:73:B01BVACXX:6:1203:13799:16686/2
371	HWI-ST558:73:B01BVACXX:6:1203:17429:18484/1
372	HWI-ST558:73:B01BVACXX:6:1203:17429:18484/2
373	HWI-ST558:73:B01BVACXX:6:1203:10838:52655/1
374	HWI-ST558:73:B01BVACXX:6:1203:10838:52655/2
375	HWI-ST558:73:B01BVACXX:6:1203:6388:74540/1
376	HWI-ST558:73:B01BVACXX:6:1203:6388:74540/2
377	HWI-ST558:73:B01BVACXX:6:1203:7828:85584/1
378	HWI-ST558:73:B01BVACXX:6:1203:7828:85584/2
379	HWI-ST558:73:B01BVACXX:6:1203:11733:92518/1
380	HWI-ST558:73:B01BVACXX:6:1203:11733:92518/2
381	HWI-ST558:73:B01BVACXX:6:1203:12632:125338/1
382	HWI-ST558:73:B01BVACXX:6:1203:12632:125338/2
383	HWI-ST558:73:B01BVACXX:6:1203:17081:129361/1
384	HWI-ST558:73:B01BVACXX:6:1203:17081:129361/2
385	HWI-ST558:73:B01BVACXX:6:1203:12782:133723/1
386	HWI-ST558:73:B01BVACXX:6:1203:12782:133723/2
387	HWI-ST558:73:B01BVACXX:6:1203:1194:134151/1
388	HWI-ST558:73:B01BVACXX:6:1203:1194:134151/2
389	HWI-ST558:73:B01BVACXX:6:1203:11298:140666/1
390	HWI-ST558:73:B01BVACXX:6:1203:11298:140666/2
391	HWI-ST558:73:B01BVACXX:6:1203:18305:151588/1
392	HWI-ST558:73:B01BVACXX:6:1203:18305:151588/2
393	HWI-ST558:73:B01BVACXX:6:1203:2962:191068/1
394	HWI-ST558:73:B01BVACXX:6:1203:2962:191068/2
395	HWI-ST558:73:B01BVACXX:6:1203:14115:198719/1
396	HWI-ST558:73:B01BVACXX:6:1203:14115:198719/2
397	HWI-ST558:73:B01BVACXX:6:1204:1525:27514/1
398	HWI-ST558:73:B01BVACXX:6:1204:1525:27514/2
399	HWI-ST558:73:B01BVACXX:6:1204:6454:31319/1
400	HWI-ST558:73:B01BVACXX:6:1204:6454:31319/2
401	HWI-ST558:73:B01BVACXX:6:1204:18708:32779/1
402	HWI-ST558:73:B01BVACXX:6:1204:18708:32779/2
403	HWI-ST558:73:B01BVACXX:6:1204:13229:36005/1
404	HWI-ST558:73:B01BVACXX:6:1204:13229:36005/2
405	HWI-ST558:73:B01BVACXX:6:1204:9371:101006/1
406	HWI-ST558:73:B01BVACXX:6:1204:9371:101006/2
407	HWI-ST558:73:B01BVACXX:6:1204:2021:102486/1
408	HWI-ST558:73:B01BVACXX:6:1204:2021:102486/2
409	HWI-ST558:73:B01BVACXX:6:1204:9637:122324/1
410	HWI-ST558:73:B01BVACXX:6:1204:9637:122324/2
411	HWI-ST558:73:B01BVACXX:6:1204:14283:127106/1
412	HWI-ST558:73:B01BVACXX:6:1204:14283:127106/2
413	HWI-ST558:73:B01BVACXX:6:1204:18412:137912/1
414	HWI-ST558:73:B01BVACXX:6:1204:18412:137912/2
415	HWI-ST558:73:B01BVACXX:6:1204:19987:178809/1
416	HWI-ST558:73:B01BVACXX:6:1204:19987:178809/2
417	HWI-ST558:73:B01BVACXX:6:1205:9800:3967/1
418	HWI-ST558:73:B01BVACXX:6:1205:9800:3967/2
419	HWI-ST558:73:B01BVACXX:6:1205:18131:7532/1
420	HWI-ST558:73:B01BVACXX:6:1205:18131:7532/2
421	HWI-ST558:73:B01BVACXX:6:1205:12649:11605/1
422	HWI-ST558:73:B01BVACXX:6:1205:12649:11605/2
423	HWI-ST558:73:B01BVACXX:6:1205:8687:32634/1
424	HWI-ST558:73:B01BVACXX:6:1205:8687:32634/2
425	HWI-ST558:73:B01BVACXX:6:1205:10743:49181/1
426	HWI-ST558:73:B01BVACXX:6:1205:10743:49181/2
427	HWI-ST558:73:B01BVACXX:6:1205:11772:63530/1
428	HWI-ST558:73:B01BVACXX:6:1205:11772:63530/2
429	HWI-ST558:73:B01BVACXX:6:1205:11112:67872/1
430	HWI-ST558:73:B01BVACXX:6:1205:11112:67872/2
431	HWI-ST558:73:B01BVACXX:6:1205:16459:102729/1
432	HWI-ST558:73:B01BVACXX:6:1205:16459:102729/2
433	HWI-ST558:73:B01BVACXX:6:1205:16981:118929/1
434	HWI-ST558:73:B01BVACXX:6:1205:16981:118929/2
435	HWI-ST558:73:B01BVACXX:6:1205:7524:155344/1
436	HWI-ST558:73:B01BVACXX:6:1205:7524:155344/2
437	HWI-ST558:73:B01BVACXX:6:1205:17874:165086/1
438	HWI-ST558:73:B01BVACXX:6:1205:17874:165086/2
439	HWI-ST558:73:B01BVACXX:6:1205:3639:186553/1
440	HWI-ST558:73:B01BVACXX:6:1205:3639:186553/2
441	HWI-ST558:73:B01BVACXX:6:1206:2878:4108/1
442	HWI-ST558:73:B01BVACXX:6:1206:2878:4108/2
443	HWI-ST558:73:B01BVACXX:6:1206:5007:28113/1
444	HWI-ST558:73:B01BVACXX:6:1206:5007:28113/2
445	HWI-ST558:73:B01BVACXX:6:1206:19279:28579/1
446	HWI-ST558:73:B01BVACXX:6:1206:19279:28579/2
447	HWI-ST558:73:B01BVACXX:6:1206:21090:64513/1
448	HWI-ST558:73:B01BVACXX:6:1206:21090:64513/2
449	HWI-ST558:73:B01BVACXX:6:1206:5225:92941/1
450	HWI-ST558:73:B01BVACXX:6:1206:5225:92941/2
451	HWI-ST558:73:B01BVACXX:6:1206:2315:113645/1
452	HWI-ST558:73:B01BVACXX:6:1206:2315:113645/2
453	HWI-ST558:73:B01BVACXX:6:1206:20964:124557/1
454	HWI-ST558:73:B01BVACXX:6:1206:20964:124557/2
455	HWI-ST558:73:B01BVACXX:6:1206:13438:132972/1
456	HWI-ST558:73:B01BVACXX:6:1206:13438:132972/2
457	HWI-ST558:73:B01BVACXX:6:1206:5879:161041/1
458	HWI-ST558:73:B01BVACXX:6:1206:5879:161041/2
459	HWI-ST558:73:B01BVACXX:6:1206:4325:172095/1
460	HWI-ST558:73:B01BVACXX:6:1206:4325:172095/2
461	HWI-ST558:73:B01BVACXX:6:1206:5860:177039/1
462	HWI-ST558:73:B01BVACXX:6:1206:5860:177039/2
463	HWI-ST558:73:B01BVACXX:6:1206:15633:193509/1
464	HWI-ST558:73:B01BVACXX:6:1206:15633:193509/2
465	HWI-ST558:73:B01BVACXX:6:1207:2919:4797/1
466	HWI-ST558:73:B01BVACXX:6:1207:2919:4797/2
467	HWI-ST558:73:B01BVACXX:6:1207:2928:52114/1
468	HWI-ST558:73:B01BVACXX:6:1207:2928:52114/2
469	HWI-ST558:73:B01BVACXX:6:1207:8246:61866/1
470	HWI-ST558:73:B01BVACXX:6:1207:8246:61866/2
471	HWI-ST558:73:B01BVACXX:6:1207:7102:95775/1
472	HWI-ST558:73:B01BVACXX:6:1207:7102:95775/2
473	HWI-ST558:73:B01BVACXX:6:1207:8837:103858/1
474	HWI-ST558:73:B01BVACXX:6:1207:8837:103858/2
475	HWI-ST558:73:B01BVACXX:6:1207:12046:106709/1
476	HWI-ST558:73:B01BVACXX:6:1207:12046:106709/2
477	HWI-ST558:73:B01BVACXX:6:1207:18386:138050/1
478	HWI-ST558:73:B01BVACXX:6:1207:18386:138050/2
479	HWI-ST558:73:B01BVACXX:6:1207:12254:146017/1
480	HWI-ST558:73:B01BVACXX:6:1207:12254:146017/2
481	HWI-ST558:73:B01BVACXX:6:1207:8592:153059/1
482	HWI-ST558:73:B01BVACXX:6:1207:8592:153059/2
483	HWI-ST558:73:B01BVACXX:6:1301:11593:10528/1
484	HWI-ST558:73:B01BVACXX:6:1301:11593:10528/2
485	HWI-ST558:73:B01BVACXX:6:1301:14515:22984/1
486	HWI-ST558:73:B01BVACXX:6:1301:14515:22984/2
487	HWI-ST558:73:B01BVACXX:6:1301:9105:44346/1
488	HWI-ST558:73:B01BVACXX:6:1301:9105:44346/2
489	HWI-ST558:73:B01BVACXX:6:1301:13313:44751/1
490	HWI-ST558:73:B01BVACXX:6:1301:13313:44751/2
491	HWI-ST558:73:B01BVACXX:6:1301:3512:49432/1
492	HWI-ST558:73:B01BVACXX:6:1301:3512:49432/2
493	HWI-ST558:73:B01BVACXX:6:1301:13330:52415/1
494	HWI-ST558:73:B01BVACXX:6:1301:13330:52415/2
495	HWI-ST558:73:B01BVACXX:6:1301:2013:70539/1
496	HWI-ST558:73:B01BVACXX:6:1301:2013:70539/2
497	HWI-ST558:73:B01BVACXX:6:1301:8151:75030/1
498	HWI-ST558:73:B01BVACXX:6:1301:8151:75030/2
499	HWI-ST558:73:B01BVACXX:6:1301:9395:78951/1
500	HWI-ST558:73:B01BVACXX:6:1301:9395:78951/2
501	HWI-ST558:73:B01BVACXX:6:1301:14640:93684/1
502	HWI-ST558:73:B01BVACXX:6:1301:14640:93684/2
503	HWI-ST558:73:B01BVACXX:6:1302:14773:62186/1
504	HWI-ST558:73:B01BVACXX:6:1302:14773:62186/2
505	HWI-ST558:73:B01BVACXX:6:1302:14593:106659/1
506	HWI-ST558:73:B01BVACXX:6:1302:14593:106659/2
507	HWI-ST558:73:B01BVACXX:6:1302:15575:117268/1
508	HWI-ST558:73:B01BVACXX:6:1302:15575:117268/2
509	HWI-ST558:73:B01BVACXX:6:1302:9121:119073/1
510	HWI-ST558:73:B01BVACXX:6:1302:9121:119073/2
511	HWI-ST558:73:B01BVACXX:6:1302:18987:123298/1
512	HWI-ST558:73:B01BVACXX:6:1302:18987:123298/2
513	HWI-ST558:73:B01BVACXX:6:1302:14093:153693/1
514	HWI-ST558:73:B01BVACXX:6:1302:14093:153693/2
515	HWI-ST558:73:B01BVACXX:6:1302:7940:154408/1
516	HWI-ST558:73:B01BVACXX:6:1302:7940:154408/2
517	HWI-ST558:73:B01BVACXX:6:1302:10893:154553/1
518	HWI-ST558:73:B01BVACXX:6:1302:10893:154553/2
519	HWI-ST558:73:B01BVACXX:6:1302:2615:164850/1
520	HWI-ST558:73:B01BVACXX:6:1302:2615:164850/2
521	HWI-ST558:73:B01BVACXX:6:1303:9214:35316/1
522	HWI-ST558:73:B01BVACXX:6:1303:9214:35316/2
523	HWI-ST558:73:B01BVACXX:6:1303:9613:36750/1
524	HWI-ST558:73:B01BVACXX:6:1303:9613:36750/2
525	HWI-ST558:73:B01BVACXX:6:1303:19703:50586/1
526	HWI-ST558:73:B01BVACXX:6:1303:19703:50586/2
527	HWI-ST558:73:B01BVACXX:6:1303:7705:68142/1
528	HWI-ST558:73:B01BVACXX:6:1303:7705:68142/2
529	HWI-ST558:73:B01BVACXX:6:1303:18315:69420/1
530	HWI-ST558:73:B01BVACXX:6:1303:18315:69420/2
531	HWI-ST558:73:B01BVACXX:6:1303:6640:90385/1
532	HWI-ST558:73:B01BVACXX:6:1303:6640:90385/2
533	HWI-ST558:73:B01BVACXX:6:1303:12470:108537/1
534	HWI-ST558:73:B01BVACXX:6:1303:12470:108537/2
535	HWI-ST558:73:B01BVACXX:6:1303:17687:130461/1
536	HWI-ST558:73:B01BVACXX:6:1303:17687:130461/2
537	HWI-ST558:73:B01BVACXX:6:1303:1911:154647/1
538	HWI-ST558:73:B01BVACXX:6:1303:1911:154647/2
539	HWI-ST558:73:B01BVACXX:6:1303:17296:160097/1
540	HWI-ST558:73:B01BVACXX:6:1303:17296:160097/2
541	HWI-ST558:73:B01BVACXX:6:1303:12993:167016/1
542	HWI-ST558:73:B01BVACXX:6:1303:12993:167016/2
543	HWI-ST558:73:B01BVACXX:6:1303:8071:184911/1
544	HWI-ST558:73:B01BVACXX:6:1303:8071:184911/2
545	HWI-ST558:73:B01BVACXX:6:1304:10812:28491/1
546	HWI-ST558:73:B01BVACXX:6:1304:10812:28491/2
547	HWI-ST558:73:B01BVACXX:6:1304:3686:29921/1
548	HWI-ST558:73:B01BVACXX:6:1304:3686:29921/2
549	HWI-ST558:73:B01BVACXX:6:1304:21081:83008/1
550	HWI-ST558:73:B01BVACXX:6:1304:21081:83008/2
551	HWI-ST558:73:B01BVACXX:6:1304:6437:109798/1
552	HWI-ST558:73:B01BVACXX:6:1304:6437:109798/2
553	HWI-ST558:73:B01BVACXX:6:1304:14018:128964/1
554	HWI-ST558:73:B01BVACXX:6:1304:14018:128964/2
555	HWI-ST558:73:B01BVACXX:6:1304:9779:131667/1
556	HWI-ST558:73:B01BVACXX:6:1304:9779:131667/2
557	HWI-ST558:73:B01BVACXX:6:1304:12803:170727/1
558	HWI-ST558:73:B01BVACXX:6:1304:12803:170727/2
559	HWI-ST558:73:B01BVACXX:6:1304:20589:200099/1
560	HWI-ST558:73:B01BVACXX:6:1304:20589:200099/2
561	HWI-ST558:73:B01BVACXX:6:1305:3554:11457/1
562	HWI-ST558:73:B01BVACXX:6:1305:3554:11457/2
563	HWI-ST558:73:B01BVACXX:6:1305:7784:74276/1
564	HWI-ST558:73:B01BVACXX:6:1305:7784:74276/2
565	HWI-ST558:73:B01BVACXX:6:1305:18577:100753/1
566	HWI-ST558:73:B01BVACXX:6:1305:18577:100753/2
567	HWI-ST558:73:B01BVACXX:6:1305:5560:135157/1
568	HWI-ST558:73:B01BVACXX:6:1305:5560:135157/2
569	HWI-ST558:73:B01BVACXX:6:1305:5835:135824/1
570	HWI-ST558:73:B01BVACXX:6:1305:5835:135824/2
571	HWI-ST558:73:B01BVACXX:6:1305:8799:151081/1
572	HWI-ST558:73:B01BVACXX:6:1305:8799:151081/2
573	HWI-ST558:73:B01BVACXX:6:1305:20887:159978/1
574	HWI-ST558:73:B01BVACXX:6:1305:20887:159978/2
575	HWI-ST558:73:B01BVACXX:6:1305:1695:163529/1
576	HWI-ST558:73:B01BVACXX:6:1305:1695:163529/2
577	HWI-ST558:73:B01BVACXX:6:1305:6743:183159/1
578	HWI-ST558:73:B01BVACXX:6:1305:6743:183159/2
579	HWI-ST558:73:B01BVACXX:6:1305:2125:198923/1
580	HWI-ST558:73:B01BVACXX:6:1305:2125:198923/2
581	HWI-ST558:73:B01BVACXX:6:1306:9552:11623/1
582	HWI-ST558:73:B01BVACXX:6:1306:9552:11623/2
583	HWI-ST558:73:B01BVACXX:6:1306:20885:31004/1
584	HWI-ST558:73:B01BVACXX:6:1306:20885:31004/2
585	HWI-ST558:73:B01BVACXX:6:1306:14149:34676/1
586	HWI-ST558:73:B01BVACXX:6:1306:14149:34676/2
587	HWI-ST558:73:B01BVACXX:6:1306:4689:70983/1
588	HWI-ST558:73:B01BVACXX:6:1306:4689:70983/2
589	HWI-ST558:73:B01BVACXX:6:1306:10803:124274/1
590	HWI-ST558:73:B01BVACXX:6:1306:10803:124274/2
591	HWI-ST558:73:B01BVACXX:6:1306:10754:132800/1
592	HWI-ST558:73:B01BVACXX:6:1306:10754:132800/2
593	HWI-ST558:73:B01BVACXX:6:1306:15177:133548/1
594	HWI-ST558:73:B01BVACXX:6:1306:15177:133548/2
595	HWI-ST558:73:B01BVACXX:6:1306:14507:169440/1
596	HWI-ST558:73:B01BVACXX:6:1306:14507:169440/2
597	HWI-ST558:73:B01BVACXX:6:1306:20873:173072/1
598	HWI-ST558:73:B01BVACXX:6:1306:20873:173072/2
599	HWI-ST558:73:B01BVACXX:6:1307:11409:27383/1
600	HWI-ST558:73:B01BVACXX:6:1307:11409:27383/2
601	HWI-ST558:73:B01BVACXX:6:1307:20297:46441/1
602	HWI-ST558:73:B01BVACXX:6:1307:20297:46441/2
603	HWI-ST558:73:B01BVACXX:6:1307:3249:48698/1
604	HWI-ST558:73:B01BVACXX:6:1307:3249:48698/2
605	HWI-ST558:73:B01BVACXX:6:1307:12812:57145/1
606	HWI-ST558:73:B01BVACXX:6:1307:12812:57145/2
607	HWI-ST558:73:B01BVACXX:6:1307:11167:94867/1
608	HWI-ST558:73:B01BVACXX:6:1307:11167:94867/2
609	HWI-ST558:73:B01BVACXX:6:1307:5958:95746/1
610	HWI-ST558:73:B01BVACXX:6:1307:5958:95746/2
611	HWI-ST558:73:B01BVACXX:6:1307:14839:103264/1
612	HWI-ST558:73:B01BVACXX:6:1307:14839:103264/2
613	HWI-ST558:73:B01BVACXX:6:1307:15497:106454/1
614	HWI-ST558:73:B01BVACXX:6:1307:15497:106454/2
615	HWI-ST558:73:B01BVACXX:6:1307:18252:112765/1
616	HWI-ST558:73:B01BVACXX:6:1307:18252:112765/2
617	HWI-ST558:73:B01BVACXX:6:1307:11842:116846/1
618	HWI-ST558:73:B01BVACXX:6:1307:11842:116846/2
619	HWI-ST558:73:B01BVACXX:6:1307:16554:119909/1
620	HWI-ST558:73:B01BVACXX:6:1307:16554:119909/2
621	HWI-ST558:73:B01BVACXX:6:2101:16955:9883/1
622	HWI-ST558:73:B01BVACXX:6:2101:16955:9883/2
623	HWI-ST558:73:B01BVACXX:6:2101:4550:33615/1
624	HWI-ST558:73:B01BVACXX:6:2101:4550:33615/2
625	HWI-ST558:73:B01BVACXX:6:2101:2991:83489/1
626	HWI-ST558:73:B01BVACXX:6:2101:2991:83489/2
627	HWI-ST558:73:B01BVACXX:6:2101:10796:89506/1
628	HWI-ST558:73:B01BVACXX:6:2101:10796:89506/2
629	HWI-ST558:73:B01BVACXX:6:2101:10026:106980/1
630	HWI-ST558:73:B01BVACXX:6:2101:10026:106980/2
631	HWI-ST558:73:B01BVACXX:6:2101:4294:127161/1
632	HWI-ST558:73:B01BVACXX:6:2101:4294:127161/2
633	HWI-ST558:73:B01BVACXX:6:2101:14180:156936/1
634	HWI-ST558:73:B01BVACXX:6:2101:14180:156936/2
635	HWI-ST558:73:B01BVACXX:6:2101:3324:158229/1
636	HWI-ST558:73:B01BVACXX:6:2101:3324:158229/2
637	HWI-ST558:73:B01BVACXX:6:2101:8820:161031/1
638	HWI-ST558:73:B01BVACXX:6:2101:8820:161031/2
639	HWI-ST558:73:B01BVACXX:6:2101:17454:199234/1
640	HWI-ST558:73:B01BVACXX:6:2101:17454:199234/2
641	HWI-ST558:73:B01BVACXX:6:2102:12092:7291/1
642	HWI-ST558:73:B01BVACXX:6:2102:12092:7291/2
643	HWI-ST558:73:B01BVACXX:6:2102:11215:18030/1
644	HWI-ST558:73:B01BVACXX:6:2102:11215:18030/2
645	HWI-ST558:73:B01BVACXX:6:2102:3338:23568/1
646	HWI-ST558:73:B01BVACXX:6:2102:3338:23568/2
647	HWI-ST558:73:B01BVACXX:6:2102:8748:27910/1
648	HWI-ST558:73:B01BVACXX:6:2102:8748:27910/2
649	HWI-ST558:73:B01BVACXX:6:2102:18863:36672/1
650	HWI-ST558:73:B01BVACXX:6:2102:18863:36672/2
651	HWI-ST558:73:B01BVACXX:6:2102:18238:39276/1
652	HWI-ST558:73:B01BVACXX:6:2102:18238:39276/2
653	HWI-ST558:73:B01BVACXX:6:2102:20057:51412/1
654	HWI-ST558:73:B01BVACXX:6:2102:20057:51412/2
655	HWI-ST558:73:B01BVACXX:6:2102:14938:63676/1
656	HWI-ST558:73:B01BVACXX:6:2102:14938:63676/2
657	HWI-ST558:73:B01BVACXX:6:2102:13589:74013/1
658	HWI-ST558:73:B01BVACXX:6:2102:13589:74013/2
659	HWI-ST558:73:B01BVACXX:6:2102:7790:81867/1
660	HWI-ST558:73:B01BVACXX:6:2102:7790:81867/2
661	HWI-ST558:73:B01BVACXX:6:2102:6849:86394/1
662	HWI-ST558:73:B01BVACXX:6:2102:6849:86394/2
663	HWI-ST558:73:B01BVACXX:6:2102:13711:108083/1
664	HWI-ST558:73:B01BVACXX:6:2102:13711:108083/2
665	HWI-ST558:73:B01BVACXX:6:2102:1521:154528/1
666	HWI-ST558:73:B01BVACXX:6:2102:1521:154528/2
667	HWI-ST558:73:B01BVACXX:6:2102:19988:155234/1
668	HWI-ST558:73:B01BVACXX:6:2102:19988:155234/2
669	HWI-ST558:73:B01BVACXX:6:2102:9659:159167/1
670	HWI-ST558:73:B01BVACXX:6:2102:9659:159167/2
671	HWI-ST558:73:B01BVACXX:6:2102:12316:180331/1
672	HWI-ST558:73:B01BVACXX:6:2102:12316:180331/2
673	HWI-ST558:73:B01BVACXX:6:2102:2521:187082/1
674	HWI-ST558:73:B01BVACXX:6:2102:2521:187082/2
675	HWI-ST558:73:B01BVACXX:6:2103:15308:4465/1
676	HWI-ST558:73:B01BVACXX:6:2103:15308:4465/2
677	HWI-ST558:73:B01BVACXX:6:2103:10165:27502/1
678	HWI-ST558:73:B01BVACXX:6:2103:10165:27502/2
679	HWI-ST558:73:B01BVACXX:6:2103:14059:61178/1
680	HWI-ST558:73:B01BVACXX:6:2103:14059:61178/2
681	HWI-ST558:73:B01BVACXX:6:2103:14741:66458/1
682	HWI-ST558:73:B01BVACXX:6:2103:14741:66458/2
683	HWI-ST558:73:B01BVACXX:6:2103:7923:72535/1
684	HWI-ST558:73:B01BVACXX:6:2103:7923:72535/2
685	HWI-ST558:73:B01BVACXX:6:2103:4129:97007/1
686	HWI-ST558:73:B01BVACXX:6:2103:4129:97007/2
687	HWI-ST558:73:B01BVACXX:6:2103:12558:98721/1
688	HWI-ST558:73:B01BVACXX:6:2103:12558:98721/2
689	HWI-ST558:73:B01BVACXX:6:2103:6599:113083/1
690	HWI-ST558:73:B01BVACXX:6:2103:6599:113083/2
691	HWI-ST558:73:B01BVACXX:6:2103:18598:167767/1
692	HWI-ST558:73:B01BVACXX:6:2103:18598:167767/2
693	HWI-ST558:73:B01BVACXX:6:2103:3150:169291/1
694	HWI-ST558:73:B01BVACXX:6:2103:3150:169291/2
695	HWI-ST558:73:B01BVACXX:6:2103:19248:170107/1
696	HWI-ST558:73:B01BVACXX:6:2103:19248:170107/2
697	HWI-ST558:73:B01BVACXX:6:2103:14209:177062/1
698	HWI-ST558:73:B01BVACXX:6:2103:14209:177062/2
699	HWI-ST558:73:B01BVACXX:6:2103:17930:180367/1
700	HWI-ST558:73:B01BVACXX:6:2103:17930:180367/2
701	HWI-ST558:73:B01BVACXX:6:2103:7951:198872/1
702	HWI-ST558:73:B01BVACXX:6:2103:7951:198872/2
703	HWI-ST558:73:B01BVACXX:6:2104:3419:112458/1
704	HWI-ST558:73:B01BVACXX:6:2104:3419:112458/2
705	HWI-ST558:73:B01BVACXX:6:2104:2171:117613/1
706	HWI-ST558:73:B01BVACXX:6:2104:2171:117613/2
707	HWI-ST558:73:B01BVACXX:6:2104:9776:135355/1
708	HWI-ST558:73:B01BVACXX:6:2104:9776:135355/2
709	HWI-ST558:73:B01BVACXX:6:2104:13667:139253/1
710	HWI-ST558:73:B01BVACXX:6:2104:13667:139253/2
711	HWI-ST558:73:B01BVACXX:6:2105:14298:4154/1
712	HWI-ST558:73:B01BVACXX:6:2105:14298:4154/2
713	HWI-ST558:73:B01BVACXX:6:2105:17256:10192/1
714	HWI-ST558:73:B01BVACXX:6:2105:17256:10192/2
715	HWI-ST558:73:B01BVACXX:6:2105:3965:16131/1
716	HWI-ST558:73:B01BVACXX:6:2105:3965:16131/2
717	HWI-ST558:73:B01BVACXX:6:2105:21219:17477/1
718	HWI-ST558:73:B01BVACXX:6:2105:21219:17477/2
719	HWI-ST558:73:B01BVACXX:6:2105:8777:29659/1
720	HWI-ST558:73:B01BVACXX:6:2105:8777:29659/2
721	HWI-ST558:73:B01BVACXX:6:2105:16317:48156/1
722	HWI-ST558:73:B01BVACXX:6:2105:16317:48156/2
723	HWI-ST558:73:B01BVACXX:6:2105:14025:54534/1
724	HWI-ST558:73:B01BVACXX:6:2105:14025:54534/2
725	HWI-ST558:73:B01BVACXX:6:2105:3124:168091/1
726	HWI-ST558:73:B01BVACXX:6:2105:3124:168091/2
727	HWI-ST558:73:B01BVACXX:6:2105:8420:170266/1
728	HWI-ST558:73:B01BVACXX:6:2105:8420:170266/2
729	HWI-ST558:73:B01BVACXX:6:2106:20334:16292/1
730	HWI-ST558:73:B01BVACXX:6:2106:20334:16292/2
731	HWI-ST558:73:B01BVACXX:6:2106:9977:21315/1
732	HWI-ST558:73:B01BVACXX:6:2106:9977:21315/2
733	HWI-ST558:73:B01BVACXX:6:2106:10926:24705/1
734	HWI-ST558:73:B01BVACXX:6:2106:10926:24705/2
735	HWI-ST558:73:B01BVACXX:6:2106:19056:32185/1
736	HWI-ST558:73:B01BVACXX:6:2106:19056:32185/2
737	HWI-ST558:73:B01BVACXX:6:2106:1599:42927/1
738	HWI-ST558:73:B01BVACXX:6:2106:1599:42927/2
739	HWI-ST558:73:B01BVACXX:6:2106:8638:46603/1
740	HWI-ST558:73:B01BVACXX:6:2106:8638:46603/2
741	HWI-ST558:73:B01BVACXX:6:2106:8424:79581/1
742	HWI-ST558:73:B01BVACXX:6:2106:8424:79581/2
743	HWI-ST558:73:B01BVACXX:6:2106:16574:80132/1
744	HWI-ST558:73:B01BVACXX:6:2106:16574:80132/2
745	HWI-ST558:73:B01BVACXX:6:2106:1836:93560/1
746	HWI-ST558:73:B01BVACXX:6:2106:1836:93560/2
747	HWI-ST558:73:B01BVACXX:6:2106:9506:108946/1
748	HWI-ST558:73:B01BVACXX:6:2106:9506:108946/2
749	HWI-ST558:73:B01BVACXX:6:2106:17947:117702/1
750	HWI-ST558:73:B01BVACXX:6:2106:17947:117702/2
751	HWI-ST558:73:B01BVACXX:6:2106:20395:122822/1
752	HWI-ST558:73:B01BVACXX:6:2106:20395:122822/2
753	HWI-ST558:73:B01BVACXX:6:2106:14920:129819/1
754	HWI-ST558:73:B01BVACXX:6:2106:14920:129819/2
755	HWI-ST558:73:B01BVACXX:6:2106:9386:152800/1
756	HWI-ST558:73:B01BVACXX:6:2106:9386:152800/2
757	HWI-ST558:73:B01BVACXX:6:2106:18415:153522/1
758	HWI-ST558:73:B01BVACXX:6:2106:18415:153522/2
759	HWI-ST558:73:B01BVACXX:6:2106:9334:166254/1
760	HWI-ST558:73:B01BVACXX:6:2106:9334:166254/2
761	HWI-ST558:73:B01BVACXX:6:2107:17463:4422/1
762	HWI-ST558:73:B01BVACXX:6:2107:17463:4422/2
763	HWI-ST558:73:B01BVACXX:6:2107:8466:9175/1
764	HWI-ST558:73:B01BVACXX:6:2107:8466:9175/2
765	HWI-ST558:73:B01BVACXX:6:2107:16629:73039/1
766	HWI-ST558:73:B01BVACXX:6:2107:16629:73039/2
767	HWI-ST558:73:B01BVACXX:6:2107:2696:87856/1
768	HWI-ST558:73:B01BVACXX:6:2107:2696:87856/2
769	HWI-ST558:73:B01BVACXX:6:2107:19409:121625/1
770	HWI-ST558:73:B01BVACXX:6:2107:19409:121625/2
771	HWI-ST558:73:B01BVACXX:6:2107:5164:144323/1
772	HWI-ST558:73:B01BVACXX:6:2107:5164:144323/2
773	HWI-ST558:73:B01BVACXX:6:2107:18550:169696/1
774	HWI-ST558:73:B01BVACXX:6:2107:18550:169696/2
775	HWI-ST558:73:B01BVACXX:6:2107:9489:184730/1
776	HWI-ST558:73:B01BVACXX:6:2107:9489:184730/2
777	HWI-ST558:73:B01BVACXX:6:2108:18524:27031/1
778	HWI-ST558:73:B01BVACXX:6:2108:18524:27031/2
779	HWI-ST558:73:B01BVACXX:6:2108:14375:30928/1
780	HWI-ST558:73:B01BVACXX:6:2108:14375:30928/2
781	HWI-ST558:73:B01BVACXX:6:2108:14595:32472/1
782	HWI-ST558:73:B01BVACXX:6:2108:14595:32472/2
783	HWI-ST558:73:B01BVACXX:6:2108:16533:56160/1
784	HWI-ST558:73:B01BVACXX:6:2108:16533:56160/2
785	HWI-ST558:73:B01BVACXX:6:2108:3306:68187/1
786	HWI-ST558:73:B01BVACXX:6:2108:3306:68187/2
787	HWI-ST558:73:B01BVACXX:6:2108:6273:83474/1
788	HWI-ST558:73:B01BVACXX:6:2108:6273:83474/2
789	HWI-ST558:73:B01BVACXX:6:2108:12407:87866/1
790	HWI-ST558:73:B01BVACXX:6:2108:12407:87866/2
791	HWI-ST558:73:B01BVACXX:6:2108:2292:104246/1
792	HWI-ST558:73:B01BVACXX:6:2108:2292:104246/2
793	HWI-ST558:73:B01BVACXX:6:2108:20599:108373/1
794	HWI-ST558:73:B01BVACXX:6:2108:20599:108373/2
795	HWI-ST558:73:B01BVACXX:6:2108:13938:122416/1
796	HWI-ST558:73:B01BVACXX:6:2108:13938:122416/2
797	HWI-ST558:73:B01BVACXX:6:2108:9010:145814/1
798	HWI-ST558:73:B01BVACXX:6:2108:9010:145814/2
799	HWI-ST558:73:B01BVACXX:6:2108:9311:161626/1
800	HWI-ST558:73:B01BVACXX:6:2108:9311:161626/2
801	HWI-ST558:73:B01BVACXX:6:2108:20070:165554/1
802	HWI-ST558:73:B01BVACXX:6:2108:20070:165554/2
803	HWI-ST558:73:B01BVACXX:6:2108:19912:169642/1
804	HWI-ST558:73:B01BVACXX:6:2108:19912:169642/2
805	HWI-ST558:73:B01BVACXX:6:2108:7000:194087/1
806	HWI-ST558:73:B01BVACXX:6:2108:7000:194087/2
807	HWI-ST558:73:B01BVACXX:6:2201:8164:3530/1
808	HWI-ST558:73:B01BVACXX:6:2201:8164:3530/2
809	HWI-ST558:73:B01BVACXX:6:2201:1069:119747/1
810	HWI-ST558:73:B01BVACXX:6:2201:1069:119747/2
811	HWI-ST558:73:B01BVACXX:6:2201:8327:134247/1
812	HWI-ST558:73:B01BVACXX:6:2201:8327:134247/2
813	HWI-ST558:73:B01BVACXX:6:2202:1741:3448/1
814	HWI-ST558:73:B01BVACXX:6:2202:1741:3448/2
815	HWI-ST558:73:B01BVACXX:6:2202:12938:36154/1
816	HWI-ST558:73:B01BVACXX:6:2202:12938:36154/2
817	HWI-ST558:73:B01BVACXX:6:2202:18982:67229/1
818	HWI-ST558:73:B01BVACXX:6:2202:18982:67229/2
819	HWI-ST558:73:B01BVACXX:6:2202:15343:75807/1
820	HWI-ST558:73:B01BVACXX:6:2202:15343:75807/2
821	HWI-ST558:73:B01BVACXX:6:2202:7720:140353/1
822	HWI-ST558:73:B01BVACXX:6:2202:7720:140353/2
823	HWI-ST558:73:B01BVACXX:6:2202:20714:157397/1
824	HWI-ST558:73:B01BVACXX:6:2202:20714:157397/2
825	HWI-ST558:73:B01BVACXX:6:2202:13943:163337/1
826	HWI-ST558:73:B01BVACXX:6:2202:13943:163337/2
827	HWI-ST558:73:B01BVACXX:6:2203:4505:61708/1
828	HWI-ST558:73:B01BVACXX:6:2203:4505:61708/2
829	HWI-ST558:73:B01BVACXX:6:2203:10201:65652/1
830	HWI-ST558:73:B01BVACXX:6:2203:10201:65652/2
831	HWI-ST558:73:B01BVACXX:6:2203:1029:73182/1
832	HWI-ST558:73:B01BVACXX:6:2203:1029:73182/2
833	HWI-ST558:73:B01BVACXX:6:2203:20707:87408/1
834	HWI-ST558:73:B01BVACXX:6:2203:20707:87408/2
835	HWI-ST558:73:B01BVACXX:6:2203:9833:106378/1
836	HWI-ST558:73:B01BVACXX:6:2203:9833:106378/2
837	HWI-ST558:73:B01BVACXX:6:2203:7773:122636/1
838	HWI-ST558:73:B01BVACXX:6:2203:7773:122636/2
839	HWI-ST558:73:B01BVACXX:6:2203:6483:126403/1
840	HWI-ST558:73:B01BVACXX:6:2203:6483:126403/2
841	HWI-ST558:73:B01BVACXX:6:2203:13502:148036/1
842	HWI-ST558:73:B01BVACXX:6:2203:13502:148036/2
843	HWI-ST558:73:B01BVACXX:6:2203:12047:188499/1
844	HWI-ST558:73:B01BVACXX:6:2203:12047:188499/2
845	HWI-ST558:73:B01BVACXX:6:2204:15787:15090/1
846	HWI-ST558:73:B01BVACXX:6:2204:15787:15090/2
847	HWI-ST558:73:B01BVACXX:6:2204:8601:46430/1
848	HWI-ST558:73:B01BVACXX:6:2204:8601:46430/2
849	HWI-ST558:73:B01BVACXX:6:2204:17836:105112/1
850	HWI-ST558:73:B01BVACXX:6:2204:17836:105112/2
851	HWI-ST558:73:B01BVACXX:6:2204:14324:106576/1
852	HWI-ST558:73:B01BVACXX:6:2204:14324:106576/2
853	HWI-ST558:73:B01BVACXX:6:2204:6269:138595/1
854	HWI-ST558:73:B01BVACXX:6:2204:6269:138595/2
855	HWI-ST558:73:B01BVACXX:6:2204:9353:156812/1
856	HWI-ST558:73:B01BVACXX:6:2204:9353:156812/2
857	HWI-ST558:73:B01BVACXX:6:2204:19401:186032/1
858	HWI-ST558:73:B01BVACXX:6:2204:19401:186032/2
859	HWI-ST558:73:B01BVACXX:6:2204:16705:194907/1
860	HWI-ST558:73:B01BVACXX:6:2204:16705:194907/2
861	HWI-ST558:73:B01BVACXX:6:2205:14615:5730/1
862	HWI-ST558:73:B01BVACXX:6:2205:14615:5730/2
863	HWI-ST558:73:B01BVACXX:6:2205:11217:6333/1
864	HWI-ST558:73:B01BVACXX:6:2205:11217:6333/2
865	HWI-ST558:73:B01BVACXX:6:2205:1079:31466/1
866	HWI-ST558:73:B01BVACXX:6:2205:1079:31466/2
867	HWI-ST558:73:B01BVACXX:6:2205:1322:37845/1
868	HWI-ST558:73:B01BVACXX:6:2205:1322:37845/2
869	HWI-ST558:73:B01BVACXX:6:2205:6941:45462/1
870	HWI-ST558:73:B01BVACXX:6:2205:6941:45462/2
871	HWI-ST558:73:B01BVACXX:6:2205:7897:47185/1
872	HWI-ST558:73:B01BVACXX:6:2205:7897:47185/2
873	HWI-ST558:73:B01BVACXX:6:2205:8805:66468/1
874	HWI-ST558:73:B01BVACXX:6:2205:8805:66468/2
875	HWI-ST558:73:B01BVACXX:6:2205:20305:66584/1
876	HWI-ST558:73:B01BVACXX:6:2205:20305:66584/2
877	HWI-ST558:73:B01BVACXX:6:2205:18628:73269/1
878	HWI-ST558:73:B01BVACXX:6:2205:18628:73269/2
879	HWI-ST558:73:B01BVACXX:6:2205:17708:88849/1
880	HWI-ST558:73:B01BVACXX:6:2205:17708:88849/2
881	HWI-ST558:73:B01BVACXX:6:2205:4255:90574/1
882	HWI-ST558:73:B01BVACXX:6:2205:4255:90574/2
883	HWI-ST558:73:B01BVACXX:6:2205:17790:100698/1
884	HWI-ST558:73:B01BVACXX:6:2205:17790:100698/2
885	HWI-ST558:73:B01BVACXX:6:2205:4506:118100/1
886	HWI-ST558:73:B01BVACXX:6:2205:4506:118100/2
887	HWI-ST558:73:B01BVACXX:6:2205:18914:142889/1
888	HWI-ST558:73:B01BVACXX:6:2205:18914:142889/2
889	HWI-ST558:73:B01BVACXX:6:2205:10490:154774/1
890	HWI-ST558:73:B01BVACXX:6:2205:10490:154774/2
891	HWI-ST558:73:B01BVACXX:6:2205:3983:163302/1
892	HWI-ST558:73:B01BVACXX:6:2205:3983:163302/2
893	HWI-ST558:73:B01BVACXX:6:2205:7000:186632/1
894	HWI-ST558:73:B01BVACXX:6:2205:7000:186632/2
895	HWI-ST558:73:B01BVACXX:6:2205:14545:194676/1
896	HWI-ST558:73:B01BVACXX:6:2205:14545:194676/2
897	HWI-ST558:73:B01BVACXX:6:2205:1311:197354/1
898	HWI-ST558:73:B01BVACXX:6:2205:1311:197354/2
899	HWI-ST558:73:B01BVACXX:6:2206:2024:13579/1
900	HWI-ST558:73:B01BVACXX:6:2206:2024:13579/2
901	HWI-ST558:73:B01BVACXX:6:2206:21065:16208/1
902	HWI-ST558:73:B01BVACXX:6:2206:21065:16208/2
903	HWI-ST558:73:B01BVACXX:6:2206:3795:34007/1
904	HWI-ST558:73:B01BVACXX:6:2206:3795:34007/2
905	HWI-ST558:73:B01BVACXX:6:2206:20503:71861/1
906	HWI-ST558:73:B01BVACXX:6:2206:20503:71861/2
907	HWI-ST558:73:B01BVACXX:6:2206:19032:123550/1
908	HWI-ST558:73:B01BVACXX:6:2206:19032:123550/2
909	HWI-ST558:73:B01BVACXX:6:2206:16997:140236/1
910	HWI-ST558:73:B01BVACXX:6:2206:16997:140236/2
911	HWI-ST558:73:B01BVACXX:6:2206:16105:167574/1
912	HWI-ST558:73:B01BVACXX:6:2206:16105:167574/2
913	HWI-ST558:73:B01BVACXX:6:2206:13151:187857/1
914	HWI-ST558:73:B01BVACXX:6:2206:13151:187857/2
915	HWI-ST558:73:B01BVACXX:6:2207:11672:7145/1
916	HWI-ST558:73:B01BVACXX:6:2207:11672:7145/2
917	HWI-ST558:73:B01BVACXX:6:2207:4640:15327/1
918	HWI-ST558:73:B01BVACXX:6:2207:4640:15327/2
919	HWI-ST558:73:B01BVACXX:6:2207:16959:20821/1
920	HWI-ST558:73:B01BVACXX:6:2207:16959:20821/2
921	HWI-ST558:73:B01BVACXX:6:2207:11844:38508/1
922	HWI-ST558:73:B01BVACXX:6:2207:11844:38508/2
923	HWI-ST558:73:B01BVACXX:6:2207:17135:75188/1
924	HWI-ST558:73:B01BVACXX:6:2207:17135:75188/2
925	HWI-ST558:73:B01BVACXX:6:2207:9122:84287/1
926	HWI-ST558:73:B01BVACXX:6:2207:9122:84287/2
927	HWI-ST558:73:B01BVACXX:6:2207:15897:99410/1
928	HWI-ST558:73:B01BVACXX:6:2207:15897:99410/2
929	HWI-ST558:73:B01BVACXX:6:2207:18970:125496/1
930	HWI-ST558:73:B01BVACXX:6:2207:18970:125496/2
931	HWI-ST558:73:B01BVACXX:6:2207:2756:125731/1
932	HWI-ST558:73:B01BVACXX:6:2207:2756:125731/2
933	HWI-ST558:73:B01BVACXX:6:2207:1976:142059/1
934	HWI-ST558:73:B01BVACXX:6:2207:1976:142059/2
935	HWI-ST558:73:B01BVACXX:6:2207:8100:176593/1
936	HWI-ST558:73:B01BVACXX:6:2207:8100:176593/2
937	HWI-ST558:73:B01BVACXX:6:2207:2804:191396/1
938	HWI-ST558:73:B01BVACXX:6:2207:2804:191396/2
939	HWI-ST558:73:B01BVACXX:6:2301:15838:49995/1
940	HWI-ST558:73:B01BVACXX:6:2301:15838:49995/2
941	HWI-ST558:73:B01BVACXX:6:2301:15100:52887/1
942	HWI-ST558:73:B01BVACXX:6:2301:15100:52887/2
943	HWI-ST558:73:B01BVACXX:6:2301:7882:56120/1
944	HWI-ST558:73:B01BVACXX:6:2301:7882:56120/2
945	HWI-ST558:73:B01BVACXX:6:2301:3123:70926/1
946	HWI-ST558:73:B01BVACXX:6:2301:3123:70926/2
947	HWI-ST558:73:B01BVACXX:6:2301:12463:110760/1
948	HWI-ST558:73:B01BVACXX:6:2301:12463:110760/2
949	HWI-ST558:73:B01BVACXX:6:2301:8508:115594/1
950	HWI-ST558:73:B01BVACXX:6:2301:8508:115594/2
951	HWI-ST558:73:B01BVACXX:6:2301:15163:129217/1
952	HWI-ST558:73:B01BVACXX:6:2301:15163:129217/2
953	HWI-ST558:73:B01BVACXX:6:2301:19940:135888/1
954	HWI-ST558:73:B01BVACXX:6:2301:19940:135888/2
955	HWI-ST558:73:B01BVACXX:6:2301:8051:158825/1
956	HWI-ST558:73:B01BVACXX:6:2301:8051:158825/2
957	HWI-ST558:73:B01BVACXX:6:2301:10556:176352/1
958	HWI-ST558:73:B01BVACXX:6:2301:10556:176352/2
959	HWI-ST558:73:B01BVACXX:6:2301:13447:189873/1
960	HWI-ST558:73:B01BVACXX:6:2301:13447:189873/2
961	HWI-ST558:73:B01BVACXX:6:2301:16799:199023/1
962	HWI-ST558:73:B01BVACXX:6:2301:16799:199023/2
963	HWI-ST558:73:B01BVACXX:6:2302:6820:9186/1
964	HWI-ST558:73:B01BVACXX:6:2302:6820:9186/2
965	HWI-ST558:73:B01BVACXX:6:2302:14969:15988/1
966	HWI-ST558:73:B01BVACXX:6:2302:14969:15988/2
967	HWI-ST558:73:B01BVACXX:6:2302:19268:21617/1
968	HWI-ST558:73:B01BVACXX:6:2302:19268:21617/2
969	HWI-ST558:73:B01BVACXX:6:2302:13935:27320/1
970	HWI-ST558:73:B01BVACXX:6:2302:13935:27320/2
971	HWI-ST558:73:B01BVACXX:6:2302:16853:58597/1
972	HWI-ST558:73:B01BVACXX:6:2302:16853:58597/2
973	HWI-ST558:73:B01BVACXX:6:2302:17889:79759/1
974	HWI-ST558:73:B01BVACXX:6:2302:17889:79759/2
975	HWI-ST558:73:B01BVACXX:6:2302:6148:100210/1
976	HWI-ST558:73:B01BVACXX:6:2302:6148:100210/2
977	HWI-ST558:73:B01BVACXX:6:2302:20085:101154/1
978	HWI-ST558:73:B01BVACXX:6:2302:20085:101154/2
979	HWI-ST558:73:B01BVACXX:6:2302:15784:105436/1
980	HWI-ST558:73:B01BVACXX:6:2302:15784:105436/2
981	HWI-ST558:73:B01BVACXX:6:2302:17865:144432/1
982	HWI-ST558:73:B01BVACXX:6:2302:17865:144432/2
983	HWI-ST558:73:B01BVACXX:6:2302:2683:181966/1
984	HWI-ST558:73:B01BVACXX:6:2302:2683:181966/2
985	HWI-ST558:73:B01BVACXX:6:2303:3505:39966/1
986	HWI-ST558:73:B01BVACXX:6:2303:3505:39966/2
987	HWI-ST558:73:B01BVACXX:6:2303:11746:45224/1
988	HWI-ST558:73:B01BVACXX:6:2303:11746:45224/2
989	HWI-ST558:73:B01BVACXX:6:2303:1998:51051/1
990	HWI-ST558:73:B01BVACXX:6:2303:1998:51051/2
991	HWI-ST558:73:B01BVACXX:6:2303:2474:61139/1
992	HWI-ST558:73:B01BVACXX:6:2303:2474:61139/2
993	HWI-ST558:73:B01BVACXX:6:2303:3796:84935/1
994	HWI-ST558:73:B01BVACXX:6:2303:3796:84935/2
995	HWI-ST558:73:B01BVACXX:6:2303:10413:119877/1
996	HWI-ST558:73:B01BVACXX:6:2303:10413:119877/2
997	HWI-ST558:73:B01BVACXX:6:2303:11195:133369/1
998	HWI-ST558:73:B01BVACXX:6:2303:11195:133369/2
999	HWI-ST558:73:B01BVACXX:6:2303:1472:159835/1
1000	HWI-ST558:73:B01BVACXX:6:2303:1472:159835/2
1001	HWI-ST558:73:B01BVACXX:6:2303:8232:182674/1
1002	HWI-ST558:73:B01BVACXX:6:2303:8232:182674/2
1003	HWI-ST558:73:B01BVACXX:6:2303:12030:191833/1
1004	HWI-ST558:73:B01BVACXX:6:2303:12030:191833/2
1005	HWI-ST558:73:B01BVACXX:6:2304:20773:12599/1
1006	HWI-ST558:73:B01BVACXX:6:2304:20773:12599/2
1007	HWI-ST558:73:B01BVACXX:6:2304:7071:26065/1
1008	HWI-ST558:73:B01BVACXX:6:2304:7071:26065/2
1009	HWI-ST558:73:B01BVACXX:6:2304:3640:31660/1
1010	HWI-ST558:73:B01BVACXX:6:2304:3640:31660/2
1011	HWI-ST558:73:B01BVACXX:6:2304:12036:40652/1
1012	HWI-ST558:73:B01BVACXX:6:2304:12036:40652/2
1013	HWI-ST558:73:B01BVACXX:6:2304:7771:44979/1
1014	HWI-ST558:73:B01BVACXX:6:2304:7771:44979/2
1015	HWI-ST558:73:B01BVACXX:6:2304:18700:83940/1
1016	HWI-ST558:73:B01BVACXX:6:2304:18700:83940/2
1017	HWI-ST558:73:B01BVACXX:6:2304:9204:118176/1
1018	HWI-ST558:73:B01BVACXX:6:2304:9204:118176/2
1019	HWI-ST558:73:B01BVACXX:6:2304:4493:137716/1
1020	HWI-ST558:73:B01BVACXX:6:2304:4493:137716/2
1021	HWI-ST558:73:B01BVACXX:6:2304:11999:163292/1
1022	HWI-ST558:73:B01BVACXX:6:2304:11999:163292/2
1023	HWI-ST558:73:B01BVACXX:6:2304:9285:199952/1
1024	HWI-ST558:73:B01BVACXX:6:2304:9285:199952/2
1025	HWI-ST558:73:B01BVACXX:6:2305:4361:7644/1
1026	HWI-ST558:73:B01BVACXX:6:2305:4361:7644/2
1027	HWI-ST558:73:B01BVACXX:6:2305:19974:64548/1
1028	HWI-ST558:73:B01BVACXX:6:2305:19974:64548/2
1029	HWI-ST558:73:B01BVACXX:6:2305:16394:87349/1
1030	HWI-ST558:73:B01BVACXX:6:2305:16394:87349/2
1031	HWI-ST558:73:B01BVACXX:6:2305:4798:89538/1
1032	HWI-ST558:73:B01BVACXX:6:2305:4798:89538/2
1033	HWI-ST558:73:B01BVACXX:6:2305:6463:139771/1
1034	HWI-ST558:73:B01BVACXX:6:2305:6463:139771/2
1035	HWI-ST558:73:B01BVACXX:6:2305:9500:143743/1
1036	HWI-ST558:73:B01BVACXX:6:2305:9500:143743/2
1037	HWI-ST558:73:B01BVACXX:6:2305:7844:155224/1
1038	HWI-ST558:73:B01BVACXX:6:2305:7844:155224/2
1039	HWI-ST558:73:B01BVACXX:6:2305:10932:171099/1
1040	HWI-ST558:73:B01BVACXX:6:2305:10932:171099/2
1041	HWI-ST558:73:B01BVACXX:6:2305:20678:192818/1
1042	HWI-ST558:73:B01BVACXX:6:2305:20678:192818/2
1043	HWI-ST558:73:B01BVACXX:6:2306:17068:7205/1
1044	HWI-ST558:73:B01BVACXX:6:2306:17068:7205/2
1045	HWI-ST558:73:B01BVACXX:6:2306:20596:26817/1
1046	HWI-ST558:73:B01BVACXX:6:2306:20596:26817/2
1047	HWI-ST558:73:B01BVACXX:6:2306:4559:37963/1
1048	HWI-ST558:73:B01BVACXX:6:2306:4559:37963/2
1049	HWI-ST558:73:B01BVACXX:6:2306:2585:67246/1
1050	HWI-ST558:73:B01BVACXX:6:2306:2585:67246/2
1051	HWI-ST558:73:B01BVACXX:6:2306:17690:76411/1
1052	HWI-ST558:73:B01BVACXX:6:2306:17690:76411/2
1053	HWI-ST558:73:B01BVACXX:6:2306:13915:86357/1
1054	HWI-ST558:73:B01BVACXX:6:2306:13915:86357/2
1055	HWI-ST558:73:B01BVACXX:6:2306:16389:87875/1
1056	HWI-ST558:73:B01BVACXX:6:2306:16389:87875/2
1057	HWI-ST558:73:B01BVACXX:6:2306:2358:99965/1
1058	HWI-ST558:73:B01BVACXX:6:2306:2358:99965/2
1059	HWI-ST558:73:B01BVACXX:6:2306:6772:103042/1
1060	HWI-ST558:73:B01BVACXX:6:2306:6772:103042/2
1061	HWI-ST558:73:B01BVACXX:6:2306:1893:136723/1
1062	HWI-ST558:73:B01BVACXX:6:2306:1893:136723/2
1063	HWI-ST558:73:B01BVACXX:6:2306:8984:147095/1
1064	HWI-ST558:73:B01BVACXX:6:2306:8984:147095/2
1065	HWI-ST558:73:B01BVACXX:6:2306:7572:167668/1
1066	HWI-ST558:73:B01BVACXX:6:2306:7572:167668/2
1067	HWI-ST558:73:B01BVACXX:6:2306:6983:188727/1
1068	HWI-ST558:73:B01BVACXX:6:2306:6983:188727/2
1069	HWI-ST558:73:B01BVACXX:6:2307:7071:15229/1
1070	HWI-ST558:73:B01BVACXX:6:2307:7071:15229/2
1071	HWI-ST558:73:B01BVACXX:6:2307:15430:40079/1
1072	HWI-ST558:73:B01BVACXX:6:2307:15430:40079/2
1073	HWI-ST558:73:B01BVACXX:6:2307:17263:43065/1
1074	HWI-ST558:73:B01BVACXX:6:2307:17263:43065/2
1075	HWI-ST558:73:B01BVACXX:6:2307:20543:44337/1
1076	HWI-ST558:73:B01BVACXX:6:2307:20543:44337/2
1077	HWI-ST558:73:B01BVACXX:6:2307:19005:80038/1
1078	HWI-ST558:73:B01BVACXX:6:2307:19005:80038/2
1079	HWI-ST558:73:B01BVACXX:6:2307:20947:83472/1
1080	HWI-ST558:73:B01BVACXX:6:2307:20947:83472/2
1081	HWI-ST558:73:B01BVACXX:6:2307:4161:103127/1
1082	HWI-ST558:73:B01BVACXX:6:2307:4161:103127/2
1083	HWI-ST558:73:B01BVACXX:6:2307:15170:106162/1
1084	HWI-ST558:73:B01BVACXX:6:2307:15170:106162/2
1085	HWI-ST558:73:B01BVACXX:6:2307:20772:125564/1
1086	HWI-ST558:73:B01BVACXX:6:2307:20772:125564/2
1087	HWI-ST558:73:B01BVACXX:6:2307:15614:126120/1
1088	HWI-ST558:73:B01BVACXX:6:2307:15614:126120/2
1089	HWI-ST558:73:B01BVACXX:6:2307:14697:152781/1
1090	HWI-ST558:73:B01BVACXX:6:2307:14697:152781/2
1091	HWI-ST558:73:B01BVACXX:6:2307:7104:180248/1
1092	HWI-ST558:73:B01BVACXX:6:2307:7104:180248/2
1093	HWI-ST558:73:B01BVACXX:6:2307:11219:182354/1
1094	HWI-ST558:73:B01BVACXX:6:2307:11219:182354/2
1095	HWI-ST558:73:B01BVACXX:6:2307:4316:186127/1
1096	HWI-ST558:73:B01BVACXX:6:2307:4316:186127/2
1097	HWI-ST558:73:B01BVACXX:6:2307:12061:192163/1
1098	HWI-ST558:73:B01BVACXX:6:2307:12061:192163/2
1099	HWI-ST558:73:B01BVACXX:6:2307:11584:193671/1
1100	HWI-ST558:73:B01BVACXX:6:2307:11584:193671/2
1101	HWI-ST558:73:B01BVACXX:6:2308:10502:30355/1
1102	HWI-ST558:73:B01BVACXX:6:2308:10502:30355/2
1103	HWI-ST558:73:B01BVACXX:6:2308:13474:51997/1
1104	HWI-ST558:73:B01BVACXX:6:2308:13474:51997/2
1105	NC_010976.1|Gyrodactylus_derjavinoides_bb_bb
