0	rr_####873####
1	rr_####874####
2	rr_####875####
3	rr_####876####
4	rr_####877####
5	rr_####878####
6	rr_####879####
7	rr_####880####
8	rr_####881####
9	rr_####882####
10	rr_####883####
11	rr_####884####
12	rr_####885####
13	rr_####886####
14	rr_####887####
15	rr_####888####
16	rr_####889####
17	rr_####890####
18	rr_####891####
19	rr_####892####
20	rr_####893####
21	rr_####894####
22	rr_####895####
23	rr_####896####
24	rr_####897####
25	rr_####898####
26	rr_####899####
27	rr_####900####
28	rr_####901####
29	rr_####902####
30	rr_####903####
31	rr_####904####
32	rr_####905####
33	rr_####906####
34	rr_####907####
35	rr_####908####
36	rr_####909####
37	rr_####910####
38	rr_####911####
39	rr_####912####
40	rr_####913####
41	rr_####914####
42	rr_####915####
43	rr_####916####
44	rr_####917####
45	rr_####918####
46	rr_####919####
47	rr_####920####
48	rr_####921####
49	rr_####922####
50	rr_####923####
51	rr_####924####
52	rr_####925####
53	rr_####926####
54	rr_####927####
55	rr_####928####
56	rr_####929####
57	rr_####930####
58	rr_####931####
59	rr_####932####
60	rr_####933####
61	rr_####934####
62	rr_####935####
63	rr_####936####
64	rr_####937####
65	rr_####938####
66	rr_####939####
67	rr_####940####
68	rr_####941####
69	rr_####942####
70	rr_####943####
71	rr_####944####
72	rr_####945####
73	rr_####946####
74	rr_####947####
75	rr_####948####
76	rr_####949####
77	rr_####950####
78	rr_####951####
79	rr_####952####
80	rr_####953####
81	rr_####954####
82	rr_####955####
83	rr_####956####
84	rr_####957####
85	rr_####958####
86	rr_####959####
87	rr_####960####
88	rr_####961####
89	rr_####962####
90	rr_####963####
91	rr_####964####
92	rr_####965####
93	rr_####966####
94	rr_####967####
95	rr_####968####
96	rr_####969####
97	rr_####970####
98	rr_####971####
99	rr_####972####
100	rr_####973####
101	rr_####974####
102	rr_####975####
103	rr_####976####
104	rr_####977####
105	rr_####978####
106	rr_####979####
107	rr_####980####
108	rr_####981####
109	rr_####982####
110	rr_####983####
111	rr_####984####
112	rr_####985####
113	rr_####986####
114	rr_####987####
115	rr_####988####
116	rr_####989####
117	rr_####990####
118	rr_####991####
119	rr_####992####
120	rr_####993####
121	rr_####994####
122	rr_####995####
123	rr_####996####
124	rr_####997####
125	HWI-ST558:73:B01BVACXX:6:1101:19798:2948/1
126	HWI-ST558:73:B01BVACXX:6:1101:19798:2948/2
127	HWI-ST558:73:B01BVACXX:6:1101:9972:23907/1
128	HWI-ST558:73:B01BVACXX:6:1101:9972:23907/2
129	HWI-ST558:73:B01BVACXX:6:1101:11853:78699/1
130	HWI-ST558:73:B01BVACXX:6:1101:11853:78699/2
131	HWI-ST558:73:B01BVACXX:6:1101:12356:89830/1
132	HWI-ST558:73:B01BVACXX:6:1101:12356:89830/2
133	HWI-ST558:73:B01BVACXX:6:1101:7191:113542/1
134	HWI-ST558:73:B01BVACXX:6:1101:7191:113542/2
135	HWI-ST558:73:B01BVACXX:6:1101:13176:130262/1
136	HWI-ST558:73:B01BVACXX:6:1101:13176:130262/2
137	HWI-ST558:73:B01BVACXX:6:1101:10570:136333/1
138	HWI-ST558:73:B01BVACXX:6:1101:10570:136333/2
139	HWI-ST558:73:B01BVACXX:6:1101:13460:160821/1
140	HWI-ST558:73:B01BVACXX:6:1101:13460:160821/2
141	HWI-ST558:73:B01BVACXX:6:1101:2302:185833/1
142	HWI-ST558:73:B01BVACXX:6:1101:2302:185833/2
143	HWI-ST558:73:B01BVACXX:6:1102:11904:10144/1
144	HWI-ST558:73:B01BVACXX:6:1102:11904:10144/2
145	HWI-ST558:73:B01BVACXX:6:1102:14728:33460/1
146	HWI-ST558:73:B01BVACXX:6:1102:14728:33460/2
147	HWI-ST558:73:B01BVACXX:6:1102:1325:52230/1
148	HWI-ST558:73:B01BVACXX:6:1102:1325:52230/2
149	HWI-ST558:73:B01BVACXX:6:1102:8641:56620/1
150	HWI-ST558:73:B01BVACXX:6:1102:8641:56620/2
151	HWI-ST558:73:B01BVACXX:6:1102:16729:92084/1
152	HWI-ST558:73:B01BVACXX:6:1102:16729:92084/2
153	HWI-ST558:73:B01BVACXX:6:1102:9016:94448/1
154	HWI-ST558:73:B01BVACXX:6:1102:9016:94448/2
155	HWI-ST558:73:B01BVACXX:6:1102:17482:179970/1
156	HWI-ST558:73:B01BVACXX:6:1102:17482:179970/2
157	HWI-ST558:73:B01BVACXX:6:1102:16630:193106/1
158	HWI-ST558:73:B01BVACXX:6:1102:16630:193106/2
159	HWI-ST558:73:B01BVACXX:6:1103:19085:23240/1
160	HWI-ST558:73:B01BVACXX:6:1103:19085:23240/2
161	HWI-ST558:73:B01BVACXX:6:1103:18888:39453/1
162	HWI-ST558:73:B01BVACXX:6:1103:18888:39453/2
163	HWI-ST558:73:B01BVACXX:6:1103:6898:45842/1
164	HWI-ST558:73:B01BVACXX:6:1103:6898:45842/2
165	HWI-ST558:73:B01BVACXX:6:1103:7888:72486/1
166	HWI-ST558:73:B01BVACXX:6:1103:7888:72486/2
167	HWI-ST558:73:B01BVACXX:6:1103:8490:87692/1
168	HWI-ST558:73:B01BVACXX:6:1103:8490:87692/2
169	HWI-ST558:73:B01BVACXX:6:1103:13282:91063/1
170	HWI-ST558:73:B01BVACXX:6:1103:13282:91063/2
171	HWI-ST558:73:B01BVACXX:6:1103:11624:118546/1
172	HWI-ST558:73:B01BVACXX:6:1103:11624:118546/2
173	HWI-ST558:73:B01BVACXX:6:1103:10639:127103/1
174	HWI-ST558:73:B01BVACXX:6:1103:10639:127103/2
175	HWI-ST558:73:B01BVACXX:6:1103:5146:140218/1
176	HWI-ST558:73:B01BVACXX:6:1103:5146:140218/2
177	HWI-ST558:73:B01BVACXX:6:1103:11538:161193/1
178	HWI-ST558:73:B01BVACXX:6:1103:11538:161193/2
179	HWI-ST558:73:B01BVACXX:6:1103:19157:185542/1
180	HWI-ST558:73:B01BVACXX:6:1103:19157:185542/2
181	HWI-ST558:73:B01BVACXX:6:1104:17143:45149/1
182	HWI-ST558:73:B01BVACXX:6:1104:17143:45149/2
183	HWI-ST558:73:B01BVACXX:6:1104:18610:48494/1
184	HWI-ST558:73:B01BVACXX:6:1104:18610:48494/2
185	HWI-ST558:73:B01BVACXX:6:1104:5939:50021/1
186	HWI-ST558:73:B01BVACXX:6:1104:5939:50021/2
187	HWI-ST558:73:B01BVACXX:6:1104:1888:56365/1
188	HWI-ST558:73:B01BVACXX:6:1104:1888:56365/2
189	HWI-ST558:73:B01BVACXX:6:1104:10392:71603/1
190	HWI-ST558:73:B01BVACXX:6:1104:10392:71603/2
191	HWI-ST558:73:B01BVACXX:6:1104:16243:104047/1
192	HWI-ST558:73:B01BVACXX:6:1104:16243:104047/2
193	HWI-ST558:73:B01BVACXX:6:1104:3487:105388/1
194	HWI-ST558:73:B01BVACXX:6:1104:3487:105388/2
195	HWI-ST558:73:B01BVACXX:6:1104:13682:127349/1
196	HWI-ST558:73:B01BVACXX:6:1104:13682:127349/2
197	HWI-ST558:73:B01BVACXX:6:1104:11029:158508/1
198	HWI-ST558:73:B01BVACXX:6:1104:11029:158508/2
199	HWI-ST558:73:B01BVACXX:6:1104:2801:166230/1
200	HWI-ST558:73:B01BVACXX:6:1104:2801:166230/2
201	HWI-ST558:73:B01BVACXX:6:1105:16647:37442/1
202	HWI-ST558:73:B01BVACXX:6:1105:16647:37442/2
203	HWI-ST558:73:B01BVACXX:6:1105:19114:64432/1
204	HWI-ST558:73:B01BVACXX:6:1105:19114:64432/2
205	HWI-ST558:73:B01BVACXX:6:1105:12509:100553/1
206	HWI-ST558:73:B01BVACXX:6:1105:12509:100553/2
207	HWI-ST558:73:B01BVACXX:6:1105:14430:150409/1
208	HWI-ST558:73:B01BVACXX:6:1105:14430:150409/2
209	HWI-ST558:73:B01BVACXX:6:1105:17065:155434/1
210	HWI-ST558:73:B01BVACXX:6:1105:17065:155434/2
211	HWI-ST558:73:B01BVACXX:6:1105:13707:193216/1
212	HWI-ST558:73:B01BVACXX:6:1105:13707:193216/2
213	HWI-ST558:73:B01BVACXX:6:1106:6704:3178/1
214	HWI-ST558:73:B01BVACXX:6:1106:6704:3178/2
215	HWI-ST558:73:B01BVACXX:6:1106:9121:42981/1
216	HWI-ST558:73:B01BVACXX:6:1106:9121:42981/2
217	HWI-ST558:73:B01BVACXX:6:1106:20176:49799/1
218	HWI-ST558:73:B01BVACXX:6:1106:20176:49799/2
219	HWI-ST558:73:B01BVACXX:6:1106:2438:78337/1
220	HWI-ST558:73:B01BVACXX:6:1106:2438:78337/2
221	HWI-ST558:73:B01BVACXX:6:1106:16657:94019/1
222	HWI-ST558:73:B01BVACXX:6:1106:16657:94019/2
223	HWI-ST558:73:B01BVACXX:6:1106:2478:96297/1
224	HWI-ST558:73:B01BVACXX:6:1106:2478:96297/2
225	HWI-ST558:73:B01BVACXX:6:1106:19948:146557/1
226	HWI-ST558:73:B01BVACXX:6:1106:19948:146557/2
227	HWI-ST558:73:B01BVACXX:6:1106:7359:183121/1
228	HWI-ST558:73:B01BVACXX:6:1106:7359:183121/2
229	HWI-ST558:73:B01BVACXX:6:1106:11149:194470/1
230	HWI-ST558:73:B01BVACXX:6:1106:11149:194470/2
231	HWI-ST558:73:B01BVACXX:6:1107:1233:24678/1
232	HWI-ST558:73:B01BVACXX:6:1107:1233:24678/2
233	HWI-ST558:73:B01BVACXX:6:1107:11117:25131/1
234	HWI-ST558:73:B01BVACXX:6:1107:11117:25131/2
235	HWI-ST558:73:B01BVACXX:6:1107:15655:36447/1
236	HWI-ST558:73:B01BVACXX:6:1107:15655:36447/2
237	HWI-ST558:73:B01BVACXX:6:1107:2945:75221/1
238	HWI-ST558:73:B01BVACXX:6:1107:2945:75221/2
239	HWI-ST558:73:B01BVACXX:6:1107:18090:81499/1
240	HWI-ST558:73:B01BVACXX:6:1107:18090:81499/2
241	HWI-ST558:73:B01BVACXX:6:1107:2177:105528/1
242	HWI-ST558:73:B01BVACXX:6:1107:2177:105528/2
243	HWI-ST558:73:B01BVACXX:6:1107:10664:107318/1
244	HWI-ST558:73:B01BVACXX:6:1107:10664:107318/2
245	HWI-ST558:73:B01BVACXX:6:1107:14676:134319/1
246	HWI-ST558:73:B01BVACXX:6:1107:14676:134319/2
247	HWI-ST558:73:B01BVACXX:6:1107:10625:184918/1
248	HWI-ST558:73:B01BVACXX:6:1107:10625:184918/2
249	HWI-ST558:73:B01BVACXX:6:1107:2579:187341/1
250	HWI-ST558:73:B01BVACXX:6:1107:2579:187341/2
251	HWI-ST558:73:B01BVACXX:6:1108:16020:61973/1
252	HWI-ST558:73:B01BVACXX:6:1108:16020:61973/2
253	HWI-ST558:73:B01BVACXX:6:1108:1263:77296/1
254	HWI-ST558:73:B01BVACXX:6:1108:1263:77296/2
255	HWI-ST558:73:B01BVACXX:6:1108:4264:141654/1
256	HWI-ST558:73:B01BVACXX:6:1108:4264:141654/2
257	HWI-ST558:73:B01BVACXX:6:1108:2544:172433/1
258	HWI-ST558:73:B01BVACXX:6:1108:2544:172433/2
259	HWI-ST558:73:B01BVACXX:6:1108:8168:195471/1
260	HWI-ST558:73:B01BVACXX:6:1108:8168:195471/2
261	HWI-ST558:73:B01BVACXX:6:1201:15657:24397/1
262	HWI-ST558:73:B01BVACXX:6:1201:15657:24397/2
263	HWI-ST558:73:B01BVACXX:6:1201:18141:44684/1
264	HWI-ST558:73:B01BVACXX:6:1201:18141:44684/2
265	HWI-ST558:73:B01BVACXX:6:1201:12871:53587/1
266	HWI-ST558:73:B01BVACXX:6:1201:12871:53587/2
267	HWI-ST558:73:B01BVACXX:6:1201:2120:64112/1
268	HWI-ST558:73:B01BVACXX:6:1201:2120:64112/2
269	HWI-ST558:73:B01BVACXX:6:1201:19843:73208/1
270	HWI-ST558:73:B01BVACXX:6:1201:19843:73208/2
271	HWI-ST558:73:B01BVACXX:6:1201:6485:97562/1
272	HWI-ST558:73:B01BVACXX:6:1201:6485:97562/2
273	HWI-ST558:73:B01BVACXX:6:1201:4664:105518/1
274	HWI-ST558:73:B01BVACXX:6:1201:4664:105518/2
275	HWI-ST558:73:B01BVACXX:6:1201:8395:118769/1
276	HWI-ST558:73:B01BVACXX:6:1201:8395:118769/2
277	HWI-ST558:73:B01BVACXX:6:1201:7619:130813/1
278	HWI-ST558:73:B01BVACXX:6:1201:7619:130813/2
279	HWI-ST558:73:B01BVACXX:6:1201:10807:140995/1
280	HWI-ST558:73:B01BVACXX:6:1201:10807:140995/2
281	HWI-ST558:73:B01BVACXX:6:1202:18585:12223/1
282	HWI-ST558:73:B01BVACXX:6:1202:18585:12223/2
283	HWI-ST558:73:B01BVACXX:6:1202:7303:28880/1
284	HWI-ST558:73:B01BVACXX:6:1202:7303:28880/2
285	HWI-ST558:73:B01BVACXX:6:1202:11266:72497/1
286	HWI-ST558:73:B01BVACXX:6:1202:11266:72497/2
287	HWI-ST558:73:B01BVACXX:6:1202:11137:95228/1
288	HWI-ST558:73:B01BVACXX:6:1202:11137:95228/2
289	HWI-ST558:73:B01BVACXX:6:1202:5605:124171/1
290	HWI-ST558:73:B01BVACXX:6:1202:5605:124171/2
291	HWI-ST558:73:B01BVACXX:6:1202:18573:149977/1
292	HWI-ST558:73:B01BVACXX:6:1202:18573:149977/2
293	HWI-ST558:73:B01BVACXX:6:1202:5093:156080/1
294	HWI-ST558:73:B01BVACXX:6:1202:5093:156080/2
295	HWI-ST558:73:B01BVACXX:6:1202:2677:157657/1
296	HWI-ST558:73:B01BVACXX:6:1202:2677:157657/2
297	HWI-ST558:73:B01BVACXX:6:1202:4680:200348/1
298	HWI-ST558:73:B01BVACXX:6:1202:4680:200348/2
299	HWI-ST558:73:B01BVACXX:6:1203:21140:6624/1
300	HWI-ST558:73:B01BVACXX:6:1203:21140:6624/2
301	HWI-ST558:73:B01BVACXX:6:1203:5811:36430/1
302	HWI-ST558:73:B01BVACXX:6:1203:5811:36430/2
303	HWI-ST558:73:B01BVACXX:6:1203:3767:64288/1
304	HWI-ST558:73:B01BVACXX:6:1203:3767:64288/2
305	HWI-ST558:73:B01BVACXX:6:1203:14910:92554/1
306	HWI-ST558:73:B01BVACXX:6:1203:14910:92554/2
307	HWI-ST558:73:B01BVACXX:6:1203:15202:98194/1
308	HWI-ST558:73:B01BVACXX:6:1203:15202:98194/2
309	HWI-ST558:73:B01BVACXX:6:1203:1778:101162/1
310	HWI-ST558:73:B01BVACXX:6:1203:1778:101162/2
311	HWI-ST558:73:B01BVACXX:6:1203:5577:103846/1
312	HWI-ST558:73:B01BVACXX:6:1203:5577:103846/2
313	HWI-ST558:73:B01BVACXX:6:1203:7938:128295/1
314	HWI-ST558:73:B01BVACXX:6:1203:7938:128295/2
315	HWI-ST558:73:B01BVACXX:6:1203:9569:183484/1
316	HWI-ST558:73:B01BVACXX:6:1203:9569:183484/2
317	HWI-ST558:73:B01BVACXX:6:1204:17186:52967/1
318	HWI-ST558:73:B01BVACXX:6:1204:17186:52967/2
319	HWI-ST558:73:B01BVACXX:6:1204:1379:56901/1
320	HWI-ST558:73:B01BVACXX:6:1204:1379:56901/2
321	HWI-ST558:73:B01BVACXX:6:1204:5188:91562/1
322	HWI-ST558:73:B01BVACXX:6:1204:5188:91562/2
323	HWI-ST558:73:B01BVACXX:6:1204:6010:129678/1
324	HWI-ST558:73:B01BVACXX:6:1204:6010:129678/2
325	HWI-ST558:73:B01BVACXX:6:1205:3662:25563/1
326	HWI-ST558:73:B01BVACXX:6:1205:3662:25563/2
327	HWI-ST558:73:B01BVACXX:6:1205:11920:29221/1
328	HWI-ST558:73:B01BVACXX:6:1205:11920:29221/2
329	HWI-ST558:73:B01BVACXX:6:1205:11937:29227/1
330	HWI-ST558:73:B01BVACXX:6:1205:11937:29227/2
331	HWI-ST558:73:B01BVACXX:6:1205:12965:49206/1
332	HWI-ST558:73:B01BVACXX:6:1205:12965:49206/2
333	HWI-ST558:73:B01BVACXX:6:1205:11957:69075/1
334	HWI-ST558:73:B01BVACXX:6:1205:11957:69075/2
335	HWI-ST558:73:B01BVACXX:6:1205:6347:85226/1
336	HWI-ST558:73:B01BVACXX:6:1205:6347:85226/2
337	HWI-ST558:73:B01BVACXX:6:1205:18311:109125/1
338	HWI-ST558:73:B01BVACXX:6:1205:18311:109125/2
339	HWI-ST558:73:B01BVACXX:6:1205:18638:155803/1
340	HWI-ST558:73:B01BVACXX:6:1205:18638:155803/2
341	HWI-ST558:73:B01BVACXX:6:1205:16979:169211/1
342	HWI-ST558:73:B01BVACXX:6:1205:16979:169211/2
343	HWI-ST558:73:B01BVACXX:6:1205:12106:177847/1
344	HWI-ST558:73:B01BVACXX:6:1205:12106:177847/2
345	HWI-ST558:73:B01BVACXX:6:1205:8607:188966/1
346	HWI-ST558:73:B01BVACXX:6:1205:8607:188966/2
347	HWI-ST558:73:B01BVACXX:6:1206:16287:22418/1
348	HWI-ST558:73:B01BVACXX:6:1206:16287:22418/2
349	HWI-ST558:73:B01BVACXX:6:1206:8001:36410/1
350	HWI-ST558:73:B01BVACXX:6:1206:8001:36410/2
351	HWI-ST558:73:B01BVACXX:6:1206:2859:88119/1
352	HWI-ST558:73:B01BVACXX:6:1206:2859:88119/2
353	HWI-ST558:73:B01BVACXX:6:1206:9868:91809/1
354	HWI-ST558:73:B01BVACXX:6:1206:9868:91809/2
355	HWI-ST558:73:B01BVACXX:6:1206:10047:147309/1
356	HWI-ST558:73:B01BVACXX:6:1206:10047:147309/2
357	HWI-ST558:73:B01BVACXX:6:1206:17898:189440/1
358	HWI-ST558:73:B01BVACXX:6:1206:17898:189440/2
359	HWI-ST558:73:B01BVACXX:6:1206:20853:196864/1
360	HWI-ST558:73:B01BVACXX:6:1206:20853:196864/2
361	HWI-ST558:73:B01BVACXX:6:1207:10073:9980/1
362	HWI-ST558:73:B01BVACXX:6:1207:10073:9980/2
363	HWI-ST558:73:B01BVACXX:6:1207:3429:15252/1
364	HWI-ST558:73:B01BVACXX:6:1207:3429:15252/2
365	HWI-ST558:73:B01BVACXX:6:1207:21048:27611/1
366	HWI-ST558:73:B01BVACXX:6:1207:21048:27611/2
367	HWI-ST558:73:B01BVACXX:6:1207:5126:39656/1
368	HWI-ST558:73:B01BVACXX:6:1207:5126:39656/2
369	HWI-ST558:73:B01BVACXX:6:1207:7004:51967/1
370	HWI-ST558:73:B01BVACXX:6:1207:7004:51967/2
371	HWI-ST558:73:B01BVACXX:6:1207:3874:59268/1
372	HWI-ST558:73:B01BVACXX:6:1207:3874:59268/2
373	HWI-ST558:73:B01BVACXX:6:1207:19024:60972/1
374	HWI-ST558:73:B01BVACXX:6:1207:19024:60972/2
375	HWI-ST558:73:B01BVACXX:6:1207:10497:63775/1
376	HWI-ST558:73:B01BVACXX:6:1207:10497:63775/2
377	HWI-ST558:73:B01BVACXX:6:1207:21023:84349/1
378	HWI-ST558:73:B01BVACXX:6:1207:21023:84349/2
379	HWI-ST558:73:B01BVACXX:6:1207:1675:85507/1
380	HWI-ST558:73:B01BVACXX:6:1207:1675:85507/2
381	HWI-ST558:73:B01BVACXX:6:1207:18577:100910/1
382	HWI-ST558:73:B01BVACXX:6:1207:18577:100910/2
383	HWI-ST558:73:B01BVACXX:6:1207:7259:125737/1
384	HWI-ST558:73:B01BVACXX:6:1207:7259:125737/2
385	HWI-ST558:73:B01BVACXX:6:1207:7233:133317/1
386	HWI-ST558:73:B01BVACXX:6:1207:7233:133317/2
387	HWI-ST558:73:B01BVACXX:6:1207:6404:160548/1
388	HWI-ST558:73:B01BVACXX:6:1207:6404:160548/2
389	HWI-ST558:73:B01BVACXX:6:1207:16095:172891/1
390	HWI-ST558:73:B01BVACXX:6:1207:16095:172891/2
391	HWI-ST558:73:B01BVACXX:6:1207:8933:178431/1
392	HWI-ST558:73:B01BVACXX:6:1207:8933:178431/2
393	HWI-ST558:73:B01BVACXX:6:1301:18736:1990/1
394	HWI-ST558:73:B01BVACXX:6:1301:18736:1990/2
395	HWI-ST558:73:B01BVACXX:6:1301:9454:29064/1
396	HWI-ST558:73:B01BVACXX:6:1301:9454:29064/2
397	HWI-ST558:73:B01BVACXX:6:1301:13444:33857/1
398	HWI-ST558:73:B01BVACXX:6:1301:13444:33857/2
399	HWI-ST558:73:B01BVACXX:6:1301:14495:72331/1
400	HWI-ST558:73:B01BVACXX:6:1301:14495:72331/2
401	HWI-ST558:73:B01BVACXX:6:1301:1581:89951/1
402	HWI-ST558:73:B01BVACXX:6:1301:1581:89951/2
403	HWI-ST558:73:B01BVACXX:6:1301:3197:107427/1
404	HWI-ST558:73:B01BVACXX:6:1301:3197:107427/2
405	HWI-ST558:73:B01BVACXX:6:1301:1285:111129/1
406	HWI-ST558:73:B01BVACXX:6:1301:1285:111129/2
407	HWI-ST558:73:B01BVACXX:6:1301:1388:123850/1
408	HWI-ST558:73:B01BVACXX:6:1301:1388:123850/2
409	HWI-ST558:73:B01BVACXX:6:1301:12096:147755/1
410	HWI-ST558:73:B01BVACXX:6:1301:12096:147755/2
411	HWI-ST558:73:B01BVACXX:6:1301:7383:199291/1
412	HWI-ST558:73:B01BVACXX:6:1301:7383:199291/2
413	HWI-ST558:73:B01BVACXX:6:1302:18947:13159/1
414	HWI-ST558:73:B01BVACXX:6:1302:18947:13159/2
415	HWI-ST558:73:B01BVACXX:6:1302:12976:17485/1
416	HWI-ST558:73:B01BVACXX:6:1302:12976:17485/2
417	HWI-ST558:73:B01BVACXX:6:1302:6228:40467/1
418	HWI-ST558:73:B01BVACXX:6:1302:6228:40467/2
419	HWI-ST558:73:B01BVACXX:6:1302:13943:56155/1
420	HWI-ST558:73:B01BVACXX:6:1302:13943:56155/2
421	HWI-ST558:73:B01BVACXX:6:1302:2620:60660/1
422	HWI-ST558:73:B01BVACXX:6:1302:2620:60660/2
423	HWI-ST558:73:B01BVACXX:6:1302:2498:71175/1
424	HWI-ST558:73:B01BVACXX:6:1302:2498:71175/2
425	HWI-ST558:73:B01BVACXX:6:1302:7376:103999/1
426	HWI-ST558:73:B01BVACXX:6:1302:7376:103999/2
427	HWI-ST558:73:B01BVACXX:6:1302:2521:161275/1
428	HWI-ST558:73:B01BVACXX:6:1302:2521:161275/2
429	HWI-ST558:73:B01BVACXX:6:1303:7950:15822/1
430	HWI-ST558:73:B01BVACXX:6:1303:7950:15822/2
431	HWI-ST558:73:B01BVACXX:6:1303:4805:55782/1
432	HWI-ST558:73:B01BVACXX:6:1303:4805:55782/2
433	HWI-ST558:73:B01BVACXX:6:1303:2824:73832/1
434	HWI-ST558:73:B01BVACXX:6:1303:2824:73832/2
435	HWI-ST558:73:B01BVACXX:6:1303:6662:91219/1
436	HWI-ST558:73:B01BVACXX:6:1303:6662:91219/2
437	HWI-ST558:73:B01BVACXX:6:1303:16029:126118/1
438	HWI-ST558:73:B01BVACXX:6:1303:16029:126118/2
439	HWI-ST558:73:B01BVACXX:6:1303:1390:133833/1
440	HWI-ST558:73:B01BVACXX:6:1303:1390:133833/2
441	HWI-ST558:73:B01BVACXX:6:1303:2595:145909/1
442	HWI-ST558:73:B01BVACXX:6:1303:2595:145909/2
443	HWI-ST558:73:B01BVACXX:6:1303:16909:158954/1
444	HWI-ST558:73:B01BVACXX:6:1303:16909:158954/2
445	HWI-ST558:73:B01BVACXX:6:1303:18972:186437/1
446	HWI-ST558:73:B01BVACXX:6:1303:18972:186437/2
447	HWI-ST558:73:B01BVACXX:6:1304:21287:27090/1
448	HWI-ST558:73:B01BVACXX:6:1304:21287:27090/2
449	HWI-ST558:73:B01BVACXX:6:1304:1435:31364/1
450	HWI-ST558:73:B01BVACXX:6:1304:1435:31364/2
451	HWI-ST558:73:B01BVACXX:6:1304:6605:34357/1
452	HWI-ST558:73:B01BVACXX:6:1304:6605:34357/2
453	HWI-ST558:73:B01BVACXX:6:1304:13612:89466/1
454	HWI-ST558:73:B01BVACXX:6:1304:13612:89466/2
455	HWI-ST558:73:B01BVACXX:6:1304:15474:96101/1
456	HWI-ST558:73:B01BVACXX:6:1304:15474:96101/2
457	HWI-ST558:73:B01BVACXX:6:1304:21160:97150/1
458	HWI-ST558:73:B01BVACXX:6:1304:21160:97150/2
459	HWI-ST558:73:B01BVACXX:6:1304:21010:97841/1
460	HWI-ST558:73:B01BVACXX:6:1304:21010:97841/2
461	HWI-ST558:73:B01BVACXX:6:1304:10896:106825/1
462	HWI-ST558:73:B01BVACXX:6:1304:10896:106825/2
463	HWI-ST558:73:B01BVACXX:6:1304:4368:114676/1
464	HWI-ST558:73:B01BVACXX:6:1304:4368:114676/2
465	HWI-ST558:73:B01BVACXX:6:1304:16816:134522/1
466	HWI-ST558:73:B01BVACXX:6:1304:16816:134522/2
467	HWI-ST558:73:B01BVACXX:6:1304:4034:162022/1
468	HWI-ST558:73:B01BVACXX:6:1304:4034:162022/2
469	HWI-ST558:73:B01BVACXX:6:1304:5685:179606/1
470	HWI-ST558:73:B01BVACXX:6:1304:5685:179606/2
471	HWI-ST558:73:B01BVACXX:6:1305:10828:19509/1
472	HWI-ST558:73:B01BVACXX:6:1305:10828:19509/2
473	HWI-ST558:73:B01BVACXX:6:1305:20636:31378/1
474	HWI-ST558:73:B01BVACXX:6:1305:20636:31378/2
475	HWI-ST558:73:B01BVACXX:6:1305:11871:39143/1
476	HWI-ST558:73:B01BVACXX:6:1305:11871:39143/2
477	HWI-ST558:73:B01BVACXX:6:1305:19598:63847/1
478	HWI-ST558:73:B01BVACXX:6:1305:19598:63847/2
479	HWI-ST558:73:B01BVACXX:6:1305:12791:72254/1
480	HWI-ST558:73:B01BVACXX:6:1305:12791:72254/2
481	HWI-ST558:73:B01BVACXX:6:1305:17166:117487/1
482	HWI-ST558:73:B01BVACXX:6:1305:17166:117487/2
483	HWI-ST558:73:B01BVACXX:6:1305:13027:126707/1
484	HWI-ST558:73:B01BVACXX:6:1305:13027:126707/2
485	HWI-ST558:73:B01BVACXX:6:1305:11966:150340/1
486	HWI-ST558:73:B01BVACXX:6:1305:11966:150340/2
487	HWI-ST558:73:B01BVACXX:6:1305:5797:150523/1
488	HWI-ST558:73:B01BVACXX:6:1305:5797:150523/2
489	HWI-ST558:73:B01BVACXX:6:1305:16276:156909/1
490	HWI-ST558:73:B01BVACXX:6:1305:16276:156909/2
491	HWI-ST558:73:B01BVACXX:6:1305:15909:176434/1
492	HWI-ST558:73:B01BVACXX:6:1305:15909:176434/2
493	HWI-ST558:73:B01BVACXX:6:1306:14157:6439/1
494	HWI-ST558:73:B01BVACXX:6:1306:14157:6439/2
495	HWI-ST558:73:B01BVACXX:6:1306:17612:28877/1
496	HWI-ST558:73:B01BVACXX:6:1306:17612:28877/2
497	HWI-ST558:73:B01BVACXX:6:1306:6868:42416/1
498	HWI-ST558:73:B01BVACXX:6:1306:6868:42416/2
499	HWI-ST558:73:B01BVACXX:6:1306:11172:46813/1
500	HWI-ST558:73:B01BVACXX:6:1306:11172:46813/2
501	HWI-ST558:73:B01BVACXX:6:1306:9933:58370/1
502	HWI-ST558:73:B01BVACXX:6:1306:9933:58370/2
503	HWI-ST558:73:B01BVACXX:6:1306:21122:79566/1
504	HWI-ST558:73:B01BVACXX:6:1306:21122:79566/2
505	HWI-ST558:73:B01BVACXX:6:1306:10254:147664/1
506	HWI-ST558:73:B01BVACXX:6:1306:10254:147664/2
507	HWI-ST558:73:B01BVACXX:6:1306:21033:164628/1
508	HWI-ST558:73:B01BVACXX:6:1306:21033:164628/2
509	HWI-ST558:73:B01BVACXX:6:1306:12025:167607/1
510	HWI-ST558:73:B01BVACXX:6:1306:12025:167607/2
511	HWI-ST558:73:B01BVACXX:6:1306:6869:186828/1
512	HWI-ST558:73:B01BVACXX:6:1306:6869:186828/2
513	HWI-ST558:73:B01BVACXX:6:1306:10867:187301/1
514	HWI-ST558:73:B01BVACXX:6:1306:10867:187301/2
515	HWI-ST558:73:B01BVACXX:6:1306:10681:192390/1
516	HWI-ST558:73:B01BVACXX:6:1306:10681:192390/2
517	HWI-ST558:73:B01BVACXX:6:1307:9517:19207/1
518	HWI-ST558:73:B01BVACXX:6:1307:9517:19207/2
519	HWI-ST558:73:B01BVACXX:6:1307:18723:36873/1
520	HWI-ST558:73:B01BVACXX:6:1307:18723:36873/2
521	HWI-ST558:73:B01BVACXX:6:1307:4084:51757/1
522	HWI-ST558:73:B01BVACXX:6:1307:4084:51757/2
523	HWI-ST558:73:B01BVACXX:6:1307:6969:95391/1
524	HWI-ST558:73:B01BVACXX:6:1307:6969:95391/2
525	HWI-ST558:73:B01BVACXX:6:1307:14349:95739/1
526	HWI-ST558:73:B01BVACXX:6:1307:14349:95739/2
527	HWI-ST558:73:B01BVACXX:6:1307:14655:118733/1
528	HWI-ST558:73:B01BVACXX:6:1307:14655:118733/2
529	HWI-ST558:73:B01BVACXX:6:1307:4297:146283/1
530	HWI-ST558:73:B01BVACXX:6:1307:4297:146283/2
531	HWI-ST558:73:B01BVACXX:6:1307:9246:149798/1
532	HWI-ST558:73:B01BVACXX:6:1307:9246:149798/2
533	HWI-ST558:73:B01BVACXX:6:1307:11104:150270/1
534	HWI-ST558:73:B01BVACXX:6:1307:11104:150270/2
535	HWI-ST558:73:B01BVACXX:6:2101:15402:8398/1
536	HWI-ST558:73:B01BVACXX:6:2101:15402:8398/2
537	HWI-ST558:73:B01BVACXX:6:2101:1813:14363/1
538	HWI-ST558:73:B01BVACXX:6:2101:1813:14363/2
539	HWI-ST558:73:B01BVACXX:6:2101:13497:49444/1
540	HWI-ST558:73:B01BVACXX:6:2101:13497:49444/2
541	HWI-ST558:73:B01BVACXX:6:2101:8659:85828/1
542	HWI-ST558:73:B01BVACXX:6:2101:8659:85828/2
543	HWI-ST558:73:B01BVACXX:6:2101:11721:104336/1
544	HWI-ST558:73:B01BVACXX:6:2101:11721:104336/2
545	HWI-ST558:73:B01BVACXX:6:2101:17729:107232/1
546	HWI-ST558:73:B01BVACXX:6:2101:17729:107232/2
547	HWI-ST558:73:B01BVACXX:6:2101:7928:169561/1
548	HWI-ST558:73:B01BVACXX:6:2101:7928:169561/2
549	HWI-ST558:73:B01BVACXX:6:2102:13420:14840/1
550	HWI-ST558:73:B01BVACXX:6:2102:13420:14840/2
551	HWI-ST558:73:B01BVACXX:6:2102:21257:69533/1
552	HWI-ST558:73:B01BVACXX:6:2102:21257:69533/2
553	HWI-ST558:73:B01BVACXX:6:2102:11273:76662/1
554	HWI-ST558:73:B01BVACXX:6:2102:11273:76662/2
555	HWI-ST558:73:B01BVACXX:6:2102:11842:122287/1
556	HWI-ST558:73:B01BVACXX:6:2102:11842:122287/2
557	HWI-ST558:73:B01BVACXX:6:2102:12039:134403/1
558	HWI-ST558:73:B01BVACXX:6:2102:12039:134403/2
559	HWI-ST558:73:B01BVACXX:6:2102:14129:152336/1
560	HWI-ST558:73:B01BVACXX:6:2102:14129:152336/2
561	HWI-ST558:73:B01BVACXX:6:2102:18545:152647/1
562	HWI-ST558:73:B01BVACXX:6:2102:18545:152647/2
563	HWI-ST558:73:B01BVACXX:6:2102:15884:170445/1
564	HWI-ST558:73:B01BVACXX:6:2102:15884:170445/2
565	HWI-ST558:73:B01BVACXX:6:2102:17640:170962/1
566	HWI-ST558:73:B01BVACXX:6:2102:17640:170962/2
567	HWI-ST558:73:B01BVACXX:6:2102:14665:186466/1
568	HWI-ST558:73:B01BVACXX:6:2102:14665:186466/2
569	HWI-ST558:73:B01BVACXX:6:2102:12048:191514/1
570	HWI-ST558:73:B01BVACXX:6:2102:12048:191514/2
571	HWI-ST558:73:B01BVACXX:6:2103:18834:29325/1
572	HWI-ST558:73:B01BVACXX:6:2103:18834:29325/2
573	HWI-ST558:73:B01BVACXX:6:2103:9150:87958/1
574	HWI-ST558:73:B01BVACXX:6:2103:9150:87958/2
575	HWI-ST558:73:B01BVACXX:6:2103:10377:136310/1
576	HWI-ST558:73:B01BVACXX:6:2103:10377:136310/2
577	HWI-ST558:73:B01BVACXX:6:2103:11137:162397/1
578	HWI-ST558:73:B01BVACXX:6:2103:11137:162397/2
579	HWI-ST558:73:B01BVACXX:6:2103:18097:178710/1
580	HWI-ST558:73:B01BVACXX:6:2103:18097:178710/2
581	HWI-ST558:73:B01BVACXX:6:2103:10562:189479/1
582	HWI-ST558:73:B01BVACXX:6:2103:10562:189479/2
583	HWI-ST558:73:B01BVACXX:6:2103:3867:198646/1
584	HWI-ST558:73:B01BVACXX:6:2103:3867:198646/2
585	HWI-ST558:73:B01BVACXX:6:2104:19189:9573/1
586	HWI-ST558:73:B01BVACXX:6:2104:19189:9573/2
587	HWI-ST558:73:B01BVACXX:6:2104:2924:26113/1
588	HWI-ST558:73:B01BVACXX:6:2104:2924:26113/2
589	HWI-ST558:73:B01BVACXX:6:2104:13189:46491/1
590	HWI-ST558:73:B01BVACXX:6:2104:13189:46491/2
591	HWI-ST558:73:B01BVACXX:6:2104:8246:68119/1
592	HWI-ST558:73:B01BVACXX:6:2104:8246:68119/2
593	HWI-ST558:73:B01BVACXX:6:2104:4313:93514/1
594	HWI-ST558:73:B01BVACXX:6:2104:4313:93514/2
595	HWI-ST558:73:B01BVACXX:6:2104:1457:100709/1
596	HWI-ST558:73:B01BVACXX:6:2104:1457:100709/2
597	HWI-ST558:73:B01BVACXX:6:2104:9709:100990/1
598	HWI-ST558:73:B01BVACXX:6:2104:9709:100990/2
599	HWI-ST558:73:B01BVACXX:6:2104:6749:120124/1
600	HWI-ST558:73:B01BVACXX:6:2104:6749:120124/2
601	HWI-ST558:73:B01BVACXX:6:2104:18121:125295/1
602	HWI-ST558:73:B01BVACXX:6:2104:18121:125295/2
603	HWI-ST558:73:B01BVACXX:6:2104:10704:133434/1
604	HWI-ST558:73:B01BVACXX:6:2104:10704:133434/2
605	HWI-ST558:73:B01BVACXX:6:2104:18928:187601/1
606	HWI-ST558:73:B01BVACXX:6:2104:18928:187601/2
607	HWI-ST558:73:B01BVACXX:6:2104:17544:195531/1
608	HWI-ST558:73:B01BVACXX:6:2104:17544:195531/2
609	HWI-ST558:73:B01BVACXX:6:2105:19370:21486/1
610	HWI-ST558:73:B01BVACXX:6:2105:19370:21486/2
611	HWI-ST558:73:B01BVACXX:6:2105:5845:52229/1
612	HWI-ST558:73:B01BVACXX:6:2105:5845:52229/2
613	HWI-ST558:73:B01BVACXX:6:2105:13581:82198/1
614	HWI-ST558:73:B01BVACXX:6:2105:13581:82198/2
615	HWI-ST558:73:B01BVACXX:6:2105:10943:102436/1
616	HWI-ST558:73:B01BVACXX:6:2105:10943:102436/2
617	HWI-ST558:73:B01BVACXX:6:2105:12367:102538/1
618	HWI-ST558:73:B01BVACXX:6:2105:12367:102538/2
619	HWI-ST558:73:B01BVACXX:6:2105:14751:116227/1
620	HWI-ST558:73:B01BVACXX:6:2105:14751:116227/2
621	HWI-ST558:73:B01BVACXX:6:2105:15968:150644/1
622	HWI-ST558:73:B01BVACXX:6:2105:15968:150644/2
623	HWI-ST558:73:B01BVACXX:6:2105:7685:158597/1
624	HWI-ST558:73:B01BVACXX:6:2105:7685:158597/2
625	HWI-ST558:73:B01BVACXX:6:2105:13291:164522/1
626	HWI-ST558:73:B01BVACXX:6:2105:13291:164522/2
627	HWI-ST558:73:B01BVACXX:6:2105:11080:189786/1
628	HWI-ST558:73:B01BVACXX:6:2105:11080:189786/2
629	HWI-ST558:73:B01BVACXX:6:2105:21161:198471/1
630	HWI-ST558:73:B01BVACXX:6:2105:21161:198471/2
631	HWI-ST558:73:B01BVACXX:6:2106:9464:49644/1
632	HWI-ST558:73:B01BVACXX:6:2106:9464:49644/2
633	HWI-ST558:73:B01BVACXX:6:2106:3285:57378/1
634	HWI-ST558:73:B01BVACXX:6:2106:3285:57378/2
635	HWI-ST558:73:B01BVACXX:6:2106:19033:71858/1
636	HWI-ST558:73:B01BVACXX:6:2106:19033:71858/2
637	HWI-ST558:73:B01BVACXX:6:2106:20223:105307/1
638	HWI-ST558:73:B01BVACXX:6:2106:20223:105307/2
639	HWI-ST558:73:B01BVACXX:6:2106:14484:118071/1
640	HWI-ST558:73:B01BVACXX:6:2106:14484:118071/2
641	HWI-ST558:73:B01BVACXX:6:2106:4472:134020/1
642	HWI-ST558:73:B01BVACXX:6:2106:4472:134020/2
643	HWI-ST558:73:B01BVACXX:6:2106:13926:168218/1
644	HWI-ST558:73:B01BVACXX:6:2106:13926:168218/2
645	HWI-ST558:73:B01BVACXX:6:2106:14679:187861/1
646	HWI-ST558:73:B01BVACXX:6:2106:14679:187861/2
647	HWI-ST558:73:B01BVACXX:6:2106:10128:197459/1
648	HWI-ST558:73:B01BVACXX:6:2106:10128:197459/2
649	HWI-ST558:73:B01BVACXX:6:2107:20891:3027/1
650	HWI-ST558:73:B01BVACXX:6:2107:20891:3027/2
651	HWI-ST558:73:B01BVACXX:6:2107:13886:6723/1
652	HWI-ST558:73:B01BVACXX:6:2107:13886:6723/2
653	HWI-ST558:73:B01BVACXX:6:2107:13874:6738/1
654	HWI-ST558:73:B01BVACXX:6:2107:13874:6738/2
655	HWI-ST558:73:B01BVACXX:6:2107:1293:17101/1
656	HWI-ST558:73:B01BVACXX:6:2107:1293:17101/2
657	HWI-ST558:73:B01BVACXX:6:2107:19328:64136/1
658	HWI-ST558:73:B01BVACXX:6:2107:19328:64136/2
659	HWI-ST558:73:B01BVACXX:6:2107:2859:69408/1
660	HWI-ST558:73:B01BVACXX:6:2107:2859:69408/2
661	HWI-ST558:73:B01BVACXX:6:2107:6459:80853/1
662	HWI-ST558:73:B01BVACXX:6:2107:6459:80853/2
663	HWI-ST558:73:B01BVACXX:6:2107:6743:121652/1
664	HWI-ST558:73:B01BVACXX:6:2107:6743:121652/2
665	HWI-ST558:73:B01BVACXX:6:2107:12560:136129/1
666	HWI-ST558:73:B01BVACXX:6:2107:12560:136129/2
667	HWI-ST558:73:B01BVACXX:6:2107:2996:138675/1
668	HWI-ST558:73:B01BVACXX:6:2107:2996:138675/2
669	HWI-ST558:73:B01BVACXX:6:2107:19220:139637/1
670	HWI-ST558:73:B01BVACXX:6:2107:19220:139637/2
671	HWI-ST558:73:B01BVACXX:6:2107:18194:152014/1
672	HWI-ST558:73:B01BVACXX:6:2107:18194:152014/2
673	HWI-ST558:73:B01BVACXX:6:2107:16107:152510/1
674	HWI-ST558:73:B01BVACXX:6:2107:16107:152510/2
675	HWI-ST558:73:B01BVACXX:6:2107:10790:163986/1
676	HWI-ST558:73:B01BVACXX:6:2107:10790:163986/2
677	HWI-ST558:73:B01BVACXX:6:2107:2684:170009/1
678	HWI-ST558:73:B01BVACXX:6:2107:2684:170009/2
679	HWI-ST558:73:B01BVACXX:6:2107:8680:182909/1
680	HWI-ST558:73:B01BVACXX:6:2107:8680:182909/2
681	HWI-ST558:73:B01BVACXX:6:2107:5859:192100/1
682	HWI-ST558:73:B01BVACXX:6:2107:5859:192100/2
683	HWI-ST558:73:B01BVACXX:6:2107:12401:198568/1
684	HWI-ST558:73:B01BVACXX:6:2107:12401:198568/2
685	HWI-ST558:73:B01BVACXX:6:2108:1431:30268/1
686	HWI-ST558:73:B01BVACXX:6:2108:1431:30268/2
687	HWI-ST558:73:B01BVACXX:6:2108:18833:112354/1
688	HWI-ST558:73:B01BVACXX:6:2108:18833:112354/2
689	HWI-ST558:73:B01BVACXX:6:2108:17056:128689/1
690	HWI-ST558:73:B01BVACXX:6:2108:17056:128689/2
691	HWI-ST558:73:B01BVACXX:6:2108:9328:131952/1
692	HWI-ST558:73:B01BVACXX:6:2108:9328:131952/2
693	HWI-ST558:73:B01BVACXX:6:2108:7961:138793/1
694	HWI-ST558:73:B01BVACXX:6:2108:7961:138793/2
695	HWI-ST558:73:B01BVACXX:6:2108:4675:157141/1
696	HWI-ST558:73:B01BVACXX:6:2108:4675:157141/2
697	HWI-ST558:73:B01BVACXX:6:2201:3272:23881/1
698	HWI-ST558:73:B01BVACXX:6:2201:3272:23881/2
699	HWI-ST558:73:B01BVACXX:6:2201:19769:53950/1
700	HWI-ST558:73:B01BVACXX:6:2201:19769:53950/2
701	HWI-ST558:73:B01BVACXX:6:2201:12913:63362/1
702	HWI-ST558:73:B01BVACXX:6:2201:12913:63362/2
703	HWI-ST558:73:B01BVACXX:6:2201:8814:110968/1
704	HWI-ST558:73:B01BVACXX:6:2201:8814:110968/2
705	HWI-ST558:73:B01BVACXX:6:2201:3341:119026/1
706	HWI-ST558:73:B01BVACXX:6:2201:3341:119026/2
707	HWI-ST558:73:B01BVACXX:6:2201:13290:167299/1
708	HWI-ST558:73:B01BVACXX:6:2201:13290:167299/2
709	HWI-ST558:73:B01BVACXX:6:2201:14831:194812/1
710	HWI-ST558:73:B01BVACXX:6:2201:14831:194812/2
711	HWI-ST558:73:B01BVACXX:6:2201:7727:196382/1
712	HWI-ST558:73:B01BVACXX:6:2201:7727:196382/2
713	HWI-ST558:73:B01BVACXX:6:2202:9019:17374/1
714	HWI-ST558:73:B01BVACXX:6:2202:9019:17374/2
715	HWI-ST558:73:B01BVACXX:6:2202:2948:52956/1
716	HWI-ST558:73:B01BVACXX:6:2202:2948:52956/2
717	HWI-ST558:73:B01BVACXX:6:2202:15857:97481/1
718	HWI-ST558:73:B01BVACXX:6:2202:15857:97481/2
719	HWI-ST558:73:B01BVACXX:6:2202:1363:128242/1
720	HWI-ST558:73:B01BVACXX:6:2202:1363:128242/2
721	HWI-ST558:73:B01BVACXX:6:2202:1499:142010/1
722	HWI-ST558:73:B01BVACXX:6:2202:1499:142010/2
723	HWI-ST558:73:B01BVACXX:6:2202:15117:168226/1
724	HWI-ST558:73:B01BVACXX:6:2202:15117:168226/2
725	HWI-ST558:73:B01BVACXX:6:2202:19572:180507/1
726	HWI-ST558:73:B01BVACXX:6:2202:19572:180507/2
727	HWI-ST558:73:B01BVACXX:6:2203:11240:25709/1
728	HWI-ST558:73:B01BVACXX:6:2203:11240:25709/2
729	HWI-ST558:73:B01BVACXX:6:2203:6983:40237/1
730	HWI-ST558:73:B01BVACXX:6:2203:6983:40237/2
731	HWI-ST558:73:B01BVACXX:6:2203:19557:45705/1
732	HWI-ST558:73:B01BVACXX:6:2203:19557:45705/2
733	HWI-ST558:73:B01BVACXX:6:2203:18144:79601/1
734	HWI-ST558:73:B01BVACXX:6:2203:18144:79601/2
735	HWI-ST558:73:B01BVACXX:6:2203:19945:120209/1
736	HWI-ST558:73:B01BVACXX:6:2203:19945:120209/2
737	HWI-ST558:73:B01BVACXX:6:2203:13097:130299/1
738	HWI-ST558:73:B01BVACXX:6:2203:13097:130299/2
739	HWI-ST558:73:B01BVACXX:6:2203:5621:142737/1
740	HWI-ST558:73:B01BVACXX:6:2203:5621:142737/2
741	HWI-ST558:73:B01BVACXX:6:2203:12705:143542/1
742	HWI-ST558:73:B01BVACXX:6:2203:12705:143542/2
743	HWI-ST558:73:B01BVACXX:6:2204:19396:64293/1
744	HWI-ST558:73:B01BVACXX:6:2204:19396:64293/2
745	HWI-ST558:73:B01BVACXX:6:2204:4417:83823/1
746	HWI-ST558:73:B01BVACXX:6:2204:4417:83823/2
747	HWI-ST558:73:B01BVACXX:6:2204:16577:102234/1
748	HWI-ST558:73:B01BVACXX:6:2204:16577:102234/2
749	HWI-ST558:73:B01BVACXX:6:2204:8543:105443/1
750	HWI-ST558:73:B01BVACXX:6:2204:8543:105443/2
751	HWI-ST558:73:B01BVACXX:6:2204:12398:116694/1
752	HWI-ST558:73:B01BVACXX:6:2204:12398:116694/2
753	HWI-ST558:73:B01BVACXX:6:2204:15971:153894/1
754	HWI-ST558:73:B01BVACXX:6:2204:15971:153894/2
755	HWI-ST558:73:B01BVACXX:6:2204:18148:155649/1
756	HWI-ST558:73:B01BVACXX:6:2204:18148:155649/2
757	HWI-ST558:73:B01BVACXX:6:2204:3656:164788/1
758	HWI-ST558:73:B01BVACXX:6:2204:3656:164788/2
759	HWI-ST558:73:B01BVACXX:6:2204:17965:174410/1
760	HWI-ST558:73:B01BVACXX:6:2204:17965:174410/2
761	HWI-ST558:73:B01BVACXX:6:2204:14374:193593/1
762	HWI-ST558:73:B01BVACXX:6:2204:14374:193593/2
763	HWI-ST558:73:B01BVACXX:6:2204:3261:194428/1
764	HWI-ST558:73:B01BVACXX:6:2204:3261:194428/2
765	HWI-ST558:73:B01BVACXX:6:2205:12009:14336/1
766	HWI-ST558:73:B01BVACXX:6:2205:12009:14336/2
767	HWI-ST558:73:B01BVACXX:6:2205:18130:17592/1
768	HWI-ST558:73:B01BVACXX:6:2205:18130:17592/2
769	HWI-ST558:73:B01BVACXX:6:2205:16747:38669/1
770	HWI-ST558:73:B01BVACXX:6:2205:16747:38669/2
771	HWI-ST558:73:B01BVACXX:6:2205:15580:57392/1
772	HWI-ST558:73:B01BVACXX:6:2205:15580:57392/2
773	HWI-ST558:73:B01BVACXX:6:2205:1713:103324/1
774	HWI-ST558:73:B01BVACXX:6:2205:1713:103324/2
775	HWI-ST558:73:B01BVACXX:6:2205:2842:106467/1
776	HWI-ST558:73:B01BVACXX:6:2205:2842:106467/2
777	HWI-ST558:73:B01BVACXX:6:2205:5751:150209/1
778	HWI-ST558:73:B01BVACXX:6:2205:5751:150209/2
779	HWI-ST558:73:B01BVACXX:6:2205:16738:186452/1
780	HWI-ST558:73:B01BVACXX:6:2205:16738:186452/2
781	HWI-ST558:73:B01BVACXX:6:2206:16340:8883/1
782	HWI-ST558:73:B01BVACXX:6:2206:16340:8883/2
783	HWI-ST558:73:B01BVACXX:6:2206:9316:19536/1
784	HWI-ST558:73:B01BVACXX:6:2206:9316:19536/2
785	HWI-ST558:73:B01BVACXX:6:2206:18795:35265/1
786	HWI-ST558:73:B01BVACXX:6:2206:18795:35265/2
787	HWI-ST558:73:B01BVACXX:6:2206:13570:40805/1
788	HWI-ST558:73:B01BVACXX:6:2206:13570:40805/2
789	HWI-ST558:73:B01BVACXX:6:2206:6909:92694/1
790	HWI-ST558:73:B01BVACXX:6:2206:6909:92694/2
791	HWI-ST558:73:B01BVACXX:6:2206:15872:115550/1
792	HWI-ST558:73:B01BVACXX:6:2206:15872:115550/2
793	HWI-ST558:73:B01BVACXX:6:2206:18122:130916/1
794	HWI-ST558:73:B01BVACXX:6:2206:18122:130916/2
795	HWI-ST558:73:B01BVACXX:6:2206:4978:141429/1
796	HWI-ST558:73:B01BVACXX:6:2206:4978:141429/2
797	HWI-ST558:73:B01BVACXX:6:2206:4363:143968/1
798	HWI-ST558:73:B01BVACXX:6:2206:4363:143968/2
799	HWI-ST558:73:B01BVACXX:6:2206:3965:173378/1
800	HWI-ST558:73:B01BVACXX:6:2206:3965:173378/2
801	HWI-ST558:73:B01BVACXX:6:2206:5565:173938/1
802	HWI-ST558:73:B01BVACXX:6:2206:5565:173938/2
803	HWI-ST558:73:B01BVACXX:6:2206:5136:179513/1
804	HWI-ST558:73:B01BVACXX:6:2206:5136:179513/2
805	HWI-ST558:73:B01BVACXX:6:2206:5991:184610/1
806	HWI-ST558:73:B01BVACXX:6:2206:5991:184610/2
807	HWI-ST558:73:B01BVACXX:6:2206:19440:192057/1
808	HWI-ST558:73:B01BVACXX:6:2206:19440:192057/2
809	HWI-ST558:73:B01BVACXX:6:2207:21203:14746/1
810	HWI-ST558:73:B01BVACXX:6:2207:21203:14746/2
811	HWI-ST558:73:B01BVACXX:6:2207:3404:46884/1
812	HWI-ST558:73:B01BVACXX:6:2207:3404:46884/2
813	HWI-ST558:73:B01BVACXX:6:2207:19234:55809/1
814	HWI-ST558:73:B01BVACXX:6:2207:19234:55809/2
815	HWI-ST558:73:B01BVACXX:6:2207:12223:61245/1
816	HWI-ST558:73:B01BVACXX:6:2207:12223:61245/2
817	HWI-ST558:73:B01BVACXX:6:2207:1202:79686/1
818	HWI-ST558:73:B01BVACXX:6:2207:1202:79686/2
819	HWI-ST558:73:B01BVACXX:6:2207:12215:94193/1
820	HWI-ST558:73:B01BVACXX:6:2207:12215:94193/2
821	HWI-ST558:73:B01BVACXX:6:2207:15095:111514/1
822	HWI-ST558:73:B01BVACXX:6:2207:15095:111514/2
823	HWI-ST558:73:B01BVACXX:6:2207:12774:126690/1
824	HWI-ST558:73:B01BVACXX:6:2207:12774:126690/2
825	HWI-ST558:73:B01BVACXX:6:2207:16564:138118/1
826	HWI-ST558:73:B01BVACXX:6:2207:16564:138118/2
827	HWI-ST558:73:B01BVACXX:6:2207:7033:155223/1
828	HWI-ST558:73:B01BVACXX:6:2207:7033:155223/2
829	HWI-ST558:73:B01BVACXX:6:2207:2901:189741/1
830	HWI-ST558:73:B01BVACXX:6:2207:2901:189741/2
831	HWI-ST558:73:B01BVACXX:6:2301:5930:9325/1
832	HWI-ST558:73:B01BVACXX:6:2301:5930:9325/2
833	HWI-ST558:73:B01BVACXX:6:2301:7130:19983/1
834	HWI-ST558:73:B01BVACXX:6:2301:7130:19983/2
835	HWI-ST558:73:B01BVACXX:6:2301:1563:28710/1
836	HWI-ST558:73:B01BVACXX:6:2301:1563:28710/2
837	HWI-ST558:73:B01BVACXX:6:2301:4791:34654/1
838	HWI-ST558:73:B01BVACXX:6:2301:4791:34654/2
839	HWI-ST558:73:B01BVACXX:6:2301:3232:41248/1
840	HWI-ST558:73:B01BVACXX:6:2301:3232:41248/2
841	HWI-ST558:73:B01BVACXX:6:2301:13845:50656/1
842	HWI-ST558:73:B01BVACXX:6:2301:13845:50656/2
843	HWI-ST558:73:B01BVACXX:6:2301:12682:68132/1
844	HWI-ST558:73:B01BVACXX:6:2301:12682:68132/2
845	HWI-ST558:73:B01BVACXX:6:2301:7332:107099/1
846	HWI-ST558:73:B01BVACXX:6:2301:7332:107099/2
847	HWI-ST558:73:B01BVACXX:6:2301:12637:160969/1
848	HWI-ST558:73:B01BVACXX:6:2301:12637:160969/2
849	HWI-ST558:73:B01BVACXX:6:2301:17475:162568/1
850	HWI-ST558:73:B01BVACXX:6:2301:17475:162568/2
851	HWI-ST558:73:B01BVACXX:6:2301:19017:170331/1
852	HWI-ST558:73:B01BVACXX:6:2301:19017:170331/2
853	HWI-ST558:73:B01BVACXX:6:2301:16000:172410/1
854	HWI-ST558:73:B01BVACXX:6:2301:16000:172410/2
855	HWI-ST558:73:B01BVACXX:6:2301:3652:197337/1
856	HWI-ST558:73:B01BVACXX:6:2301:3652:197337/2
857	HWI-ST558:73:B01BVACXX:6:2302:10417:4840/1
858	HWI-ST558:73:B01BVACXX:6:2302:10417:4840/2
859	HWI-ST558:73:B01BVACXX:6:2302:9087:43794/1
860	HWI-ST558:73:B01BVACXX:6:2302:9087:43794/2
861	HWI-ST558:73:B01BVACXX:6:2302:6017:73634/1
862	HWI-ST558:73:B01BVACXX:6:2302:6017:73634/2
863	HWI-ST558:73:B01BVACXX:6:2302:9333:81386/1
864	HWI-ST558:73:B01BVACXX:6:2302:9333:81386/2
865	HWI-ST558:73:B01BVACXX:6:2302:5266:103522/1
866	HWI-ST558:73:B01BVACXX:6:2302:5266:103522/2
867	HWI-ST558:73:B01BVACXX:6:2302:3605:117589/1
868	HWI-ST558:73:B01BVACXX:6:2302:3605:117589/2
869	HWI-ST558:73:B01BVACXX:6:2302:7936:175809/1
870	HWI-ST558:73:B01BVACXX:6:2302:7936:175809/2
871	HWI-ST558:73:B01BVACXX:6:2302:16356:196529/1
872	HWI-ST558:73:B01BVACXX:6:2302:16356:196529/2
873	HWI-ST558:73:B01BVACXX:6:2303:5270:35705/1
874	HWI-ST558:73:B01BVACXX:6:2303:5270:35705/2
875	HWI-ST558:73:B01BVACXX:6:2303:5734:42427/1
876	HWI-ST558:73:B01BVACXX:6:2303:5734:42427/2
877	HWI-ST558:73:B01BVACXX:6:2303:7117:68545/1
878	HWI-ST558:73:B01BVACXX:6:2303:7117:68545/2
879	HWI-ST558:73:B01BVACXX:6:2303:4317:75988/1
880	HWI-ST558:73:B01BVACXX:6:2303:4317:75988/2
881	HWI-ST558:73:B01BVACXX:6:2303:4400:130721/1
882	HWI-ST558:73:B01BVACXX:6:2303:4400:130721/2
883	HWI-ST558:73:B01BVACXX:6:2303:17707:148958/1
884	HWI-ST558:73:B01BVACXX:6:2303:17707:148958/2
885	HWI-ST558:73:B01BVACXX:6:2303:11827:163165/1
886	HWI-ST558:73:B01BVACXX:6:2303:11827:163165/2
887	HWI-ST558:73:B01BVACXX:6:2303:19189:170912/1
888	HWI-ST558:73:B01BVACXX:6:2303:19189:170912/2
889	HWI-ST558:73:B01BVACXX:6:2304:16030:32993/1
890	HWI-ST558:73:B01BVACXX:6:2304:16030:32993/2
891	HWI-ST558:73:B01BVACXX:6:2304:6817:48353/1
892	HWI-ST558:73:B01BVACXX:6:2304:6817:48353/2
893	HWI-ST558:73:B01BVACXX:6:2304:16594:72177/1
894	HWI-ST558:73:B01BVACXX:6:2304:16594:72177/2
895	HWI-ST558:73:B01BVACXX:6:2304:15134:76233/1
896	HWI-ST558:73:B01BVACXX:6:2304:15134:76233/2
897	HWI-ST558:73:B01BVACXX:6:2304:11984:89891/1
898	HWI-ST558:73:B01BVACXX:6:2304:11984:89891/2
899	HWI-ST558:73:B01BVACXX:6:2304:19957:103560/1
900	HWI-ST558:73:B01BVACXX:6:2304:19957:103560/2
901	HWI-ST558:73:B01BVACXX:6:2304:12529:114031/1
902	HWI-ST558:73:B01BVACXX:6:2304:12529:114031/2
903	HWI-ST558:73:B01BVACXX:6:2304:17200:134749/1
904	HWI-ST558:73:B01BVACXX:6:2304:17200:134749/2
905	HWI-ST558:73:B01BVACXX:6:2304:17003:135168/1
906	HWI-ST558:73:B01BVACXX:6:2304:17003:135168/2
907	HWI-ST558:73:B01BVACXX:6:2304:10850:139961/1
908	HWI-ST558:73:B01BVACXX:6:2304:10850:139961/2
909	HWI-ST558:73:B01BVACXX:6:2304:5519:142380/1
910	HWI-ST558:73:B01BVACXX:6:2304:5519:142380/2
911	HWI-ST558:73:B01BVACXX:6:2304:14991:155629/1
912	HWI-ST558:73:B01BVACXX:6:2304:14991:155629/2
913	HWI-ST558:73:B01BVACXX:6:2304:18207:158799/1
914	HWI-ST558:73:B01BVACXX:6:2304:18207:158799/2
915	HWI-ST558:73:B01BVACXX:6:2304:8806:168603/1
916	HWI-ST558:73:B01BVACXX:6:2304:8806:168603/2
917	HWI-ST558:73:B01BVACXX:6:2304:16052:169044/1
918	HWI-ST558:73:B01BVACXX:6:2304:16052:169044/2
919	HWI-ST558:73:B01BVACXX:6:2304:20155:182282/1
920	HWI-ST558:73:B01BVACXX:6:2304:20155:182282/2
921	HWI-ST558:73:B01BVACXX:6:2305:2891:14133/1
922	HWI-ST558:73:B01BVACXX:6:2305:2891:14133/2
923	HWI-ST558:73:B01BVACXX:6:2305:12320:15357/1
924	HWI-ST558:73:B01BVACXX:6:2305:12320:15357/2
925	HWI-ST558:73:B01BVACXX:6:2305:16940:26524/1
926	HWI-ST558:73:B01BVACXX:6:2305:16940:26524/2
927	HWI-ST558:73:B01BVACXX:6:2305:7457:77467/1
928	HWI-ST558:73:B01BVACXX:6:2305:7457:77467/2
929	HWI-ST558:73:B01BVACXX:6:2305:4439:79335/1
930	HWI-ST558:73:B01BVACXX:6:2305:4439:79335/2
931	HWI-ST558:73:B01BVACXX:6:2305:2409:88702/1
932	HWI-ST558:73:B01BVACXX:6:2305:2409:88702/2
933	HWI-ST558:73:B01BVACXX:6:2305:21206:90651/1
934	HWI-ST558:73:B01BVACXX:6:2305:21206:90651/2
935	HWI-ST558:73:B01BVACXX:6:2305:6991:123712/1
936	HWI-ST558:73:B01BVACXX:6:2305:6991:123712/2
937	HWI-ST558:73:B01BVACXX:6:2305:16341:128656/1
938	HWI-ST558:73:B01BVACXX:6:2305:16341:128656/2
939	HWI-ST558:73:B01BVACXX:6:2305:9414:134111/1
940	HWI-ST558:73:B01BVACXX:6:2305:9414:134111/2
941	HWI-ST558:73:B01BVACXX:6:2305:14185:150345/1
942	HWI-ST558:73:B01BVACXX:6:2305:14185:150345/2
943	HWI-ST558:73:B01BVACXX:6:2305:6893:162158/1
944	HWI-ST558:73:B01BVACXX:6:2305:6893:162158/2
945	HWI-ST558:73:B01BVACXX:6:2305:13436:188540/1
946	HWI-ST558:73:B01BVACXX:6:2305:13436:188540/2
947	HWI-ST558:73:B01BVACXX:6:2306:2158:17535/1
948	HWI-ST558:73:B01BVACXX:6:2306:2158:17535/2
949	HWI-ST558:73:B01BVACXX:6:2306:18847:33099/1
950	HWI-ST558:73:B01BVACXX:6:2306:18847:33099/2
951	HWI-ST558:73:B01BVACXX:6:2306:8164:48183/1
952	HWI-ST558:73:B01BVACXX:6:2306:8164:48183/2
953	HWI-ST558:73:B01BVACXX:6:2306:3201:53972/1
954	HWI-ST558:73:B01BVACXX:6:2306:3201:53972/2
955	HWI-ST558:73:B01BVACXX:6:2306:7603:104487/1
956	HWI-ST558:73:B01BVACXX:6:2306:7603:104487/2
957	HWI-ST558:73:B01BVACXX:6:2306:10722:129656/1
958	HWI-ST558:73:B01BVACXX:6:2306:10722:129656/2
959	HWI-ST558:73:B01BVACXX:6:2306:6751:172414/1
960	HWI-ST558:73:B01BVACXX:6:2306:6751:172414/2
961	HWI-ST558:73:B01BVACXX:6:2306:9890:177126/1
962	HWI-ST558:73:B01BVACXX:6:2306:9890:177126/2
963	HWI-ST558:73:B01BVACXX:6:2306:9073:177556/1
964	HWI-ST558:73:B01BVACXX:6:2306:9073:177556/2
965	HWI-ST558:73:B01BVACXX:6:2306:10064:184744/1
966	HWI-ST558:73:B01BVACXX:6:2306:10064:184744/2
967	HWI-ST558:73:B01BVACXX:6:2307:4913:31095/1
968	HWI-ST558:73:B01BVACXX:6:2307:4913:31095/2
969	HWI-ST558:73:B01BVACXX:6:2307:12560:43374/1
970	HWI-ST558:73:B01BVACXX:6:2307:12560:43374/2
971	HWI-ST558:73:B01BVACXX:6:2307:18424:79066/1
972	HWI-ST558:73:B01BVACXX:6:2307:18424:79066/2
973	HWI-ST558:73:B01BVACXX:6:2307:19086:79722/1
974	HWI-ST558:73:B01BVACXX:6:2307:19086:79722/2
975	HWI-ST558:73:B01BVACXX:6:2307:10059:86990/1
976	HWI-ST558:73:B01BVACXX:6:2307:10059:86990/2
977	HWI-ST558:73:B01BVACXX:6:2307:10399:86816/1
978	HWI-ST558:73:B01BVACXX:6:2307:10399:86816/2
979	HWI-ST558:73:B01BVACXX:6:2307:8475:101222/1
980	HWI-ST558:73:B01BVACXX:6:2307:8475:101222/2
981	HWI-ST558:73:B01BVACXX:6:2307:5622:104496/1
982	HWI-ST558:73:B01BVACXX:6:2307:5622:104496/2
983	HWI-ST558:73:B01BVACXX:6:2307:8434:136463/1
984	HWI-ST558:73:B01BVACXX:6:2307:8434:136463/2
985	HWI-ST558:73:B01BVACXX:6:2307:18064:148244/1
986	HWI-ST558:73:B01BVACXX:6:2307:18064:148244/2
987	HWI-ST558:73:B01BVACXX:6:2307:10717:176508/1
988	HWI-ST558:73:B01BVACXX:6:2307:10717:176508/2
989	HWI-ST558:73:B01BVACXX:6:2308:8784:15041/1
990	HWI-ST558:73:B01BVACXX:6:2308:8784:15041/2
991	HWI-ST558:73:B01BVACXX:6:2308:20601:53137/1
992	HWI-ST558:73:B01BVACXX:6:2308:20601:53137/2
993	HWI-ST558:73:B01BVACXX:6:2308:14095:124010/1
994	HWI-ST558:73:B01BVACXX:6:2308:14095:124010/2
995	HWI-ST558:73:B01BVACXX:6:2308:11831:146059/1
996	HWI-ST558:73:B01BVACXX:6:2308:11831:146059/2
997	NC_010976.1|Gyrodactylus_derjavinoides_bb_bb
