
MITObim - mitochondrial baiting and iterative mapping
version 1.8
author: Christoph Hahn, (c) 2012-2016

quick option selected! -maf option will be ignored (if given)

Full command run:
/home/478358/src/MITObim/MITObim/MITObim_1.8.pl -end 100 --quick /home/478358/WORKING/GYRO/mt-genomes/3-mt-genomes/references/G.derjavinoides.mt.fasta -readpool teu3-reads.fastq -ref Gyrodactylus_derjavinoides -sample teu3 --clean --missmatch 1

All paramters seem to make sense:
startiteration: 0
enditeration: 100
sample: teu3
refname: Gyrodactylus_derjavinoides
readpool: /home/478358/WORKING/GYRO/mt-genomes/3-mt-genomes/multi-pe/teu3/Gyrodactylus_derjavinoides/1-pass-all/teu3-reads.fastq
maf: 0
quick: /home/478358/WORKING/GYRO/mt-genomes/3-mt-genomes/references/G.derjavinoides.mt.fasta
paired: 0 (off=0, on=1)
assembly mode: 0 (mapping=0, denovo=1)
verbose: 0 (off=0, on=1)
split: 0 (off=0, on=1)
minimum avg. coverage: 0 (off=0)
clean: 1 (off=0, on=1)
trim reads: 0 (off=0, on=1)
trim overhang: 0 (no=0, yes=1)
platform: solexa
kmer baiting: 31
number of missmatches in mapping assembly: 1
proofreading: off

Starting MITObim 

==============
 ITERATION 0
==============
Nov  4 11:53:46


quick option baits reads from provided reference in iteration 0

fishing readpool using mirabait (k = 31)


running mapping assembly using MIRA

readpool contains 14869 reads
assembly contains 1 contig(s)
contig length: 14798

==============
 ITERATION 1
==============
Nov  4 11:56:27


recover backbone by running miraconvert on maf file


fishing readpool using mirabait (k = 31)


running mapping assembly using MIRA

readpool contains 31624 reads
assembly contains 1 contig(s)
contig length: 14814

==============
 ITERATION 2
==============
Nov  4 11:59:15


recover backbone by running miraconvert on maf file


fishing readpool using mirabait (k = 31)


running mapping assembly using MIRA

readpool contains 41616 reads
assembly contains 1 contig(s)
contig length: 14823

now removing directory iteration0

==============
 ITERATION 3
==============
Nov  4 12:02:09


recover backbone by running miraconvert on maf file


fishing readpool using mirabait (k = 31)


running mapping assembly using MIRA

readpool contains 48281 reads
assembly contains 1 contig(s)
contig length: 14826

now removing directory iteration1

==============
 ITERATION 4
==============
Nov  4 12:05:04


recover backbone by running miraconvert on maf file


fishing readpool using mirabait (k = 31)


running mapping assembly using MIRA

readpool contains 53850 reads
assembly contains 1 contig(s)
contig length: 14827

now removing directory iteration2

==============
 ITERATION 5
==============
Nov  4 12:07:57


recover backbone by running miraconvert on maf file


fishing readpool using mirabait (k = 31)


running mapping assembly using MIRA

readpool contains 57906 reads
assembly contains 1 contig(s)
contig length: 14827

now removing directory iteration3

==============
 ITERATION 6
==============
Nov  4 12:10:50


recover backbone by running miraconvert on maf file


fishing readpool using mirabait (k = 31)


running mapping assembly using MIRA

readpool contains 60695 reads
assembly contains 1 contig(s)
contig length: 14830

now removing directory iteration4

==============
 ITERATION 7
==============
Nov  4 12:13:40


recover backbone by running miraconvert on maf file


fishing readpool using mirabait (k = 31)


running mapping assembly using MIRA

readpool contains 62861 reads
assembly contains 1 contig(s)
contig length: 14831

now removing directory iteration5

==============
 ITERATION 8
==============
Nov  4 12:16:28


recover backbone by running miraconvert on maf file


fishing readpool using mirabait (k = 31)


running mapping assembly using MIRA

readpool contains 64972 reads
assembly contains 1 contig(s)
contig length: 14834

now removing directory iteration6

==============
 ITERATION 9
==============
Nov  4 12:19:17


recover backbone by running miraconvert on maf file


fishing readpool using mirabait (k = 31)


running mapping assembly using MIRA

readpool contains 67252 reads
assembly contains 1 contig(s)
contig length: 14833

now removing directory iteration7

==============
 ITERATION 10
==============
Nov  4 12:22:07


recover backbone by running miraconvert on maf file


fishing readpool using mirabait (k = 31)


running mapping assembly using MIRA

readpool contains 70688 reads
assembly contains 1 contig(s)
contig length: 14831

now removing directory iteration8

==============
 ITERATION 11
==============
Nov  4 12:24:59


recover backbone by running miraconvert on maf file


fishing readpool using mirabait (k = 31)


running mapping assembly using MIRA

readpool contains 74637 reads
assembly contains 1 contig(s)
contig length: 14824

now removing directory iteration9

==============
 ITERATION 12
==============
Nov  4 12:27:52


recover backbone by running miraconvert on maf file


fishing readpool using mirabait (k = 31)


running mapping assembly using MIRA

readpool contains 77855 reads
assembly contains 1 contig(s)
contig length: 14822

now removing directory iteration10

==============
 ITERATION 13
==============
Nov  4 12:30:52


recover backbone by running miraconvert on maf file


fishing readpool using mirabait (k = 31)


running mapping assembly using MIRA

readpool contains 80355 reads
assembly contains 1 contig(s)
contig length: 14823

now removing directory iteration11

==============
 ITERATION 14
==============
Nov  4 12:33:48


recover backbone by running miraconvert on maf file


fishing readpool using mirabait (k = 31)


running mapping assembly using MIRA

readpool contains 82677 reads
assembly contains 1 contig(s)
contig length: 14827

now removing directory iteration12

==============
 ITERATION 15
==============
Nov  4 12:36:46


recover backbone by running miraconvert on maf file


fishing readpool using mirabait (k = 31)


running mapping assembly using MIRA

readpool contains 86487 reads
assembly contains 1 contig(s)
contig length: 14832

now removing directory iteration13

==============
 ITERATION 16
==============
Nov  4 12:39:44


recover backbone by running miraconvert on maf file


fishing readpool using mirabait (k = 31)


running mapping assembly using MIRA

readpool contains 89222 reads
assembly contains 1 contig(s)
contig length: 14836

now removing directory iteration14

==============
 ITERATION 17
==============
Nov  4 12:42:44


recover backbone by running miraconvert on maf file


fishing readpool using mirabait (k = 31)


running mapping assembly using MIRA

readpool contains 91726 reads
assembly contains 1 contig(s)
contig length: 14836

now removing directory iteration15

==============
 ITERATION 18
==============
Nov  4 12:45:49


recover backbone by running miraconvert on maf file


fishing readpool using mirabait (k = 31)


running mapping assembly using MIRA

readpool contains 95196 reads
assembly contains 1 contig(s)
contig length: 14837

now removing directory iteration16

==============
 ITERATION 19
==============
Nov  4 12:48:58


recover backbone by running miraconvert on maf file


fishing readpool using mirabait (k = 31)


running mapping assembly using MIRA

readpool contains 98211 reads
assembly contains 1 contig(s)
contig length: 14836

now removing directory iteration17

==============
 ITERATION 20
==============
Nov  4 12:52:08


recover backbone by running miraconvert on maf file


fishing readpool using mirabait (k = 31)


running mapping assembly using MIRA

readpool contains 101220 reads
assembly contains 1 contig(s)
contig length: 14834

now removing directory iteration18

==============
 ITERATION 21
==============
Nov  4 12:55:22


recover backbone by running miraconvert on maf file


fishing readpool using mirabait (k = 31)


running mapping assembly using MIRA

readpool contains 104707 reads
assembly contains 1 contig(s)
contig length: 14836

now removing directory iteration19

==============
 ITERATION 22
==============
Nov  4 12:58:37


recover backbone by running miraconvert on maf file


fishing readpool using mirabait (k = 31)


running mapping assembly using MIRA

readpool contains 107594 reads
assembly contains 1 contig(s)
contig length: 14834

now removing directory iteration20

==============
 ITERATION 23
==============
Nov  4 13:01:47


recover backbone by running miraconvert on maf file


fishing readpool using mirabait (k = 31)


running mapping assembly using MIRA

readpool contains 111129 reads
assembly contains 1 contig(s)
contig length: 14832

now removing directory iteration21

==============
 ITERATION 24
==============
Nov  4 13:05:02


recover backbone by running miraconvert on maf file


fishing readpool using mirabait (k = 31)


running mapping assembly using MIRA

readpool contains 113546 reads
assembly contains 1 contig(s)
contig length: 14832

now removing directory iteration22

==============
 ITERATION 25
==============
Nov  4 13:08:20


recover backbone by running miraconvert on maf file


fishing readpool using mirabait (k = 31)


running mapping assembly using MIRA

readpool contains 116255 reads
assembly contains 1 contig(s)
contig length: 14830

now removing directory iteration23

==============
 ITERATION 26
==============
Nov  4 13:11:37


recover backbone by running miraconvert on maf file


fishing readpool using mirabait (k = 31)


running mapping assembly using MIRA

readpool contains 117364 reads
assembly contains 1 contig(s)
contig length: 14828

now removing directory iteration24

==============
 ITERATION 27
==============
Nov  4 13:14:55


recover backbone by running miraconvert on maf file


fishing readpool using mirabait (k = 31)


running mapping assembly using MIRA

readpool contains 118880 reads
assembly contains 1 contig(s)
contig length: 14833

now removing directory iteration25

==============
 ITERATION 28
==============
Nov  4 13:18:17


recover backbone by running miraconvert on maf file


fishing readpool using mirabait (k = 31)


running mapping assembly using MIRA

readpool contains 119710 reads
assembly contains 1 contig(s)
contig length: 14833

now removing directory iteration26

==============
 ITERATION 29
==============
Nov  4 13:21:40


recover backbone by running miraconvert on maf file


fishing readpool using mirabait (k = 31)


running mapping assembly using MIRA

readpool contains 122340 reads
assembly contains 1 contig(s)
contig length: 14834

now removing directory iteration27

==============
 ITERATION 30
==============
Nov  4 13:25:03


recover backbone by running miraconvert on maf file


fishing readpool using mirabait (k = 31)


running mapping assembly using MIRA

readpool contains 123447 reads
assembly contains 1 contig(s)
contig length: 14834

now removing directory iteration28

==============
 ITERATION 31
==============
Nov  4 13:28:25


recover backbone by running miraconvert on maf file


fishing readpool using mirabait (k = 31)


running mapping assembly using MIRA

readpool contains 123997 reads
assembly contains 1 contig(s)
contig length: 14833

now removing directory iteration29

==============
 ITERATION 32
==============
Nov  4 13:31:44


recover backbone by running miraconvert on maf file


fishing readpool using mirabait (k = 31)


running mapping assembly using MIRA

readpool contains 124592 reads
assembly contains 1 contig(s)
contig length: 14834

now removing directory iteration30

==============
 ITERATION 33
==============
Nov  4 13:35:02


recover backbone by running miraconvert on maf file


fishing readpool using mirabait (k = 31)


running mapping assembly using MIRA

readpool contains 125202 reads
assembly contains 1 contig(s)
contig length: 14834

now removing directory iteration31

==============
 ITERATION 34
==============
Nov  4 13:38:19


recover backbone by running miraconvert on maf file


fishing readpool using mirabait (k = 31)


running mapping assembly using MIRA

readpool contains 126193 reads
assembly contains 1 contig(s)
contig length: 14834

now removing directory iteration32

==============
 ITERATION 35
==============
Nov  4 13:41:35


recover backbone by running miraconvert on maf file


fishing readpool using mirabait (k = 31)


running mapping assembly using MIRA

readpool contains 126920 reads
assembly contains 1 contig(s)
contig length: 14834

now removing directory iteration33

==============
 ITERATION 36
==============
Nov  4 13:44:50


recover backbone by running miraconvert on maf file


fishing readpool using mirabait (k = 31)


running mapping assembly using MIRA

readpool contains 127734 reads
assembly contains 1 contig(s)
contig length: 14834

now removing directory iteration34

==============
 ITERATION 37
==============
Nov  4 13:48:07


recover backbone by running miraconvert on maf file


fishing readpool using mirabait (k = 31)


running mapping assembly using MIRA

readpool contains 128343 reads
assembly contains 1 contig(s)
contig length: 14834

now removing directory iteration35

==============
 ITERATION 38
==============
Nov  4 13:51:26


recover backbone by running miraconvert on maf file


fishing readpool using mirabait (k = 31)


running mapping assembly using MIRA

readpool contains 128388 reads
assembly contains 1 contig(s)
contig length: 14834

now removing directory iteration36

==============
 ITERATION 39
==============
Nov  4 13:54:45


recover backbone by running miraconvert on maf file


fishing readpool using mirabait (k = 31)


running mapping assembly using MIRA

readpool contains 128543 reads
assembly contains 1 contig(s)
contig length: 14835

now removing directory iteration37

==============
 ITERATION 40
==============
Nov  4 13:57:59


recover backbone by running miraconvert on maf file


fishing readpool using mirabait (k = 31)


running mapping assembly using MIRA

readpool contains 128626 reads
assembly contains 1 contig(s)
contig length: 14833

now removing directory iteration38

==============
 ITERATION 41
==============
Nov  4 14:01:15


recover backbone by running miraconvert on maf file


fishing readpool using mirabait (k = 31)


running mapping assembly using MIRA

readpool contains 128910 reads
assembly contains 1 contig(s)
contig length: 14832

now removing directory iteration39

==============
 ITERATION 42
==============
Nov  4 14:04:30


recover backbone by running miraconvert on maf file


fishing readpool using mirabait (k = 31)


running mapping assembly using MIRA

readpool contains 129446 reads
assembly contains 1 contig(s)
contig length: 14835

now removing directory iteration40

==============
 ITERATION 43
==============
Nov  4 14:07:45


recover backbone by running miraconvert on maf file


fishing readpool using mirabait (k = 31)


running mapping assembly using MIRA

readpool contains 129694 reads
assembly contains 1 contig(s)
contig length: 14836

now removing directory iteration41

==============
 ITERATION 44
==============
Nov  4 14:11:00


recover backbone by running miraconvert on maf file


fishing readpool using mirabait (k = 31)


running mapping assembly using MIRA

readpool contains 129748 reads
assembly contains 1 contig(s)
contig length: 14836

now removing directory iteration42

==============
 ITERATION 45
==============
Nov  4 14:14:23


recover backbone by running miraconvert on maf file


fishing readpool using mirabait (k = 31)


running mapping assembly using MIRA

readpool contains 129864 reads
assembly contains 1 contig(s)
contig length: 14836

now removing directory iteration43

==============
 ITERATION 46
==============
Nov  4 14:17:39


recover backbone by running miraconvert on maf file


fishing readpool using mirabait (k = 31)


running mapping assembly using MIRA

readpool contains 129935 reads
assembly contains 1 contig(s)
contig length: 14837

now removing directory iteration44

==============
 ITERATION 47
==============
Nov  4 14:20:55


recover backbone by running miraconvert on maf file


fishing readpool using mirabait (k = 31)


running mapping assembly using MIRA

readpool contains 130162 reads
assembly contains 1 contig(s)
contig length: 14836

now removing directory iteration45

==============
 ITERATION 48
==============
Nov  4 14:24:13


recover backbone by running miraconvert on maf file


fishing readpool using mirabait (k = 31)


running mapping assembly using MIRA

readpool contains 130237 reads
assembly contains 1 contig(s)
contig length: 14834

now removing directory iteration46

==============
 ITERATION 49
==============
Nov  4 14:27:30


recover backbone by running miraconvert on maf file


fishing readpool using mirabait (k = 31)


running mapping assembly using MIRA

readpool contains 130323 reads
assembly contains 1 contig(s)
contig length: 14834

now removing directory iteration47

==============
 ITERATION 50
==============
Nov  4 14:30:46


recover backbone by running miraconvert on maf file


fishing readpool using mirabait (k = 31)


running mapping assembly using MIRA

readpool contains 130322 reads
assembly contains 1 contig(s)
contig length: 14834

now removing directory iteration48

MITObim has reached a stationary read number after 50 iterations!!

if you found MITObim useful, please cite:
Hahn C, Bachmann L and Chevreux B. (2013) Reconstructing mitochondrial genomes directly from genomic next-generation sequencing reads -
a baiting and iterative mapping approach. Nucl. Acids Res. 41(13):e129. doi: 10.1093/nar/gkt371

Nov  4 14:34:03

removed ‘teu3-reads.fastq’
