
MITObim - mitochondrial baiting and iterative mapping
version 1.8
author: Christoph Hahn, (c) 2012-2016

quick option selected! -maf option will be ignored (if given)

Full command run:
/home/478358/src/MITObim/MITObim/MITObim_1.8.pl -end 100 --quick /home/478358/WORKING/GYRO/mt-genomes/3-mt-genomes/clean/teu2/seed_salaris/teu2.circular.14789.renamed.fasta -readpool mix-reads.fastq -ref Gyrodactylus_teuchis -sample mix --clean --missmatch 1

All paramters seem to make sense:
startiteration: 0
enditeration: 100
sample: mix
refname: Gyrodactylus_teuchis
readpool: /home/478358/WORKING/GYRO/mt-genomes/3-mt-genomes/multi-pe/mix/Gyrodactylus_teuchis/2-pass-pe/mix-reads.fastq
maf: 0
quick: /home/478358/WORKING/GYRO/mt-genomes/3-mt-genomes/clean/teu2/seed_salaris/teu2.circular.14789.renamed.fasta
paired: 0 (off=0, on=1)
assembly mode: 0 (mapping=0, denovo=1)
verbose: 0 (off=0, on=1)
split: 0 (off=0, on=1)
minimum avg. coverage: 0 (off=0)
clean: 1 (off=0, on=1)
trim reads: 0 (off=0, on=1)
trim overhang: 0 (no=0, yes=1)
platform: solexa
kmer baiting: 31
number of missmatches in mapping assembly: 1
proofreading: off

Starting MITObim 

==============
 ITERATION 0
==============
Nov  4 12:05:07


quick option baits reads from provided reference in iteration 0

fishing readpool using mirabait (k = 31)


running mapping assembly using MIRA

readpool contains 32336 reads
assembly contains 1 contig(s)
contig length: 14809

==============
 ITERATION 1
==============
Nov  4 12:05:25


recover backbone by running miraconvert on maf file


fishing readpool using mirabait (k = 31)


running mapping assembly using MIRA

readpool contains 41796 reads
assembly contains 1 contig(s)
contig length: 14885

==============
 ITERATION 2
==============
Nov  4 12:05:46


recover backbone by running miraconvert on maf file


fishing readpool using mirabait (k = 31)


running mapping assembly using MIRA

readpool contains 44365 reads
assembly contains 1 contig(s)
contig length: 14951

now removing directory iteration0

==============
 ITERATION 3
==============
Nov  4 12:06:06


recover backbone by running miraconvert on maf file


fishing readpool using mirabait (k = 31)


running mapping assembly using MIRA

readpool contains 44652 reads
assembly contains 1 contig(s)
contig length: 14985

now removing directory iteration1

==============
 ITERATION 4
==============
Nov  4 12:06:27


recover backbone by running miraconvert on maf file


fishing readpool using mirabait (k = 31)


running mapping assembly using MIRA

readpool contains 44794 reads
assembly contains 1 contig(s)
contig length: 15018

now removing directory iteration2

==============
 ITERATION 5
==============
Nov  4 12:06:49


recover backbone by running miraconvert on maf file


fishing readpool using mirabait (k = 31)


running mapping assembly using MIRA

readpool contains 44651 reads
assembly contains 1 contig(s)
contig length: 15031

now removing directory iteration3

MITObim has reached a stationary read number after 5 iterations!!

if you found MITObim useful, please cite:
Hahn C, Bachmann L and Chevreux B. (2013) Reconstructing mitochondrial genomes directly from genomic next-generation sequencing reads -
a baiting and iterative mapping approach. Nucl. Acids Res. 41(13):e129. doi: 10.1093/nar/gkt371

Nov  4 12:07:10

removed ‘mix-reads.fastq’
