0	rr_####943####
1	rr_####944####
2	rr_####945####
3	rr_####946####
4	rr_####947####
5	rr_####948####
6	rr_####949####
7	rr_####950####
8	rr_####951####
9	rr_####952####
10	rr_####953####
11	rr_####954####
12	rr_####955####
13	rr_####956####
14	rr_####957####
15	rr_####958####
16	rr_####959####
17	rr_####960####
18	rr_####961####
19	rr_####962####
20	rr_####963####
21	rr_####964####
22	rr_####965####
23	rr_####966####
24	rr_####967####
25	rr_####968####
26	rr_####969####
27	rr_####970####
28	rr_####971####
29	rr_####972####
30	rr_####973####
31	rr_####974####
32	rr_####975####
33	rr_####976####
34	rr_####977####
35	rr_####978####
36	rr_####979####
37	rr_####980####
38	rr_####981####
39	rr_####982####
40	rr_####983####
41	rr_####984####
42	rr_####985####
43	rr_####986####
44	rr_####987####
45	rr_####988####
46	rr_####989####
47	rr_####990####
48	rr_####991####
49	rr_####992####
50	rr_####993####
51	rr_####994####
52	rr_####995####
53	rr_####996####
54	rr_####997####
55	rr_####998####
56	rr_####999####
57	rr_####1000####
58	rr_####1001####
59	rr_####1002####
60	rr_####1003####
61	rr_####1004####
62	rr_####1005####
63	rr_####1006####
64	rr_####1007####
65	rr_####1008####
66	rr_####1009####
67	rr_####1010####
68	rr_####1011####
69	rr_####1012####
70	rr_####1013####
71	rr_####1014####
72	rr_####1015####
73	rr_####1016####
74	rr_####1017####
75	rr_####1018####
76	rr_####1019####
77	rr_####1020####
78	rr_####1021####
79	rr_####1022####
80	rr_####1023####
81	rr_####1024####
82	rr_####1025####
83	rr_####1026####
84	rr_####1027####
85	rr_####1028####
86	rr_####1029####
87	rr_####1030####
88	rr_####1031####
89	rr_####1032####
90	rr_####1033####
91	rr_####1034####
92	rr_####1035####
93	rr_####1036####
94	rr_####1037####
95	rr_####1038####
96	rr_####1039####
97	rr_####1040####
98	rr_####1041####
99	rr_####1042####
100	rr_####1043####
101	rr_####1044####
102	rr_####1045####
103	rr_####1046####
104	rr_####1047####
105	rr_####1048####
106	rr_####1049####
107	rr_####1050####
108	rr_####1051####
109	rr_####1052####
110	rr_####1053####
111	rr_####1054####
112	rr_####1055####
113	rr_####1056####
114	rr_####1057####
115	rr_####1058####
116	rr_####1059####
117	rr_####1060####
118	rr_####1061####
119	rr_####1062####
120	rr_####1063####
121	rr_####1064####
122	rr_####1065####
123	rr_####1066####
124	rr_####1067####
125	rr_####1068####
126	HWI-ST558:73:B01BVACXX:6:1101:17167:9581/1
127	HWI-ST558:73:B01BVACXX:6:1101:17167:9581/2
128	HWI-ST558:73:B01BVACXX:6:1101:10398:38187/1
129	HWI-ST558:73:B01BVACXX:6:1101:10398:38187/2
130	HWI-ST558:73:B01BVACXX:6:1101:18533:42669/1
131	HWI-ST558:73:B01BVACXX:6:1101:18533:42669/2
132	HWI-ST558:73:B01BVACXX:6:1101:2072:80896/1
133	HWI-ST558:73:B01BVACXX:6:1101:2072:80896/2
134	HWI-ST558:73:B01BVACXX:6:1101:19370:91108/1
135	HWI-ST558:73:B01BVACXX:6:1101:19370:91108/2
136	HWI-ST558:73:B01BVACXX:6:1101:21013:101029/1
137	HWI-ST558:73:B01BVACXX:6:1101:21013:101029/2
138	HWI-ST558:73:B01BVACXX:6:1101:14090:105487/1
139	HWI-ST558:73:B01BVACXX:6:1101:14090:105487/2
140	HWI-ST558:73:B01BVACXX:6:1101:17739:108990/1
141	HWI-ST558:73:B01BVACXX:6:1101:17739:108990/2
142	HWI-ST558:73:B01BVACXX:6:1101:16918:109596/1
143	HWI-ST558:73:B01BVACXX:6:1101:16918:109596/2
144	HWI-ST558:73:B01BVACXX:6:1101:2412:112942/1
145	HWI-ST558:73:B01BVACXX:6:1101:2412:112942/2
146	HWI-ST558:73:B01BVACXX:6:1101:14726:120512/1
147	HWI-ST558:73:B01BVACXX:6:1101:14726:120512/2
148	HWI-ST558:73:B01BVACXX:6:1102:11801:41195/1
149	HWI-ST558:73:B01BVACXX:6:1102:11801:41195/2
150	HWI-ST558:73:B01BVACXX:6:1102:4662:57023/1
151	HWI-ST558:73:B01BVACXX:6:1102:4662:57023/2
152	HWI-ST558:73:B01BVACXX:6:1102:4030:57639/1
153	HWI-ST558:73:B01BVACXX:6:1102:4030:57639/2
154	HWI-ST558:73:B01BVACXX:6:1102:7982:70426/1
155	HWI-ST558:73:B01BVACXX:6:1102:7982:70426/2
156	HWI-ST558:73:B01BVACXX:6:1102:2345:102471/1
157	HWI-ST558:73:B01BVACXX:6:1102:2345:102471/2
158	HWI-ST558:73:B01BVACXX:6:1102:5307:179212/1
159	HWI-ST558:73:B01BVACXX:6:1102:5307:179212/2
160	HWI-ST558:73:B01BVACXX:6:1102:13205:180565/1
161	HWI-ST558:73:B01BVACXX:6:1102:13205:180565/2
162	HWI-ST558:73:B01BVACXX:6:1103:7251:4593/1
163	HWI-ST558:73:B01BVACXX:6:1103:7251:4593/2
164	HWI-ST558:73:B01BVACXX:6:1103:15672:13789/1
165	HWI-ST558:73:B01BVACXX:6:1103:15672:13789/2
166	HWI-ST558:73:B01BVACXX:6:1103:19408:32773/1
167	HWI-ST558:73:B01BVACXX:6:1103:19408:32773/2
168	HWI-ST558:73:B01BVACXX:6:1103:4398:58731/1
169	HWI-ST558:73:B01BVACXX:6:1103:4398:58731/2
170	HWI-ST558:73:B01BVACXX:6:1103:5951:88085/1
171	HWI-ST558:73:B01BVACXX:6:1103:5951:88085/2
172	HWI-ST558:73:B01BVACXX:6:1103:17070:98201/1
173	HWI-ST558:73:B01BVACXX:6:1103:17070:98201/2
174	HWI-ST558:73:B01BVACXX:6:1103:14154:129856/1
175	HWI-ST558:73:B01BVACXX:6:1103:14154:129856/2
176	HWI-ST558:73:B01BVACXX:6:1103:6434:134863/1
177	HWI-ST558:73:B01BVACXX:6:1103:6434:134863/2
178	HWI-ST558:73:B01BVACXX:6:1103:20691:171935/1
179	HWI-ST558:73:B01BVACXX:6:1103:20691:171935/2
180	HWI-ST558:73:B01BVACXX:6:1103:10124:179909/1
181	HWI-ST558:73:B01BVACXX:6:1103:10124:179909/2
182	HWI-ST558:73:B01BVACXX:6:1103:20727:180267/1
183	HWI-ST558:73:B01BVACXX:6:1103:20727:180267/2
184	HWI-ST558:73:B01BVACXX:6:1104:3023:2798/1
185	HWI-ST558:73:B01BVACXX:6:1104:3023:2798/2
186	HWI-ST558:73:B01BVACXX:6:1104:14638:12360/1
187	HWI-ST558:73:B01BVACXX:6:1104:14638:12360/2
188	HWI-ST558:73:B01BVACXX:6:1104:14511:50641/1
189	HWI-ST558:73:B01BVACXX:6:1104:14511:50641/2
190	HWI-ST558:73:B01BVACXX:6:1104:7271:75282/1
191	HWI-ST558:73:B01BVACXX:6:1104:7271:75282/2
192	HWI-ST558:73:B01BVACXX:6:1104:10850:89924/1
193	HWI-ST558:73:B01BVACXX:6:1104:10850:89924/2
194	HWI-ST558:73:B01BVACXX:6:1104:18567:95453/1
195	HWI-ST558:73:B01BVACXX:6:1104:18567:95453/2
196	HWI-ST558:73:B01BVACXX:6:1104:18684:101179/1
197	HWI-ST558:73:B01BVACXX:6:1104:18684:101179/2
198	HWI-ST558:73:B01BVACXX:6:1104:15767:103056/1
199	HWI-ST558:73:B01BVACXX:6:1104:15767:103056/2
200	HWI-ST558:73:B01BVACXX:6:1104:4718:118786/1
201	HWI-ST558:73:B01BVACXX:6:1104:4718:118786/2
202	HWI-ST558:73:B01BVACXX:6:1104:5495:124039/1
203	HWI-ST558:73:B01BVACXX:6:1104:5495:124039/2
204	HWI-ST558:73:B01BVACXX:6:1104:14660:124093/1
205	HWI-ST558:73:B01BVACXX:6:1104:14660:124093/2
206	HWI-ST558:73:B01BVACXX:6:1104:1355:127673/1
207	HWI-ST558:73:B01BVACXX:6:1104:1355:127673/2
208	HWI-ST558:73:B01BVACXX:6:1104:20031:188232/1
209	HWI-ST558:73:B01BVACXX:6:1104:20031:188232/2
210	HWI-ST558:73:B01BVACXX:6:1104:7380:192841/1
211	HWI-ST558:73:B01BVACXX:6:1104:7380:192841/2
212	HWI-ST558:73:B01BVACXX:6:1104:18404:192910/1
213	HWI-ST558:73:B01BVACXX:6:1104:18404:192910/2
214	HWI-ST558:73:B01BVACXX:6:1105:9169:12747/1
215	HWI-ST558:73:B01BVACXX:6:1105:9169:12747/2
216	HWI-ST558:73:B01BVACXX:6:1105:14404:17572/1
217	HWI-ST558:73:B01BVACXX:6:1105:14404:17572/2
218	HWI-ST558:73:B01BVACXX:6:1105:17480:45199/1
219	HWI-ST558:73:B01BVACXX:6:1105:17480:45199/2
220	HWI-ST558:73:B01BVACXX:6:1105:16877:51744/1
221	HWI-ST558:73:B01BVACXX:6:1105:16877:51744/2
222	HWI-ST558:73:B01BVACXX:6:1105:10438:81347/1
223	HWI-ST558:73:B01BVACXX:6:1105:10438:81347/2
224	HWI-ST558:73:B01BVACXX:6:1105:9282:90983/1
225	HWI-ST558:73:B01BVACXX:6:1105:9282:90983/2
226	HWI-ST558:73:B01BVACXX:6:1105:19921:103901/1
227	HWI-ST558:73:B01BVACXX:6:1105:19921:103901/2
228	HWI-ST558:73:B01BVACXX:6:1105:15158:162549/1
229	HWI-ST558:73:B01BVACXX:6:1105:15158:162549/2
230	HWI-ST558:73:B01BVACXX:6:1105:21148:165435/1
231	HWI-ST558:73:B01BVACXX:6:1105:21148:165435/2
232	HWI-ST558:73:B01BVACXX:6:1105:19591:171388/1
233	HWI-ST558:73:B01BVACXX:6:1105:19591:171388/2
234	HWI-ST558:73:B01BVACXX:6:1106:4891:10681/1
235	HWI-ST558:73:B01BVACXX:6:1106:4891:10681/2
236	HWI-ST558:73:B01BVACXX:6:1106:6927:21165/1
237	HWI-ST558:73:B01BVACXX:6:1106:6927:21165/2
238	HWI-ST558:73:B01BVACXX:6:1106:20493:30854/1
239	HWI-ST558:73:B01BVACXX:6:1106:20493:30854/2
240	HWI-ST558:73:B01BVACXX:6:1106:4219:49500/1
241	HWI-ST558:73:B01BVACXX:6:1106:4219:49500/2
242	HWI-ST558:73:B01BVACXX:6:1106:8247:81196/1
243	HWI-ST558:73:B01BVACXX:6:1106:8247:81196/2
244	HWI-ST558:73:B01BVACXX:6:1106:20410:88693/1
245	HWI-ST558:73:B01BVACXX:6:1106:20410:88693/2
246	HWI-ST558:73:B01BVACXX:6:1106:16686:98735/1
247	HWI-ST558:73:B01BVACXX:6:1106:16686:98735/2
248	HWI-ST558:73:B01BVACXX:6:1106:14024:134751/1
249	HWI-ST558:73:B01BVACXX:6:1106:14024:134751/2
250	HWI-ST558:73:B01BVACXX:6:1106:17661:144470/1
251	HWI-ST558:73:B01BVACXX:6:1106:17661:144470/2
252	HWI-ST558:73:B01BVACXX:6:1106:10474:172939/1
253	HWI-ST558:73:B01BVACXX:6:1106:10474:172939/2
254	HWI-ST558:73:B01BVACXX:6:1106:4221:190647/1
255	HWI-ST558:73:B01BVACXX:6:1106:4221:190647/2
256	HWI-ST558:73:B01BVACXX:6:1107:16224:42269/1
257	HWI-ST558:73:B01BVACXX:6:1107:16224:42269/2
258	HWI-ST558:73:B01BVACXX:6:1107:8234:43597/1
259	HWI-ST558:73:B01BVACXX:6:1107:8234:43597/2
260	HWI-ST558:73:B01BVACXX:6:1107:20853:52551/1
261	HWI-ST558:73:B01BVACXX:6:1107:20853:52551/2
262	HWI-ST558:73:B01BVACXX:6:1107:1917:54580/1
263	HWI-ST558:73:B01BVACXX:6:1107:1917:54580/2
264	HWI-ST558:73:B01BVACXX:6:1107:10366:83646/1
265	HWI-ST558:73:B01BVACXX:6:1107:10366:83646/2
266	HWI-ST558:73:B01BVACXX:6:1107:15417:159244/1
267	HWI-ST558:73:B01BVACXX:6:1107:15417:159244/2
268	HWI-ST558:73:B01BVACXX:6:1107:8553:178766/1
269	HWI-ST558:73:B01BVACXX:6:1107:8553:178766/2
270	HWI-ST558:73:B01BVACXX:6:1107:4971:183326/1
271	HWI-ST558:73:B01BVACXX:6:1107:4971:183326/2
272	HWI-ST558:73:B01BVACXX:6:1108:10980:11917/1
273	HWI-ST558:73:B01BVACXX:6:1108:10980:11917/2
274	HWI-ST558:73:B01BVACXX:6:1108:13500:14631/1
275	HWI-ST558:73:B01BVACXX:6:1108:13500:14631/2
276	HWI-ST558:73:B01BVACXX:6:1108:18191:42854/1
277	HWI-ST558:73:B01BVACXX:6:1108:18191:42854/2
278	HWI-ST558:73:B01BVACXX:6:1108:20483:79237/1
279	HWI-ST558:73:B01BVACXX:6:1108:20483:79237/2
280	HWI-ST558:73:B01BVACXX:6:1108:15186:111463/1
281	HWI-ST558:73:B01BVACXX:6:1108:15186:111463/2
282	HWI-ST558:73:B01BVACXX:6:1108:6439:117308/1
283	HWI-ST558:73:B01BVACXX:6:1108:6439:117308/2
284	HWI-ST558:73:B01BVACXX:6:1108:18609:123001/1
285	HWI-ST558:73:B01BVACXX:6:1108:18609:123001/2
286	HWI-ST558:73:B01BVACXX:6:1201:3324:11342/1
287	HWI-ST558:73:B01BVACXX:6:1201:3324:11342/2
288	HWI-ST558:73:B01BVACXX:6:1201:7744:11420/1
289	HWI-ST558:73:B01BVACXX:6:1201:7744:11420/2
290	HWI-ST558:73:B01BVACXX:6:1201:17120:19664/1
291	HWI-ST558:73:B01BVACXX:6:1201:17120:19664/2
292	HWI-ST558:73:B01BVACXX:6:1201:20482:26295/1
293	HWI-ST558:73:B01BVACXX:6:1201:20482:26295/2
294	HWI-ST558:73:B01BVACXX:6:1201:10110:27597/1
295	HWI-ST558:73:B01BVACXX:6:1201:10110:27597/2
296	HWI-ST558:73:B01BVACXX:6:1201:8424:78054/1
297	HWI-ST558:73:B01BVACXX:6:1201:8424:78054/2
298	HWI-ST558:73:B01BVACXX:6:1201:8578:139990/1
299	HWI-ST558:73:B01BVACXX:6:1201:8578:139990/2
300	HWI-ST558:73:B01BVACXX:6:1201:6755:143334/1
301	HWI-ST558:73:B01BVACXX:6:1201:6755:143334/2
302	HWI-ST558:73:B01BVACXX:6:1201:2942:145578/1
303	HWI-ST558:73:B01BVACXX:6:1201:2942:145578/2
304	HWI-ST558:73:B01BVACXX:6:1201:19399:163014/1
305	HWI-ST558:73:B01BVACXX:6:1201:19399:163014/2
306	HWI-ST558:73:B01BVACXX:6:1201:13804:181439/1
307	HWI-ST558:73:B01BVACXX:6:1201:13804:181439/2
308	HWI-ST558:73:B01BVACXX:6:1201:5025:185511/1
309	HWI-ST558:73:B01BVACXX:6:1201:5025:185511/2
310	HWI-ST558:73:B01BVACXX:6:1201:20795:190171/1
311	HWI-ST558:73:B01BVACXX:6:1201:20795:190171/2
312	HWI-ST558:73:B01BVACXX:6:1201:19696:194497/1
313	HWI-ST558:73:B01BVACXX:6:1201:19696:194497/2
314	HWI-ST558:73:B01BVACXX:6:1202:16765:26371/1
315	HWI-ST558:73:B01BVACXX:6:1202:16765:26371/2
316	HWI-ST558:73:B01BVACXX:6:1202:14673:39325/1
317	HWI-ST558:73:B01BVACXX:6:1202:14673:39325/2
318	HWI-ST558:73:B01BVACXX:6:1202:10740:47716/1
319	HWI-ST558:73:B01BVACXX:6:1202:10740:47716/2
320	HWI-ST558:73:B01BVACXX:6:1202:10606:73220/1
321	HWI-ST558:73:B01BVACXX:6:1202:10606:73220/2
322	HWI-ST558:73:B01BVACXX:6:1202:18130:139810/1
323	HWI-ST558:73:B01BVACXX:6:1202:18130:139810/2
324	HWI-ST558:73:B01BVACXX:6:1202:20731:184942/1
325	HWI-ST558:73:B01BVACXX:6:1202:20731:184942/2
326	HWI-ST558:73:B01BVACXX:6:1202:4449:199288/1
327	HWI-ST558:73:B01BVACXX:6:1202:4449:199288/2
328	HWI-ST558:73:B01BVACXX:6:1203:20820:2724/1
329	HWI-ST558:73:B01BVACXX:6:1203:20820:2724/2
330	HWI-ST558:73:B01BVACXX:6:1203:4113:37028/1
331	HWI-ST558:73:B01BVACXX:6:1203:4113:37028/2
332	HWI-ST558:73:B01BVACXX:6:1203:3677:38258/1
333	HWI-ST558:73:B01BVACXX:6:1203:3677:38258/2
334	HWI-ST558:73:B01BVACXX:6:1203:18744:43441/1
335	HWI-ST558:73:B01BVACXX:6:1203:18744:43441/2
336	HWI-ST558:73:B01BVACXX:6:1203:13711:47366/1
337	HWI-ST558:73:B01BVACXX:6:1203:13711:47366/2
338	HWI-ST558:73:B01BVACXX:6:1203:17528:72436/1
339	HWI-ST558:73:B01BVACXX:6:1203:17528:72436/2
340	HWI-ST558:73:B01BVACXX:6:1203:18881:74544/1
341	HWI-ST558:73:B01BVACXX:6:1203:18881:74544/2
342	HWI-ST558:73:B01BVACXX:6:1203:18638:93458/1
343	HWI-ST558:73:B01BVACXX:6:1203:18638:93458/2
344	HWI-ST558:73:B01BVACXX:6:1203:17322:103297/1
345	HWI-ST558:73:B01BVACXX:6:1203:17322:103297/2
346	HWI-ST558:73:B01BVACXX:6:1203:19289:123141/1
347	HWI-ST558:73:B01BVACXX:6:1203:19289:123141/2
348	HWI-ST558:73:B01BVACXX:6:1203:10622:170408/1
349	HWI-ST558:73:B01BVACXX:6:1203:10622:170408/2
350	HWI-ST558:73:B01BVACXX:6:1203:20010:174965/1
351	HWI-ST558:73:B01BVACXX:6:1203:20010:174965/2
352	HWI-ST558:73:B01BVACXX:6:1203:2613:189884/1
353	HWI-ST558:73:B01BVACXX:6:1203:2613:189884/2
354	HWI-ST558:73:B01BVACXX:6:1203:16457:196997/1
355	HWI-ST558:73:B01BVACXX:6:1203:16457:196997/2
356	HWI-ST558:73:B01BVACXX:6:1204:2073:8123/1
357	HWI-ST558:73:B01BVACXX:6:1204:2073:8123/2
358	HWI-ST558:73:B01BVACXX:6:1204:17529:13383/1
359	HWI-ST558:73:B01BVACXX:6:1204:17529:13383/2
360	HWI-ST558:73:B01BVACXX:6:1204:7750:18264/1
361	HWI-ST558:73:B01BVACXX:6:1204:7750:18264/2
362	HWI-ST558:73:B01BVACXX:6:1204:11955:32227/1
363	HWI-ST558:73:B01BVACXX:6:1204:11955:32227/2
364	HWI-ST558:73:B01BVACXX:6:1204:7839:36142/1
365	HWI-ST558:73:B01BVACXX:6:1204:7839:36142/2
366	HWI-ST558:73:B01BVACXX:6:1204:4545:39985/1
367	HWI-ST558:73:B01BVACXX:6:1204:4545:39985/2
368	HWI-ST558:73:B01BVACXX:6:1204:6669:49937/1
369	HWI-ST558:73:B01BVACXX:6:1204:6669:49937/2
370	HWI-ST558:73:B01BVACXX:6:1204:20343:49777/1
371	HWI-ST558:73:B01BVACXX:6:1204:20343:49777/2
372	HWI-ST558:73:B01BVACXX:6:1204:3129:77110/1
373	HWI-ST558:73:B01BVACXX:6:1204:3129:77110/2
374	HWI-ST558:73:B01BVACXX:6:1204:7364:98152/1
375	HWI-ST558:73:B01BVACXX:6:1204:7364:98152/2
376	HWI-ST558:73:B01BVACXX:6:1204:18078:102027/1
377	HWI-ST558:73:B01BVACXX:6:1204:18078:102027/2
378	HWI-ST558:73:B01BVACXX:6:1204:16344:106022/1
379	HWI-ST558:73:B01BVACXX:6:1204:16344:106022/2
380	HWI-ST558:73:B01BVACXX:6:1204:16515:112492/1
381	HWI-ST558:73:B01BVACXX:6:1204:16515:112492/2
382	HWI-ST558:73:B01BVACXX:6:1204:8007:115059/1
383	HWI-ST558:73:B01BVACXX:6:1204:8007:115059/2
384	HWI-ST558:73:B01BVACXX:6:1204:21190:132040/1
385	HWI-ST558:73:B01BVACXX:6:1204:21190:132040/2
386	HWI-ST558:73:B01BVACXX:6:1204:10433:150826/1
387	HWI-ST558:73:B01BVACXX:6:1204:10433:150826/2
388	HWI-ST558:73:B01BVACXX:6:1204:15832:185354/1
389	HWI-ST558:73:B01BVACXX:6:1204:15832:185354/2
390	HWI-ST558:73:B01BVACXX:6:1205:5016:4283/1
391	HWI-ST558:73:B01BVACXX:6:1205:5016:4283/2
392	HWI-ST558:73:B01BVACXX:6:1205:1646:14128/1
393	HWI-ST558:73:B01BVACXX:6:1205:1646:14128/2
394	HWI-ST558:73:B01BVACXX:6:1205:1885:40638/1
395	HWI-ST558:73:B01BVACXX:6:1205:1885:40638/2
396	HWI-ST558:73:B01BVACXX:6:1205:1871:40650/1
397	HWI-ST558:73:B01BVACXX:6:1205:1871:40650/2
398	HWI-ST558:73:B01BVACXX:6:1205:15598:67458/1
399	HWI-ST558:73:B01BVACXX:6:1205:15598:67458/2
400	HWI-ST558:73:B01BVACXX:6:1205:17363:68217/1
401	HWI-ST558:73:B01BVACXX:6:1205:17363:68217/2
402	HWI-ST558:73:B01BVACXX:6:1205:20602:74166/1
403	HWI-ST558:73:B01BVACXX:6:1205:20602:74166/2
404	HWI-ST558:73:B01BVACXX:6:1205:13331:111250/1
405	HWI-ST558:73:B01BVACXX:6:1205:13331:111250/2
406	HWI-ST558:73:B01BVACXX:6:1205:19737:120472/1
407	HWI-ST558:73:B01BVACXX:6:1205:19737:120472/2
408	HWI-ST558:73:B01BVACXX:6:1205:3908:142634/1
409	HWI-ST558:73:B01BVACXX:6:1205:3908:142634/2
410	HWI-ST558:73:B01BVACXX:6:1205:12902:160837/1
411	HWI-ST558:73:B01BVACXX:6:1205:12902:160837/2
412	HWI-ST558:73:B01BVACXX:6:1205:15835:194384/1
413	HWI-ST558:73:B01BVACXX:6:1205:15835:194384/2
414	HWI-ST558:73:B01BVACXX:6:1206:7518:12163/1
415	HWI-ST558:73:B01BVACXX:6:1206:7518:12163/2
416	HWI-ST558:73:B01BVACXX:6:1206:21209:18867/1
417	HWI-ST558:73:B01BVACXX:6:1206:21209:18867/2
418	HWI-ST558:73:B01BVACXX:6:1206:15793:22383/1
419	HWI-ST558:73:B01BVACXX:6:1206:15793:22383/2
420	HWI-ST558:73:B01BVACXX:6:1206:3346:48550/1
421	HWI-ST558:73:B01BVACXX:6:1206:3346:48550/2
422	HWI-ST558:73:B01BVACXX:6:1206:6546:63586/1
423	HWI-ST558:73:B01BVACXX:6:1206:6546:63586/2
424	HWI-ST558:73:B01BVACXX:6:1206:18812:78345/1
425	HWI-ST558:73:B01BVACXX:6:1206:18812:78345/2
426	HWI-ST558:73:B01BVACXX:6:1206:18229:81658/1
427	HWI-ST558:73:B01BVACXX:6:1206:18229:81658/2
428	HWI-ST558:73:B01BVACXX:6:1206:19992:84049/1
429	HWI-ST558:73:B01BVACXX:6:1206:19992:84049/2
430	HWI-ST558:73:B01BVACXX:6:1206:20113:125483/1
431	HWI-ST558:73:B01BVACXX:6:1206:20113:125483/2
432	HWI-ST558:73:B01BVACXX:6:1206:17862:171706/1
433	HWI-ST558:73:B01BVACXX:6:1206:17862:171706/2
434	HWI-ST558:73:B01BVACXX:6:1206:16910:175096/1
435	HWI-ST558:73:B01BVACXX:6:1206:16910:175096/2
436	HWI-ST558:73:B01BVACXX:6:1207:4335:15556/1
437	HWI-ST558:73:B01BVACXX:6:1207:4335:15556/2
438	HWI-ST558:73:B01BVACXX:6:1207:17581:63328/1
439	HWI-ST558:73:B01BVACXX:6:1207:17581:63328/2
440	HWI-ST558:73:B01BVACXX:6:1207:11552:73951/1
441	HWI-ST558:73:B01BVACXX:6:1207:11552:73951/2
442	HWI-ST558:73:B01BVACXX:6:1207:12853:190656/1
443	HWI-ST558:73:B01BVACXX:6:1207:12853:190656/2
444	HWI-ST558:73:B01BVACXX:6:1301:16638:26653/1
445	HWI-ST558:73:B01BVACXX:6:1301:16638:26653/2
446	HWI-ST558:73:B01BVACXX:6:1301:5424:54122/1
447	HWI-ST558:73:B01BVACXX:6:1301:5424:54122/2
448	HWI-ST558:73:B01BVACXX:6:1301:3150:89647/1
449	HWI-ST558:73:B01BVACXX:6:1301:3150:89647/2
450	HWI-ST558:73:B01BVACXX:6:1301:15711:140509/1
451	HWI-ST558:73:B01BVACXX:6:1301:15711:140509/2
452	HWI-ST558:73:B01BVACXX:6:1301:15089:149063/1
453	HWI-ST558:73:B01BVACXX:6:1301:15089:149063/2
454	HWI-ST558:73:B01BVACXX:6:1301:2442:157980/1
455	HWI-ST558:73:B01BVACXX:6:1301:2442:157980/2
456	HWI-ST558:73:B01BVACXX:6:1301:12310:180856/1
457	HWI-ST558:73:B01BVACXX:6:1301:12310:180856/2
458	HWI-ST558:73:B01BVACXX:6:1301:2819:183908/1
459	HWI-ST558:73:B01BVACXX:6:1301:2819:183908/2
460	HWI-ST558:73:B01BVACXX:6:1301:5355:184503/1
461	HWI-ST558:73:B01BVACXX:6:1301:5355:184503/2
462	HWI-ST558:73:B01BVACXX:6:1301:14524:185932/1
463	HWI-ST558:73:B01BVACXX:6:1301:14524:185932/2
464	HWI-ST558:73:B01BVACXX:6:1301:16296:186272/1
465	HWI-ST558:73:B01BVACXX:6:1301:16296:186272/2
466	HWI-ST558:73:B01BVACXX:6:1301:18800:186292/1
467	HWI-ST558:73:B01BVACXX:6:1301:18800:186292/2
468	HWI-ST558:73:B01BVACXX:6:1302:11749:5333/1
469	HWI-ST558:73:B01BVACXX:6:1302:11749:5333/2
470	HWI-ST558:73:B01BVACXX:6:1302:20942:38859/1
471	HWI-ST558:73:B01BVACXX:6:1302:20942:38859/2
472	HWI-ST558:73:B01BVACXX:6:1302:19849:54828/1
473	HWI-ST558:73:B01BVACXX:6:1302:19849:54828/2
474	HWI-ST558:73:B01BVACXX:6:1302:21012:64777/1
475	HWI-ST558:73:B01BVACXX:6:1302:21012:64777/2
476	HWI-ST558:73:B01BVACXX:6:1302:9628:68178/1
477	HWI-ST558:73:B01BVACXX:6:1302:9628:68178/2
478	HWI-ST558:73:B01BVACXX:6:1302:19415:90214/1
479	HWI-ST558:73:B01BVACXX:6:1302:19415:90214/2
480	HWI-ST558:73:B01BVACXX:6:1302:6038:105993/1
481	HWI-ST558:73:B01BVACXX:6:1302:6038:105993/2
482	HWI-ST558:73:B01BVACXX:6:1302:13697:123581/1
483	HWI-ST558:73:B01BVACXX:6:1302:13697:123581/2
484	HWI-ST558:73:B01BVACXX:6:1302:9756:126881/1
485	HWI-ST558:73:B01BVACXX:6:1302:9756:126881/2
486	HWI-ST558:73:B01BVACXX:6:1302:16619:129417/1
487	HWI-ST558:73:B01BVACXX:6:1302:16619:129417/2
488	HWI-ST558:73:B01BVACXX:6:1302:17241:152206/1
489	HWI-ST558:73:B01BVACXX:6:1302:17241:152206/2
490	HWI-ST558:73:B01BVACXX:6:1302:17934:160859/1
491	HWI-ST558:73:B01BVACXX:6:1302:17934:160859/2
492	HWI-ST558:73:B01BVACXX:6:1302:6959:164890/1
493	HWI-ST558:73:B01BVACXX:6:1302:6959:164890/2
494	HWI-ST558:73:B01BVACXX:6:1302:15794:178261/1
495	HWI-ST558:73:B01BVACXX:6:1302:15794:178261/2
496	HWI-ST558:73:B01BVACXX:6:1303:16777:16829/1
497	HWI-ST558:73:B01BVACXX:6:1303:16777:16829/2
498	HWI-ST558:73:B01BVACXX:6:1303:18530:85390/1
499	HWI-ST558:73:B01BVACXX:6:1303:18530:85390/2
500	HWI-ST558:73:B01BVACXX:6:1303:9084:97831/1
501	HWI-ST558:73:B01BVACXX:6:1303:9084:97831/2
502	HWI-ST558:73:B01BVACXX:6:1303:2736:168890/1
503	HWI-ST558:73:B01BVACXX:6:1303:2736:168890/2
504	HWI-ST558:73:B01BVACXX:6:1303:9480:176310/1
505	HWI-ST558:73:B01BVACXX:6:1303:9480:176310/2
506	HWI-ST558:73:B01BVACXX:6:1303:15298:186514/1
507	HWI-ST558:73:B01BVACXX:6:1303:15298:186514/2
508	HWI-ST558:73:B01BVACXX:6:1304:9401:13118/1
509	HWI-ST558:73:B01BVACXX:6:1304:9401:13118/2
510	HWI-ST558:73:B01BVACXX:6:1304:10995:16633/1
511	HWI-ST558:73:B01BVACXX:6:1304:10995:16633/2
512	HWI-ST558:73:B01BVACXX:6:1304:12149:33139/1
513	HWI-ST558:73:B01BVACXX:6:1304:12149:33139/2
514	HWI-ST558:73:B01BVACXX:6:1304:11011:34365/1
515	HWI-ST558:73:B01BVACXX:6:1304:11011:34365/2
516	HWI-ST558:73:B01BVACXX:6:1304:16635:35590/1
517	HWI-ST558:73:B01BVACXX:6:1304:16635:35590/2
518	HWI-ST558:73:B01BVACXX:6:1304:11527:56500/1
519	HWI-ST558:73:B01BVACXX:6:1304:11527:56500/2
520	HWI-ST558:73:B01BVACXX:6:1304:3613:68290/1
521	HWI-ST558:73:B01BVACXX:6:1304:3613:68290/2
522	HWI-ST558:73:B01BVACXX:6:1304:6600:73452/1
523	HWI-ST558:73:B01BVACXX:6:1304:6600:73452/2
524	HWI-ST558:73:B01BVACXX:6:1304:8581:117557/1
525	HWI-ST558:73:B01BVACXX:6:1304:8581:117557/2
526	HWI-ST558:73:B01BVACXX:6:1304:18615:126041/1
527	HWI-ST558:73:B01BVACXX:6:1304:18615:126041/2
528	HWI-ST558:73:B01BVACXX:6:1304:11342:163906/1
529	HWI-ST558:73:B01BVACXX:6:1304:11342:163906/2
530	HWI-ST558:73:B01BVACXX:6:1304:5544:164064/1
531	HWI-ST558:73:B01BVACXX:6:1304:5544:164064/2
532	HWI-ST558:73:B01BVACXX:6:1304:3791:174504/1
533	HWI-ST558:73:B01BVACXX:6:1304:3791:174504/2
534	HWI-ST558:73:B01BVACXX:6:1304:5241:178563/1
535	HWI-ST558:73:B01BVACXX:6:1304:5241:178563/2
536	HWI-ST558:73:B01BVACXX:6:1304:18651:185129/1
537	HWI-ST558:73:B01BVACXX:6:1304:18651:185129/2
538	HWI-ST558:73:B01BVACXX:6:1304:13473:186273/1
539	HWI-ST558:73:B01BVACXX:6:1304:13473:186273/2
540	HWI-ST558:73:B01BVACXX:6:1304:6237:187760/1
541	HWI-ST558:73:B01BVACXX:6:1304:6237:187760/2
542	HWI-ST558:73:B01BVACXX:6:1305:11871:28073/1
543	HWI-ST558:73:B01BVACXX:6:1305:11871:28073/2
544	HWI-ST558:73:B01BVACXX:6:1305:6893:33275/1
545	HWI-ST558:73:B01BVACXX:6:1305:6893:33275/2
546	HWI-ST558:73:B01BVACXX:6:1305:17821:56147/1
547	HWI-ST558:73:B01BVACXX:6:1305:17821:56147/2
548	HWI-ST558:73:B01BVACXX:6:1305:11173:62832/1
549	HWI-ST558:73:B01BVACXX:6:1305:11173:62832/2
550	HWI-ST558:73:B01BVACXX:6:1305:2818:73275/1
551	HWI-ST558:73:B01BVACXX:6:1305:2818:73275/2
552	HWI-ST558:73:B01BVACXX:6:1305:4598:73544/1
553	HWI-ST558:73:B01BVACXX:6:1305:4598:73544/2
554	HWI-ST558:73:B01BVACXX:6:1305:12636:95506/1
555	HWI-ST558:73:B01BVACXX:6:1305:12636:95506/2
556	HWI-ST558:73:B01BVACXX:6:1305:8790:110780/1
557	HWI-ST558:73:B01BVACXX:6:1305:8790:110780/2
558	HWI-ST558:73:B01BVACXX:6:1305:2292:122316/1
559	HWI-ST558:73:B01BVACXX:6:1305:2292:122316/2
560	HWI-ST558:73:B01BVACXX:6:1305:3211:139527/1
561	HWI-ST558:73:B01BVACXX:6:1305:3211:139527/2
562	HWI-ST558:73:B01BVACXX:6:1305:5225:152800/1
563	HWI-ST558:73:B01BVACXX:6:1305:5225:152800/2
564	HWI-ST558:73:B01BVACXX:6:1305:4577:154031/1
565	HWI-ST558:73:B01BVACXX:6:1305:4577:154031/2
566	HWI-ST558:73:B01BVACXX:6:1306:18417:3654/1
567	HWI-ST558:73:B01BVACXX:6:1306:18417:3654/2
568	HWI-ST558:73:B01BVACXX:6:1306:10397:33497/1
569	HWI-ST558:73:B01BVACXX:6:1306:10397:33497/2
570	HWI-ST558:73:B01BVACXX:6:1306:5303:67239/1
571	HWI-ST558:73:B01BVACXX:6:1306:5303:67239/2
572	HWI-ST558:73:B01BVACXX:6:1306:11612:69530/1
573	HWI-ST558:73:B01BVACXX:6:1306:11612:69530/2
574	HWI-ST558:73:B01BVACXX:6:1306:18460:138864/1
575	HWI-ST558:73:B01BVACXX:6:1306:18460:138864/2
576	HWI-ST558:73:B01BVACXX:6:1306:16635:150604/1
577	HWI-ST558:73:B01BVACXX:6:1306:16635:150604/2
578	HWI-ST558:73:B01BVACXX:6:1306:5024:151960/1
579	HWI-ST558:73:B01BVACXX:6:1306:5024:151960/2
580	HWI-ST558:73:B01BVACXX:6:1307:12839:10474/1
581	HWI-ST558:73:B01BVACXX:6:1307:12839:10474/2
582	HWI-ST558:73:B01BVACXX:6:1307:2634:10995/1
583	HWI-ST558:73:B01BVACXX:6:1307:2634:10995/2
584	HWI-ST558:73:B01BVACXX:6:1307:16289:13604/1
585	HWI-ST558:73:B01BVACXX:6:1307:16289:13604/2
586	HWI-ST558:73:B01BVACXX:6:1307:16272:17864/1
587	HWI-ST558:73:B01BVACXX:6:1307:16272:17864/2
588	HWI-ST558:73:B01BVACXX:6:1307:9188:28059/1
589	HWI-ST558:73:B01BVACXX:6:1307:9188:28059/2
590	HWI-ST558:73:B01BVACXX:6:1307:5436:35748/1
591	HWI-ST558:73:B01BVACXX:6:1307:5436:35748/2
592	HWI-ST558:73:B01BVACXX:6:1307:16844:42212/1
593	HWI-ST558:73:B01BVACXX:6:1307:16844:42212/2
594	HWI-ST558:73:B01BVACXX:6:1307:15867:43525/1
595	HWI-ST558:73:B01BVACXX:6:1307:15867:43525/2
596	HWI-ST558:73:B01BVACXX:6:1307:17715:52185/1
597	HWI-ST558:73:B01BVACXX:6:1307:17715:52185/2
598	HWI-ST558:73:B01BVACXX:6:1307:11814:54413/1
599	HWI-ST558:73:B01BVACXX:6:1307:11814:54413/2
600	HWI-ST558:73:B01BVACXX:6:1307:16389:60379/1
601	HWI-ST558:73:B01BVACXX:6:1307:16389:60379/2
602	HWI-ST558:73:B01BVACXX:6:1307:12417:66514/1
603	HWI-ST558:73:B01BVACXX:6:1307:12417:66514/2
604	HWI-ST558:73:B01BVACXX:6:1307:1341:74673/1
605	HWI-ST558:73:B01BVACXX:6:1307:1341:74673/2
606	HWI-ST558:73:B01BVACXX:6:1307:2714:106935/1
607	HWI-ST558:73:B01BVACXX:6:1307:2714:106935/2
608	HWI-ST558:73:B01BVACXX:6:1307:6680:112258/1
609	HWI-ST558:73:B01BVACXX:6:1307:6680:112258/2
610	HWI-ST558:73:B01BVACXX:6:1307:15700:114031/1
611	HWI-ST558:73:B01BVACXX:6:1307:15700:114031/2
612	HWI-ST558:73:B01BVACXX:6:1307:20634:120675/1
613	HWI-ST558:73:B01BVACXX:6:1307:20634:120675/2
614	HWI-ST558:73:B01BVACXX:6:1307:8103:121640/1
615	HWI-ST558:73:B01BVACXX:6:1307:8103:121640/2
616	HWI-ST558:73:B01BVACXX:6:1307:18772:138439/1
617	HWI-ST558:73:B01BVACXX:6:1307:18772:138439/2
618	HWI-ST558:73:B01BVACXX:6:1307:12475:149247/1
619	HWI-ST558:73:B01BVACXX:6:1307:12475:149247/2
620	HWI-ST558:73:B01BVACXX:6:2101:3014:6544/1
621	HWI-ST558:73:B01BVACXX:6:2101:3014:6544/2
622	HWI-ST558:73:B01BVACXX:6:2101:5685:12732/1
623	HWI-ST558:73:B01BVACXX:6:2101:5685:12732/2
624	HWI-ST558:73:B01BVACXX:6:2101:20778:26131/1
625	HWI-ST558:73:B01BVACXX:6:2101:20778:26131/2
626	HWI-ST558:73:B01BVACXX:6:2101:3222:29382/1
627	HWI-ST558:73:B01BVACXX:6:2101:3222:29382/2
628	HWI-ST558:73:B01BVACXX:6:2101:12829:102198/1
629	HWI-ST558:73:B01BVACXX:6:2101:12829:102198/2
630	HWI-ST558:73:B01BVACXX:6:2101:8009:110856/1
631	HWI-ST558:73:B01BVACXX:6:2101:8009:110856/2
632	HWI-ST558:73:B01BVACXX:6:2101:6387:130696/1
633	HWI-ST558:73:B01BVACXX:6:2101:6387:130696/2
634	HWI-ST558:73:B01BVACXX:6:2101:1944:156146/1
635	HWI-ST558:73:B01BVACXX:6:2101:1944:156146/2
636	HWI-ST558:73:B01BVACXX:6:2101:13334:160372/1
637	HWI-ST558:73:B01BVACXX:6:2101:13334:160372/2
638	HWI-ST558:73:B01BVACXX:6:2101:6836:167603/1
639	HWI-ST558:73:B01BVACXX:6:2101:6836:167603/2
640	HWI-ST558:73:B01BVACXX:6:2101:15590:167533/1
641	HWI-ST558:73:B01BVACXX:6:2101:15590:167533/2
642	HWI-ST558:73:B01BVACXX:6:2101:19339:199243/1
643	HWI-ST558:73:B01BVACXX:6:2101:19339:199243/2
644	HWI-ST558:73:B01BVACXX:6:2102:2831:17773/1
645	HWI-ST558:73:B01BVACXX:6:2102:2831:17773/2
646	HWI-ST558:73:B01BVACXX:6:2102:4702:66735/1
647	HWI-ST558:73:B01BVACXX:6:2102:4702:66735/2
648	HWI-ST558:73:B01BVACXX:6:2102:1143:105701/1
649	HWI-ST558:73:B01BVACXX:6:2102:1143:105701/2
650	HWI-ST558:73:B01BVACXX:6:2102:15487:123393/1
651	HWI-ST558:73:B01BVACXX:6:2102:15487:123393/2
652	HWI-ST558:73:B01BVACXX:6:2102:1656:160088/1
653	HWI-ST558:73:B01BVACXX:6:2102:1656:160088/2
654	HWI-ST558:73:B01BVACXX:6:2102:14634:177297/1
655	HWI-ST558:73:B01BVACXX:6:2102:14634:177297/2
656	HWI-ST558:73:B01BVACXX:6:2102:20139:180587/1
657	HWI-ST558:73:B01BVACXX:6:2102:20139:180587/2
658	HWI-ST558:73:B01BVACXX:6:2102:16063:185307/1
659	HWI-ST558:73:B01BVACXX:6:2102:16063:185307/2
660	HWI-ST558:73:B01BVACXX:6:2102:7228:197482/1
661	HWI-ST558:73:B01BVACXX:6:2102:7228:197482/2
662	HWI-ST558:73:B01BVACXX:6:2102:15668:197933/1
663	HWI-ST558:73:B01BVACXX:6:2102:15668:197933/2
664	HWI-ST558:73:B01BVACXX:6:2103:3413:42265/1
665	HWI-ST558:73:B01BVACXX:6:2103:3413:42265/2
666	HWI-ST558:73:B01BVACXX:6:2103:9545:89824/1
667	HWI-ST558:73:B01BVACXX:6:2103:9545:89824/2
668	HWI-ST558:73:B01BVACXX:6:2103:13018:91904/1
669	HWI-ST558:73:B01BVACXX:6:2103:13018:91904/2
670	HWI-ST558:73:B01BVACXX:6:2103:21077:102775/1
671	HWI-ST558:73:B01BVACXX:6:2103:21077:102775/2
672	HWI-ST558:73:B01BVACXX:6:2103:2328:118593/1
673	HWI-ST558:73:B01BVACXX:6:2103:2328:118593/2
674	HWI-ST558:73:B01BVACXX:6:2103:9481:131437/1
675	HWI-ST558:73:B01BVACXX:6:2103:9481:131437/2
676	HWI-ST558:73:B01BVACXX:6:2103:5827:157606/1
677	HWI-ST558:73:B01BVACXX:6:2103:5827:157606/2
678	HWI-ST558:73:B01BVACXX:6:2103:5688:161600/1
679	HWI-ST558:73:B01BVACXX:6:2103:5688:161600/2
680	HWI-ST558:73:B01BVACXX:6:2103:10507:189976/1
681	HWI-ST558:73:B01BVACXX:6:2103:10507:189976/2
682	HWI-ST558:73:B01BVACXX:6:2104:13029:10102/1
683	HWI-ST558:73:B01BVACXX:6:2104:13029:10102/2
684	HWI-ST558:73:B01BVACXX:6:2104:4805:49235/1
685	HWI-ST558:73:B01BVACXX:6:2104:4805:49235/2
686	HWI-ST558:73:B01BVACXX:6:2104:13330:51213/1
687	HWI-ST558:73:B01BVACXX:6:2104:13330:51213/2
688	HWI-ST558:73:B01BVACXX:6:2104:19787:52430/1
689	HWI-ST558:73:B01BVACXX:6:2104:19787:52430/2
690	HWI-ST558:73:B01BVACXX:6:2104:11278:78039/1
691	HWI-ST558:73:B01BVACXX:6:2104:11278:78039/2
692	HWI-ST558:73:B01BVACXX:6:2104:6295:82868/1
693	HWI-ST558:73:B01BVACXX:6:2104:6295:82868/2
694	HWI-ST558:73:B01BVACXX:6:2104:5845:89260/1
695	HWI-ST558:73:B01BVACXX:6:2104:5845:89260/2
696	HWI-ST558:73:B01BVACXX:6:2104:9425:103913/1
697	HWI-ST558:73:B01BVACXX:6:2104:9425:103913/2
698	HWI-ST558:73:B01BVACXX:6:2104:6273:104261/1
699	HWI-ST558:73:B01BVACXX:6:2104:6273:104261/2
700	HWI-ST558:73:B01BVACXX:6:2104:16814:113897/1
701	HWI-ST558:73:B01BVACXX:6:2104:16814:113897/2
702	HWI-ST558:73:B01BVACXX:6:2104:2015:137469/1
703	HWI-ST558:73:B01BVACXX:6:2104:2015:137469/2
704	HWI-ST558:73:B01BVACXX:6:2104:13985:159432/1
705	HWI-ST558:73:B01BVACXX:6:2104:13985:159432/2
706	HWI-ST558:73:B01BVACXX:6:2104:13673:163090/1
707	HWI-ST558:73:B01BVACXX:6:2104:13673:163090/2
708	HWI-ST558:73:B01BVACXX:6:2104:9667:170519/1
709	HWI-ST558:73:B01BVACXX:6:2104:9667:170519/2
710	HWI-ST558:73:B01BVACXX:6:2104:19026:182060/1
711	HWI-ST558:73:B01BVACXX:6:2104:19026:182060/2
712	HWI-ST558:73:B01BVACXX:6:2105:9523:16257/1
713	HWI-ST558:73:B01BVACXX:6:2105:9523:16257/2
714	HWI-ST558:73:B01BVACXX:6:2105:5763:17600/1
715	HWI-ST558:73:B01BVACXX:6:2105:5763:17600/2
716	HWI-ST558:73:B01BVACXX:6:2105:12692:20846/1
717	HWI-ST558:73:B01BVACXX:6:2105:12692:20846/2
718	HWI-ST558:73:B01BVACXX:6:2105:10300:49320/1
719	HWI-ST558:73:B01BVACXX:6:2105:10300:49320/2
720	HWI-ST558:73:B01BVACXX:6:2105:9445:53471/1
721	HWI-ST558:73:B01BVACXX:6:2105:9445:53471/2
722	HWI-ST558:73:B01BVACXX:6:2105:13865:122010/1
723	HWI-ST558:73:B01BVACXX:6:2105:13865:122010/2
724	HWI-ST558:73:B01BVACXX:6:2105:7102:122261/1
725	HWI-ST558:73:B01BVACXX:6:2105:7102:122261/2
726	HWI-ST558:73:B01BVACXX:6:2105:1505:133091/1
727	HWI-ST558:73:B01BVACXX:6:2105:1505:133091/2
728	HWI-ST558:73:B01BVACXX:6:2105:1554:134822/1
729	HWI-ST558:73:B01BVACXX:6:2105:1554:134822/2
730	HWI-ST558:73:B01BVACXX:6:2105:16532:188371/1
731	HWI-ST558:73:B01BVACXX:6:2105:16532:188371/2
732	HWI-ST558:73:B01BVACXX:6:2106:8234:34577/1
733	HWI-ST558:73:B01BVACXX:6:2106:8234:34577/2
734	HWI-ST558:73:B01BVACXX:6:2106:6860:56775/1
735	HWI-ST558:73:B01BVACXX:6:2106:6860:56775/2
736	HWI-ST558:73:B01BVACXX:6:2106:5172:71580/1
737	HWI-ST558:73:B01BVACXX:6:2106:5172:71580/2
738	HWI-ST558:73:B01BVACXX:6:2106:8807:95061/1
739	HWI-ST558:73:B01BVACXX:6:2106:8807:95061/2
740	HWI-ST558:73:B01BVACXX:6:2106:15561:100892/1
741	HWI-ST558:73:B01BVACXX:6:2106:15561:100892/2
742	HWI-ST558:73:B01BVACXX:6:2106:12286:120311/1
743	HWI-ST558:73:B01BVACXX:6:2106:12286:120311/2
744	HWI-ST558:73:B01BVACXX:6:2106:5114:129579/1
745	HWI-ST558:73:B01BVACXX:6:2106:5114:129579/2
746	HWI-ST558:73:B01BVACXX:6:2106:1840:149813/1
747	HWI-ST558:73:B01BVACXX:6:2106:1840:149813/2
748	HWI-ST558:73:B01BVACXX:6:2106:18221:150831/1
749	HWI-ST558:73:B01BVACXX:6:2106:18221:150831/2
750	HWI-ST558:73:B01BVACXX:6:2106:20215:183761/1
751	HWI-ST558:73:B01BVACXX:6:2106:20215:183761/2
752	HWI-ST558:73:B01BVACXX:6:2106:21054:190243/1
753	HWI-ST558:73:B01BVACXX:6:2106:21054:190243/2
754	HWI-ST558:73:B01BVACXX:6:2106:16759:192947/1
755	HWI-ST558:73:B01BVACXX:6:2106:16759:192947/2
756	HWI-ST558:73:B01BVACXX:6:2106:17602:193071/1
757	HWI-ST558:73:B01BVACXX:6:2106:17602:193071/2
758	HWI-ST558:73:B01BVACXX:6:2107:7247:148385/1
759	HWI-ST558:73:B01BVACXX:6:2107:7247:148385/2
760	HWI-ST558:73:B01BVACXX:6:2107:18422:149462/1
761	HWI-ST558:73:B01BVACXX:6:2107:18422:149462/2
762	HWI-ST558:73:B01BVACXX:6:2107:18615:155786/1
763	HWI-ST558:73:B01BVACXX:6:2107:18615:155786/2
764	HWI-ST558:73:B01BVACXX:6:2107:19334:156074/1
765	HWI-ST558:73:B01BVACXX:6:2107:19334:156074/2
766	HWI-ST558:73:B01BVACXX:6:2107:10300:158415/1
767	HWI-ST558:73:B01BVACXX:6:2107:10300:158415/2
768	HWI-ST558:73:B01BVACXX:6:2108:14109:35893/1
769	HWI-ST558:73:B01BVACXX:6:2108:14109:35893/2
770	HWI-ST558:73:B01BVACXX:6:2108:10988:123412/1
771	HWI-ST558:73:B01BVACXX:6:2108:10988:123412/2
772	HWI-ST558:73:B01BVACXX:6:2108:7850:170230/1
773	HWI-ST558:73:B01BVACXX:6:2108:7850:170230/2
774	HWI-ST558:73:B01BVACXX:6:2108:14832:178593/1
775	HWI-ST558:73:B01BVACXX:6:2108:14832:178593/2
776	HWI-ST558:73:B01BVACXX:6:2108:3695:188167/1
777	HWI-ST558:73:B01BVACXX:6:2108:3695:188167/2
778	HWI-ST558:73:B01BVACXX:6:2201:7154:58092/1
779	HWI-ST558:73:B01BVACXX:6:2201:7154:58092/2
780	HWI-ST558:73:B01BVACXX:6:2201:9913:112134/1
781	HWI-ST558:73:B01BVACXX:6:2201:9913:112134/2
782	HWI-ST558:73:B01BVACXX:6:2201:4668:188642/1
783	HWI-ST558:73:B01BVACXX:6:2201:4668:188642/2
784	HWI-ST558:73:B01BVACXX:6:2201:2998:194009/1
785	HWI-ST558:73:B01BVACXX:6:2201:2998:194009/2
786	HWI-ST558:73:B01BVACXX:6:2201:1477:200151/1
787	HWI-ST558:73:B01BVACXX:6:2201:1477:200151/2
788	HWI-ST558:73:B01BVACXX:6:2202:14828:50512/1
789	HWI-ST558:73:B01BVACXX:6:2202:14828:50512/2
790	HWI-ST558:73:B01BVACXX:6:2202:19500:114270/1
791	HWI-ST558:73:B01BVACXX:6:2202:19500:114270/2
792	HWI-ST558:73:B01BVACXX:6:2202:1828:126014/1
793	HWI-ST558:73:B01BVACXX:6:2202:1828:126014/2
794	HWI-ST558:73:B01BVACXX:6:2202:8833:128801/1
795	HWI-ST558:73:B01BVACXX:6:2202:8833:128801/2
796	HWI-ST558:73:B01BVACXX:6:2202:15858:151534/1
797	HWI-ST558:73:B01BVACXX:6:2202:15858:151534/2
798	HWI-ST558:73:B01BVACXX:6:2202:14659:157218/1
799	HWI-ST558:73:B01BVACXX:6:2202:14659:157218/2
800	HWI-ST558:73:B01BVACXX:6:2202:9942:182854/1
801	HWI-ST558:73:B01BVACXX:6:2202:9942:182854/2
802	HWI-ST558:73:B01BVACXX:6:2202:4579:183336/1
803	HWI-ST558:73:B01BVACXX:6:2202:4579:183336/2
804	HWI-ST558:73:B01BVACXX:6:2203:4350:51749/1
805	HWI-ST558:73:B01BVACXX:6:2203:4350:51749/2
806	HWI-ST558:73:B01BVACXX:6:2203:12933:86689/1
807	HWI-ST558:73:B01BVACXX:6:2203:12933:86689/2
808	HWI-ST558:73:B01BVACXX:6:2203:21096:99763/1
809	HWI-ST558:73:B01BVACXX:6:2203:21096:99763/2
810	HWI-ST558:73:B01BVACXX:6:2203:18585:104731/1
811	HWI-ST558:73:B01BVACXX:6:2203:18585:104731/2
812	HWI-ST558:73:B01BVACXX:6:2203:5290:109122/1
813	HWI-ST558:73:B01BVACXX:6:2203:5290:109122/2
814	HWI-ST558:73:B01BVACXX:6:2203:17934:113169/1
815	HWI-ST558:73:B01BVACXX:6:2203:17934:113169/2
816	HWI-ST558:73:B01BVACXX:6:2203:4911:119398/1
817	HWI-ST558:73:B01BVACXX:6:2203:4911:119398/2
818	HWI-ST558:73:B01BVACXX:6:2203:6174:144567/1
819	HWI-ST558:73:B01BVACXX:6:2203:6174:144567/2
820	HWI-ST558:73:B01BVACXX:6:2203:17761:166379/1
821	HWI-ST558:73:B01BVACXX:6:2203:17761:166379/2
822	HWI-ST558:73:B01BVACXX:6:2204:6107:15557/1
823	HWI-ST558:73:B01BVACXX:6:2204:6107:15557/2
824	HWI-ST558:73:B01BVACXX:6:2204:7396:35798/1
825	HWI-ST558:73:B01BVACXX:6:2204:7396:35798/2
826	HWI-ST558:73:B01BVACXX:6:2204:10801:65381/1
827	HWI-ST558:73:B01BVACXX:6:2204:10801:65381/2
828	HWI-ST558:73:B01BVACXX:6:2204:15200:68273/1
829	HWI-ST558:73:B01BVACXX:6:2204:15200:68273/2
830	HWI-ST558:73:B01BVACXX:6:2204:2851:77813/1
831	HWI-ST558:73:B01BVACXX:6:2204:2851:77813/2
832	HWI-ST558:73:B01BVACXX:6:2204:5525:90646/1
833	HWI-ST558:73:B01BVACXX:6:2204:5525:90646/2
834	HWI-ST558:73:B01BVACXX:6:2204:7706:93881/1
835	HWI-ST558:73:B01BVACXX:6:2204:7706:93881/2
836	HWI-ST558:73:B01BVACXX:6:2204:11234:103388/1
837	HWI-ST558:73:B01BVACXX:6:2204:11234:103388/2
838	HWI-ST558:73:B01BVACXX:6:2204:12298:119235/1
839	HWI-ST558:73:B01BVACXX:6:2204:12298:119235/2
840	HWI-ST558:73:B01BVACXX:6:2204:16582:150771/1
841	HWI-ST558:73:B01BVACXX:6:2204:16582:150771/2
842	HWI-ST558:73:B01BVACXX:6:2204:5858:158380/1
843	HWI-ST558:73:B01BVACXX:6:2204:5858:158380/2
844	HWI-ST558:73:B01BVACXX:6:2204:3252:167589/1
845	HWI-ST558:73:B01BVACXX:6:2204:3252:167589/2
846	HWI-ST558:73:B01BVACXX:6:2205:19799:33662/1
847	HWI-ST558:73:B01BVACXX:6:2205:19799:33662/2
848	HWI-ST558:73:B01BVACXX:6:2205:3037:40943/1
849	HWI-ST558:73:B01BVACXX:6:2205:3037:40943/2
850	HWI-ST558:73:B01BVACXX:6:2205:8517:45809/1
851	HWI-ST558:73:B01BVACXX:6:2205:8517:45809/2
852	HWI-ST558:73:B01BVACXX:6:2205:4287:53283/1
853	HWI-ST558:73:B01BVACXX:6:2205:4287:53283/2
854	HWI-ST558:73:B01BVACXX:6:2205:14100:80821/1
855	HWI-ST558:73:B01BVACXX:6:2205:14100:80821/2
856	HWI-ST558:73:B01BVACXX:6:2205:14149:147624/1
857	HWI-ST558:73:B01BVACXX:6:2205:14149:147624/2
858	HWI-ST558:73:B01BVACXX:6:2205:14742:160237/1
859	HWI-ST558:73:B01BVACXX:6:2205:14742:160237/2
860	HWI-ST558:73:B01BVACXX:6:2205:8511:180408/1
861	HWI-ST558:73:B01BVACXX:6:2205:8511:180408/2
862	HWI-ST558:73:B01BVACXX:6:2205:6055:196938/1
863	HWI-ST558:73:B01BVACXX:6:2205:6055:196938/2
864	HWI-ST558:73:B01BVACXX:6:2206:2119:42099/1
865	HWI-ST558:73:B01BVACXX:6:2206:2119:42099/2
866	HWI-ST558:73:B01BVACXX:6:2206:18523:61951/1
867	HWI-ST558:73:B01BVACXX:6:2206:18523:61951/2
868	HWI-ST558:73:B01BVACXX:6:2206:5473:66525/1
869	HWI-ST558:73:B01BVACXX:6:2206:5473:66525/2
870	HWI-ST558:73:B01BVACXX:6:2206:7574:68157/1
871	HWI-ST558:73:B01BVACXX:6:2206:7574:68157/2
872	HWI-ST558:73:B01BVACXX:6:2206:9329:122269/1
873	HWI-ST558:73:B01BVACXX:6:2206:9329:122269/2
874	HWI-ST558:73:B01BVACXX:6:2206:4345:142575/1
875	HWI-ST558:73:B01BVACXX:6:2206:4345:142575/2
876	HWI-ST558:73:B01BVACXX:6:2206:8211:186300/1
877	HWI-ST558:73:B01BVACXX:6:2206:8211:186300/2
878	HWI-ST558:73:B01BVACXX:6:2206:9531:187041/1
879	HWI-ST558:73:B01BVACXX:6:2206:9531:187041/2
880	HWI-ST558:73:B01BVACXX:6:2206:21120:191064/1
881	HWI-ST558:73:B01BVACXX:6:2206:21120:191064/2
882	HWI-ST558:73:B01BVACXX:6:2206:10715:194079/1
883	HWI-ST558:73:B01BVACXX:6:2206:10715:194079/2
884	HWI-ST558:73:B01BVACXX:6:2207:17313:98974/1
885	HWI-ST558:73:B01BVACXX:6:2207:17313:98974/2
886	HWI-ST558:73:B01BVACXX:6:2207:20807:105718/1
887	HWI-ST558:73:B01BVACXX:6:2207:20807:105718/2
888	HWI-ST558:73:B01BVACXX:6:2207:9506:110066/1
889	HWI-ST558:73:B01BVACXX:6:2207:9506:110066/2
890	HWI-ST558:73:B01BVACXX:6:2207:5700:152016/1
891	HWI-ST558:73:B01BVACXX:6:2207:5700:152016/2
892	HWI-ST558:73:B01BVACXX:6:2301:4910:6248/1
893	HWI-ST558:73:B01BVACXX:6:2301:4910:6248/2
894	HWI-ST558:73:B01BVACXX:6:2301:8896:14814/1
895	HWI-ST558:73:B01BVACXX:6:2301:8896:14814/2
896	HWI-ST558:73:B01BVACXX:6:2301:12564:60504/1
897	HWI-ST558:73:B01BVACXX:6:2301:12564:60504/2
898	HWI-ST558:73:B01BVACXX:6:2301:4271:63459/1
899	HWI-ST558:73:B01BVACXX:6:2301:4271:63459/2
900	HWI-ST558:73:B01BVACXX:6:2301:20398:103892/1
901	HWI-ST558:73:B01BVACXX:6:2301:20398:103892/2
902	HWI-ST558:73:B01BVACXX:6:2301:21196:112519/1
903	HWI-ST558:73:B01BVACXX:6:2301:21196:112519/2
904	HWI-ST558:73:B01BVACXX:6:2301:4379:120390/1
905	HWI-ST558:73:B01BVACXX:6:2301:4379:120390/2
906	HWI-ST558:73:B01BVACXX:6:2301:16113:130372/1
907	HWI-ST558:73:B01BVACXX:6:2301:16113:130372/2
908	HWI-ST558:73:B01BVACXX:6:2301:5226:133231/1
909	HWI-ST558:73:B01BVACXX:6:2301:5226:133231/2
910	HWI-ST558:73:B01BVACXX:6:2301:16001:143316/1
911	HWI-ST558:73:B01BVACXX:6:2301:16001:143316/2
912	HWI-ST558:73:B01BVACXX:6:2301:16722:180028/1
913	HWI-ST558:73:B01BVACXX:6:2301:16722:180028/2
914	HWI-ST558:73:B01BVACXX:6:2301:15278:187109/1
915	HWI-ST558:73:B01BVACXX:6:2301:15278:187109/2
916	HWI-ST558:73:B01BVACXX:6:2301:7782:187258/1
917	HWI-ST558:73:B01BVACXX:6:2301:7782:187258/2
918	HWI-ST558:73:B01BVACXX:6:2301:7460:194360/1
919	HWI-ST558:73:B01BVACXX:6:2301:7460:194360/2
920	HWI-ST558:73:B01BVACXX:6:2302:14935:3391/1
921	HWI-ST558:73:B01BVACXX:6:2302:14935:3391/2
922	HWI-ST558:73:B01BVACXX:6:2302:4887:23847/1
923	HWI-ST558:73:B01BVACXX:6:2302:4887:23847/2
924	HWI-ST558:73:B01BVACXX:6:2302:17190:33054/1
925	HWI-ST558:73:B01BVACXX:6:2302:17190:33054/2
926	HWI-ST558:73:B01BVACXX:6:2302:20222:68302/1
927	HWI-ST558:73:B01BVACXX:6:2302:20222:68302/2
928	HWI-ST558:73:B01BVACXX:6:2302:15009:75638/1
929	HWI-ST558:73:B01BVACXX:6:2302:15009:75638/2
930	HWI-ST558:73:B01BVACXX:6:2302:15731:92789/1
931	HWI-ST558:73:B01BVACXX:6:2302:15731:92789/2
932	HWI-ST558:73:B01BVACXX:6:2302:5348:99491/1
933	HWI-ST558:73:B01BVACXX:6:2302:5348:99491/2
934	HWI-ST558:73:B01BVACXX:6:2302:4402:111766/1
935	HWI-ST558:73:B01BVACXX:6:2302:4402:111766/2
936	HWI-ST558:73:B01BVACXX:6:2302:4869:115556/1
937	HWI-ST558:73:B01BVACXX:6:2302:4869:115556/2
938	HWI-ST558:73:B01BVACXX:6:2302:16077:126802/1
939	HWI-ST558:73:B01BVACXX:6:2302:16077:126802/2
940	HWI-ST558:73:B01BVACXX:6:2302:10225:144426/1
941	HWI-ST558:73:B01BVACXX:6:2302:10225:144426/2
942	HWI-ST558:73:B01BVACXX:6:2302:3500:144672/1
943	HWI-ST558:73:B01BVACXX:6:2302:3500:144672/2
944	HWI-ST558:73:B01BVACXX:6:2302:6612:148398/1
945	HWI-ST558:73:B01BVACXX:6:2302:6612:148398/2
946	HWI-ST558:73:B01BVACXX:6:2302:1170:190143/1
947	HWI-ST558:73:B01BVACXX:6:2302:1170:190143/2
948	HWI-ST558:73:B01BVACXX:6:2302:7795:192213/1
949	HWI-ST558:73:B01BVACXX:6:2302:7795:192213/2
950	HWI-ST558:73:B01BVACXX:6:2303:3665:52455/1
951	HWI-ST558:73:B01BVACXX:6:2303:3665:52455/2
952	HWI-ST558:73:B01BVACXX:6:2303:19739:65367/1
953	HWI-ST558:73:B01BVACXX:6:2303:19739:65367/2
954	HWI-ST558:73:B01BVACXX:6:2303:14943:75655/1
955	HWI-ST558:73:B01BVACXX:6:2303:14943:75655/2
956	HWI-ST558:73:B01BVACXX:6:2303:15681:108677/1
957	HWI-ST558:73:B01BVACXX:6:2303:15681:108677/2
958	HWI-ST558:73:B01BVACXX:6:2303:3548:121384/1
959	HWI-ST558:73:B01BVACXX:6:2303:3548:121384/2
960	HWI-ST558:73:B01BVACXX:6:2303:19554:135685/1
961	HWI-ST558:73:B01BVACXX:6:2303:19554:135685/2
962	HWI-ST558:73:B01BVACXX:6:2303:11774:144838/1
963	HWI-ST558:73:B01BVACXX:6:2303:11774:144838/2
964	HWI-ST558:73:B01BVACXX:6:2303:11909:187885/1
965	HWI-ST558:73:B01BVACXX:6:2303:11909:187885/2
966	HWI-ST558:73:B01BVACXX:6:2304:15283:27611/1
967	HWI-ST558:73:B01BVACXX:6:2304:15283:27611/2
968	HWI-ST558:73:B01BVACXX:6:2304:21235:29832/1
969	HWI-ST558:73:B01BVACXX:6:2304:21235:29832/2
970	HWI-ST558:73:B01BVACXX:6:2304:13433:35502/1
971	HWI-ST558:73:B01BVACXX:6:2304:13433:35502/2
972	HWI-ST558:73:B01BVACXX:6:2304:3336:48414/1
973	HWI-ST558:73:B01BVACXX:6:2304:3336:48414/2
974	HWI-ST558:73:B01BVACXX:6:2304:14134:51694/1
975	HWI-ST558:73:B01BVACXX:6:2304:14134:51694/2
976	HWI-ST558:73:B01BVACXX:6:2304:13849:103208/1
977	HWI-ST558:73:B01BVACXX:6:2304:13849:103208/2
978	HWI-ST558:73:B01BVACXX:6:2304:11172:118436/1
979	HWI-ST558:73:B01BVACXX:6:2304:11172:118436/2
980	HWI-ST558:73:B01BVACXX:6:2304:1172:184552/1
981	HWI-ST558:73:B01BVACXX:6:2304:1172:184552/2
982	HWI-ST558:73:B01BVACXX:6:2304:5347:184622/1
983	HWI-ST558:73:B01BVACXX:6:2304:5347:184622/2
984	HWI-ST558:73:B01BVACXX:6:2305:6055:28694/1
985	HWI-ST558:73:B01BVACXX:6:2305:6055:28694/2
986	HWI-ST558:73:B01BVACXX:6:2305:19100:42376/1
987	HWI-ST558:73:B01BVACXX:6:2305:19100:42376/2
988	HWI-ST558:73:B01BVACXX:6:2305:12266:62175/1
989	HWI-ST558:73:B01BVACXX:6:2305:12266:62175/2
990	HWI-ST558:73:B01BVACXX:6:2305:14795:83595/1
991	HWI-ST558:73:B01BVACXX:6:2305:14795:83595/2
992	HWI-ST558:73:B01BVACXX:6:2305:4078:112434/1
993	HWI-ST558:73:B01BVACXX:6:2305:4078:112434/2
994	HWI-ST558:73:B01BVACXX:6:2305:7167:122438/1
995	HWI-ST558:73:B01BVACXX:6:2305:7167:122438/2
996	HWI-ST558:73:B01BVACXX:6:2305:6380:140891/1
997	HWI-ST558:73:B01BVACXX:6:2305:6380:140891/2
998	HWI-ST558:73:B01BVACXX:6:2305:9709:147341/1
999	HWI-ST558:73:B01BVACXX:6:2305:9709:147341/2
1000	HWI-ST558:73:B01BVACXX:6:2305:7696:152317/1
1001	HWI-ST558:73:B01BVACXX:6:2305:7696:152317/2
1002	HWI-ST558:73:B01BVACXX:6:2305:6700:161803/1
1003	HWI-ST558:73:B01BVACXX:6:2305:6700:161803/2
1004	HWI-ST558:73:B01BVACXX:6:2305:3245:179867/1
1005	HWI-ST558:73:B01BVACXX:6:2305:3245:179867/2
1006	HWI-ST558:73:B01BVACXX:6:2306:17600:3930/1
1007	HWI-ST558:73:B01BVACXX:6:2306:17600:3930/2
1008	HWI-ST558:73:B01BVACXX:6:2306:15714:16748/1
1009	HWI-ST558:73:B01BVACXX:6:2306:15714:16748/2
1010	HWI-ST558:73:B01BVACXX:6:2306:3638:23266/1
1011	HWI-ST558:73:B01BVACXX:6:2306:3638:23266/2
1012	HWI-ST558:73:B01BVACXX:6:2306:10791:38426/1
1013	HWI-ST558:73:B01BVACXX:6:2306:10791:38426/2
1014	HWI-ST558:73:B01BVACXX:6:2306:8726:50578/1
1015	HWI-ST558:73:B01BVACXX:6:2306:8726:50578/2
1016	HWI-ST558:73:B01BVACXX:6:2306:5381:59767/1
1017	HWI-ST558:73:B01BVACXX:6:2306:5381:59767/2
1018	HWI-ST558:73:B01BVACXX:6:2306:6379:71501/1
1019	HWI-ST558:73:B01BVACXX:6:2306:6379:71501/2
1020	HWI-ST558:73:B01BVACXX:6:2306:1386:79392/1
1021	HWI-ST558:73:B01BVACXX:6:2306:1386:79392/2
1022	HWI-ST558:73:B01BVACXX:6:2306:13815:96719/1
1023	HWI-ST558:73:B01BVACXX:6:2306:13815:96719/2
1024	HWI-ST558:73:B01BVACXX:6:2306:20939:115624/1
1025	HWI-ST558:73:B01BVACXX:6:2306:20939:115624/2
1026	HWI-ST558:73:B01BVACXX:6:2306:7992:118631/1
1027	HWI-ST558:73:B01BVACXX:6:2306:7992:118631/2
1028	HWI-ST558:73:B01BVACXX:6:2306:12186:124132/1
1029	HWI-ST558:73:B01BVACXX:6:2306:12186:124132/2
1030	HWI-ST558:73:B01BVACXX:6:2306:4917:134475/1
1031	HWI-ST558:73:B01BVACXX:6:2306:4917:134475/2
1032	HWI-ST558:73:B01BVACXX:6:2306:6030:159422/1
1033	HWI-ST558:73:B01BVACXX:6:2306:6030:159422/2
1034	HWI-ST558:73:B01BVACXX:6:2306:8600:161722/1
1035	HWI-ST558:73:B01BVACXX:6:2306:8600:161722/2
1036	HWI-ST558:73:B01BVACXX:6:2306:19045:188853/1
1037	HWI-ST558:73:B01BVACXX:6:2306:19045:188853/2
1038	HWI-ST558:73:B01BVACXX:6:2307:18961:11905/1
1039	HWI-ST558:73:B01BVACXX:6:2307:18961:11905/2
1040	HWI-ST558:73:B01BVACXX:6:2307:8414:12496/1
1041	HWI-ST558:73:B01BVACXX:6:2307:8414:12496/2
1042	HWI-ST558:73:B01BVACXX:6:2307:17525:25780/1
1043	HWI-ST558:73:B01BVACXX:6:2307:17525:25780/2
1044	HWI-ST558:73:B01BVACXX:6:2307:16288:34090/1
1045	HWI-ST558:73:B01BVACXX:6:2307:16288:34090/2
1046	HWI-ST558:73:B01BVACXX:6:2307:5973:38701/1
1047	HWI-ST558:73:B01BVACXX:6:2307:5973:38701/2
1048	HWI-ST558:73:B01BVACXX:6:2307:16983:41673/1
1049	HWI-ST558:73:B01BVACXX:6:2307:16983:41673/2
1050	HWI-ST558:73:B01BVACXX:6:2307:3496:77282/1
1051	HWI-ST558:73:B01BVACXX:6:2307:3496:77282/2
1052	HWI-ST558:73:B01BVACXX:6:2307:8588:103455/1
1053	HWI-ST558:73:B01BVACXX:6:2307:8588:103455/2
1054	HWI-ST558:73:B01BVACXX:6:2307:7866:166426/1
1055	HWI-ST558:73:B01BVACXX:6:2307:7866:166426/2
1056	HWI-ST558:73:B01BVACXX:6:2307:5031:166653/1
1057	HWI-ST558:73:B01BVACXX:6:2307:5031:166653/2
1058	HWI-ST558:73:B01BVACXX:6:2307:19061:181810/1
1059	HWI-ST558:73:B01BVACXX:6:2307:19061:181810/2
1060	HWI-ST558:73:B01BVACXX:6:2307:21232:189180/1
1061	HWI-ST558:73:B01BVACXX:6:2307:21232:189180/2
1062	HWI-ST558:73:B01BVACXX:6:2307:13518:195590/1
1063	HWI-ST558:73:B01BVACXX:6:2307:13518:195590/2
1064	HWI-ST558:73:B01BVACXX:6:2307:2517:196418/1
1065	HWI-ST558:73:B01BVACXX:6:2307:2517:196418/2
1066	HWI-ST558:73:B01BVACXX:6:2308:13647:157997/1
1067	HWI-ST558:73:B01BVACXX:6:2308:13647:157997/2
1068	tru1|Gyrodactylus_truttae_ciruclar_14823_bb_bb
