
MITObim - mitochondrial baiting and iterative mapping
version 1.8
author: Christoph Hahn, (c) 2012-2016

quick option selected! -maf option will be ignored (if given)

Full command run:
/home/478358/src/MITObim/MITObim/MITObim_1.8.pl -end 100 --quick G.sal-der.mt.fasta -readpool let-reads.fastq -ref G.sal.der.mt -sample let --clean --missmatch 2

All paramters seem to make sense:
startiteration: 0
enditeration: 100
sample: let
refname: G.sal.der.mt
readpool: /home/478358/WORKING/GYRO/mt-genomes/3-mt-genomes/multi/let/seed_sal-der/let-reads.fastq
maf: 0
quick: /home/478358/WORKING/GYRO/mt-genomes/3-mt-genomes/multi/let/seed_sal-der/G.sal-der.mt.fasta
paired: 0 (off=0, on=1)
assembly mode: 0 (mapping=0, denovo=1)
verbose: 0 (off=0, on=1)
split: 0 (off=0, on=1)
minimum avg. coverage: 0 (off=0)
clean: 1 (off=0, on=1)
trim reads: 0 (off=0, on=1)
trim overhang: 0 (no=0, yes=1)
platform: solexa
kmer baiting: 31
number of missmatches in mapping assembly: 2
proofreading: off

Starting MITObim 

==============
 ITERATION 0
==============
Oct 30 15:44:41


quick option baits reads from provided reference in iteration 0

fishing readpool using mirabait (k = 31)


running mapping assembly using MIRA

readpool contains 12464 reads
assembly contains 2 contig(s)
min contig length: 14895 bp
max contig length: 14966 bp
avg contig length: 14930 bp
find details on individual contigs in: /home/478358/WORKING/GYRO/mt-genomes/3-mt-genomes/multi/let/seed_sal-der/iteration0/let-G.sal.der.mt_assembly/let-G.sal.der.mt_d_info/let-G.sal.der.mt_info_contigstats.txt

==============
 ITERATION 1
==============
Oct 30 15:45:09


recover backbone by running miraconvert on maf file


fishing readpool using mirabait (k = 31)


running mapping assembly using MIRA

readpool contains 12578 reads
assembly contains 2 contig(s)
min contig length: 14895 bp
max contig length: 14966 bp
avg contig length: 14930 bp
find details on individual contigs in: /home/478358/WORKING/GYRO/mt-genomes/3-mt-genomes/multi/let/seed_sal-der/iteration1/let-G.sal.der.mt_assembly/let-G.sal.der.mt_d_info/let-G.sal.der.mt_info_contigstats.txt

==============
 ITERATION 2
==============
Oct 30 15:45:36


recover backbone by running miraconvert on maf file


fishing readpool using mirabait (k = 31)


running mapping assembly using MIRA

readpool contains 12578 reads
assembly contains 2 contig(s)
min contig length: 14895 bp
max contig length: 14966 bp
avg contig length: 14930 bp
find details on individual contigs in: /home/478358/WORKING/GYRO/mt-genomes/3-mt-genomes/multi/let/seed_sal-der/iteration2/let-G.sal.der.mt_assembly/let-G.sal.der.mt_d_info/let-G.sal.der.mt_info_contigstats.txt

now removing directory iteration0

MITObim has reached a stationary read number after 2 iterations!!

if you found MITObim useful, please cite:
Hahn C, Bachmann L and Chevreux B. (2013) Reconstructing mitochondrial genomes directly from genomic next-generation sequencing reads -
a baiting and iterative mapping approach. Nucl. Acids Res. 41(13):e129. doi: 10.1093/nar/gkt371

Oct 30 15:46:02

removed ‘let-reads.fastq’
