
MITObim - mitochondrial baiting and iterative mapping
version 1.8
author: Christoph Hahn, (c) 2012-2016

quick option selected! -maf option will be ignored (if given)

Full command run:
/home/478358/src/MITObim/MITObim/MITObim_1.8.pl -end 100 --quick /home/478358/WORKING/GYRO/mt-genomes/3-mt-genomes/references/G.derjavinoides.mt.fasta -readpool teu3-reads.fastq -ref Gyrodactylus_derjavinoides -sample teu3 --clean --missmatch 1

All paramters seem to make sense:
startiteration: 0
enditeration: 100
sample: teu3
refname: Gyrodactylus_derjavinoides
readpool: /home/478358/WORKING/GYRO/mt-genomes/3-mt-genomes/multi-pe/teu3/Gyrodactylus_derjavinoides/2-pass-pe/teu3-reads.fastq
maf: 0
quick: /home/478358/WORKING/GYRO/mt-genomes/3-mt-genomes/references/G.derjavinoides.mt.fasta
paired: 0 (off=0, on=1)
assembly mode: 0 (mapping=0, denovo=1)
verbose: 0 (off=0, on=1)
split: 0 (off=0, on=1)
minimum avg. coverage: 0 (off=0)
clean: 1 (off=0, on=1)
trim reads: 0 (off=0, on=1)
trim overhang: 0 (no=0, yes=1)
platform: solexa
kmer baiting: 31
number of missmatches in mapping assembly: 1
proofreading: off

Starting MITObim 

==============
 ITERATION 0
==============
Nov  4 14:36:03


quick option baits reads from provided reference in iteration 0

fishing readpool using mirabait (k = 31)


running mapping assembly using MIRA

readpool contains 12985 reads
assembly contains 1 contig(s)
contig length: 14800

==============
 ITERATION 1
==============
Nov  4 14:36:16


recover backbone by running miraconvert on maf file


fishing readpool using mirabait (k = 31)


running mapping assembly using MIRA

readpool contains 34588 reads
assembly contains 1 contig(s)
contig length: 14817

==============
 ITERATION 2
==============
Nov  4 14:36:36


recover backbone by running miraconvert on maf file


fishing readpool using mirabait (k = 31)


running mapping assembly using MIRA

readpool contains 44100 reads
assembly contains 1 contig(s)
contig length: 14831

now removing directory iteration0

==============
 ITERATION 3
==============
Nov  4 14:36:59


recover backbone by running miraconvert on maf file


fishing readpool using mirabait (k = 31)


running mapping assembly using MIRA

readpool contains 53448 reads
assembly contains 1 contig(s)
contig length: 14831

now removing directory iteration1

==============
 ITERATION 4
==============
Nov  4 14:37:26


recover backbone by running miraconvert on maf file


fishing readpool using mirabait (k = 31)


running mapping assembly using MIRA

readpool contains 62616 reads
assembly contains 1 contig(s)
contig length: 14831

now removing directory iteration2

==============
 ITERATION 5
==============
Nov  4 14:37:57


recover backbone by running miraconvert on maf file


fishing readpool using mirabait (k = 31)


running mapping assembly using MIRA

readpool contains 68684 reads
assembly contains 1 contig(s)
contig length: 14831

now removing directory iteration3

==============
 ITERATION 6
==============
Nov  4 14:38:30


recover backbone by running miraconvert on maf file


fishing readpool using mirabait (k = 31)


running mapping assembly using MIRA

readpool contains 72460 reads
assembly contains 1 contig(s)
contig length: 14831

now removing directory iteration4

==============
 ITERATION 7
==============
Nov  4 14:39:05


recover backbone by running miraconvert on maf file


fishing readpool using mirabait (k = 31)


running mapping assembly using MIRA

readpool contains 77102 reads
assembly contains 1 contig(s)
contig length: 14831

now removing directory iteration5

==============
 ITERATION 8
==============
Nov  4 14:39:41


recover backbone by running miraconvert on maf file


fishing readpool using mirabait (k = 31)


running mapping assembly using MIRA

readpool contains 80869 reads
assembly contains 1 contig(s)
contig length: 14831

now removing directory iteration6

==============
 ITERATION 9
==============
Nov  4 14:40:20


recover backbone by running miraconvert on maf file


fishing readpool using mirabait (k = 31)


running mapping assembly using MIRA

readpool contains 85547 reads
assembly contains 1 contig(s)
contig length: 14829

now removing directory iteration7

==============
 ITERATION 10
==============
Nov  4 14:41:00


recover backbone by running miraconvert on maf file


fishing readpool using mirabait (k = 31)


running mapping assembly using MIRA

readpool contains 88005 reads
assembly contains 1 contig(s)
contig length: 14829

now removing directory iteration8

==============
 ITERATION 11
==============
Nov  4 14:41:41


recover backbone by running miraconvert on maf file


fishing readpool using mirabait (k = 31)


running mapping assembly using MIRA

readpool contains 91281 reads
assembly contains 1 contig(s)
contig length: 14829

now removing directory iteration9

==============
 ITERATION 12
==============
Nov  4 14:42:23


recover backbone by running miraconvert on maf file


fishing readpool using mirabait (k = 31)


running mapping assembly using MIRA

readpool contains 93871 reads
assembly contains 1 contig(s)
contig length: 14829

now removing directory iteration10

==============
 ITERATION 13
==============
Nov  4 14:43:06


recover backbone by running miraconvert on maf file


fishing readpool using mirabait (k = 31)


running mapping assembly using MIRA

readpool contains 97085 reads
assembly contains 1 contig(s)
contig length: 14840

now removing directory iteration11

==============
 ITERATION 14
==============
Nov  4 14:43:49


recover backbone by running miraconvert on maf file


fishing readpool using mirabait (k = 31)


running mapping assembly using MIRA

readpool contains 98588 reads
assembly contains 1 contig(s)
contig length: 14840

now removing directory iteration12

==============
 ITERATION 15
==============
Nov  4 14:44:34


recover backbone by running miraconvert on maf file


fishing readpool using mirabait (k = 31)


running mapping assembly using MIRA

readpool contains 100162 reads
assembly contains 1 contig(s)
contig length: 14840

now removing directory iteration13

==============
 ITERATION 16
==============
Nov  4 14:45:18


recover backbone by running miraconvert on maf file


fishing readpool using mirabait (k = 31)


running mapping assembly using MIRA

readpool contains 101660 reads
assembly contains 1 contig(s)
contig length: 14840

now removing directory iteration14

==============
 ITERATION 17
==============
Nov  4 14:46:04


recover backbone by running miraconvert on maf file


fishing readpool using mirabait (k = 31)


running mapping assembly using MIRA

readpool contains 103000 reads
assembly contains 1 contig(s)
contig length: 14840

now removing directory iteration15

==============
 ITERATION 18
==============
Nov  4 14:46:50


recover backbone by running miraconvert on maf file


fishing readpool using mirabait (k = 31)


running mapping assembly using MIRA

readpool contains 104638 reads
assembly contains 1 contig(s)
contig length: 14840

now removing directory iteration16

==============
 ITERATION 19
==============
Nov  4 14:47:37


recover backbone by running miraconvert on maf file


fishing readpool using mirabait (k = 31)


running mapping assembly using MIRA

readpool contains 105997 reads
assembly contains 1 contig(s)
contig length: 14840

now removing directory iteration17

==============
 ITERATION 20
==============
Nov  4 14:48:24


recover backbone by running miraconvert on maf file


fishing readpool using mirabait (k = 31)


running mapping assembly using MIRA

readpool contains 107606 reads
assembly contains 1 contig(s)
contig length: 14840

now removing directory iteration18

==============
 ITERATION 21
==============
Nov  4 14:49:12


recover backbone by running miraconvert on maf file


fishing readpool using mirabait (k = 31)


running mapping assembly using MIRA

readpool contains 108836 reads
assembly contains 1 contig(s)
contig length: 14840

now removing directory iteration19

==============
 ITERATION 22
==============
Nov  4 14:50:01


recover backbone by running miraconvert on maf file


fishing readpool using mirabait (k = 31)


running mapping assembly using MIRA

readpool contains 110200 reads
assembly contains 1 contig(s)
contig length: 14840

now removing directory iteration20

==============
 ITERATION 23
==============
Nov  4 14:50:50


recover backbone by running miraconvert on maf file


fishing readpool using mirabait (k = 31)


running mapping assembly using MIRA

readpool contains 111290 reads
assembly contains 1 contig(s)
contig length: 14840

now removing directory iteration21

==============
 ITERATION 24
==============
Nov  4 14:51:39


recover backbone by running miraconvert on maf file


fishing readpool using mirabait (k = 31)


running mapping assembly using MIRA

readpool contains 112346 reads
assembly contains 1 contig(s)
contig length: 14840

now removing directory iteration22

==============
 ITERATION 25
==============
Nov  4 14:52:29


recover backbone by running miraconvert on maf file


fishing readpool using mirabait (k = 31)


running mapping assembly using MIRA

readpool contains 113019 reads
assembly contains 1 contig(s)
contig length: 14840

now removing directory iteration23

==============
 ITERATION 26
==============
Nov  4 14:53:20


recover backbone by running miraconvert on maf file


fishing readpool using mirabait (k = 31)


running mapping assembly using MIRA

readpool contains 113751 reads
assembly contains 1 contig(s)
contig length: 14840

now removing directory iteration24

==============
 ITERATION 27
==============
Nov  4 14:54:10


recover backbone by running miraconvert on maf file


fishing readpool using mirabait (k = 31)


running mapping assembly using MIRA

readpool contains 114445 reads
assembly contains 1 contig(s)
contig length: 14840

now removing directory iteration25

==============
 ITERATION 28
==============
Nov  4 14:55:01


recover backbone by running miraconvert on maf file


fishing readpool using mirabait (k = 31)


running mapping assembly using MIRA

readpool contains 115204 reads
assembly contains 1 contig(s)
contig length: 14840

now removing directory iteration26

==============
 ITERATION 29
==============
Nov  4 14:55:52


recover backbone by running miraconvert on maf file


fishing readpool using mirabait (k = 31)


running mapping assembly using MIRA

readpool contains 115954 reads
assembly contains 1 contig(s)
contig length: 14840

now removing directory iteration27

==============
 ITERATION 30
==============
Nov  4 14:56:44


recover backbone by running miraconvert on maf file


fishing readpool using mirabait (k = 31)


running mapping assembly using MIRA

readpool contains 116813 reads
assembly contains 1 contig(s)
contig length: 14840

now removing directory iteration28

==============
 ITERATION 31
==============
Nov  4 14:57:35


recover backbone by running miraconvert on maf file


fishing readpool using mirabait (k = 31)


running mapping assembly using MIRA

readpool contains 117574 reads
assembly contains 1 contig(s)
contig length: 14840

now removing directory iteration29

==============
 ITERATION 32
==============
Nov  4 14:58:28


recover backbone by running miraconvert on maf file


fishing readpool using mirabait (k = 31)


running mapping assembly using MIRA

readpool contains 118423 reads
assembly contains 1 contig(s)
contig length: 14840

now removing directory iteration30

==============
 ITERATION 33
==============
Nov  4 14:59:20


recover backbone by running miraconvert on maf file


fishing readpool using mirabait (k = 31)


running mapping assembly using MIRA

readpool contains 119241 reads
assembly contains 1 contig(s)
contig length: 14840

now removing directory iteration31

==============
 ITERATION 34
==============
Nov  4 15:00:13


recover backbone by running miraconvert on maf file


fishing readpool using mirabait (k = 31)


running mapping assembly using MIRA

readpool contains 119952 reads
assembly contains 1 contig(s)
contig length: 14840

now removing directory iteration32

==============
 ITERATION 35
==============
Nov  4 15:01:06


recover backbone by running miraconvert on maf file


fishing readpool using mirabait (k = 31)


running mapping assembly using MIRA

readpool contains 120707 reads
assembly contains 1 contig(s)
contig length: 14840

now removing directory iteration33

==============
 ITERATION 36
==============
Nov  4 15:02:00


recover backbone by running miraconvert on maf file


fishing readpool using mirabait (k = 31)


running mapping assembly using MIRA

readpool contains 121361 reads
assembly contains 1 contig(s)
contig length: 14840

now removing directory iteration34

==============
 ITERATION 37
==============
Nov  4 15:02:54


recover backbone by running miraconvert on maf file


fishing readpool using mirabait (k = 31)


running mapping assembly using MIRA

readpool contains 122108 reads
assembly contains 1 contig(s)
contig length: 14840

now removing directory iteration35

==============
 ITERATION 38
==============
Nov  4 15:03:48


recover backbone by running miraconvert on maf file


fishing readpool using mirabait (k = 31)


running mapping assembly using MIRA

readpool contains 122710 reads
assembly contains 1 contig(s)
contig length: 14840

now removing directory iteration36

==============
 ITERATION 39
==============
Nov  4 15:04:42


recover backbone by running miraconvert on maf file


fishing readpool using mirabait (k = 31)


running mapping assembly using MIRA

readpool contains 123534 reads
assembly contains 1 contig(s)
contig length: 14840

now removing directory iteration37

==============
 ITERATION 40
==============
Nov  4 15:05:36


recover backbone by running miraconvert on maf file


fishing readpool using mirabait (k = 31)


running mapping assembly using MIRA

readpool contains 123982 reads
assembly contains 1 contig(s)
contig length: 14840

now removing directory iteration38

==============
 ITERATION 41
==============
Nov  4 15:06:32


recover backbone by running miraconvert on maf file


fishing readpool using mirabait (k = 31)


running mapping assembly using MIRA

readpool contains 124829 reads
assembly contains 1 contig(s)
contig length: 14840

now removing directory iteration39

==============
 ITERATION 42
==============
Nov  4 15:07:27


recover backbone by running miraconvert on maf file


fishing readpool using mirabait (k = 31)


running mapping assembly using MIRA

readpool contains 125344 reads
assembly contains 1 contig(s)
contig length: 14840

now removing directory iteration40

==============
 ITERATION 43
==============
Nov  4 15:08:22


recover backbone by running miraconvert on maf file


fishing readpool using mirabait (k = 31)


running mapping assembly using MIRA

readpool contains 125961 reads
assembly contains 1 contig(s)
contig length: 14840

now removing directory iteration41

==============
 ITERATION 44
==============
Nov  4 15:09:18


recover backbone by running miraconvert on maf file


fishing readpool using mirabait (k = 31)


running mapping assembly using MIRA

readpool contains 125937 reads
assembly contains 1 contig(s)
contig length: 14840

now removing directory iteration42

MITObim has reached a stationary read number after 44 iterations!!

if you found MITObim useful, please cite:
Hahn C, Bachmann L and Chevreux B. (2013) Reconstructing mitochondrial genomes directly from genomic next-generation sequencing reads -
a baiting and iterative mapping approach. Nucl. Acids Res. 41(13):e129. doi: 10.1093/nar/gkt371

Nov  4 15:10:13

removed ‘teu3-reads.fastq’
