
MITObim - mitochondrial baiting and iterative mapping
version 1.8
author: Christoph Hahn, (c) 2012-2016

quick option selected! -maf option will be ignored (if given)

Full command run:
/home/478358/src/MITObim/MITObim/MITObim_1.8.pl -end 100 --quick /home/478358/WORKING/GYRO/mt-genomes/3-mt-genomes/references/G.derjavinoides.mt.fasta -readpool tru1-reads.fastq -ref G.derjavinoides.mt -sample tru1 --clean

All paramters seem to make sense:
startiteration: 0
enditeration: 100
sample: tru1
refname: G.derjavinoides.mt
readpool: /home/478358/WORKING/GYRO/mt-genomes/3-mt-genomes/clean/tru1/seed_derjavinoides_pe/tru1-reads.fastq
maf: 0
quick: /home/478358/WORKING/GYRO/mt-genomes/3-mt-genomes/references/G.derjavinoides.mt.fasta
paired: 0 (off=0, on=1)
assembly mode: 0 (mapping=0, denovo=1)
verbose: 0 (off=0, on=1)
split: 0 (off=0, on=1)
minimum avg. coverage: 0 (off=0)
clean: 1 (off=0, on=1)
trim reads: 0 (off=0, on=1)
trim overhang: 0 (no=0, yes=1)
platform: solexa
kmer baiting: 31
number of missmatches in mapping assembly: default (15% of average read length loaded)
proofreading: off

Starting MITObim 

==============
 ITERATION 0
==============
Nov  1 15:46:37


quick option baits reads from provided reference in iteration 0

fishing readpool using mirabait (k = 31)


running mapping assembly using MIRA

readpool contains 2114 reads
assembly contains 1 contig(s)
contig length: 14771

==============
 ITERATION 1
==============
Nov  1 15:47:08


recover backbone by running miraconvert on maf file


fishing readpool using mirabait (k = 31)


running mapping assembly using MIRA

readpool contains 4524 reads
assembly contains 1 contig(s)
contig length: 14772

==============
 ITERATION 2
==============
Nov  1 15:47:38


recover backbone by running miraconvert on maf file


fishing readpool using mirabait (k = 31)


running mapping assembly using MIRA

readpool contains 5859 reads
assembly contains 1 contig(s)
contig length: 14772

now removing directory iteration0

==============
 ITERATION 3
==============
Nov  1 15:48:09


recover backbone by running miraconvert on maf file


fishing readpool using mirabait (k = 31)


running mapping assembly using MIRA

readpool contains 7213 reads
assembly contains 1 contig(s)
contig length: 14773

now removing directory iteration1

==============
 ITERATION 4
==============
Nov  1 15:48:41


recover backbone by running miraconvert on maf file


fishing readpool using mirabait (k = 31)


running mapping assembly using MIRA

readpool contains 7919 reads
assembly contains 1 contig(s)
contig length: 14772

now removing directory iteration2

==============
 ITERATION 5
==============
Nov  1 15:49:13


recover backbone by running miraconvert on maf file


fishing readpool using mirabait (k = 31)


running mapping assembly using MIRA

readpool contains 8402 reads
assembly contains 1 contig(s)
contig length: 14772

now removing directory iteration3

==============
 ITERATION 6
==============
Nov  1 15:49:45


recover backbone by running miraconvert on maf file


fishing readpool using mirabait (k = 31)


running mapping assembly using MIRA

readpool contains 8789 reads
assembly contains 1 contig(s)
contig length: 14770

now removing directory iteration4

==============
 ITERATION 7
==============
Nov  1 15:50:17


recover backbone by running miraconvert on maf file


fishing readpool using mirabait (k = 31)


running mapping assembly using MIRA

readpool contains 9267 reads
assembly contains 1 contig(s)
contig length: 14770

now removing directory iteration5

==============
 ITERATION 8
==============
Nov  1 15:50:49


recover backbone by running miraconvert on maf file


fishing readpool using mirabait (k = 31)


running mapping assembly using MIRA

readpool contains 9742 reads
assembly contains 1 contig(s)
contig length: 14771

now removing directory iteration6

==============
 ITERATION 9
==============
Nov  1 15:51:22


recover backbone by running miraconvert on maf file


fishing readpool using mirabait (k = 31)


running mapping assembly using MIRA

readpool contains 10233 reads
assembly contains 1 contig(s)
contig length: 14771

now removing directory iteration7

==============
 ITERATION 10
==============
Nov  1 15:51:55


recover backbone by running miraconvert on maf file


fishing readpool using mirabait (k = 31)


running mapping assembly using MIRA

readpool contains 10703 reads
assembly contains 1 contig(s)
contig length: 14771

now removing directory iteration8

==============
 ITERATION 11
==============
Nov  1 15:52:28


recover backbone by running miraconvert on maf file


fishing readpool using mirabait (k = 31)


running mapping assembly using MIRA

readpool contains 11172 reads
assembly contains 1 contig(s)
contig length: 14771

now removing directory iteration9

==============
 ITERATION 12
==============
Nov  1 15:53:02


recover backbone by running miraconvert on maf file


fishing readpool using mirabait (k = 31)


running mapping assembly using MIRA

readpool contains 11584 reads
assembly contains 1 contig(s)
contig length: 14771

now removing directory iteration10

==============
 ITERATION 13
==============
Nov  1 15:53:35


recover backbone by running miraconvert on maf file


fishing readpool using mirabait (k = 31)


running mapping assembly using MIRA

readpool contains 12161 reads
assembly contains 1 contig(s)
contig length: 14771

now removing directory iteration11

==============
 ITERATION 14
==============
Nov  1 15:54:09


recover backbone by running miraconvert on maf file


fishing readpool using mirabait (k = 31)


running mapping assembly using MIRA

readpool contains 12664 reads
assembly contains 1 contig(s)
contig length: 14771

now removing directory iteration12

==============
 ITERATION 15
==============
Nov  1 15:54:42


recover backbone by running miraconvert on maf file


fishing readpool using mirabait (k = 31)


running mapping assembly using MIRA

readpool contains 13137 reads
assembly contains 1 contig(s)
contig length: 14771

now removing directory iteration13

==============
 ITERATION 16
==============
Nov  1 15:55:17


recover backbone by running miraconvert on maf file


fishing readpool using mirabait (k = 31)


running mapping assembly using MIRA

readpool contains 13644 reads
assembly contains 1 contig(s)
contig length: 14771

now removing directory iteration14

==============
 ITERATION 17
==============
Nov  1 15:55:52


recover backbone by running miraconvert on maf file


fishing readpool using mirabait (k = 31)


running mapping assembly using MIRA

readpool contains 14126 reads
assembly contains 1 contig(s)
contig length: 14771

now removing directory iteration15

==============
 ITERATION 18
==============
Nov  1 15:56:27


recover backbone by running miraconvert on maf file


fishing readpool using mirabait (k = 31)


running mapping assembly using MIRA

readpool contains 14584 reads
assembly contains 1 contig(s)
contig length: 14771

now removing directory iteration16

==============
 ITERATION 19
==============
Nov  1 15:57:02


recover backbone by running miraconvert on maf file


fishing readpool using mirabait (k = 31)


running mapping assembly using MIRA

readpool contains 15062 reads
assembly contains 1 contig(s)
contig length: 14771

now removing directory iteration17

==============
 ITERATION 20
==============
Nov  1 15:57:37


recover backbone by running miraconvert on maf file


fishing readpool using mirabait (k = 31)


running mapping assembly using MIRA

readpool contains 15494 reads
assembly contains 1 contig(s)
contig length: 14771

now removing directory iteration18

==============
 ITERATION 21
==============
Nov  1 15:58:12


recover backbone by running miraconvert on maf file


fishing readpool using mirabait (k = 31)


running mapping assembly using MIRA

readpool contains 15992 reads
assembly contains 1 contig(s)
contig length: 14771

now removing directory iteration19

==============
 ITERATION 22
==============
Nov  1 15:58:48


recover backbone by running miraconvert on maf file


fishing readpool using mirabait (k = 31)


running mapping assembly using MIRA

readpool contains 16453 reads
assembly contains 1 contig(s)
contig length: 14778

now removing directory iteration20

==============
 ITERATION 23
==============
Nov  1 15:59:23


recover backbone by running miraconvert on maf file


fishing readpool using mirabait (k = 31)


running mapping assembly using MIRA

readpool contains 16834 reads
assembly contains 1 contig(s)
contig length: 14778

now removing directory iteration21

==============
 ITERATION 24
==============
Nov  1 15:59:59


recover backbone by running miraconvert on maf file


fishing readpool using mirabait (k = 31)


running mapping assembly using MIRA

readpool contains 17125 reads
assembly contains 1 contig(s)
contig length: 14778

now removing directory iteration22

==============
 ITERATION 25
==============
Nov  1 16:00:35


recover backbone by running miraconvert on maf file


fishing readpool using mirabait (k = 31)


running mapping assembly using MIRA

readpool contains 17452 reads
assembly contains 1 contig(s)
contig length: 14789

now removing directory iteration23

==============
 ITERATION 26
==============
Nov  1 16:01:11


recover backbone by running miraconvert on maf file


fishing readpool using mirabait (k = 31)


running mapping assembly using MIRA

readpool contains 17581 reads
assembly contains 1 contig(s)
contig length: 14789

now removing directory iteration24

==============
 ITERATION 27
==============
Nov  1 16:01:47


recover backbone by running miraconvert on maf file


fishing readpool using mirabait (k = 31)


running mapping assembly using MIRA

readpool contains 17726 reads
assembly contains 1 contig(s)
contig length: 14789

now removing directory iteration25

==============
 ITERATION 28
==============
Nov  1 16:02:23


recover backbone by running miraconvert on maf file


fishing readpool using mirabait (k = 31)


running mapping assembly using MIRA

readpool contains 17896 reads
assembly contains 1 contig(s)
contig length: 14845

now removing directory iteration26

==============
 ITERATION 29
==============
Nov  1 16:02:59


recover backbone by running miraconvert on maf file


fishing readpool using mirabait (k = 31)


running mapping assembly using MIRA

readpool contains 18061 reads
assembly contains 1 contig(s)
contig length: 14915

now removing directory iteration27

==============
 ITERATION 30
==============
Nov  1 16:03:36


recover backbone by running miraconvert on maf file


fishing readpool using mirabait (k = 31)


running mapping assembly using MIRA

readpool contains 18274 reads
assembly contains 1 contig(s)
contig length: 14985

now removing directory iteration28

==============
 ITERATION 31
==============
Nov  1 16:04:13


recover backbone by running miraconvert on maf file


fishing readpool using mirabait (k = 31)


running mapping assembly using MIRA

readpool contains 18433 reads
assembly contains 1 contig(s)
contig length: 15055

now removing directory iteration29

==============
 ITERATION 32
==============
Nov  1 16:04:49


recover backbone by running miraconvert on maf file


fishing readpool using mirabait (k = 31)


running mapping assembly using MIRA

readpool contains 18615 reads
assembly contains 1 contig(s)
contig length: 15125

now removing directory iteration30

==============
 ITERATION 33
==============
Nov  1 16:05:25


recover backbone by running miraconvert on maf file


fishing readpool using mirabait (k = 31)


running mapping assembly using MIRA

readpool contains 18785 reads
assembly contains 1 contig(s)
contig length: 15195

now removing directory iteration31

==============
 ITERATION 34
==============
Nov  1 16:06:02


recover backbone by running miraconvert on maf file


fishing readpool using mirabait (k = 31)


running mapping assembly using MIRA

readpool contains 18991 reads
assembly contains 1 contig(s)
contig length: 15264

now removing directory iteration32

==============
 ITERATION 35
==============
Nov  1 16:06:39


recover backbone by running miraconvert on maf file


fishing readpool using mirabait (k = 31)


running mapping assembly using MIRA

readpool contains 19154 reads
assembly contains 1 contig(s)
contig length: 15333

now removing directory iteration33

==============
 ITERATION 36
==============
Nov  1 16:07:15


recover backbone by running miraconvert on maf file


fishing readpool using mirabait (k = 31)


running mapping assembly using MIRA

readpool contains 19331 reads
assembly contains 1 contig(s)
contig length: 15403

now removing directory iteration34

==============
 ITERATION 37
==============
Nov  1 16:07:53


recover backbone by running miraconvert on maf file


fishing readpool using mirabait (k = 31)


running mapping assembly using MIRA

readpool contains 19497 reads
assembly contains 1 contig(s)
contig length: 15473

now removing directory iteration35

==============
 ITERATION 38
==============
Nov  1 16:08:30


recover backbone by running miraconvert on maf file


fishing readpool using mirabait (k = 31)


running mapping assembly using MIRA

readpool contains 19709 reads
assembly contains 1 contig(s)
contig length: 15543

now removing directory iteration36

==============
 ITERATION 39
==============
Nov  1 16:09:08


recover backbone by running miraconvert on maf file


fishing readpool using mirabait (k = 31)


running mapping assembly using MIRA

readpool contains 19910 reads
assembly contains 1 contig(s)
contig length: 15612

now removing directory iteration37

==============
 ITERATION 40
==============
Nov  1 16:09:45


recover backbone by running miraconvert on maf file


fishing readpool using mirabait (k = 31)


running mapping assembly using MIRA

readpool contains 20083 reads
assembly contains 1 contig(s)
contig length: 15660

now removing directory iteration38

==============
 ITERATION 41
==============
Nov  1 16:10:23


recover backbone by running miraconvert on maf file


fishing readpool using mirabait (k = 31)


running mapping assembly using MIRA

readpool contains 20083 reads
assembly contains 1 contig(s)
contig length: 15660

now removing directory iteration39

MITObim has reached a stationary read number after 41 iterations!!

if you found MITObim useful, please cite:
Hahn C, Bachmann L and Chevreux B. (2013) Reconstructing mitochondrial genomes directly from genomic next-generation sequencing reads -
a baiting and iterative mapping approach. Nucl. Acids Res. 41(13):e129. doi: 10.1093/nar/gkt371

Nov  1 16:11:00

removed ‘tru1-reads.fastq’
