
MITObim - mitochondrial baiting and iterative mapping
version 1.8
author: Christoph Hahn, (c) 2012-2016

quick option selected! -maf option will be ignored (if given)

Full command run:
/home/478358/src/MITObim/MITObim/MITObim_1.8.pl -end 100 --quick /home/478358/WORKING/GYRO/mt-genomes/3-mt-genomes/references/G.salaris.mt.fasta -readpool teu4-reads.fastq -ref G.salaris.mt -sample teu4 --clean

All paramters seem to make sense:
startiteration: 0
enditeration: 100
sample: teu4
refname: G.salaris.mt
readpool: /home/478358/WORKING/GYRO/mt-genomes/3-mt-genomes/clean/teu4/seed_salaris/teu4-reads.fastq
maf: 0
quick: /home/478358/WORKING/GYRO/mt-genomes/3-mt-genomes/references/G.salaris.mt.fasta
paired: 0 (off=0, on=1)
assembly mode: 0 (mapping=0, denovo=1)
verbose: 0 (off=0, on=1)
split: 0 (off=0, on=1)
minimum avg. coverage: 0 (off=0)
clean: 1 (off=0, on=1)
trim reads: 0 (off=0, on=1)
trim overhang: 0 (no=0, yes=1)
platform: solexa
kmer baiting: 31
number of missmatches in mapping assembly: default (15% of average read length loaded)
proofreading: off

Starting MITObim 

==============
 ITERATION 0
==============
Oct 28 22:23:07


quick option baits reads from provided reference in iteration 0

fishing readpool using mirabait (k = 31)


running mapping assembly using MIRA

readpool contains 4005 reads
assembly contains 1 contig(s)
contig length: 14796

==============
 ITERATION 1
==============
Oct 28 22:23:42


recover backbone by running miraconvert on maf file


fishing readpool using mirabait (k = 31)


running mapping assembly using MIRA

readpool contains 8847 reads
assembly contains 1 contig(s)
contig length: 14787

==============
 ITERATION 2
==============
Oct 28 22:24:21


recover backbone by running miraconvert on maf file


fishing readpool using mirabait (k = 31)


running mapping assembly using MIRA

readpool contains 11311 reads
assembly contains 1 contig(s)
contig length: 14794

now removing directory iteration0

==============
 ITERATION 3
==============
Oct 28 22:24:59


recover backbone by running miraconvert on maf file


fishing readpool using mirabait (k = 31)


running mapping assembly using MIRA

readpool contains 13333 reads
assembly contains 1 contig(s)
contig length: 14794

now removing directory iteration1

==============
 ITERATION 4
==============
Oct 28 22:25:39


recover backbone by running miraconvert on maf file


fishing readpool using mirabait (k = 31)


running mapping assembly using MIRA

readpool contains 15200 reads
assembly contains 1 contig(s)
contig length: 14794

now removing directory iteration2

==============
 ITERATION 5
==============
Oct 28 22:26:20


recover backbone by running miraconvert on maf file


fishing readpool using mirabait (k = 31)


running mapping assembly using MIRA

readpool contains 17176 reads
assembly contains 1 contig(s)
contig length: 14794

now removing directory iteration3

==============
 ITERATION 6
==============
Oct 28 22:27:04


recover backbone by running miraconvert on maf file


fishing readpool using mirabait (k = 31)


running mapping assembly using MIRA

readpool contains 18330 reads
assembly contains 1 contig(s)
contig length: 14794

now removing directory iteration4

==============
 ITERATION 7
==============
Oct 28 22:27:47


recover backbone by running miraconvert on maf file


fishing readpool using mirabait (k = 31)


running mapping assembly using MIRA

readpool contains 19360 reads
assembly contains 1 contig(s)
contig length: 14797

now removing directory iteration5

==============
 ITERATION 8
==============
Oct 28 22:28:32


recover backbone by running miraconvert on maf file


fishing readpool using mirabait (k = 31)


running mapping assembly using MIRA

readpool contains 20344 reads
assembly contains 1 contig(s)
contig length: 14801

now removing directory iteration6

==============
 ITERATION 9
==============
Oct 28 22:29:20


recover backbone by running miraconvert on maf file


fishing readpool using mirabait (k = 31)


running mapping assembly using MIRA

readpool contains 21155 reads
assembly contains 1 contig(s)
contig length: 14832

now removing directory iteration7

==============
 ITERATION 10
==============
Oct 28 22:30:08


recover backbone by running miraconvert on maf file


fishing readpool using mirabait (k = 31)


running mapping assembly using MIRA

readpool contains 21824 reads
assembly contains 1 contig(s)
contig length: 14800

now removing directory iteration8

==============
 ITERATION 11
==============
Oct 28 22:30:54


recover backbone by running miraconvert on maf file


fishing readpool using mirabait (k = 31)


running mapping assembly using MIRA

readpool contains 22427 reads
assembly contains 1 contig(s)
contig length: 14800

now removing directory iteration9

==============
 ITERATION 12
==============
Oct 28 22:31:41


recover backbone by running miraconvert on maf file


fishing readpool using mirabait (k = 31)


running mapping assembly using MIRA

readpool contains 22755 reads
assembly contains 1 contig(s)
contig length: 14800

now removing directory iteration10

==============
 ITERATION 13
==============
Oct 28 22:32:25


recover backbone by running miraconvert on maf file


fishing readpool using mirabait (k = 31)


running mapping assembly using MIRA

readpool contains 23107 reads
assembly contains 1 contig(s)
contig length: 14800

now removing directory iteration11

==============
 ITERATION 14
==============
Oct 28 22:33:11


recover backbone by running miraconvert on maf file


fishing readpool using mirabait (k = 31)


running mapping assembly using MIRA

readpool contains 23455 reads
assembly contains 1 contig(s)
contig length: 14800

now removing directory iteration12

==============
 ITERATION 15
==============
Oct 28 22:33:56


recover backbone by running miraconvert on maf file


fishing readpool using mirabait (k = 31)


running mapping assembly using MIRA

readpool contains 23893 reads
assembly contains 1 contig(s)
contig length: 14946

now removing directory iteration13

==============
 ITERATION 16
==============
Oct 28 22:34:41


recover backbone by running miraconvert on maf file


fishing readpool using mirabait (k = 31)


running mapping assembly using MIRA

readpool contains 24140 reads
assembly contains 1 contig(s)
contig length: 15064

now removing directory iteration14

==============
 ITERATION 17
==============
Oct 28 22:35:28


recover backbone by running miraconvert on maf file


fishing readpool using mirabait (k = 31)


running mapping assembly using MIRA

readpool contains 24141 reads
assembly contains 1 contig(s)
contig length: 15237

now removing directory iteration15

==============
 ITERATION 18
==============
Oct 28 22:36:12


recover backbone by running miraconvert on maf file


fishing readpool using mirabait (k = 31)


running mapping assembly using MIRA

readpool contains 24138 reads
assembly contains 1 contig(s)
contig length: 15239

now removing directory iteration16

MITObim has reached a stationary read number after 18 iterations!!

if you found MITObim useful, please cite:
Hahn C, Bachmann L and Chevreux B. (2013) Reconstructing mitochondrial genomes directly from genomic next-generation sequencing reads -
a baiting and iterative mapping approach. Nucl. Acids Res. 41(13):e129. doi: 10.1093/nar/gkt371

Oct 28 22:36:56

removed ‘teu4-reads.fastq’
