
MITObim - mitochondrial baiting and iterative mapping
version 1.8
author: Christoph Hahn, (c) 2012-2016

quick option selected! -maf option will be ignored (if given)

Full command run:
/home/478358/src/MITObim/MITObim/MITObim_1.8.pl -end 100 --quick /home/478358/WORKING/GYRO/mt-genomes/3-mt-genomes/clean/teu2/seed_salaris/teu2.circular.14789.renamed.fasta -readpool mix-reads.fastq -ref Gyrodactylus_teuchis -sample mix --clean --missmatch 1

All paramters seem to make sense:
startiteration: 0
enditeration: 100
sample: mix
refname: Gyrodactylus_teuchis
readpool: /home/478358/WORKING/GYRO/mt-genomes/3-mt-genomes/multi-pe/mix/Gyrodactylus_teuchis/1-pass-all/mix-reads.fastq
maf: 0
quick: /home/478358/WORKING/GYRO/mt-genomes/3-mt-genomes/clean/teu2/seed_salaris/teu2.circular.14789.renamed.fasta
paired: 0 (off=0, on=1)
assembly mode: 0 (mapping=0, denovo=1)
verbose: 0 (off=0, on=1)
split: 0 (off=0, on=1)
minimum avg. coverage: 0 (off=0)
clean: 1 (off=0, on=1)
trim reads: 0 (off=0, on=1)
trim overhang: 0 (no=0, yes=1)
platform: solexa
kmer baiting: 31
number of missmatches in mapping assembly: 1
proofreading: off

Starting MITObim 

==============
 ITERATION 0
==============
Nov  4 11:53:20


quick option baits reads from provided reference in iteration 0

fishing readpool using mirabait (k = 31)


running mapping assembly using MIRA

readpool contains 38468 reads
assembly contains 1 contig(s)
contig length: 14812

==============
 ITERATION 1
==============
Nov  4 11:55:22


recover backbone by running miraconvert on maf file


fishing readpool using mirabait (k = 31)


running mapping assembly using MIRA

readpool contains 49412 reads
assembly contains 1 contig(s)
contig length: 14891

==============
 ITERATION 2
==============
Nov  4 11:57:28


recover backbone by running miraconvert on maf file


fishing readpool using mirabait (k = 31)


running mapping assembly using MIRA

readpool contains 49771 reads
assembly contains 1 contig(s)
contig length: 14964

now removing directory iteration0

==============
 ITERATION 3
==============
Nov  4 11:59:38


recover backbone by running miraconvert on maf file


fishing readpool using mirabait (k = 31)


running mapping assembly using MIRA

readpool contains 51520 reads
assembly contains 1 contig(s)
contig length: 15010

now removing directory iteration1

==============
 ITERATION 4
==============
Nov  4 12:01:45


recover backbone by running miraconvert on maf file


fishing readpool using mirabait (k = 31)


running mapping assembly using MIRA

readpool contains 50967 reads
assembly contains 1 contig(s)
contig length: 15050

now removing directory iteration2

MITObim has reached a stationary read number after 4 iterations!!

if you found MITObim useful, please cite:
Hahn C, Bachmann L and Chevreux B. (2013) Reconstructing mitochondrial genomes directly from genomic next-generation sequencing reads -
a baiting and iterative mapping approach. Nucl. Acids Res. 41(13):e129. doi: 10.1093/nar/gkt371

Nov  4 12:03:48

removed ‘mix-reads.fastq’
