
MITObim - mitochondrial baiting and iterative mapping
version 1.8
author: Christoph Hahn, (c) 2012-2016

quick option selected! -maf option will be ignored (if given)

Full command run:
/home/478358/src/MITObim/MITObim/MITObim_1.8.pl -end 100 --quick /home/478358/WORKING/GYRO/mt-genomes/3-mt-genomes/clean/tru1/seed_salaris_pe/tru1.circular.14823.renamed.fasta -readpool teu1-reads.fastq -ref Gyrodactylus_truttae -sample teu1 --clean --missmatch 1

All paramters seem to make sense:
startiteration: 0
enditeration: 100
sample: teu1
refname: Gyrodactylus_truttae
readpool: /home/478358/WORKING/GYRO/mt-genomes/3-mt-genomes/multi-pe/teu1/Gyrodactylus_truttae/1-pass-all/teu1-reads.fastq
maf: 0
quick: /home/478358/WORKING/GYRO/mt-genomes/3-mt-genomes/clean/tru1/seed_salaris_pe/tru1.circular.14823.renamed.fasta
paired: 0 (off=0, on=1)
assembly mode: 0 (mapping=0, denovo=1)
verbose: 0 (off=0, on=1)
split: 0 (off=0, on=1)
minimum avg. coverage: 0 (off=0)
clean: 1 (off=0, on=1)
trim reads: 0 (off=0, on=1)
trim overhang: 0 (no=0, yes=1)
platform: solexa
kmer baiting: 31
number of missmatches in mapping assembly: 1
proofreading: off

Starting MITObim 

==============
 ITERATION 0
==============
Nov  4 11:53:45


quick option baits reads from provided reference in iteration 0

fishing readpool using mirabait (k = 31)


running mapping assembly using MIRA

readpool contains 17019 reads
assembly contains 1 contig(s)
contig length: 14910

==============
 ITERATION 1
==============
Nov  4 11:56:26


recover backbone by running miraconvert on maf file


fishing readpool using mirabait (k = 31)


running mapping assembly using MIRA

readpool contains 35137 reads
assembly contains 1 contig(s)
contig length: 14907

==============
 ITERATION 2
==============
Nov  4 11:59:15


recover backbone by running miraconvert on maf file


fishing readpool using mirabait (k = 31)


running mapping assembly using MIRA

readpool contains 45599 reads
assembly contains 1 contig(s)
contig length: 14907

now removing directory iteration0

==============
 ITERATION 3
==============
Nov  4 12:02:08


recover backbone by running miraconvert on maf file


fishing readpool using mirabait (k = 31)


running mapping assembly using MIRA

readpool contains 53185 reads
assembly contains 1 contig(s)
contig length: 14887

now removing directory iteration1

==============
 ITERATION 4
==============
Nov  4 12:05:03


recover backbone by running miraconvert on maf file


fishing readpool using mirabait (k = 31)


running mapping assembly using MIRA

readpool contains 59523 reads
assembly contains 1 contig(s)
contig length: 14890

now removing directory iteration2

==============
 ITERATION 5
==============
Nov  4 12:07:54


recover backbone by running miraconvert on maf file


fishing readpool using mirabait (k = 31)


running mapping assembly using MIRA

readpool contains 68338 reads
assembly contains 1 contig(s)
contig length: 14883

now removing directory iteration3

==============
 ITERATION 6
==============
Nov  4 12:10:48


recover backbone by running miraconvert on maf file


fishing readpool using mirabait (k = 31)


running mapping assembly using MIRA

readpool contains 74187 reads
assembly contains 1 contig(s)
contig length: 14889

now removing directory iteration4

==============
 ITERATION 7
==============
Nov  4 12:13:42


recover backbone by running miraconvert on maf file


fishing readpool using mirabait (k = 31)


running mapping assembly using MIRA

readpool contains 82626 reads
assembly contains 1 contig(s)
contig length: 14882

now removing directory iteration5

==============
 ITERATION 8
==============
Nov  4 12:16:38


recover backbone by running miraconvert on maf file


fishing readpool using mirabait (k = 31)


running mapping assembly using MIRA

readpool contains 89238 reads
assembly contains 1 contig(s)
contig length: 14876

now removing directory iteration6

==============
 ITERATION 9
==============
Nov  4 12:19:37


recover backbone by running miraconvert on maf file


fishing readpool using mirabait (k = 31)


running mapping assembly using MIRA

readpool contains 95659 reads
assembly contains 1 contig(s)
contig length: 14868

now removing directory iteration7

==============
 ITERATION 10
==============
Nov  4 12:22:36


recover backbone by running miraconvert on maf file


fishing readpool using mirabait (k = 31)


running mapping assembly using MIRA

readpool contains 99193 reads
assembly contains 1 contig(s)
contig length: 14873

now removing directory iteration8

==============
 ITERATION 11
==============
Nov  4 12:25:39


recover backbone by running miraconvert on maf file


fishing readpool using mirabait (k = 31)


running mapping assembly using MIRA

readpool contains 105124 reads
assembly contains 1 contig(s)
contig length: 14869

now removing directory iteration9

==============
 ITERATION 12
==============
Nov  4 12:28:44


recover backbone by running miraconvert on maf file


fishing readpool using mirabait (k = 31)


running mapping assembly using MIRA

readpool contains 107955 reads
assembly contains 1 contig(s)
contig length: 14881

now removing directory iteration10

==============
 ITERATION 13
==============
Nov  4 12:31:53


recover backbone by running miraconvert on maf file


fishing readpool using mirabait (k = 31)


running mapping assembly using MIRA

readpool contains 113907 reads
assembly contains 1 contig(s)
contig length: 14876

now removing directory iteration11

==============
 ITERATION 14
==============
Nov  4 12:35:03


recover backbone by running miraconvert on maf file


fishing readpool using mirabait (k = 31)


running mapping assembly using MIRA

readpool contains 116960 reads
assembly contains 1 contig(s)
contig length: 14882

now removing directory iteration12

==============
 ITERATION 15
==============
Nov  4 12:38:12


recover backbone by running miraconvert on maf file


fishing readpool using mirabait (k = 31)


running mapping assembly using MIRA

readpool contains 123736 reads
assembly contains 1 contig(s)
contig length: 14875

now removing directory iteration13

==============
 ITERATION 16
==============
Nov  4 12:41:23


recover backbone by running miraconvert on maf file


fishing readpool using mirabait (k = 31)


running mapping assembly using MIRA

readpool contains 126886 reads
assembly contains 1 contig(s)
contig length: 14881

now removing directory iteration14

==============
 ITERATION 17
==============
Nov  4 12:44:41


recover backbone by running miraconvert on maf file


fishing readpool using mirabait (k = 31)


running mapping assembly using MIRA

readpool contains 131348 reads
assembly contains 1 contig(s)
contig length: 14875

now removing directory iteration15

==============
 ITERATION 18
==============
Nov  4 12:48:03


recover backbone by running miraconvert on maf file


fishing readpool using mirabait (k = 31)


running mapping assembly using MIRA

readpool contains 132248 reads
assembly contains 1 contig(s)
contig length: 14881

now removing directory iteration16

==============
 ITERATION 19
==============
Nov  4 12:51:28


recover backbone by running miraconvert on maf file


fishing readpool using mirabait (k = 31)


running mapping assembly using MIRA

readpool contains 134769 reads
assembly contains 1 contig(s)
contig length: 14872

now removing directory iteration17

==============
 ITERATION 20
==============
Nov  4 12:54:54


recover backbone by running miraconvert on maf file


fishing readpool using mirabait (k = 31)


running mapping assembly using MIRA

readpool contains 135438 reads
assembly contains 1 contig(s)
contig length: 14878

now removing directory iteration18

==============
 ITERATION 21
==============
Nov  4 12:58:20


recover backbone by running miraconvert on maf file


fishing readpool using mirabait (k = 31)


running mapping assembly using MIRA

readpool contains 138592 reads
assembly contains 1 contig(s)
contig length: 14876

now removing directory iteration19

==============
 ITERATION 22
==============
Nov  4 13:01:43


recover backbone by running miraconvert on maf file


fishing readpool using mirabait (k = 31)


running mapping assembly using MIRA

readpool contains 138810 reads
assembly contains 1 contig(s)
contig length: 14882

now removing directory iteration20

==============
 ITERATION 23
==============
Nov  4 13:05:12


recover backbone by running miraconvert on maf file


fishing readpool using mirabait (k = 31)


running mapping assembly using MIRA

readpool contains 141705 reads
assembly contains 1 contig(s)
contig length: 14876

now removing directory iteration21

==============
 ITERATION 24
==============
Nov  4 13:08:42


recover backbone by running miraconvert on maf file


fishing readpool using mirabait (k = 31)


running mapping assembly using MIRA

readpool contains 141260 reads
assembly contains 1 contig(s)
contig length: 14882

now removing directory iteration22

MITObim has reached a stationary read number after 24 iterations!!

if you found MITObim useful, please cite:
Hahn C, Bachmann L and Chevreux B. (2013) Reconstructing mitochondrial genomes directly from genomic next-generation sequencing reads -
a baiting and iterative mapping approach. Nucl. Acids Res. 41(13):e129. doi: 10.1093/nar/gkt371

Nov  4 13:12:11

removed ‘teu1-reads.fastq’
