
MITObim - mitochondrial baiting and iterative mapping
version 1.8
author: Christoph Hahn, (c) 2012-2016

quick option selected! -maf option will be ignored (if given)

Full command run:
/home/478358/src/MITObim/MITObim/MITObim_1.8.pl -end 100 --quick G.der-teu.mt.fasta -readpool teu3-reads.fastq -ref G.der.teu.mt -sample teu3 --clean --missmatch 2

All paramters seem to make sense:
startiteration: 0
enditeration: 100
sample: teu3
refname: G.der.teu.mt
readpool: /home/478358/WORKING/GYRO/mt-genomes/3-mt-genomes/multi/teu3/seed_der-teu_pe/teu3-reads.fastq
maf: 0
quick: /home/478358/WORKING/GYRO/mt-genomes/3-mt-genomes/multi/teu3/seed_der-teu_pe/G.der-teu.mt.fasta
paired: 0 (off=0, on=1)
assembly mode: 0 (mapping=0, denovo=1)
verbose: 0 (off=0, on=1)
split: 0 (off=0, on=1)
minimum avg. coverage: 0 (off=0)
clean: 1 (off=0, on=1)
trim reads: 0 (off=0, on=1)
trim overhang: 0 (no=0, yes=1)
platform: solexa
kmer baiting: 31
number of missmatches in mapping assembly: 2
proofreading: off

Starting MITObim 

==============
 ITERATION 0
==============
Nov  1 10:02:11


quick option baits reads from provided reference in iteration 0

fishing readpool using mirabait (k = 31)


running mapping assembly using MIRA

readpool contains 176547 reads
assembly contains 2 contig(s)
min contig length: 14776 bp
max contig length: 14891 bp
avg contig length: 14834 bp
find details on individual contigs in: /home/478358/WORKING/GYRO/mt-genomes/3-mt-genomes/multi/teu3/seed_der-teu_pe/iteration0/teu3-G.der.teu.mt_assembly/teu3-G.der.teu.mt_d_info/teu3-G.der.teu.mt_info_contigstats.txt

==============
 ITERATION 1
==============
Nov  1 10:06:12


recover backbone by running miraconvert on maf file


fishing readpool using mirabait (k = 31)


running mapping assembly using MIRA

readpool contains 176631 reads
assembly contains 2 contig(s)
min contig length: 14785 bp
max contig length: 14891 bp
avg contig length: 14838 bp
find details on individual contigs in: /home/478358/WORKING/GYRO/mt-genomes/3-mt-genomes/multi/teu3/seed_der-teu_pe/iteration1/teu3-G.der.teu.mt_assembly/teu3-G.der.teu.mt_d_info/teu3-G.der.teu.mt_info_contigstats.txt

==============
 ITERATION 2
==============
Nov  1 10:10:22


recover backbone by running miraconvert on maf file


fishing readpool using mirabait (k = 31)


running mapping assembly using MIRA

readpool contains 176632 reads
assembly contains 2 contig(s)
min contig length: 14785 bp
max contig length: 14891 bp
avg contig length: 14838 bp
find details on individual contigs in: /home/478358/WORKING/GYRO/mt-genomes/3-mt-genomes/multi/teu3/seed_der-teu_pe/iteration2/teu3-G.der.teu.mt_assembly/teu3-G.der.teu.mt_d_info/teu3-G.der.teu.mt_info_contigstats.txt

now removing directory iteration0

==============
 ITERATION 3
==============
Nov  1 10:14:22


recover backbone by running miraconvert on maf file


fishing readpool using mirabait (k = 31)


running mapping assembly using MIRA

readpool contains 176631 reads
assembly contains 2 contig(s)
min contig length: 14785 bp
max contig length: 14891 bp
avg contig length: 14838 bp
find details on individual contigs in: /home/478358/WORKING/GYRO/mt-genomes/3-mt-genomes/multi/teu3/seed_der-teu_pe/iteration3/teu3-G.der.teu.mt_assembly/teu3-G.der.teu.mt_d_info/teu3-G.der.teu.mt_info_contigstats.txt

now removing directory iteration1

MITObim has reached a stationary read number after 3 iterations!!

if you found MITObim useful, please cite:
Hahn C, Bachmann L and Chevreux B. (2013) Reconstructing mitochondrial genomes directly from genomic next-generation sequencing reads -
a baiting and iterative mapping approach. Nucl. Acids Res. 41(13):e129. doi: 10.1093/nar/gkt371

Nov  1 10:18:14

removed ‘teu3-reads.fastq’
