
MITObim - mitochondrial baiting and iterative mapping
version 1.8
author: Christoph Hahn, (c) 2012-2016

quick option selected! -maf option will be ignored (if given)

Full command run:
/home/478358/src/MITObim/MITObim/MITObim_1.8.pl -end 100 --quick /home/478358/WORKING/GYRO/mt-genomes/3-mt-genomes/references/G.salaris.mt.fasta -readpool tru1-reads.fastq -ref G.salaris.mt -sample tru1 --clean

All paramters seem to make sense:
startiteration: 0
enditeration: 100
sample: tru1
refname: G.salaris.mt
readpool: /home/478358/WORKING/GYRO/mt-genomes/3-mt-genomes/clean/tru1/seed_salaris_pe/tru1-reads.fastq
maf: 0
quick: /home/478358/WORKING/GYRO/mt-genomes/3-mt-genomes/references/G.salaris.mt.fasta
paired: 0 (off=0, on=1)
assembly mode: 0 (mapping=0, denovo=1)
verbose: 0 (off=0, on=1)
split: 0 (off=0, on=1)
minimum avg. coverage: 0 (off=0)
clean: 1 (off=0, on=1)
trim reads: 0 (off=0, on=1)
trim overhang: 0 (no=0, yes=1)
platform: solexa
kmer baiting: 31
number of missmatches in mapping assembly: default (15% of average read length loaded)
proofreading: off

Starting MITObim 

==============
 ITERATION 0
==============
Nov  1 15:49:37


quick option baits reads from provided reference in iteration 0

fishing readpool using mirabait (k = 31)


running mapping assembly using MIRA

readpool contains 2419 reads
assembly contains 1 contig(s)
contig length: 14806

==============
 ITERATION 1
==============
Nov  1 15:50:08


recover backbone by running miraconvert on maf file


fishing readpool using mirabait (k = 31)


running mapping assembly using MIRA

readpool contains 4683 reads
assembly contains 1 contig(s)
contig length: 14796

==============
 ITERATION 2
==============
Nov  1 15:50:38


recover backbone by running miraconvert on maf file


fishing readpool using mirabait (k = 31)


running mapping assembly using MIRA

readpool contains 6421 reads
assembly contains 1 contig(s)
contig length: 14796

now removing directory iteration0

==============
 ITERATION 3
==============
Nov  1 15:51:09


recover backbone by running miraconvert on maf file


fishing readpool using mirabait (k = 31)


running mapping assembly using MIRA

readpool contains 7723 reads
assembly contains 1 contig(s)
contig length: 14797

now removing directory iteration1

==============
 ITERATION 4
==============
Nov  1 15:51:40


recover backbone by running miraconvert on maf file


fishing readpool using mirabait (k = 31)


running mapping assembly using MIRA

readpool contains 9082 reads
assembly contains 1 contig(s)
contig length: 14797

now removing directory iteration2

==============
 ITERATION 5
==============
Nov  1 15:52:13


recover backbone by running miraconvert on maf file


fishing readpool using mirabait (k = 31)


running mapping assembly using MIRA

readpool contains 10016 reads
assembly contains 1 contig(s)
contig length: 14797

now removing directory iteration3

==============
 ITERATION 6
==============
Nov  1 15:52:45


recover backbone by running miraconvert on maf file


fishing readpool using mirabait (k = 31)


running mapping assembly using MIRA

readpool contains 11091 reads
assembly contains 1 contig(s)
contig length: 14797

now removing directory iteration4

==============
 ITERATION 7
==============
Nov  1 15:53:18


recover backbone by running miraconvert on maf file


fishing readpool using mirabait (k = 31)


running mapping assembly using MIRA

readpool contains 12093 reads
assembly contains 1 contig(s)
contig length: 14797

now removing directory iteration5

==============
 ITERATION 8
==============
Nov  1 15:53:52


recover backbone by running miraconvert on maf file


fishing readpool using mirabait (k = 31)


running mapping assembly using MIRA

readpool contains 13065 reads
assembly contains 1 contig(s)
contig length: 14797

now removing directory iteration6

==============
 ITERATION 9
==============
Nov  1 15:54:26


recover backbone by running miraconvert on maf file


fishing readpool using mirabait (k = 31)


running mapping assembly using MIRA

readpool contains 13959 reads
assembly contains 1 contig(s)
contig length: 14808

now removing directory iteration7

==============
 ITERATION 10
==============
Nov  1 15:55:00


recover backbone by running miraconvert on maf file


fishing readpool using mirabait (k = 31)


running mapping assembly using MIRA

readpool contains 14581 reads
assembly contains 1 contig(s)
contig length: 14851

now removing directory iteration8

==============
 ITERATION 11
==============
Nov  1 15:55:35


recover backbone by running miraconvert on maf file


fishing readpool using mirabait (k = 31)


running mapping assembly using MIRA

readpool contains 15015 reads
assembly contains 1 contig(s)
contig length: 14921

now removing directory iteration9

==============
 ITERATION 12
==============
Nov  1 15:56:10


recover backbone by running miraconvert on maf file


fishing readpool using mirabait (k = 31)


running mapping assembly using MIRA

readpool contains 15492 reads
assembly contains 1 contig(s)
contig length: 14991

now removing directory iteration10

==============
 ITERATION 13
==============
Nov  1 15:56:46


recover backbone by running miraconvert on maf file


fishing readpool using mirabait (k = 31)


running mapping assembly using MIRA

readpool contains 15978 reads
assembly contains 1 contig(s)
contig length: 15061

now removing directory iteration11

==============
 ITERATION 14
==============
Nov  1 15:57:22


recover backbone by running miraconvert on maf file


fishing readpool using mirabait (k = 31)


running mapping assembly using MIRA

readpool contains 16446 reads
assembly contains 1 contig(s)
contig length: 15127

now removing directory iteration12

==============
 ITERATION 15
==============
Nov  1 15:57:57


recover backbone by running miraconvert on maf file


fishing readpool using mirabait (k = 31)


running mapping assembly using MIRA

readpool contains 16924 reads
assembly contains 1 contig(s)
contig length: 15196

now removing directory iteration13

==============
 ITERATION 16
==============
Nov  1 15:58:33


recover backbone by running miraconvert on maf file


fishing readpool using mirabait (k = 31)


running mapping assembly using MIRA

readpool contains 17412 reads
assembly contains 1 contig(s)
contig length: 15265

now removing directory iteration14

==============
 ITERATION 17
==============
Nov  1 15:59:09


recover backbone by running miraconvert on maf file


fishing readpool using mirabait (k = 31)


running mapping assembly using MIRA

readpool contains 17929 reads
assembly contains 1 contig(s)
contig length: 15334

now removing directory iteration15

==============
 ITERATION 18
==============
Nov  1 15:59:46


recover backbone by running miraconvert on maf file


fishing readpool using mirabait (k = 31)


running mapping assembly using MIRA

readpool contains 18401 reads
assembly contains 1 contig(s)
contig length: 15401

now removing directory iteration16

==============
 ITERATION 19
==============
Nov  1 16:00:22


recover backbone by running miraconvert on maf file


fishing readpool using mirabait (k = 31)


running mapping assembly using MIRA

readpool contains 18767 reads
assembly contains 1 contig(s)
contig length: 15401

now removing directory iteration17

==============
 ITERATION 20
==============
Nov  1 16:00:59


recover backbone by running miraconvert on maf file


fishing readpool using mirabait (k = 31)


running mapping assembly using MIRA

readpool contains 19093 reads
assembly contains 1 contig(s)
contig length: 15401

now removing directory iteration18

==============
 ITERATION 21
==============
Nov  1 16:01:36


recover backbone by running miraconvert on maf file


fishing readpool using mirabait (k = 31)


running mapping assembly using MIRA

readpool contains 19468 reads
assembly contains 1 contig(s)
contig length: 15399

now removing directory iteration19

==============
 ITERATION 22
==============
Nov  1 16:02:13


recover backbone by running miraconvert on maf file


fishing readpool using mirabait (k = 31)


running mapping assembly using MIRA

readpool contains 19590 reads
assembly contains 1 contig(s)
contig length: 15399

now removing directory iteration20

==============
 ITERATION 23
==============
Nov  1 16:02:50


recover backbone by running miraconvert on maf file


fishing readpool using mirabait (k = 31)


running mapping assembly using MIRA

readpool contains 19756 reads
assembly contains 1 contig(s)
contig length: 15399

now removing directory iteration21

==============
 ITERATION 24
==============
Nov  1 16:03:27


recover backbone by running miraconvert on maf file


fishing readpool using mirabait (k = 31)


running mapping assembly using MIRA

readpool contains 19909 reads
assembly contains 1 contig(s)
contig length: 15399

now removing directory iteration22

==============
 ITERATION 25
==============
Nov  1 16:04:04


recover backbone by running miraconvert on maf file


fishing readpool using mirabait (k = 31)


running mapping assembly using MIRA

readpool contains 20052 reads
assembly contains 1 contig(s)
contig length: 15399

now removing directory iteration23

==============
 ITERATION 26
==============
Nov  1 16:04:43


recover backbone by running miraconvert on maf file


fishing readpool using mirabait (k = 31)


running mapping assembly using MIRA

readpool contains 20210 reads
assembly contains 1 contig(s)
contig length: 15400

now removing directory iteration24

==============
 ITERATION 27
==============
Nov  1 16:05:20


recover backbone by running miraconvert on maf file


fishing readpool using mirabait (k = 31)


running mapping assembly using MIRA

readpool contains 20300 reads
assembly contains 1 contig(s)
contig length: 15413

now removing directory iteration25

==============
 ITERATION 28
==============
Nov  1 16:05:57


recover backbone by running miraconvert on maf file


fishing readpool using mirabait (k = 31)


running mapping assembly using MIRA

readpool contains 20310 reads
assembly contains 1 contig(s)
contig length: 15413

now removing directory iteration26

==============
 ITERATION 29
==============
Nov  1 16:06:35


recover backbone by running miraconvert on maf file


fishing readpool using mirabait (k = 31)


running mapping assembly using MIRA

readpool contains 20310 reads
assembly contains 1 contig(s)
contig length: 15413

now removing directory iteration27

MITObim has reached a stationary read number after 29 iterations!!

if you found MITObim useful, please cite:
Hahn C, Bachmann L and Chevreux B. (2013) Reconstructing mitochondrial genomes directly from genomic next-generation sequencing reads -
a baiting and iterative mapping approach. Nucl. Acids Res. 41(13):e129. doi: 10.1093/nar/gkt371

Nov  1 16:07:12

removed ‘tru1-reads.fastq’
