
MITObim - mitochondrial baiting and iterative mapping
version 1.8
author: Christoph Hahn, (c) 2012-2016

quick option selected! -maf option will be ignored (if given)

Full command run:
/home/478358/src/MITObim/MITObim/MITObim_1.8.pl -end 100 --quick /home/478358/WORKING/GYRO/mt-genomes/3-mt-genomes/references/G.derjavinoides.mt.fasta -readpool tru1-reads.fastq -ref G.derjavinoides.mt -sample tru1 --clean

All paramters seem to make sense:
startiteration: 0
enditeration: 100
sample: tru1
refname: G.derjavinoides.mt
readpool: /home/478358/WORKING/GYRO/mt-genomes/3-mt-genomes/clean/tru1/seed_derjavinoides/tru1-reads.fastq
maf: 0
quick: /home/478358/WORKING/GYRO/mt-genomes/3-mt-genomes/references/G.derjavinoides.mt.fasta
paired: 0 (off=0, on=1)
assembly mode: 0 (mapping=0, denovo=1)
verbose: 0 (off=0, on=1)
split: 0 (off=0, on=1)
minimum avg. coverage: 0 (off=0)
clean: 1 (off=0, on=1)
trim reads: 0 (off=0, on=1)
trim overhang: 0 (no=0, yes=1)
platform: solexa
kmer baiting: 31
number of missmatches in mapping assembly: default (15% of average read length loaded)
proofreading: off

Starting MITObim 

==============
 ITERATION 0
==============
Oct 28 22:30:22


quick option baits reads from provided reference in iteration 0

fishing readpool using mirabait (k = 31)


running mapping assembly using MIRA

readpool contains 300 reads
assembly contains 1 contig(s)
contig length: 14775

==============
 ITERATION 1
==============
Oct 28 22:30:32


recover backbone by running miraconvert on maf file


fishing readpool using mirabait (k = 31)


running mapping assembly using MIRA

readpool contains 605 reads
assembly contains 1 contig(s)
contig length: 14770

==============
 ITERATION 2
==============
Oct 28 22:30:42


recover backbone by running miraconvert on maf file


fishing readpool using mirabait (k = 31)


running mapping assembly using MIRA

readpool contains 830 reads
assembly contains 1 contig(s)
contig length: 14777

now removing directory iteration0

==============
 ITERATION 3
==============
Oct 28 22:30:52


recover backbone by running miraconvert on maf file


fishing readpool using mirabait (k = 31)


running mapping assembly using MIRA

readpool contains 956 reads
assembly contains 1 contig(s)
contig length: 14800

now removing directory iteration1

==============
 ITERATION 4
==============
Oct 28 22:31:03


recover backbone by running miraconvert on maf file


fishing readpool using mirabait (k = 31)


running mapping assembly using MIRA

readpool contains 1065 reads
assembly contains 1 contig(s)
contig length: 14800

now removing directory iteration2

==============
 ITERATION 5
==============
Oct 28 22:31:15


recover backbone by running miraconvert on maf file


fishing readpool using mirabait (k = 31)


running mapping assembly using MIRA

readpool contains 1149 reads
assembly contains 1 contig(s)
contig length: 14800

now removing directory iteration3

==============
 ITERATION 6
==============
Oct 28 22:31:25


recover backbone by running miraconvert on maf file


fishing readpool using mirabait (k = 31)


running mapping assembly using MIRA

readpool contains 1227 reads
assembly contains 1 contig(s)
contig length: 14800

now removing directory iteration4

==============
 ITERATION 7
==============
Oct 28 22:31:35


recover backbone by running miraconvert on maf file


fishing readpool using mirabait (k = 31)


running mapping assembly using MIRA

readpool contains 1301 reads
assembly contains 1 contig(s)
contig length: 14800

now removing directory iteration5

==============
 ITERATION 8
==============
Oct 28 22:31:46


recover backbone by running miraconvert on maf file


fishing readpool using mirabait (k = 31)


running mapping assembly using MIRA

readpool contains 1391 reads
assembly contains 1 contig(s)
contig length: 14800

now removing directory iteration6

==============
 ITERATION 9
==============
Oct 28 22:31:57


recover backbone by running miraconvert on maf file


fishing readpool using mirabait (k = 31)


running mapping assembly using MIRA

readpool contains 1507 reads
assembly contains 1 contig(s)
contig length: 14800

now removing directory iteration7

==============
 ITERATION 10
==============
Oct 28 22:32:08


recover backbone by running miraconvert on maf file


fishing readpool using mirabait (k = 31)


running mapping assembly using MIRA

readpool contains 1586 reads
assembly contains 1 contig(s)
contig length: 14800

now removing directory iteration8

==============
 ITERATION 11
==============
Oct 28 22:32:18


recover backbone by running miraconvert on maf file


fishing readpool using mirabait (k = 31)


running mapping assembly using MIRA

readpool contains 1649 reads
assembly contains 1 contig(s)
contig length: 14801

now removing directory iteration9

==============
 ITERATION 12
==============
Oct 28 22:32:29


recover backbone by running miraconvert on maf file


fishing readpool using mirabait (k = 31)


running mapping assembly using MIRA

readpool contains 1742 reads
assembly contains 1 contig(s)
contig length: 14807

now removing directory iteration10

==============
 ITERATION 13
==============
Oct 28 22:32:41


recover backbone by running miraconvert on maf file


fishing readpool using mirabait (k = 31)


running mapping assembly using MIRA

readpool contains 1808 reads
assembly contains 1 contig(s)
contig length: 14807

now removing directory iteration11

==============
 ITERATION 14
==============
Oct 28 22:32:52


recover backbone by running miraconvert on maf file


fishing readpool using mirabait (k = 31)


running mapping assembly using MIRA

readpool contains 1870 reads
assembly contains 1 contig(s)
contig length: 14807

now removing directory iteration12

==============
 ITERATION 15
==============
Oct 28 22:33:03


recover backbone by running miraconvert on maf file


fishing readpool using mirabait (k = 31)


running mapping assembly using MIRA

readpool contains 1920 reads
assembly contains 1 contig(s)
contig length: 14815

now removing directory iteration13

==============
 ITERATION 16
==============
Oct 28 22:33:13


recover backbone by running miraconvert on maf file


fishing readpool using mirabait (k = 31)


running mapping assembly using MIRA

readpool contains 1939 reads
assembly contains 1 contig(s)
contig length: 14815

now removing directory iteration14

==============
 ITERATION 17
==============
Oct 28 22:33:25


recover backbone by running miraconvert on maf file


fishing readpool using mirabait (k = 31)


running mapping assembly using MIRA

readpool contains 1964 reads
assembly contains 1 contig(s)
contig length: 14866

now removing directory iteration15

==============
 ITERATION 18
==============
Oct 28 22:33:36


recover backbone by running miraconvert on maf file


fishing readpool using mirabait (k = 31)


running mapping assembly using MIRA

readpool contains 1997 reads
assembly contains 1 contig(s)
contig length: 15018

now removing directory iteration16

==============
 ITERATION 19
==============
Oct 28 22:33:47


recover backbone by running miraconvert on maf file


fishing readpool using mirabait (k = 31)


running mapping assembly using MIRA

readpool contains 2037 reads
assembly contains 1 contig(s)
contig length: 15169

now removing directory iteration17

==============
 ITERATION 20
==============
Oct 28 22:33:58


recover backbone by running miraconvert on maf file


fishing readpool using mirabait (k = 31)


running mapping assembly using MIRA

readpool contains 2073 reads
assembly contains 1 contig(s)
contig length: 15315

now removing directory iteration18

==============
 ITERATION 21
==============
Oct 28 22:34:09


recover backbone by running miraconvert on maf file


fishing readpool using mirabait (k = 31)


running mapping assembly using MIRA

readpool contains 2118 reads
assembly contains 1 contig(s)
contig length: 15461

now removing directory iteration19

==============
 ITERATION 22
==============
Oct 28 22:34:20


recover backbone by running miraconvert on maf file


fishing readpool using mirabait (k = 31)


running mapping assembly using MIRA

readpool contains 2149 reads
assembly contains 1 contig(s)
contig length: 15563

now removing directory iteration20

==============
 ITERATION 23
==============
Oct 28 22:34:31


recover backbone by running miraconvert on maf file


fishing readpool using mirabait (k = 31)


running mapping assembly using MIRA

readpool contains 2180 reads
assembly contains 1 contig(s)
contig length: 15665

now removing directory iteration21

==============
 ITERATION 24
==============
Oct 28 22:34:42


recover backbone by running miraconvert on maf file


fishing readpool using mirabait (k = 31)


running mapping assembly using MIRA

readpool contains 2214 reads
assembly contains 1 contig(s)
contig length: 15738

now removing directory iteration22

==============
 ITERATION 25
==============
Oct 28 22:34:53


recover backbone by running miraconvert on maf file


fishing readpool using mirabait (k = 31)


running mapping assembly using MIRA

readpool contains 2214 reads
assembly contains 1 contig(s)
contig length: 15823

now removing directory iteration23

MITObim has reached a stationary read number after 25 iterations!!

if you found MITObim useful, please cite:
Hahn C, Bachmann L and Chevreux B. (2013) Reconstructing mitochondrial genomes directly from genomic next-generation sequencing reads -
a baiting and iterative mapping approach. Nucl. Acids Res. 41(13):e129. doi: 10.1093/nar/gkt371

Oct 28 22:35:06

removed ‘tru1-reads.fastq’
