
MITObim - mitochondrial baiting and iterative mapping
version 1.8
author: Christoph Hahn, (c) 2012-2016

quick option selected! -maf option will be ignored (if given)

Full command run:
/home/478358/src/MITObim/MITObim/MITObim_1.8.pl -end 100 --quick /home/478358/WORKING/GYRO/mt-genomes/3-mt-genomes/references/G.salaris.mt.fasta -readpool teu2-reads.fastq -ref G.salaris.mt -sample teu2 --clean

All paramters seem to make sense:
startiteration: 0
enditeration: 100
sample: teu2
refname: G.salaris.mt
readpool: /home/478358/WORKING/GYRO/mt-genomes/3-mt-genomes/clean/teu2/seed_salaris/teu2-reads.fastq
maf: 0
quick: /home/478358/WORKING/GYRO/mt-genomes/3-mt-genomes/references/G.salaris.mt.fasta
paired: 0 (off=0, on=1)
assembly mode: 0 (mapping=0, denovo=1)
verbose: 0 (off=0, on=1)
split: 0 (off=0, on=1)
minimum avg. coverage: 0 (off=0)
clean: 1 (off=0, on=1)
trim reads: 0 (off=0, on=1)
trim overhang: 0 (no=0, yes=1)
platform: solexa
kmer baiting: 31
number of missmatches in mapping assembly: default (15% of average read length loaded)
proofreading: off

Starting MITObim 

==============
 ITERATION 0
==============
Oct 28 22:22:15


quick option baits reads from provided reference in iteration 0

fishing readpool using mirabait (k = 31)


running mapping assembly using MIRA

readpool contains 3770 reads
assembly contains 1 contig(s)
contig length: 14798

==============
 ITERATION 1
==============
Oct 28 22:22:56


recover backbone by running miraconvert on maf file


fishing readpool using mirabait (k = 31)


running mapping assembly using MIRA

readpool contains 8986 reads
assembly contains 1 contig(s)
contig length: 14787

==============
 ITERATION 2
==============
Oct 28 22:23:42


recover backbone by running miraconvert on maf file


fishing readpool using mirabait (k = 31)


running mapping assembly using MIRA

readpool contains 12264 reads
assembly contains 1 contig(s)
contig length: 14794

now removing directory iteration0

==============
 ITERATION 3
==============
Oct 28 22:24:31


recover backbone by running miraconvert on maf file


fishing readpool using mirabait (k = 31)


running mapping assembly using MIRA

readpool contains 14611 reads
assembly contains 1 contig(s)
contig length: 14794

now removing directory iteration1

==============
 ITERATION 4
==============
Oct 28 22:25:25


recover backbone by running miraconvert on maf file


fishing readpool using mirabait (k = 31)


running mapping assembly using MIRA

readpool contains 16585 reads
assembly contains 1 contig(s)
contig length: 14797

now removing directory iteration2

==============
 ITERATION 5
==============
Oct 28 22:26:16


recover backbone by running miraconvert on maf file


fishing readpool using mirabait (k = 31)


running mapping assembly using MIRA

readpool contains 18008 reads
assembly contains 1 contig(s)
contig length: 14791

now removing directory iteration3

==============
 ITERATION 6
==============
Oct 28 22:27:06


recover backbone by running miraconvert on maf file


fishing readpool using mirabait (k = 31)


running mapping assembly using MIRA

readpool contains 19231 reads
assembly contains 1 contig(s)
contig length: 14877

now removing directory iteration4

==============
 ITERATION 7
==============
Oct 28 22:27:57


recover backbone by running miraconvert on maf file


fishing readpool using mirabait (k = 31)


running mapping assembly using MIRA

readpool contains 20388 reads
assembly contains 1 contig(s)
contig length: 15031

now removing directory iteration5

==============
 ITERATION 8
==============
Oct 28 22:28:49


recover backbone by running miraconvert on maf file


fishing readpool using mirabait (k = 31)


running mapping assembly using MIRA

readpool contains 21720 reads
assembly contains 1 contig(s)
contig length: 15187

now removing directory iteration6

==============
 ITERATION 9
==============
Oct 28 22:29:42


recover backbone by running miraconvert on maf file


fishing readpool using mirabait (k = 31)


running mapping assembly using MIRA

readpool contains 22628 reads
assembly contains 1 contig(s)
contig length: 15336

now removing directory iteration7

==============
 ITERATION 10
==============
Oct 28 22:30:32


recover backbone by running miraconvert on maf file


fishing readpool using mirabait (k = 31)


running mapping assembly using MIRA

readpool contains 23227 reads
assembly contains 1 contig(s)
contig length: 15368

now removing directory iteration8

==============
 ITERATION 11
==============
Oct 28 22:31:24


recover backbone by running miraconvert on maf file


fishing readpool using mirabait (k = 31)


running mapping assembly using MIRA

readpool contains 23240 reads
assembly contains 1 contig(s)
contig length: 15368

now removing directory iteration9

==============
 ITERATION 12
==============
Oct 28 22:32:15


recover backbone by running miraconvert on maf file


fishing readpool using mirabait (k = 31)


running mapping assembly using MIRA

readpool contains 23240 reads
assembly contains 1 contig(s)
contig length: 15369

now removing directory iteration10

MITObim has reached a stationary read number after 12 iterations!!

if you found MITObim useful, please cite:
Hahn C, Bachmann L and Chevreux B. (2013) Reconstructing mitochondrial genomes directly from genomic next-generation sequencing reads -
a baiting and iterative mapping approach. Nucl. Acids Res. 41(13):e129. doi: 10.1093/nar/gkt371

Oct 28 22:33:06

removed ‘teu2-reads.fastq’
