
MITObim - mitochondrial baiting and iterative mapping
version 1.8
author: Christoph Hahn, (c) 2012-2016

quick option selected! -maf option will be ignored (if given)

Full command run:
/home/478358/src/MITObim/MITObim/MITObim_1.8.pl -end 100 --quick G.der-teu-sal.mt.fasta -readpool thy1-reads.fastq -ref G.der.teu.sal.mt -sample thy1 --clean --missmatch 2

All paramters seem to make sense:
startiteration: 0
enditeration: 100
sample: thy1
refname: G.der.teu.sal.mt
readpool: /home/478358/WORKING/GYRO/mt-genomes/3-mt-genomes/multi/thy1/seed_der-teu-sal/thy1-reads.fastq
maf: 0
quick: /home/478358/WORKING/GYRO/mt-genomes/3-mt-genomes/multi/thy1/seed_der-teu-sal/G.der-teu-sal.mt.fasta
paired: 0 (off=0, on=1)
assembly mode: 0 (mapping=0, denovo=1)
verbose: 0 (off=0, on=1)
split: 0 (off=0, on=1)
minimum avg. coverage: 0 (off=0)
clean: 1 (off=0, on=1)
trim reads: 0 (off=0, on=1)
trim overhang: 0 (no=0, yes=1)
platform: solexa
kmer baiting: 31
number of missmatches in mapping assembly: 2
proofreading: off

Starting MITObim 

==============
 ITERATION 0
==============
Oct 30 16:18:49


quick option baits reads from provided reference in iteration 0

fishing readpool using mirabait (k = 31)


running mapping assembly using MIRA

readpool contains 22418 reads
assembly contains 3 contig(s)
min contig length: 14764 bp
max contig length: 14957 bp
avg contig length: 14837 bp
find details on individual contigs in: /home/478358/WORKING/GYRO/mt-genomes/3-mt-genomes/multi/thy1/seed_der-teu-sal/iteration0/thy1-G.der.teu.sal.mt_assembly/thy1-G.der.teu.sal.mt_d_info/thy1-G.der.teu.sal.mt_info_contigstats.txt

==============
 ITERATION 1
==============
Oct 30 16:19:42


recover backbone by running miraconvert on maf file


fishing readpool using mirabait (k = 31)


running mapping assembly using MIRA

readpool contains 14706 reads
assembly contains 3 contig(s)
min contig length: 14789 bp
max contig length: 14965 bp
avg contig length: 14887 bp
find details on individual contigs in: /home/478358/WORKING/GYRO/mt-genomes/3-mt-genomes/multi/thy1/seed_der-teu-sal/iteration1/thy1-G.der.teu.sal.mt_assembly/thy1-G.der.teu.sal.mt_d_info/thy1-G.der.teu.sal.mt_info_contigstats.txt

MITObim has reached a stationary read number after 1 iterations!!

if you found MITObim useful, please cite:
Hahn C, Bachmann L and Chevreux B. (2013) Reconstructing mitochondrial genomes directly from genomic next-generation sequencing reads -
a baiting and iterative mapping approach. Nucl. Acids Res. 41(13):e129. doi: 10.1093/nar/gkt371

Oct 30 16:20:35

removed ‘thy1-reads.fastq’
