
MITObim - mitochondrial baiting and iterative mapping
version 1.8
author: Christoph Hahn, (c) 2012-2016

quick option selected! -maf option will be ignored (if given)

Full command run:
/home/478358/src/MITObim/MITObim/MITObim_1.8.pl -end 100 --quick G.der-teu-tru.mt.fasta -readpool mix-reads.fastq -ref G.der.teu.tru.mt -sample mix --clean --missmatch 2

All paramters seem to make sense:
startiteration: 0
enditeration: 100
sample: mix
refname: G.der.teu.tru.mt
readpool: /home/478358/WORKING/GYRO/mt-genomes/3-mt-genomes/multi/mix/seed_der-teu-tru/mix-reads.fastq
maf: 0
quick: /home/478358/WORKING/GYRO/mt-genomes/3-mt-genomes/multi/mix/seed_der-teu-tru/G.der-teu-tru.mt.fasta
paired: 0 (off=0, on=1)
assembly mode: 0 (mapping=0, denovo=1)
verbose: 0 (off=0, on=1)
split: 0 (off=0, on=1)
minimum avg. coverage: 0 (off=0)
clean: 1 (off=0, on=1)
trim reads: 0 (off=0, on=1)
trim overhang: 0 (no=0, yes=1)
platform: solexa
kmer baiting: 31
number of missmatches in mapping assembly: 2
proofreading: off

Starting MITObim 

==============
 ITERATION 0
==============
Nov  1 16:19:37


quick option baits reads from provided reference in iteration 0

fishing readpool using mirabait (k = 31)


running mapping assembly using MIRA

readpool contains 13922 reads
assembly contains 3 contig(s)
min contig length: 14888 bp
max contig length: 14975 bp
avg contig length: 14935 bp
find details on individual contigs in: /home/478358/WORKING/GYRO/mt-genomes/3-mt-genomes/multi/mix/seed_der-teu-tru/iteration0/mix-G.der.teu.tru.mt_assembly/mix-G.der.teu.tru.mt_d_info/mix-G.der.teu.tru.mt_info_contigstats.txt

==============
 ITERATION 1
==============
Nov  1 16:20:19


recover backbone by running miraconvert on maf file


fishing readpool using mirabait (k = 31)


running mapping assembly using MIRA

readpool contains 15074 reads
assembly contains 3 contig(s)
min contig length: 14915 bp
max contig length: 15129 bp
avg contig length: 15036 bp
find details on individual contigs in: /home/478358/WORKING/GYRO/mt-genomes/3-mt-genomes/multi/mix/seed_der-teu-tru/iteration1/mix-G.der.teu.tru.mt_assembly/mix-G.der.teu.tru.mt_d_info/mix-G.der.teu.tru.mt_info_contigstats.txt

==============
 ITERATION 2
==============
Nov  1 16:20:59


recover backbone by running miraconvert on maf file


fishing readpool using mirabait (k = 31)


running mapping assembly using MIRA

readpool contains 15026 reads
assembly contains 3 contig(s)
min contig length: 14915 bp
max contig length: 15129 bp
avg contig length: 15036 bp
find details on individual contigs in: /home/478358/WORKING/GYRO/mt-genomes/3-mt-genomes/multi/mix/seed_der-teu-tru/iteration2/mix-G.der.teu.tru.mt_assembly/mix-G.der.teu.tru.mt_d_info/mix-G.der.teu.tru.mt_info_contigstats.txt

now removing directory iteration0

MITObim has reached a stationary read number after 2 iterations!!

if you found MITObim useful, please cite:
Hahn C, Bachmann L and Chevreux B. (2013) Reconstructing mitochondrial genomes directly from genomic next-generation sequencing reads -
a baiting and iterative mapping approach. Nucl. Acids Res. 41(13):e129. doi: 10.1093/nar/gkt371

Nov  1 16:21:40

removed ‘mix-reads.fastq’
