
MITObim - mitochondrial baiting and iterative mapping
version 1.8
author: Christoph Hahn, (c) 2012-2016

quick option selected! -maf option will be ignored (if given)

Full command run:
/home/478358/src/MITObim/MITObim/MITObim_1.8.pl -end 100 --quick /home/478358/WORKING/GYRO/mt-genomes/3-mt-genomes/references/G.salaris.mt.fasta -readpool sal-reads.fastq -ref G.salaris.mt -sample sal --clean

All paramters seem to make sense:
startiteration: 0
enditeration: 100
sample: sal
refname: G.salaris.mt
readpool: /home/478358/WORKING/GYRO/mt-genomes/3-mt-genomes/clean/sal/seed_salaris/sal-reads.fastq
maf: 0
quick: /home/478358/WORKING/GYRO/mt-genomes/3-mt-genomes/references/G.salaris.mt.fasta
paired: 0 (off=0, on=1)
assembly mode: 0 (mapping=0, denovo=1)
verbose: 0 (off=0, on=1)
split: 0 (off=0, on=1)
minimum avg. coverage: 0 (off=0)
clean: 1 (off=0, on=1)
trim reads: 0 (off=0, on=1)
trim overhang: 0 (no=0, yes=1)
platform: solexa
kmer baiting: 31
number of missmatches in mapping assembly: default (15% of average read length loaded)
proofreading: off

Starting MITObim 

==============
 ITERATION 0
==============
Oct 28 22:21:44


quick option baits reads from provided reference in iteration 0

fishing readpool using mirabait (k = 31)


running mapping assembly using MIRA

readpool contains 100158 reads
assembly contains 1 contig(s)
contig length: 14964

==============
 ITERATION 1
==============
Oct 28 22:24:05


recover backbone by running miraconvert on maf file


fishing readpool using mirabait (k = 31)


running mapping assembly using MIRA

readpool contains 101738 reads
assembly contains 1 contig(s)
contig length: 15144

==============
 ITERATION 2
==============
Oct 28 22:26:57


recover backbone by running miraconvert on maf file


fishing readpool using mirabait (k = 31)


running mapping assembly using MIRA

readpool contains 101750 reads
assembly contains 1 contig(s)
contig length: 15264

now removing directory iteration0

==============
 ITERATION 3
==============
Oct 28 22:29:36


recover backbone by running miraconvert on maf file


fishing readpool using mirabait (k = 31)


running mapping assembly using MIRA

readpool contains 101760 reads
assembly contains 1 contig(s)
contig length: 15330

now removing directory iteration1

==============
 ITERATION 4
==============
Oct 28 22:32:09


recover backbone by running miraconvert on maf file


fishing readpool using mirabait (k = 31)


running mapping assembly using MIRA

readpool contains 101761 reads
assembly contains 1 contig(s)
contig length: 15330

now removing directory iteration2

==============
 ITERATION 5
==============
Oct 28 22:34:41


recover backbone by running miraconvert on maf file


fishing readpool using mirabait (k = 31)


running mapping assembly using MIRA

readpool contains 101761 reads
assembly contains 1 contig(s)
contig length: 15330

now removing directory iteration3

MITObim has reached a stationary read number after 5 iterations!!

if you found MITObim useful, please cite:
Hahn C, Bachmann L and Chevreux B. (2013) Reconstructing mitochondrial genomes directly from genomic next-generation sequencing reads -
a baiting and iterative mapping approach. Nucl. Acids Res. 41(13):e129. doi: 10.1093/nar/gkt371

Oct 28 22:37:11

removed ‘sal-reads.fastq’
