
MITObim - mitochondrial baiting and iterative mapping
version 1.8
author: Christoph Hahn, (c) 2012-2016

quick option selected! -maf option will be ignored (if given)

Full command run:
/home/478358/src/MITObim/MITObim/MITObim_1.8.pl -end 100 --quick /home/478358/WORKING/GYRO/mt-genomes/3-mt-genomes/references/G.derjavinoides.mt.fasta -readpool teu4-reads.fastq -ref G.derjavinoides.mt -sample teu4 --clean

All paramters seem to make sense:
startiteration: 0
enditeration: 100
sample: teu4
refname: G.derjavinoides.mt
readpool: /home/478358/WORKING/GYRO/mt-genomes/3-mt-genomes/clean/teu4/seed_derjavinoides/teu4-reads.fastq
maf: 0
quick: /home/478358/WORKING/GYRO/mt-genomes/3-mt-genomes/references/G.derjavinoides.mt.fasta
paired: 0 (off=0, on=1)
assembly mode: 0 (mapping=0, denovo=1)
verbose: 0 (off=0, on=1)
split: 0 (off=0, on=1)
minimum avg. coverage: 0 (off=0)
clean: 1 (off=0, on=1)
trim reads: 0 (off=0, on=1)
trim overhang: 0 (no=0, yes=1)
platform: solexa
kmer baiting: 31
number of missmatches in mapping assembly: default (15% of average read length loaded)
proofreading: off

Starting MITObim 

==============
 ITERATION 0
==============
Oct 28 22:27:26


quick option baits reads from provided reference in iteration 0

fishing readpool using mirabait (k = 31)


running mapping assembly using MIRA

readpool contains 3579 reads
assembly contains 1 contig(s)
contig length: 14764

==============
 ITERATION 1
==============
Oct 28 22:27:58


recover backbone by running miraconvert on maf file


fishing readpool using mirabait (k = 31)


running mapping assembly using MIRA

readpool contains 7927 reads
assembly contains 1 contig(s)
contig length: 14787

==============
 ITERATION 2
==============
Oct 28 22:28:33


recover backbone by running miraconvert on maf file


fishing readpool using mirabait (k = 31)


running mapping assembly using MIRA

readpool contains 10511 reads
assembly contains 1 contig(s)
contig length: 14788

now removing directory iteration0

==============
 ITERATION 3
==============
Oct 28 22:29:13


recover backbone by running miraconvert on maf file


fishing readpool using mirabait (k = 31)


running mapping assembly using MIRA

readpool contains 11829 reads
assembly contains 1 contig(s)
contig length: 14788

now removing directory iteration1

==============
 ITERATION 4
==============
Oct 28 22:29:50


recover backbone by running miraconvert on maf file


fishing readpool using mirabait (k = 31)


running mapping assembly using MIRA

readpool contains 13545 reads
assembly contains 1 contig(s)
contig length: 14786

now removing directory iteration2

==============
 ITERATION 5
==============
Oct 28 22:30:29


recover backbone by running miraconvert on maf file


fishing readpool using mirabait (k = 31)


running mapping assembly using MIRA

readpool contains 14716 reads
assembly contains 1 contig(s)
contig length: 14786

now removing directory iteration3

==============
 ITERATION 6
==============
Oct 28 22:31:07


recover backbone by running miraconvert on maf file


fishing readpool using mirabait (k = 31)


running mapping assembly using MIRA

readpool contains 15817 reads
assembly contains 1 contig(s)
contig length: 14786

now removing directory iteration4

==============
 ITERATION 7
==============
Oct 28 22:31:47


recover backbone by running miraconvert on maf file


fishing readpool using mirabait (k = 31)


running mapping assembly using MIRA

readpool contains 16868 reads
assembly contains 1 contig(s)
contig length: 14797

now removing directory iteration5

==============
 ITERATION 8
==============
Oct 28 22:32:26


recover backbone by running miraconvert on maf file


fishing readpool using mirabait (k = 31)


running mapping assembly using MIRA

readpool contains 17633 reads
assembly contains 1 contig(s)
contig length: 14797

now removing directory iteration6

==============
 ITERATION 9
==============
Oct 28 22:33:07


recover backbone by running miraconvert on maf file


fishing readpool using mirabait (k = 31)


running mapping assembly using MIRA

readpool contains 18385 reads
assembly contains 1 contig(s)
contig length: 14797

now removing directory iteration7

==============
 ITERATION 10
==============
Oct 28 22:33:49


recover backbone by running miraconvert on maf file


fishing readpool using mirabait (k = 31)


running mapping assembly using MIRA

readpool contains 19022 reads
assembly contains 1 contig(s)
contig length: 14797

now removing directory iteration8

==============
 ITERATION 11
==============
Oct 28 22:34:31


recover backbone by running miraconvert on maf file


fishing readpool using mirabait (k = 31)


running mapping assembly using MIRA

readpool contains 20059 reads
assembly contains 1 contig(s)
contig length: 14797

now removing directory iteration9

==============
 ITERATION 12
==============
Oct 28 22:35:13


recover backbone by running miraconvert on maf file


fishing readpool using mirabait (k = 31)


running mapping assembly using MIRA

readpool contains 20808 reads
assembly contains 1 contig(s)
contig length: 14801

now removing directory iteration10

==============
 ITERATION 13
==============
Oct 28 22:35:56


recover backbone by running miraconvert on maf file


fishing readpool using mirabait (k = 31)


running mapping assembly using MIRA

readpool contains 21199 reads
assembly contains 1 contig(s)
contig length: 14801

now removing directory iteration11

==============
 ITERATION 14
==============
Oct 28 22:36:37


recover backbone by running miraconvert on maf file


fishing readpool using mirabait (k = 31)


running mapping assembly using MIRA

readpool contains 21609 reads
assembly contains 1 contig(s)
contig length: 14879

now removing directory iteration12

==============
 ITERATION 15
==============
Oct 28 22:37:19


recover backbone by running miraconvert on maf file


fishing readpool using mirabait (k = 31)


running mapping assembly using MIRA

readpool contains 22047 reads
assembly contains 1 contig(s)
contig length: 15032

now removing directory iteration13

==============
 ITERATION 16
==============
Oct 28 22:38:00


recover backbone by running miraconvert on maf file


fishing readpool using mirabait (k = 31)


running mapping assembly using MIRA

readpool contains 22466 reads
assembly contains 1 contig(s)
contig length: 15189

now removing directory iteration14

==============
 ITERATION 17
==============
Oct 28 22:38:42


recover backbone by running miraconvert on maf file


fishing readpool using mirabait (k = 31)


running mapping assembly using MIRA

readpool contains 22861 reads
assembly contains 1 contig(s)
contig length: 15345

now removing directory iteration15

==============
 ITERATION 18
==============
Oct 28 22:39:25


recover backbone by running miraconvert on maf file


fishing readpool using mirabait (k = 31)


running mapping assembly using MIRA

readpool contains 23295 reads
assembly contains 1 contig(s)
contig length: 15501

now removing directory iteration16

==============
 ITERATION 19
==============
Oct 28 22:40:08


recover backbone by running miraconvert on maf file


fishing readpool using mirabait (k = 31)


running mapping assembly using MIRA

readpool contains 23752 reads
assembly contains 1 contig(s)
contig length: 15649

now removing directory iteration17

==============
 ITERATION 20
==============
Oct 28 22:40:51


recover backbone by running miraconvert on maf file


fishing readpool using mirabait (k = 31)


running mapping assembly using MIRA

readpool contains 24125 reads
assembly contains 1 contig(s)
contig length: 15771

now removing directory iteration18

==============
 ITERATION 21
==============
Oct 28 22:41:35


recover backbone by running miraconvert on maf file


fishing readpool using mirabait (k = 31)


running mapping assembly using MIRA

readpool contains 24139 reads
assembly contains 1 contig(s)
contig length: 15771

now removing directory iteration19

==============
 ITERATION 22
==============
Oct 28 22:42:18


recover backbone by running miraconvert on maf file


fishing readpool using mirabait (k = 31)


running mapping assembly using MIRA

readpool contains 24139 reads
assembly contains 1 contig(s)
contig length: 15771

now removing directory iteration20

MITObim has reached a stationary read number after 22 iterations!!

if you found MITObim useful, please cite:
Hahn C, Bachmann L and Chevreux B. (2013) Reconstructing mitochondrial genomes directly from genomic next-generation sequencing reads -
a baiting and iterative mapping approach. Nucl. Acids Res. 41(13):e129. doi: 10.1093/nar/gkt371

Oct 28 22:43:01

removed ‘teu4-reads.fastq’
