
MITObim - mitochondrial baiting and iterative mapping
version 1.8
author: Christoph Hahn, (c) 2012-2016

quick option selected! -maf option will be ignored (if given)

Full command run:
/home/478358/src/MITObim/MITObim/MITObim_1.8.pl -end 100 --quick /home/478358/WORKING/GYRO/mt-genomes/3-mt-genomes/references/G.salaris.mt.fasta -readpool tru1-reads.fastq -ref G.salaris.mt -sample tru1 --clean

All paramters seem to make sense:
startiteration: 0
enditeration: 100
sample: tru1
refname: G.salaris.mt
readpool: /home/478358/WORKING/GYRO/mt-genomes/3-mt-genomes/clean/tru1/seed_salaris/tru1-reads.fastq
maf: 0
quick: /home/478358/WORKING/GYRO/mt-genomes/3-mt-genomes/references/G.salaris.mt.fasta
paired: 0 (off=0, on=1)
assembly mode: 0 (mapping=0, denovo=1)
verbose: 0 (off=0, on=1)
split: 0 (off=0, on=1)
minimum avg. coverage: 0 (off=0)
clean: 1 (off=0, on=1)
trim reads: 0 (off=0, on=1)
trim overhang: 0 (no=0, yes=1)
platform: solexa
kmer baiting: 31
number of missmatches in mapping assembly: default (15% of average read length loaded)
proofreading: off

Starting MITObim 

==============
 ITERATION 0
==============
Oct 28 22:29:15


quick option baits reads from provided reference in iteration 0

fishing readpool using mirabait (k = 31)


running mapping assembly using MIRA

readpool contains 360 reads
assembly contains 1 contig(s)
contig length: 14811

==============
 ITERATION 1
==============
Oct 28 22:29:25


recover backbone by running miraconvert on maf file


fishing readpool using mirabait (k = 31)


running mapping assembly using MIRA

readpool contains 681 reads
assembly contains 1 contig(s)
contig length: 14807

==============
 ITERATION 2
==============
Oct 28 22:29:36


recover backbone by running miraconvert on maf file


fishing readpool using mirabait (k = 31)


running mapping assembly using MIRA

readpool contains 979 reads
assembly contains 1 contig(s)
contig length: 14800

now removing directory iteration0

==============
 ITERATION 3
==============
Oct 28 22:29:46


recover backbone by running miraconvert on maf file


fishing readpool using mirabait (k = 31)


running mapping assembly using MIRA

readpool contains 1164 reads
assembly contains 1 contig(s)
contig length: 14800

now removing directory iteration1

==============
 ITERATION 4
==============
Oct 28 22:29:56


recover backbone by running miraconvert on maf file


fishing readpool using mirabait (k = 31)


running mapping assembly using MIRA

readpool contains 1326 reads
assembly contains 1 contig(s)
contig length: 14797

now removing directory iteration2

==============
 ITERATION 5
==============
Oct 28 22:30:07


recover backbone by running miraconvert on maf file


fishing readpool using mirabait (k = 31)


running mapping assembly using MIRA

readpool contains 1452 reads
assembly contains 1 contig(s)
contig length: 14812

now removing directory iteration3

==============
 ITERATION 6
==============
Oct 28 22:30:17


recover backbone by running miraconvert on maf file


fishing readpool using mirabait (k = 31)


running mapping assembly using MIRA

readpool contains 1572 reads
assembly contains 1 contig(s)
contig length: 14811

now removing directory iteration4

==============
 ITERATION 7
==============
Oct 28 22:30:28


recover backbone by running miraconvert on maf file


fishing readpool using mirabait (k = 31)


running mapping assembly using MIRA

readpool contains 1684 reads
assembly contains 1 contig(s)
contig length: 14964

now removing directory iteration5

==============
 ITERATION 8
==============
Oct 28 22:30:39


recover backbone by running miraconvert on maf file


fishing readpool using mirabait (k = 31)


running mapping assembly using MIRA

readpool contains 1770 reads
assembly contains 1 contig(s)
contig length: 15088

now removing directory iteration6

==============
 ITERATION 9
==============
Oct 28 22:30:51


recover backbone by running miraconvert on maf file


fishing readpool using mirabait (k = 31)


running mapping assembly using MIRA

readpool contains 1828 reads
assembly contains 1 contig(s)
contig length: 15231

now removing directory iteration7

==============
 ITERATION 10
==============
Oct 28 22:31:03


recover backbone by running miraconvert on maf file


fishing readpool using mirabait (k = 31)


running mapping assembly using MIRA

readpool contains 1901 reads
assembly contains 1 contig(s)
contig length: 15347

now removing directory iteration8

==============
 ITERATION 11
==============
Oct 28 22:31:16


recover backbone by running miraconvert on maf file


fishing readpool using mirabait (k = 31)


running mapping assembly using MIRA

readpool contains 1969 reads
assembly contains 1 contig(s)
contig length: 15454

now removing directory iteration9

==============
 ITERATION 12
==============
Oct 28 22:31:27


recover backbone by running miraconvert on maf file


fishing readpool using mirabait (k = 31)


running mapping assembly using MIRA

readpool contains 2029 reads
assembly contains 1 contig(s)
contig length: 15454

now removing directory iteration10

==============
 ITERATION 13
==============
Oct 28 22:31:39


recover backbone by running miraconvert on maf file


fishing readpool using mirabait (k = 31)


running mapping assembly using MIRA

readpool contains 2053 reads
assembly contains 1 contig(s)
contig length: 15443

now removing directory iteration11

==============
 ITERATION 14
==============
Oct 28 22:31:50


recover backbone by running miraconvert on maf file


fishing readpool using mirabait (k = 31)


running mapping assembly using MIRA

readpool contains 2063 reads
assembly contains 1 contig(s)
contig length: 15444

now removing directory iteration12

==============
 ITERATION 15
==============
Oct 28 22:32:02


recover backbone by running miraconvert on maf file


fishing readpool using mirabait (k = 31)


running mapping assembly using MIRA

readpool contains 2080 reads
assembly contains 1 contig(s)
contig length: 15444

now removing directory iteration13

==============
 ITERATION 16
==============
Oct 28 22:32:14


recover backbone by running miraconvert on maf file


fishing readpool using mirabait (k = 31)


running mapping assembly using MIRA

readpool contains 2093 reads
assembly contains 1 contig(s)
contig length: 15444

now removing directory iteration14

==============
 ITERATION 17
==============
Oct 28 22:32:25


recover backbone by running miraconvert on maf file


fishing readpool using mirabait (k = 31)


running mapping assembly using MIRA

readpool contains 2102 reads
assembly contains 1 contig(s)
contig length: 15444

now removing directory iteration15

==============
 ITERATION 18
==============
Oct 28 22:32:38


recover backbone by running miraconvert on maf file


fishing readpool using mirabait (k = 31)


running mapping assembly using MIRA

readpool contains 2114 reads
assembly contains 1 contig(s)
contig length: 15444

now removing directory iteration16

==============
 ITERATION 19
==============
Oct 28 22:32:49


recover backbone by running miraconvert on maf file


fishing readpool using mirabait (k = 31)


running mapping assembly using MIRA

readpool contains 2127 reads
assembly contains 1 contig(s)
contig length: 15444

now removing directory iteration17

==============
 ITERATION 20
==============
Oct 28 22:33:01


recover backbone by running miraconvert on maf file


fishing readpool using mirabait (k = 31)


running mapping assembly using MIRA

readpool contains 2150 reads
assembly contains 1 contig(s)
contig length: 15444

now removing directory iteration18

==============
 ITERATION 21
==============
Oct 28 22:33:13


recover backbone by running miraconvert on maf file


fishing readpool using mirabait (k = 31)


running mapping assembly using MIRA

readpool contains 2158 reads
assembly contains 1 contig(s)
contig length: 15444

now removing directory iteration19

==============
 ITERATION 22
==============
Oct 28 22:33:26


recover backbone by running miraconvert on maf file


fishing readpool using mirabait (k = 31)


running mapping assembly using MIRA

readpool contains 2166 reads
assembly contains 1 contig(s)
contig length: 15444

now removing directory iteration20

==============
 ITERATION 23
==============
Oct 28 22:33:37


recover backbone by running miraconvert on maf file


fishing readpool using mirabait (k = 31)


running mapping assembly using MIRA

readpool contains 2177 reads
assembly contains 1 contig(s)
contig length: 15444

now removing directory iteration21

==============
 ITERATION 24
==============
Oct 28 22:33:48


recover backbone by running miraconvert on maf file


fishing readpool using mirabait (k = 31)


running mapping assembly using MIRA

readpool contains 2195 reads
assembly contains 1 contig(s)
contig length: 15444

now removing directory iteration22

==============
 ITERATION 25
==============
Oct 28 22:34:00


recover backbone by running miraconvert on maf file


fishing readpool using mirabait (k = 31)


running mapping assembly using MIRA

readpool contains 2208 reads
assembly contains 1 contig(s)
contig length: 15444

now removing directory iteration23

==============
 ITERATION 26
==============
Oct 28 22:34:11


recover backbone by running miraconvert on maf file


fishing readpool using mirabait (k = 31)


running mapping assembly using MIRA

readpool contains 2211 reads
assembly contains 1 contig(s)
contig length: 15444

now removing directory iteration24

==============
 ITERATION 27
==============
Oct 28 22:34:23


recover backbone by running miraconvert on maf file


fishing readpool using mirabait (k = 31)


running mapping assembly using MIRA

readpool contains 2215 reads
assembly contains 1 contig(s)
contig length: 15444

now removing directory iteration25

==============
 ITERATION 28
==============
Oct 28 22:34:34


recover backbone by running miraconvert on maf file


fishing readpool using mirabait (k = 31)


running mapping assembly using MIRA

readpool contains 2223 reads
assembly contains 1 contig(s)
contig length: 15444

now removing directory iteration26

==============
 ITERATION 29
==============
Oct 28 22:34:46


recover backbone by running miraconvert on maf file


fishing readpool using mirabait (k = 31)


running mapping assembly using MIRA

readpool contains 2225 reads
assembly contains 1 contig(s)
contig length: 15444

now removing directory iteration27

==============
 ITERATION 30
==============
Oct 28 22:34:57


recover backbone by running miraconvert on maf file


fishing readpool using mirabait (k = 31)


running mapping assembly using MIRA

readpool contains 2232 reads
assembly contains 1 contig(s)
contig length: 15445

now removing directory iteration28

==============
 ITERATION 31
==============
Oct 28 22:35:10


recover backbone by running miraconvert on maf file


fishing readpool using mirabait (k = 31)


running mapping assembly using MIRA

readpool contains 2238 reads
assembly contains 1 contig(s)
contig length: 15453

now removing directory iteration29

==============
 ITERATION 32
==============
Oct 28 22:35:22


recover backbone by running miraconvert on maf file


fishing readpool using mirabait (k = 31)


running mapping assembly using MIRA

readpool contains 2240 reads
assembly contains 1 contig(s)
contig length: 15450

now removing directory iteration30

==============
 ITERATION 33
==============
Oct 28 22:35:33


recover backbone by running miraconvert on maf file


fishing readpool using mirabait (k = 31)


running mapping assembly using MIRA

readpool contains 2240 reads
assembly contains 1 contig(s)
contig length: 15456

now removing directory iteration31

MITObim has reached a stationary read number after 33 iterations!!

if you found MITObim useful, please cite:
Hahn C, Bachmann L and Chevreux B. (2013) Reconstructing mitochondrial genomes directly from genomic next-generation sequencing reads -
a baiting and iterative mapping approach. Nucl. Acids Res. 41(13):e129. doi: 10.1093/nar/gkt371

Oct 28 22:35:45

removed ‘tru1-reads.fastq’
