
MITObim - mitochondrial baiting and iterative mapping
version 1.8
author: Christoph Hahn, (c) 2012-2016

quick option selected! -maf option will be ignored (if given)

Full command run:
/home/478358/src/MITObim/MITObim/MITObim_1.8.pl -end 100 --quick /home/478358/WORKING/GYRO/mt-genomes/3-mt-genomes/references/G.derjavinoides.mt.fasta -readpool thy1-reads.fastq -ref Gyrodactylus_derjavinoides -sample thy1 --clean --missmatch 1

All paramters seem to make sense:
startiteration: 0
enditeration: 100
sample: thy1
refname: Gyrodactylus_derjavinoides
readpool: /home/478358/WORKING/GYRO/mt-genomes/3-mt-genomes/multi-pe/thy1/Gyrodactylus_derjavinoides/1-pass-all/thy1-reads.fastq
maf: 0
quick: /home/478358/WORKING/GYRO/mt-genomes/3-mt-genomes/references/G.derjavinoides.mt.fasta
paired: 0 (off=0, on=1)
assembly mode: 0 (mapping=0, denovo=1)
verbose: 0 (off=0, on=1)
split: 0 (off=0, on=1)
minimum avg. coverage: 0 (off=0)
clean: 1 (off=0, on=1)
trim reads: 0 (off=0, on=1)
trim overhang: 0 (no=0, yes=1)
platform: solexa
kmer baiting: 31
number of missmatches in mapping assembly: 1
proofreading: off

Starting MITObim 

==============
 ITERATION 0
==============
Nov  4 11:53:19


quick option baits reads from provided reference in iteration 0

fishing readpool using mirabait (k = 31)


running mapping assembly using MIRA

readpool contains 13517 reads
assembly contains 1 contig(s)
contig length: 14805

==============
 ITERATION 1
==============
Nov  4 11:55:08


recover backbone by running miraconvert on maf file


fishing readpool using mirabait (k = 31)


running mapping assembly using MIRA

readpool contains 23835 reads
assembly contains 1 contig(s)
contig length: 14804

==============
 ITERATION 2
==============
Nov  4 11:57:01


recover backbone by running miraconvert on maf file


fishing readpool using mirabait (k = 31)


running mapping assembly using MIRA

readpool contains 25595 reads
assembly contains 1 contig(s)
contig length: 14822

now removing directory iteration0

==============
 ITERATION 3
==============
Nov  4 11:58:59


recover backbone by running miraconvert on maf file


fishing readpool using mirabait (k = 31)


running mapping assembly using MIRA

readpool contains 32870 reads
assembly contains 1 contig(s)
contig length: 14820

now removing directory iteration1

==============
 ITERATION 4
==============
Nov  4 12:00:58


recover backbone by running miraconvert on maf file


fishing readpool using mirabait (k = 31)


running mapping assembly using MIRA

readpool contains 35252 reads
assembly contains 1 contig(s)
contig length: 14820

now removing directory iteration2

==============
 ITERATION 5
==============
Nov  4 12:02:59


recover backbone by running miraconvert on maf file


fishing readpool using mirabait (k = 31)


running mapping assembly using MIRA

readpool contains 37339 reads
assembly contains 1 contig(s)
contig length: 14817

now removing directory iteration3

==============
 ITERATION 6
==============
Nov  4 12:05:02


recover backbone by running miraconvert on maf file


fishing readpool using mirabait (k = 31)


running mapping assembly using MIRA

readpool contains 36662 reads
assembly contains 1 contig(s)
contig length: 14818

now removing directory iteration4

MITObim has reached a stationary read number after 6 iterations!!

if you found MITObim useful, please cite:
Hahn C, Bachmann L and Chevreux B. (2013) Reconstructing mitochondrial genomes directly from genomic next-generation sequencing reads -
a baiting and iterative mapping approach. Nucl. Acids Res. 41(13):e129. doi: 10.1093/nar/gkt371

Nov  4 12:07:00

removed ‘thy1-reads.fastq’
