
MITObim - mitochondrial baiting and iterative mapping
version 1.8
author: Christoph Hahn, (c) 2012-2016

quick option selected! -maf option will be ignored (if given)

Full command run:
/home/478358/src/MITObim/MITObim/MITObim_1.8.pl -end 100 --quick /home/478358/WORKING/GYRO/mt-genomes/3-mt-genomes/clean/teu2/seed_salaris/teu2.circular.14789.renamed.fasta -readpool teu1-reads.fastq -ref Gyrodactylus_teuchis -sample teu1 --clean --missmatch 1

All paramters seem to make sense:
startiteration: 0
enditeration: 100
sample: teu1
refname: Gyrodactylus_teuchis
readpool: /home/478358/WORKING/GYRO/mt-genomes/3-mt-genomes/multi-pe/teu1/Gyrodactylus_teuchis/2-pass-pe/teu1-reads.fastq
maf: 0
quick: /home/478358/WORKING/GYRO/mt-genomes/3-mt-genomes/clean/teu2/seed_salaris/teu2.circular.14789.renamed.fasta
paired: 0 (off=0, on=1)
assembly mode: 0 (mapping=0, denovo=1)
verbose: 0 (off=0, on=1)
split: 0 (off=0, on=1)
minimum avg. coverage: 0 (off=0)
clean: 1 (off=0, on=1)
trim reads: 0 (off=0, on=1)
trim overhang: 0 (no=0, yes=1)
platform: solexa
kmer baiting: 31
number of missmatches in mapping assembly: 1
proofreading: off

Starting MITObim 

==============
 ITERATION 0
==============
Nov  4 12:07:50


quick option baits reads from provided reference in iteration 0

fishing readpool using mirabait (k = 31)


running mapping assembly using MIRA

readpool contains 204264 reads
assembly contains 1 contig(s)
contig length: 14894

==============
 ITERATION 1
==============
Nov  4 12:09:15


recover backbone by running miraconvert on maf file


fishing readpool using mirabait (k = 31)


running mapping assembly using MIRA

readpool contains 204282 reads
assembly contains 1 contig(s)
contig length: 14898

==============
 ITERATION 2
==============
Nov  4 12:10:46


recover backbone by running miraconvert on maf file


fishing readpool using mirabait (k = 31)


running mapping assembly using MIRA

readpool contains 204198 reads
assembly contains 1 contig(s)
contig length: 14894

now removing directory iteration0

MITObim has reached a stationary read number after 2 iterations!!

if you found MITObim useful, please cite:
Hahn C, Bachmann L and Chevreux B. (2013) Reconstructing mitochondrial genomes directly from genomic next-generation sequencing reads -
a baiting and iterative mapping approach. Nucl. Acids Res. 41(13):e129. doi: 10.1093/nar/gkt371

Nov  4 12:12:20

removed ‘teu1-reads.fastq’
