0	rr_####816####
1	rr_####817####
2	rr_####818####
3	rr_####819####
4	rr_####820####
5	rr_####821####
6	rr_####822####
7	rr_####823####
8	rr_####824####
9	rr_####825####
10	rr_####826####
11	rr_####827####
12	rr_####828####
13	rr_####829####
14	rr_####830####
15	rr_####831####
16	rr_####832####
17	rr_####833####
18	rr_####834####
19	rr_####835####
20	rr_####836####
21	rr_####837####
22	rr_####838####
23	rr_####839####
24	rr_####840####
25	rr_####841####
26	rr_####842####
27	rr_####843####
28	rr_####844####
29	rr_####845####
30	rr_####846####
31	rr_####847####
32	rr_####848####
33	rr_####849####
34	rr_####850####
35	rr_####851####
36	rr_####852####
37	rr_####853####
38	rr_####854####
39	rr_####855####
40	rr_####856####
41	rr_####857####
42	rr_####858####
43	rr_####859####
44	rr_####860####
45	rr_####861####
46	rr_####862####
47	rr_####863####
48	rr_####864####
49	rr_####865####
50	rr_####866####
51	rr_####867####
52	rr_####868####
53	rr_####869####
54	rr_####870####
55	rr_####871####
56	rr_####872####
57	rr_####873####
58	rr_####874####
59	rr_####875####
60	rr_####876####
61	rr_####877####
62	rr_####878####
63	rr_####879####
64	rr_####880####
65	rr_####881####
66	rr_####882####
67	rr_####883####
68	rr_####884####
69	rr_####885####
70	rr_####886####
71	rr_####887####
72	rr_####888####
73	rr_####889####
74	rr_####890####
75	rr_####891####
76	rr_####892####
77	rr_####893####
78	rr_####894####
79	rr_####895####
80	rr_####896####
81	rr_####897####
82	rr_####898####
83	rr_####899####
84	rr_####900####
85	rr_####901####
86	rr_####902####
87	rr_####903####
88	rr_####904####
89	rr_####905####
90	rr_####906####
91	rr_####907####
92	rr_####908####
93	rr_####909####
94	rr_####910####
95	rr_####911####
96	rr_####912####
97	rr_####913####
98	rr_####914####
99	rr_####915####
100	rr_####916####
101	rr_####917####
102	rr_####918####
103	rr_####919####
104	rr_####920####
105	rr_####921####
106	rr_####922####
107	rr_####923####
108	rr_####924####
109	rr_####925####
110	rr_####926####
111	rr_####927####
112	rr_####928####
113	rr_####929####
114	rr_####930####
115	rr_####931####
116	rr_####932####
117	rr_####933####
118	rr_####934####
119	rr_####935####
120	rr_####936####
121	rr_####937####
122	rr_####938####
123	rr_####939####
124	rr_####940####
125	HWI-ST558:73:B01BVACXX:6:1101:11511:37131/1
126	HWI-ST558:73:B01BVACXX:6:1101:11511:37131/2
127	HWI-ST558:73:B01BVACXX:6:1101:17130:95914/1
128	HWI-ST558:73:B01BVACXX:6:1101:17130:95914/2
129	HWI-ST558:73:B01BVACXX:6:1101:18513:96078/1
130	HWI-ST558:73:B01BVACXX:6:1101:18513:96078/2
131	HWI-ST558:73:B01BVACXX:6:1101:13170:112467/1
132	HWI-ST558:73:B01BVACXX:6:1101:13170:112467/2
133	HWI-ST558:73:B01BVACXX:6:1101:10061:129061/1
134	HWI-ST558:73:B01BVACXX:6:1101:10061:129061/2
135	HWI-ST558:73:B01BVACXX:6:1101:6912:150767/1
136	HWI-ST558:73:B01BVACXX:6:1101:6912:150767/2
137	HWI-ST558:73:B01BVACXX:6:1101:19105:196800/1
138	HWI-ST558:73:B01BVACXX:6:1101:19105:196800/2
139	HWI-ST558:73:B01BVACXX:6:1102:11196:14407/1
140	HWI-ST558:73:B01BVACXX:6:1102:11196:14407/2
141	HWI-ST558:73:B01BVACXX:6:1102:11687:17983/1
142	HWI-ST558:73:B01BVACXX:6:1102:11687:17983/2
143	HWI-ST558:73:B01BVACXX:6:1102:11696:34556/1
144	HWI-ST558:73:B01BVACXX:6:1102:11696:34556/2
145	HWI-ST558:73:B01BVACXX:6:1102:6181:36162/1
146	HWI-ST558:73:B01BVACXX:6:1102:6181:36162/2
147	HWI-ST558:73:B01BVACXX:6:1102:4905:60520/1
148	HWI-ST558:73:B01BVACXX:6:1102:4905:60520/2
149	HWI-ST558:73:B01BVACXX:6:1102:16790:106124/1
150	HWI-ST558:73:B01BVACXX:6:1102:16790:106124/2
151	HWI-ST558:73:B01BVACXX:6:1102:12046:114938/1
152	HWI-ST558:73:B01BVACXX:6:1102:12046:114938/2
153	HWI-ST558:73:B01BVACXX:6:1102:16597:146493/1
154	HWI-ST558:73:B01BVACXX:6:1102:16597:146493/2
155	HWI-ST558:73:B01BVACXX:6:1102:17047:148625/1
156	HWI-ST558:73:B01BVACXX:6:1102:17047:148625/2
157	HWI-ST558:73:B01BVACXX:6:1102:11836:152911/1
158	HWI-ST558:73:B01BVACXX:6:1102:11836:152911/2
159	HWI-ST558:73:B01BVACXX:6:1102:10565:165680/1
160	HWI-ST558:73:B01BVACXX:6:1102:10565:165680/2
161	HWI-ST558:73:B01BVACXX:6:1102:7709:180944/1
162	HWI-ST558:73:B01BVACXX:6:1102:7709:180944/2
163	HWI-ST558:73:B01BVACXX:6:1103:9929:25991/1
164	HWI-ST558:73:B01BVACXX:6:1103:9929:25991/2
165	HWI-ST558:73:B01BVACXX:6:1103:12482:35204/1
166	HWI-ST558:73:B01BVACXX:6:1103:12482:35204/2
167	HWI-ST558:73:B01BVACXX:6:1103:7522:44353/1
168	HWI-ST558:73:B01BVACXX:6:1103:7522:44353/2
169	HWI-ST558:73:B01BVACXX:6:1103:4471:68774/1
170	HWI-ST558:73:B01BVACXX:6:1103:4471:68774/2
171	HWI-ST558:73:B01BVACXX:6:1103:16020:137636/1
172	HWI-ST558:73:B01BVACXX:6:1103:16020:137636/2
173	HWI-ST558:73:B01BVACXX:6:1103:3654:175677/1
174	HWI-ST558:73:B01BVACXX:6:1103:3654:175677/2
175	HWI-ST558:73:B01BVACXX:6:1103:13948:179744/1
176	HWI-ST558:73:B01BVACXX:6:1103:13948:179744/2
177	HWI-ST558:73:B01BVACXX:6:1103:18099:186300/1
178	HWI-ST558:73:B01BVACXX:6:1103:18099:186300/2
179	HWI-ST558:73:B01BVACXX:6:1103:14981:199712/1
180	HWI-ST558:73:B01BVACXX:6:1103:14981:199712/2
181	HWI-ST558:73:B01BVACXX:6:1104:19827:11387/1
182	HWI-ST558:73:B01BVACXX:6:1104:19827:11387/2
183	HWI-ST558:73:B01BVACXX:6:1104:13394:15351/1
184	HWI-ST558:73:B01BVACXX:6:1104:13394:15351/2
185	HWI-ST558:73:B01BVACXX:6:1104:5753:30388/1
186	HWI-ST558:73:B01BVACXX:6:1104:5753:30388/2
187	HWI-ST558:73:B01BVACXX:6:1104:1950:34052/1
188	HWI-ST558:73:B01BVACXX:6:1104:1950:34052/2
189	HWI-ST558:73:B01BVACXX:6:1104:11608:36309/1
190	HWI-ST558:73:B01BVACXX:6:1104:11608:36309/2
191	HWI-ST558:73:B01BVACXX:6:1104:17689:42428/1
192	HWI-ST558:73:B01BVACXX:6:1104:17689:42428/2
193	HWI-ST558:73:B01BVACXX:6:1104:2340:53604/1
194	HWI-ST558:73:B01BVACXX:6:1104:2340:53604/2
195	HWI-ST558:73:B01BVACXX:6:1104:4967:69530/1
196	HWI-ST558:73:B01BVACXX:6:1104:4967:69530/2
197	HWI-ST558:73:B01BVACXX:6:1104:16346:96144/1
198	HWI-ST558:73:B01BVACXX:6:1104:16346:96144/2
199	HWI-ST558:73:B01BVACXX:6:1104:5177:150121/1
200	HWI-ST558:73:B01BVACXX:6:1104:5177:150121/2
201	HWI-ST558:73:B01BVACXX:6:1104:2675:165302/1
202	HWI-ST558:73:B01BVACXX:6:1104:2675:165302/2
203	HWI-ST558:73:B01BVACXX:6:1104:8048:168015/1
204	HWI-ST558:73:B01BVACXX:6:1104:8048:168015/2
205	HWI-ST558:73:B01BVACXX:6:1105:3483:14295/1
206	HWI-ST558:73:B01BVACXX:6:1105:3483:14295/2
207	HWI-ST558:73:B01BVACXX:6:1105:5243:40859/1
208	HWI-ST558:73:B01BVACXX:6:1105:5243:40859/2
209	HWI-ST558:73:B01BVACXX:6:1105:15398:43949/1
210	HWI-ST558:73:B01BVACXX:6:1105:15398:43949/2
211	HWI-ST558:73:B01BVACXX:6:1105:2747:52042/1
212	HWI-ST558:73:B01BVACXX:6:1105:2747:52042/2
213	HWI-ST558:73:B01BVACXX:6:1105:10015:76227/1
214	HWI-ST558:73:B01BVACXX:6:1105:10015:76227/2
215	HWI-ST558:73:B01BVACXX:6:1105:3837:137341/1
216	HWI-ST558:73:B01BVACXX:6:1105:3837:137341/2
217	HWI-ST558:73:B01BVACXX:6:1105:8617:144992/1
218	HWI-ST558:73:B01BVACXX:6:1105:8617:144992/2
219	HWI-ST558:73:B01BVACXX:6:1105:8124:152535/1
220	HWI-ST558:73:B01BVACXX:6:1105:8124:152535/2
221	HWI-ST558:73:B01BVACXX:6:1105:21184:172674/1
222	HWI-ST558:73:B01BVACXX:6:1105:21184:172674/2
223	HWI-ST558:73:B01BVACXX:6:1105:15677:173890/1
224	HWI-ST558:73:B01BVACXX:6:1105:15677:173890/2
225	HWI-ST558:73:B01BVACXX:6:1106:3891:24167/1
226	HWI-ST558:73:B01BVACXX:6:1106:3891:24167/2
227	HWI-ST558:73:B01BVACXX:6:1106:9323:85577/1
228	HWI-ST558:73:B01BVACXX:6:1106:9323:85577/2
229	HWI-ST558:73:B01BVACXX:6:1106:5350:93353/1
230	HWI-ST558:73:B01BVACXX:6:1106:5350:93353/2
231	HWI-ST558:73:B01BVACXX:6:1106:5416:102156/1
232	HWI-ST558:73:B01BVACXX:6:1106:5416:102156/2
233	HWI-ST558:73:B01BVACXX:6:1106:8540:109657/1
234	HWI-ST558:73:B01BVACXX:6:1106:8540:109657/2
235	HWI-ST558:73:B01BVACXX:6:1106:18218:112021/1
236	HWI-ST558:73:B01BVACXX:6:1106:18218:112021/2
237	HWI-ST558:73:B01BVACXX:6:1106:17808:135112/1
238	HWI-ST558:73:B01BVACXX:6:1106:17808:135112/2
239	HWI-ST558:73:B01BVACXX:6:1106:7325:142172/1
240	HWI-ST558:73:B01BVACXX:6:1106:7325:142172/2
241	HWI-ST558:73:B01BVACXX:6:1106:2910:170668/1
242	HWI-ST558:73:B01BVACXX:6:1106:2910:170668/2
243	HWI-ST558:73:B01BVACXX:6:1107:14181:45011/1
244	HWI-ST558:73:B01BVACXX:6:1107:14181:45011/2
245	HWI-ST558:73:B01BVACXX:6:1107:3988:46897/1
246	HWI-ST558:73:B01BVACXX:6:1107:3988:46897/2
247	HWI-ST558:73:B01BVACXX:6:1107:3408:79110/1
248	HWI-ST558:73:B01BVACXX:6:1107:3408:79110/2
249	HWI-ST558:73:B01BVACXX:6:1107:16985:83972/1
250	HWI-ST558:73:B01BVACXX:6:1107:16985:83972/2
251	HWI-ST558:73:B01BVACXX:6:1107:1765:84165/1
252	HWI-ST558:73:B01BVACXX:6:1107:1765:84165/2
253	HWI-ST558:73:B01BVACXX:6:1107:6332:90394/1
254	HWI-ST558:73:B01BVACXX:6:1107:6332:90394/2
255	HWI-ST558:73:B01BVACXX:6:1107:4840:153864/1
256	HWI-ST558:73:B01BVACXX:6:1107:4840:153864/2
257	HWI-ST558:73:B01BVACXX:6:1107:12523:162973/1
258	HWI-ST558:73:B01BVACXX:6:1107:12523:162973/2
259	HWI-ST558:73:B01BVACXX:6:1108:3211:8930/1
260	HWI-ST558:73:B01BVACXX:6:1108:3211:8930/2
261	HWI-ST558:73:B01BVACXX:6:1108:7482:11879/1
262	HWI-ST558:73:B01BVACXX:6:1108:7482:11879/2
263	HWI-ST558:73:B01BVACXX:6:1108:10580:58174/1
264	HWI-ST558:73:B01BVACXX:6:1108:10580:58174/2
265	HWI-ST558:73:B01BVACXX:6:1108:5322:117120/1
266	HWI-ST558:73:B01BVACXX:6:1108:5322:117120/2
267	HWI-ST558:73:B01BVACXX:6:1108:13452:198828/1
268	HWI-ST558:73:B01BVACXX:6:1108:13452:198828/2
269	HWI-ST558:73:B01BVACXX:6:1201:13142:65550/1
270	HWI-ST558:73:B01BVACXX:6:1201:13142:65550/2
271	HWI-ST558:73:B01BVACXX:6:1201:15259:81019/1
272	HWI-ST558:73:B01BVACXX:6:1201:15259:81019/2
273	HWI-ST558:73:B01BVACXX:6:1201:9416:81505/1
274	HWI-ST558:73:B01BVACXX:6:1201:9416:81505/2
275	HWI-ST558:73:B01BVACXX:6:1201:12285:82313/1
276	HWI-ST558:73:B01BVACXX:6:1201:12285:82313/2
277	HWI-ST558:73:B01BVACXX:6:1201:7129:84716/1
278	HWI-ST558:73:B01BVACXX:6:1201:7129:84716/2
279	HWI-ST558:73:B01BVACXX:6:1201:17814:87480/1
280	HWI-ST558:73:B01BVACXX:6:1201:17814:87480/2
281	HWI-ST558:73:B01BVACXX:6:1201:15064:87843/1
282	HWI-ST558:73:B01BVACXX:6:1201:15064:87843/2
283	HWI-ST558:73:B01BVACXX:6:1201:16153:112525/1
284	HWI-ST558:73:B01BVACXX:6:1201:16153:112525/2
285	HWI-ST558:73:B01BVACXX:6:1201:7378:138377/1
286	HWI-ST558:73:B01BVACXX:6:1201:7378:138377/2
287	HWI-ST558:73:B01BVACXX:6:1201:7310:145874/1
288	HWI-ST558:73:B01BVACXX:6:1201:7310:145874/2
289	HWI-ST558:73:B01BVACXX:6:1201:11011:163167/1
290	HWI-ST558:73:B01BVACXX:6:1201:11011:163167/2
291	HWI-ST558:73:B01BVACXX:6:1202:14348:20377/1
292	HWI-ST558:73:B01BVACXX:6:1202:14348:20377/2
293	HWI-ST558:73:B01BVACXX:6:1202:7901:71492/1
294	HWI-ST558:73:B01BVACXX:6:1202:7901:71492/2
295	HWI-ST558:73:B01BVACXX:6:1202:14735:99834/1
296	HWI-ST558:73:B01BVACXX:6:1202:14735:99834/2
297	HWI-ST558:73:B01BVACXX:6:1202:3784:114026/1
298	HWI-ST558:73:B01BVACXX:6:1202:3784:114026/2
299	HWI-ST558:73:B01BVACXX:6:1202:21247:136586/1
300	HWI-ST558:73:B01BVACXX:6:1202:21247:136586/2
301	HWI-ST558:73:B01BVACXX:6:1202:13493:172489/1
302	HWI-ST558:73:B01BVACXX:6:1202:13493:172489/2
303	HWI-ST558:73:B01BVACXX:6:1202:5786:178892/1
304	HWI-ST558:73:B01BVACXX:6:1202:5786:178892/2
305	HWI-ST558:73:B01BVACXX:6:1202:11013:179481/1
306	HWI-ST558:73:B01BVACXX:6:1202:11013:179481/2
307	HWI-ST558:73:B01BVACXX:6:1203:19010:13130/1
308	HWI-ST558:73:B01BVACXX:6:1203:19010:13130/2
309	HWI-ST558:73:B01BVACXX:6:1203:10051:17517/1
310	HWI-ST558:73:B01BVACXX:6:1203:10051:17517/2
311	HWI-ST558:73:B01BVACXX:6:1203:1209:24966/1
312	HWI-ST558:73:B01BVACXX:6:1203:1209:24966/2
313	HWI-ST558:73:B01BVACXX:6:1203:1830:34308/1
314	HWI-ST558:73:B01BVACXX:6:1203:1830:34308/2
315	HWI-ST558:73:B01BVACXX:6:1203:16249:85413/1
316	HWI-ST558:73:B01BVACXX:6:1203:16249:85413/2
317	HWI-ST558:73:B01BVACXX:6:1203:18206:86455/1
318	HWI-ST558:73:B01BVACXX:6:1203:18206:86455/2
319	HWI-ST558:73:B01BVACXX:6:1203:19506:88906/1
320	HWI-ST558:73:B01BVACXX:6:1203:19506:88906/2
321	HWI-ST558:73:B01BVACXX:6:1203:5655:105583/1
322	HWI-ST558:73:B01BVACXX:6:1203:5655:105583/2
323	HWI-ST558:73:B01BVACXX:6:1203:20719:106822/1
324	HWI-ST558:73:B01BVACXX:6:1203:20719:106822/2
325	HWI-ST558:73:B01BVACXX:6:1203:16157:111832/1
326	HWI-ST558:73:B01BVACXX:6:1203:16157:111832/2
327	HWI-ST558:73:B01BVACXX:6:1203:17752:123635/1
328	HWI-ST558:73:B01BVACXX:6:1203:17752:123635/2
329	HWI-ST558:73:B01BVACXX:6:1203:1492:131540/1
330	HWI-ST558:73:B01BVACXX:6:1203:1492:131540/2
331	HWI-ST558:73:B01BVACXX:6:1203:18799:180491/1
332	HWI-ST558:73:B01BVACXX:6:1203:18799:180491/2
333	HWI-ST558:73:B01BVACXX:6:1204:7106:41535/1
334	HWI-ST558:73:B01BVACXX:6:1204:7106:41535/2
335	HWI-ST558:73:B01BVACXX:6:1204:12541:72697/1
336	HWI-ST558:73:B01BVACXX:6:1204:12541:72697/2
337	HWI-ST558:73:B01BVACXX:6:1204:15811:78957/1
338	HWI-ST558:73:B01BVACXX:6:1204:15811:78957/2
339	HWI-ST558:73:B01BVACXX:6:1204:12876:164392/1
340	HWI-ST558:73:B01BVACXX:6:1204:12876:164392/2
341	HWI-ST558:73:B01BVACXX:6:1204:16877:169433/1
342	HWI-ST558:73:B01BVACXX:6:1204:16877:169433/2
343	HWI-ST558:73:B01BVACXX:6:1205:19939:74777/1
344	HWI-ST558:73:B01BVACXX:6:1205:19939:74777/2
345	HWI-ST558:73:B01BVACXX:6:1205:19297:129391/1
346	HWI-ST558:73:B01BVACXX:6:1205:19297:129391/2
347	HWI-ST558:73:B01BVACXX:6:1205:15130:167474/1
348	HWI-ST558:73:B01BVACXX:6:1205:15130:167474/2
349	HWI-ST558:73:B01BVACXX:6:1206:9117:26208/1
350	HWI-ST558:73:B01BVACXX:6:1206:9117:26208/2
351	HWI-ST558:73:B01BVACXX:6:1206:19535:42225/1
352	HWI-ST558:73:B01BVACXX:6:1206:19535:42225/2
353	HWI-ST558:73:B01BVACXX:6:1206:15512:57822/1
354	HWI-ST558:73:B01BVACXX:6:1206:15512:57822/2
355	HWI-ST558:73:B01BVACXX:6:1206:14554:75004/1
356	HWI-ST558:73:B01BVACXX:6:1206:14554:75004/2
357	HWI-ST558:73:B01BVACXX:6:1206:18891:97650/1
358	HWI-ST558:73:B01BVACXX:6:1206:18891:97650/2
359	HWI-ST558:73:B01BVACXX:6:1206:20297:116110/1
360	HWI-ST558:73:B01BVACXX:6:1206:20297:116110/2
361	HWI-ST558:73:B01BVACXX:6:1206:4125:145733/1
362	HWI-ST558:73:B01BVACXX:6:1206:4125:145733/2
363	HWI-ST558:73:B01BVACXX:6:1206:11741:177411/1
364	HWI-ST558:73:B01BVACXX:6:1206:11741:177411/2
365	HWI-ST558:73:B01BVACXX:6:1207:15530:2988/1
366	HWI-ST558:73:B01BVACXX:6:1207:15530:2988/2
367	HWI-ST558:73:B01BVACXX:6:1207:8324:29247/1
368	HWI-ST558:73:B01BVACXX:6:1207:8324:29247/2
369	HWI-ST558:73:B01BVACXX:6:1207:20579:58558/1
370	HWI-ST558:73:B01BVACXX:6:1207:20579:58558/2
371	HWI-ST558:73:B01BVACXX:6:1207:13267:74278/1
372	HWI-ST558:73:B01BVACXX:6:1207:13267:74278/2
373	HWI-ST558:73:B01BVACXX:6:1207:2617:93988/1
374	HWI-ST558:73:B01BVACXX:6:1207:2617:93988/2
375	HWI-ST558:73:B01BVACXX:6:1207:3732:96846/1
376	HWI-ST558:73:B01BVACXX:6:1207:3732:96846/2
377	HWI-ST558:73:B01BVACXX:6:1207:10257:98668/1
378	HWI-ST558:73:B01BVACXX:6:1207:10257:98668/2
379	HWI-ST558:73:B01BVACXX:6:1207:18636:112905/1
380	HWI-ST558:73:B01BVACXX:6:1207:18636:112905/2
381	HWI-ST558:73:B01BVACXX:6:1207:12350:130378/1
382	HWI-ST558:73:B01BVACXX:6:1207:12350:130378/2
383	HWI-ST558:73:B01BVACXX:6:1207:10075:137081/1
384	HWI-ST558:73:B01BVACXX:6:1207:10075:137081/2
385	HWI-ST558:73:B01BVACXX:6:1301:13526:14755/1
386	HWI-ST558:73:B01BVACXX:6:1301:13526:14755/2
387	HWI-ST558:73:B01BVACXX:6:1301:7862:40275/1
388	HWI-ST558:73:B01BVACXX:6:1301:7862:40275/2
389	HWI-ST558:73:B01BVACXX:6:1301:2804:50889/1
390	HWI-ST558:73:B01BVACXX:6:1301:2804:50889/2
391	HWI-ST558:73:B01BVACXX:6:1301:16130:81394/1
392	HWI-ST558:73:B01BVACXX:6:1301:16130:81394/2
393	HWI-ST558:73:B01BVACXX:6:1301:11351:86889/1
394	HWI-ST558:73:B01BVACXX:6:1301:11351:86889/2
395	HWI-ST558:73:B01BVACXX:6:1301:2597:87936/1
396	HWI-ST558:73:B01BVACXX:6:1301:2597:87936/2
397	HWI-ST558:73:B01BVACXX:6:1301:16129:88157/1
398	HWI-ST558:73:B01BVACXX:6:1301:16129:88157/2
399	HWI-ST558:73:B01BVACXX:6:1301:19688:114425/1
400	HWI-ST558:73:B01BVACXX:6:1301:19688:114425/2
401	HWI-ST558:73:B01BVACXX:6:1301:16678:180202/1
402	HWI-ST558:73:B01BVACXX:6:1301:16678:180202/2
403	HWI-ST558:73:B01BVACXX:6:1302:7680:13543/1
404	HWI-ST558:73:B01BVACXX:6:1302:7680:13543/2
405	HWI-ST558:73:B01BVACXX:6:1302:20941:126686/1
406	HWI-ST558:73:B01BVACXX:6:1302:20941:126686/2
407	HWI-ST558:73:B01BVACXX:6:1303:13768:25026/1
408	HWI-ST558:73:B01BVACXX:6:1303:13768:25026/2
409	HWI-ST558:73:B01BVACXX:6:1303:7139:64847/1
410	HWI-ST558:73:B01BVACXX:6:1303:7139:64847/2
411	HWI-ST558:73:B01BVACXX:6:1303:18462:89984/1
412	HWI-ST558:73:B01BVACXX:6:1303:18462:89984/2
413	HWI-ST558:73:B01BVACXX:6:1303:15010:99183/1
414	HWI-ST558:73:B01BVACXX:6:1303:15010:99183/2
415	HWI-ST558:73:B01BVACXX:6:1303:4515:106381/1
416	HWI-ST558:73:B01BVACXX:6:1303:4515:106381/2
417	HWI-ST558:73:B01BVACXX:6:1303:10537:128527/1
418	HWI-ST558:73:B01BVACXX:6:1303:10537:128527/2
419	HWI-ST558:73:B01BVACXX:6:1303:2742:145959/1
420	HWI-ST558:73:B01BVACXX:6:1303:2742:145959/2
421	HWI-ST558:73:B01BVACXX:6:1304:9530:4320/1
422	HWI-ST558:73:B01BVACXX:6:1304:9530:4320/2
423	HWI-ST558:73:B01BVACXX:6:1304:21061:10101/1
424	HWI-ST558:73:B01BVACXX:6:1304:21061:10101/2
425	HWI-ST558:73:B01BVACXX:6:1304:8807:33213/1
426	HWI-ST558:73:B01BVACXX:6:1304:8807:33213/2
427	HWI-ST558:73:B01BVACXX:6:1304:7386:35489/1
428	HWI-ST558:73:B01BVACXX:6:1304:7386:35489/2
429	HWI-ST558:73:B01BVACXX:6:1304:8270:38091/1
430	HWI-ST558:73:B01BVACXX:6:1304:8270:38091/2
431	HWI-ST558:73:B01BVACXX:6:1304:2287:39618/1
432	HWI-ST558:73:B01BVACXX:6:1304:2287:39618/2
433	HWI-ST558:73:B01BVACXX:6:1304:7915:48532/1
434	HWI-ST558:73:B01BVACXX:6:1304:7915:48532/2
435	HWI-ST558:73:B01BVACXX:6:1304:3397:65013/1
436	HWI-ST558:73:B01BVACXX:6:1304:3397:65013/2
437	HWI-ST558:73:B01BVACXX:6:1304:11118:71477/1
438	HWI-ST558:73:B01BVACXX:6:1304:11118:71477/2
439	HWI-ST558:73:B01BVACXX:6:1304:19283:127219/1
440	HWI-ST558:73:B01BVACXX:6:1304:19283:127219/2
441	HWI-ST558:73:B01BVACXX:6:1304:17535:146887/1
442	HWI-ST558:73:B01BVACXX:6:1304:17535:146887/2
443	HWI-ST558:73:B01BVACXX:6:1304:12863:180496/1
444	HWI-ST558:73:B01BVACXX:6:1304:12863:180496/2
445	HWI-ST558:73:B01BVACXX:6:1304:14193:198410/1
446	HWI-ST558:73:B01BVACXX:6:1304:14193:198410/2
447	HWI-ST558:73:B01BVACXX:6:1305:17144:52193/1
448	HWI-ST558:73:B01BVACXX:6:1305:17144:52193/2
449	HWI-ST558:73:B01BVACXX:6:1305:14686:56213/1
450	HWI-ST558:73:B01BVACXX:6:1305:14686:56213/2
451	HWI-ST558:73:B01BVACXX:6:1305:11845:60971/1
452	HWI-ST558:73:B01BVACXX:6:1305:11845:60971/2
453	HWI-ST558:73:B01BVACXX:6:1305:4201:64517/1
454	HWI-ST558:73:B01BVACXX:6:1305:4201:64517/2
455	HWI-ST558:73:B01BVACXX:6:1305:4572:72402/1
456	HWI-ST558:73:B01BVACXX:6:1305:4572:72402/2
457	HWI-ST558:73:B01BVACXX:6:1305:7801:150482/1
458	HWI-ST558:73:B01BVACXX:6:1305:7801:150482/2
459	HWI-ST558:73:B01BVACXX:6:1305:12231:151277/1
460	HWI-ST558:73:B01BVACXX:6:1305:12231:151277/2
461	HWI-ST558:73:B01BVACXX:6:1305:6959:155157/1
462	HWI-ST558:73:B01BVACXX:6:1305:6959:155157/2
463	HWI-ST558:73:B01BVACXX:6:1305:16841:155352/1
464	HWI-ST558:73:B01BVACXX:6:1305:16841:155352/2
465	HWI-ST558:73:B01BVACXX:6:1305:13645:176236/1
466	HWI-ST558:73:B01BVACXX:6:1305:13645:176236/2
467	HWI-ST558:73:B01BVACXX:6:1306:10770:6333/1
468	HWI-ST558:73:B01BVACXX:6:1306:10770:6333/2
469	HWI-ST558:73:B01BVACXX:6:1306:18175:56230/1
470	HWI-ST558:73:B01BVACXX:6:1306:18175:56230/2
471	HWI-ST558:73:B01BVACXX:6:1306:19068:87015/1
472	HWI-ST558:73:B01BVACXX:6:1306:19068:87015/2
473	HWI-ST558:73:B01BVACXX:6:1306:6984:88516/1
474	HWI-ST558:73:B01BVACXX:6:1306:6984:88516/2
475	HWI-ST558:73:B01BVACXX:6:1306:15944:97349/1
476	HWI-ST558:73:B01BVACXX:6:1306:15944:97349/2
477	HWI-ST558:73:B01BVACXX:6:1306:2698:134414/1
478	HWI-ST558:73:B01BVACXX:6:1306:2698:134414/2
479	HWI-ST558:73:B01BVACXX:6:1306:12681:143402/1
480	HWI-ST558:73:B01BVACXX:6:1306:12681:143402/2
481	HWI-ST558:73:B01BVACXX:6:1306:4863:145776/1
482	HWI-ST558:73:B01BVACXX:6:1306:4863:145776/2
483	HWI-ST558:73:B01BVACXX:6:1306:10495:145997/1
484	HWI-ST558:73:B01BVACXX:6:1306:10495:145997/2
485	HWI-ST558:73:B01BVACXX:6:1306:17557:147608/1
486	HWI-ST558:73:B01BVACXX:6:1306:17557:147608/2
487	HWI-ST558:73:B01BVACXX:6:1306:3795:198504/1
488	HWI-ST558:73:B01BVACXX:6:1306:3795:198504/2
489	HWI-ST558:73:B01BVACXX:6:1307:5333:33643/1
490	HWI-ST558:73:B01BVACXX:6:1307:5333:33643/2
491	HWI-ST558:73:B01BVACXX:6:1307:13030:38572/1
492	HWI-ST558:73:B01BVACXX:6:1307:13030:38572/2
493	HWI-ST558:73:B01BVACXX:6:1307:5107:54261/1
494	HWI-ST558:73:B01BVACXX:6:1307:5107:54261/2
495	HWI-ST558:73:B01BVACXX:6:1307:4540:67354/1
496	HWI-ST558:73:B01BVACXX:6:1307:4540:67354/2
497	HWI-ST558:73:B01BVACXX:6:1307:18032:77476/1
498	HWI-ST558:73:B01BVACXX:6:1307:18032:77476/2
499	HWI-ST558:73:B01BVACXX:6:1307:1945:93036/1
500	HWI-ST558:73:B01BVACXX:6:1307:1945:93036/2
501	HWI-ST558:73:B01BVACXX:6:1307:20824:95647/1
502	HWI-ST558:73:B01BVACXX:6:1307:20824:95647/2
503	HWI-ST558:73:B01BVACXX:6:1307:6161:138252/1
504	HWI-ST558:73:B01BVACXX:6:1307:6161:138252/2
505	HWI-ST558:73:B01BVACXX:6:1307:19392:151288/1
506	HWI-ST558:73:B01BVACXX:6:1307:19392:151288/2
507	HWI-ST558:73:B01BVACXX:6:1307:3223:199488/1
508	HWI-ST558:73:B01BVACXX:6:1307:3223:199488/2
509	HWI-ST558:73:B01BVACXX:6:2101:3810:56273/1
510	HWI-ST558:73:B01BVACXX:6:2101:3810:56273/2
511	HWI-ST558:73:B01BVACXX:6:2101:14041:74991/1
512	HWI-ST558:73:B01BVACXX:6:2101:14041:74991/2
513	HWI-ST558:73:B01BVACXX:6:2101:2563:84001/1
514	HWI-ST558:73:B01BVACXX:6:2101:2563:84001/2
515	HWI-ST558:73:B01BVACXX:6:2101:11306:123312/1
516	HWI-ST558:73:B01BVACXX:6:2101:11306:123312/2
517	HWI-ST558:73:B01BVACXX:6:2101:9303:131278/1
518	HWI-ST558:73:B01BVACXX:6:2101:9303:131278/2
519	HWI-ST558:73:B01BVACXX:6:2101:19229:177102/1
520	HWI-ST558:73:B01BVACXX:6:2101:19229:177102/2
521	HWI-ST558:73:B01BVACXX:6:2101:16777:184215/1
522	HWI-ST558:73:B01BVACXX:6:2101:16777:184215/2
523	HWI-ST558:73:B01BVACXX:6:2102:4351:26240/1
524	HWI-ST558:73:B01BVACXX:6:2102:4351:26240/2
525	HWI-ST558:73:B01BVACXX:6:2102:10384:39537/1
526	HWI-ST558:73:B01BVACXX:6:2102:10384:39537/2
527	HWI-ST558:73:B01BVACXX:6:2102:19251:99507/1
528	HWI-ST558:73:B01BVACXX:6:2102:19251:99507/2
529	HWI-ST558:73:B01BVACXX:6:2102:18956:99797/1
530	HWI-ST558:73:B01BVACXX:6:2102:18956:99797/2
531	HWI-ST558:73:B01BVACXX:6:2102:10550:101559/1
532	HWI-ST558:73:B01BVACXX:6:2102:10550:101559/2
533	HWI-ST558:73:B01BVACXX:6:2102:5969:113426/1
534	HWI-ST558:73:B01BVACXX:6:2102:5969:113426/2
535	HWI-ST558:73:B01BVACXX:6:2102:19006:131182/1
536	HWI-ST558:73:B01BVACXX:6:2102:19006:131182/2
537	HWI-ST558:73:B01BVACXX:6:2102:14708:135977/1
538	HWI-ST558:73:B01BVACXX:6:2102:14708:135977/2
539	HWI-ST558:73:B01BVACXX:6:2102:12333:146417/1
540	HWI-ST558:73:B01BVACXX:6:2102:12333:146417/2
541	HWI-ST558:73:B01BVACXX:6:2102:13654:165907/1
542	HWI-ST558:73:B01BVACXX:6:2102:13654:165907/2
543	HWI-ST558:73:B01BVACXX:6:2102:3106:167101/1
544	HWI-ST558:73:B01BVACXX:6:2102:3106:167101/2
545	HWI-ST558:73:B01BVACXX:6:2103:9202:2226/1
546	HWI-ST558:73:B01BVACXX:6:2103:9202:2226/2
547	HWI-ST558:73:B01BVACXX:6:2103:20391:13457/1
548	HWI-ST558:73:B01BVACXX:6:2103:20391:13457/2
549	HWI-ST558:73:B01BVACXX:6:2103:6725:17803/1
550	HWI-ST558:73:B01BVACXX:6:2103:6725:17803/2
551	HWI-ST558:73:B01BVACXX:6:2103:13844:20094/1
552	HWI-ST558:73:B01BVACXX:6:2103:13844:20094/2
553	HWI-ST558:73:B01BVACXX:6:2103:7962:22048/1
554	HWI-ST558:73:B01BVACXX:6:2103:7962:22048/2
555	HWI-ST558:73:B01BVACXX:6:2103:7516:34858/1
556	HWI-ST558:73:B01BVACXX:6:2103:7516:34858/2
557	HWI-ST558:73:B01BVACXX:6:2103:1677:46444/1
558	HWI-ST558:73:B01BVACXX:6:2103:1677:46444/2
559	HWI-ST558:73:B01BVACXX:6:2103:8666:49052/1
560	HWI-ST558:73:B01BVACXX:6:2103:8666:49052/2
561	HWI-ST558:73:B01BVACXX:6:2103:17530:121602/1
562	HWI-ST558:73:B01BVACXX:6:2103:17530:121602/2
563	HWI-ST558:73:B01BVACXX:6:2103:18675:152152/1
564	HWI-ST558:73:B01BVACXX:6:2103:18675:152152/2
565	HWI-ST558:73:B01BVACXX:6:2103:6827:182282/1
566	HWI-ST558:73:B01BVACXX:6:2103:6827:182282/2
567	HWI-ST558:73:B01BVACXX:6:2104:11115:13604/1
568	HWI-ST558:73:B01BVACXX:6:2104:11115:13604/2
569	HWI-ST558:73:B01BVACXX:6:2104:8815:23003/1
570	HWI-ST558:73:B01BVACXX:6:2104:8815:23003/2
571	HWI-ST558:73:B01BVACXX:6:2104:11251:28209/1
572	HWI-ST558:73:B01BVACXX:6:2104:11251:28209/2
573	HWI-ST558:73:B01BVACXX:6:2104:16986:30812/1
574	HWI-ST558:73:B01BVACXX:6:2104:16986:30812/2
575	HWI-ST558:73:B01BVACXX:6:2104:7157:39981/1
576	HWI-ST558:73:B01BVACXX:6:2104:7157:39981/2
577	HWI-ST558:73:B01BVACXX:6:2104:7904:81602/1
578	HWI-ST558:73:B01BVACXX:6:2104:7904:81602/2
579	HWI-ST558:73:B01BVACXX:6:2104:18105:157594/1
580	HWI-ST558:73:B01BVACXX:6:2104:18105:157594/2
581	HWI-ST558:73:B01BVACXX:6:2105:8200:8769/1
582	HWI-ST558:73:B01BVACXX:6:2105:8200:8769/2
583	HWI-ST558:73:B01BVACXX:6:2105:4812:34118/1
584	HWI-ST558:73:B01BVACXX:6:2105:4812:34118/2
585	HWI-ST558:73:B01BVACXX:6:2105:10882:39543/1
586	HWI-ST558:73:B01BVACXX:6:2105:10882:39543/2
587	HWI-ST558:73:B01BVACXX:6:2105:6703:41391/1
588	HWI-ST558:73:B01BVACXX:6:2105:6703:41391/2
589	HWI-ST558:73:B01BVACXX:6:2105:9029:41790/1
590	HWI-ST558:73:B01BVACXX:6:2105:9029:41790/2
591	HWI-ST558:73:B01BVACXX:6:2105:15016:55701/1
592	HWI-ST558:73:B01BVACXX:6:2105:15016:55701/2
593	HWI-ST558:73:B01BVACXX:6:2105:20014:68009/1
594	HWI-ST558:73:B01BVACXX:6:2105:20014:68009/2
595	HWI-ST558:73:B01BVACXX:6:2105:17459:157170/1
596	HWI-ST558:73:B01BVACXX:6:2105:17459:157170/2
597	HWI-ST558:73:B01BVACXX:6:2105:19306:196591/1
598	HWI-ST558:73:B01BVACXX:6:2105:19306:196591/2
599	HWI-ST558:73:B01BVACXX:6:2105:18757:200427/1
600	HWI-ST558:73:B01BVACXX:6:2105:18757:200427/2
601	HWI-ST558:73:B01BVACXX:6:2106:12978:28053/1
602	HWI-ST558:73:B01BVACXX:6:2106:12978:28053/2
603	HWI-ST558:73:B01BVACXX:6:2106:17657:40784/1
604	HWI-ST558:73:B01BVACXX:6:2106:17657:40784/2
605	HWI-ST558:73:B01BVACXX:6:2106:7267:60394/1
606	HWI-ST558:73:B01BVACXX:6:2106:7267:60394/2
607	HWI-ST558:73:B01BVACXX:6:2106:2069:61929/1
608	HWI-ST558:73:B01BVACXX:6:2106:2069:61929/2
609	HWI-ST558:73:B01BVACXX:6:2106:11898:119417/1
610	HWI-ST558:73:B01BVACXX:6:2106:11898:119417/2
611	HWI-ST558:73:B01BVACXX:6:2106:18175:123134/1
612	HWI-ST558:73:B01BVACXX:6:2106:18175:123134/2
613	HWI-ST558:73:B01BVACXX:6:2106:9369:126558/1
614	HWI-ST558:73:B01BVACXX:6:2106:9369:126558/2
615	HWI-ST558:73:B01BVACXX:6:2106:6665:138683/1
616	HWI-ST558:73:B01BVACXX:6:2106:6665:138683/2
617	HWI-ST558:73:B01BVACXX:6:2106:20923:149493/1
618	HWI-ST558:73:B01BVACXX:6:2106:20923:149493/2
619	HWI-ST558:73:B01BVACXX:6:2106:15316:185671/1
620	HWI-ST558:73:B01BVACXX:6:2106:15316:185671/2
621	HWI-ST558:73:B01BVACXX:6:2106:9920:195305/1
622	HWI-ST558:73:B01BVACXX:6:2106:9920:195305/2
623	HWI-ST558:73:B01BVACXX:6:2107:5343:18043/1
624	HWI-ST558:73:B01BVACXX:6:2107:5343:18043/2
625	HWI-ST558:73:B01BVACXX:6:2107:14576:75415/1
626	HWI-ST558:73:B01BVACXX:6:2107:14576:75415/2
627	HWI-ST558:73:B01BVACXX:6:2107:1659:174687/1
628	HWI-ST558:73:B01BVACXX:6:2107:1659:174687/2
629	HWI-ST558:73:B01BVACXX:6:2107:18928:182703/1
630	HWI-ST558:73:B01BVACXX:6:2107:18928:182703/2
631	HWI-ST558:73:B01BVACXX:6:2108:6028:21440/1
632	HWI-ST558:73:B01BVACXX:6:2108:6028:21440/2
633	HWI-ST558:73:B01BVACXX:6:2108:17107:37600/1
634	HWI-ST558:73:B01BVACXX:6:2108:17107:37600/2
635	HWI-ST558:73:B01BVACXX:6:2108:17824:43218/1
636	HWI-ST558:73:B01BVACXX:6:2108:17824:43218/2
637	HWI-ST558:73:B01BVACXX:6:2108:17799:59996/1
638	HWI-ST558:73:B01BVACXX:6:2108:17799:59996/2
639	HWI-ST558:73:B01BVACXX:6:2108:13952:77154/1
640	HWI-ST558:73:B01BVACXX:6:2108:13952:77154/2
641	HWI-ST558:73:B01BVACXX:6:2108:16130:84231/1
642	HWI-ST558:73:B01BVACXX:6:2108:16130:84231/2
643	HWI-ST558:73:B01BVACXX:6:2108:18620:88677/1
644	HWI-ST558:73:B01BVACXX:6:2108:18620:88677/2
645	HWI-ST558:73:B01BVACXX:6:2108:10192:102010/1
646	HWI-ST558:73:B01BVACXX:6:2108:10192:102010/2
647	HWI-ST558:73:B01BVACXX:6:2108:3529:107899/1
648	HWI-ST558:73:B01BVACXX:6:2108:3529:107899/2
649	HWI-ST558:73:B01BVACXX:6:2108:14624:124970/1
650	HWI-ST558:73:B01BVACXX:6:2108:14624:124970/2
651	HWI-ST558:73:B01BVACXX:6:2108:9004:130006/1
652	HWI-ST558:73:B01BVACXX:6:2108:9004:130006/2
653	HWI-ST558:73:B01BVACXX:6:2108:9435:145365/1
654	HWI-ST558:73:B01BVACXX:6:2108:9435:145365/2
655	HWI-ST558:73:B01BVACXX:6:2201:14578:11713/1
656	HWI-ST558:73:B01BVACXX:6:2201:14578:11713/2
657	HWI-ST558:73:B01BVACXX:6:2201:20299:44392/1
658	HWI-ST558:73:B01BVACXX:6:2201:20299:44392/2
659	HWI-ST558:73:B01BVACXX:6:2201:5893:93399/1
660	HWI-ST558:73:B01BVACXX:6:2201:5893:93399/2
661	HWI-ST558:73:B01BVACXX:6:2201:10518:141546/1
662	HWI-ST558:73:B01BVACXX:6:2201:10518:141546/2
663	HWI-ST558:73:B01BVACXX:6:2201:5937:149021/1
664	HWI-ST558:73:B01BVACXX:6:2201:5937:149021/2
665	HWI-ST558:73:B01BVACXX:6:2201:10431:149859/1
666	HWI-ST558:73:B01BVACXX:6:2201:10431:149859/2
667	HWI-ST558:73:B01BVACXX:6:2201:17906:157548/1
668	HWI-ST558:73:B01BVACXX:6:2201:17906:157548/2
669	HWI-ST558:73:B01BVACXX:6:2201:21182:174551/1
670	HWI-ST558:73:B01BVACXX:6:2201:21182:174551/2
671	HWI-ST558:73:B01BVACXX:6:2201:16363:190109/1
672	HWI-ST558:73:B01BVACXX:6:2201:16363:190109/2
673	HWI-ST558:73:B01BVACXX:6:2202:2953:33115/1
674	HWI-ST558:73:B01BVACXX:6:2202:2953:33115/2
675	HWI-ST558:73:B01BVACXX:6:2202:2530:47157/1
676	HWI-ST558:73:B01BVACXX:6:2202:2530:47157/2
677	HWI-ST558:73:B01BVACXX:6:2202:15066:58346/1
678	HWI-ST558:73:B01BVACXX:6:2202:15066:58346/2
679	HWI-ST558:73:B01BVACXX:6:2202:11064:68101/1
680	HWI-ST558:73:B01BVACXX:6:2202:11064:68101/2
681	HWI-ST558:73:B01BVACXX:6:2202:10258:79279/1
682	HWI-ST558:73:B01BVACXX:6:2202:10258:79279/2
683	HWI-ST558:73:B01BVACXX:6:2202:17296:86966/1
684	HWI-ST558:73:B01BVACXX:6:2202:17296:86966/2
685	HWI-ST558:73:B01BVACXX:6:2202:16981:91336/1
686	HWI-ST558:73:B01BVACXX:6:2202:16981:91336/2
687	HWI-ST558:73:B01BVACXX:6:2202:19607:117626/1
688	HWI-ST558:73:B01BVACXX:6:2202:19607:117626/2
689	HWI-ST558:73:B01BVACXX:6:2202:14560:185402/1
690	HWI-ST558:73:B01BVACXX:6:2202:14560:185402/2
691	HWI-ST558:73:B01BVACXX:6:2203:9644:22116/1
692	HWI-ST558:73:B01BVACXX:6:2203:9644:22116/2
693	HWI-ST558:73:B01BVACXX:6:2203:13919:24933/1
694	HWI-ST558:73:B01BVACXX:6:2203:13919:24933/2
695	HWI-ST558:73:B01BVACXX:6:2203:13661:62856/1
696	HWI-ST558:73:B01BVACXX:6:2203:13661:62856/2
697	HWI-ST558:73:B01BVACXX:6:2203:1464:64213/1
698	HWI-ST558:73:B01BVACXX:6:2203:1464:64213/2
699	HWI-ST558:73:B01BVACXX:6:2203:15411:96458/1
700	HWI-ST558:73:B01BVACXX:6:2203:15411:96458/2
701	HWI-ST558:73:B01BVACXX:6:2203:16149:99707/1
702	HWI-ST558:73:B01BVACXX:6:2203:16149:99707/2
703	HWI-ST558:73:B01BVACXX:6:2203:2490:108688/1
704	HWI-ST558:73:B01BVACXX:6:2203:2490:108688/2
705	HWI-ST558:73:B01BVACXX:6:2203:19494:123924/1
706	HWI-ST558:73:B01BVACXX:6:2203:19494:123924/2
707	HWI-ST558:73:B01BVACXX:6:2203:7580:156295/1
708	HWI-ST558:73:B01BVACXX:6:2203:7580:156295/2
709	HWI-ST558:73:B01BVACXX:6:2203:2823:164705/1
710	HWI-ST558:73:B01BVACXX:6:2203:2823:164705/2
711	HWI-ST558:73:B01BVACXX:6:2203:10684:193402/1
712	HWI-ST558:73:B01BVACXX:6:2203:10684:193402/2
713	HWI-ST558:73:B01BVACXX:6:2204:18235:34252/1
714	HWI-ST558:73:B01BVACXX:6:2204:18235:34252/2
715	HWI-ST558:73:B01BVACXX:6:2204:3175:64760/1
716	HWI-ST558:73:B01BVACXX:6:2204:3175:64760/2
717	HWI-ST558:73:B01BVACXX:6:2204:19126:74114/1
718	HWI-ST558:73:B01BVACXX:6:2204:19126:74114/2
719	HWI-ST558:73:B01BVACXX:6:2204:1141:87317/1
720	HWI-ST558:73:B01BVACXX:6:2204:1141:87317/2
721	HWI-ST558:73:B01BVACXX:6:2204:17267:87896/1
722	HWI-ST558:73:B01BVACXX:6:2204:17267:87896/2
723	HWI-ST558:73:B01BVACXX:6:2204:5131:99205/1
724	HWI-ST558:73:B01BVACXX:6:2204:5131:99205/2
725	HWI-ST558:73:B01BVACXX:6:2205:17593:4811/1
726	HWI-ST558:73:B01BVACXX:6:2205:17593:4811/2
727	HWI-ST558:73:B01BVACXX:6:2205:2889:25204/1
728	HWI-ST558:73:B01BVACXX:6:2205:2889:25204/2
729	HWI-ST558:73:B01BVACXX:6:2205:13118:93125/1
730	HWI-ST558:73:B01BVACXX:6:2205:13118:93125/2
731	HWI-ST558:73:B01BVACXX:6:2205:10465:113602/1
732	HWI-ST558:73:B01BVACXX:6:2205:10465:113602/2
733	HWI-ST558:73:B01BVACXX:6:2205:15142:122732/1
734	HWI-ST558:73:B01BVACXX:6:2205:15142:122732/2
735	HWI-ST558:73:B01BVACXX:6:2205:17904:127911/1
736	HWI-ST558:73:B01BVACXX:6:2205:17904:127911/2
737	HWI-ST558:73:B01BVACXX:6:2205:11003:131922/1
738	HWI-ST558:73:B01BVACXX:6:2205:11003:131922/2
739	HWI-ST558:73:B01BVACXX:6:2205:1866:171077/1
740	HWI-ST558:73:B01BVACXX:6:2205:1866:171077/2
741	HWI-ST558:73:B01BVACXX:6:2205:17386:177217/1
742	HWI-ST558:73:B01BVACXX:6:2205:17386:177217/2
743	HWI-ST558:73:B01BVACXX:6:2205:8439:178037/1
744	HWI-ST558:73:B01BVACXX:6:2205:8439:178037/2
745	HWI-ST558:73:B01BVACXX:6:2205:16649:185125/1
746	HWI-ST558:73:B01BVACXX:6:2205:16649:185125/2
747	HWI-ST558:73:B01BVACXX:6:2206:1900:3255/1
748	HWI-ST558:73:B01BVACXX:6:2206:1900:3255/2
749	HWI-ST558:73:B01BVACXX:6:2206:15070:34003/1
750	HWI-ST558:73:B01BVACXX:6:2206:15070:34003/2
751	HWI-ST558:73:B01BVACXX:6:2206:2205:48571/1
752	HWI-ST558:73:B01BVACXX:6:2206:2205:48571/2
753	HWI-ST558:73:B01BVACXX:6:2206:14668:49532/1
754	HWI-ST558:73:B01BVACXX:6:2206:14668:49532/2
755	HWI-ST558:73:B01BVACXX:6:2206:6471:72965/1
756	HWI-ST558:73:B01BVACXX:6:2206:6471:72965/2
757	HWI-ST558:73:B01BVACXX:6:2206:5672:114426/1
758	HWI-ST558:73:B01BVACXX:6:2206:5672:114426/2
759	HWI-ST558:73:B01BVACXX:6:2206:11352:152355/1
760	HWI-ST558:73:B01BVACXX:6:2206:11352:152355/2
761	HWI-ST558:73:B01BVACXX:6:2206:17786:154266/1
762	HWI-ST558:73:B01BVACXX:6:2206:17786:154266/2
763	HWI-ST558:73:B01BVACXX:6:2207:4590:14246/1
764	HWI-ST558:73:B01BVACXX:6:2207:4590:14246/2
765	HWI-ST558:73:B01BVACXX:6:2207:7679:32337/1
766	HWI-ST558:73:B01BVACXX:6:2207:7679:32337/2
767	HWI-ST558:73:B01BVACXX:6:2207:20382:47390/1
768	HWI-ST558:73:B01BVACXX:6:2207:20382:47390/2
769	HWI-ST558:73:B01BVACXX:6:2207:12189:51702/1
770	HWI-ST558:73:B01BVACXX:6:2207:12189:51702/2
771	HWI-ST558:73:B01BVACXX:6:2207:1100:56934/1
772	HWI-ST558:73:B01BVACXX:6:2207:1100:56934/2
773	HWI-ST558:73:B01BVACXX:6:2207:9539:84445/1
774	HWI-ST558:73:B01BVACXX:6:2207:9539:84445/2
775	HWI-ST558:73:B01BVACXX:6:2207:19079:85366/1
776	HWI-ST558:73:B01BVACXX:6:2207:19079:85366/2
777	HWI-ST558:73:B01BVACXX:6:2207:7932:106144/1
778	HWI-ST558:73:B01BVACXX:6:2207:7932:106144/2
779	HWI-ST558:73:B01BVACXX:6:2207:9498:150305/1
780	HWI-ST558:73:B01BVACXX:6:2207:9498:150305/2
781	HWI-ST558:73:B01BVACXX:6:2207:20482:152698/1
782	HWI-ST558:73:B01BVACXX:6:2207:20482:152698/2
783	HWI-ST558:73:B01BVACXX:6:2207:17878:159698/1
784	HWI-ST558:73:B01BVACXX:6:2207:17878:159698/2
785	HWI-ST558:73:B01BVACXX:6:2207:12360:179490/1
786	HWI-ST558:73:B01BVACXX:6:2207:12360:179490/2
787	HWI-ST558:73:B01BVACXX:6:2207:18248:193526/1
788	HWI-ST558:73:B01BVACXX:6:2207:18248:193526/2
789	HWI-ST558:73:B01BVACXX:6:2301:19252:39994/1
790	HWI-ST558:73:B01BVACXX:6:2301:19252:39994/2
791	HWI-ST558:73:B01BVACXX:6:2301:15746:40263/1
792	HWI-ST558:73:B01BVACXX:6:2301:15746:40263/2
793	HWI-ST558:73:B01BVACXX:6:2301:10745:87473/1
794	HWI-ST558:73:B01BVACXX:6:2301:10745:87473/2
795	HWI-ST558:73:B01BVACXX:6:2301:9424:87696/1
796	HWI-ST558:73:B01BVACXX:6:2301:9424:87696/2
797	HWI-ST558:73:B01BVACXX:6:2301:18350:133264/1
798	HWI-ST558:73:B01BVACXX:6:2301:18350:133264/2
799	HWI-ST558:73:B01BVACXX:6:2301:17333:141759/1
800	HWI-ST558:73:B01BVACXX:6:2301:17333:141759/2
801	HWI-ST558:73:B01BVACXX:6:2301:20398:155131/1
802	HWI-ST558:73:B01BVACXX:6:2301:20398:155131/2
803	HWI-ST558:73:B01BVACXX:6:2301:15608:157393/1
804	HWI-ST558:73:B01BVACXX:6:2301:15608:157393/2
805	HWI-ST558:73:B01BVACXX:6:2301:3589:165026/1
806	HWI-ST558:73:B01BVACXX:6:2301:3589:165026/2
807	HWI-ST558:73:B01BVACXX:6:2301:21210:175087/1
808	HWI-ST558:73:B01BVACXX:6:2301:21210:175087/2
809	HWI-ST558:73:B01BVACXX:6:2301:1218:183652/1
810	HWI-ST558:73:B01BVACXX:6:2301:1218:183652/2
811	HWI-ST558:73:B01BVACXX:6:2302:16956:5517/1
812	HWI-ST558:73:B01BVACXX:6:2302:16956:5517/2
813	HWI-ST558:73:B01BVACXX:6:2302:18369:19134/1
814	HWI-ST558:73:B01BVACXX:6:2302:18369:19134/2
815	HWI-ST558:73:B01BVACXX:6:2302:11518:25464/1
816	HWI-ST558:73:B01BVACXX:6:2302:11518:25464/2
817	HWI-ST558:73:B01BVACXX:6:2302:20405:64517/1
818	HWI-ST558:73:B01BVACXX:6:2302:20405:64517/2
819	HWI-ST558:73:B01BVACXX:6:2302:11648:76368/1
820	HWI-ST558:73:B01BVACXX:6:2302:11648:76368/2
821	HWI-ST558:73:B01BVACXX:6:2302:9712:116615/1
822	HWI-ST558:73:B01BVACXX:6:2302:9712:116615/2
823	HWI-ST558:73:B01BVACXX:6:2302:19351:130255/1
824	HWI-ST558:73:B01BVACXX:6:2302:19351:130255/2
825	HWI-ST558:73:B01BVACXX:6:2302:8235:153402/1
826	HWI-ST558:73:B01BVACXX:6:2302:8235:153402/2
827	HWI-ST558:73:B01BVACXX:6:2302:15907:162406/1
828	HWI-ST558:73:B01BVACXX:6:2302:15907:162406/2
829	HWI-ST558:73:B01BVACXX:6:2302:16823:170385/1
830	HWI-ST558:73:B01BVACXX:6:2302:16823:170385/2
831	HWI-ST558:73:B01BVACXX:6:2302:9538:174776/1
832	HWI-ST558:73:B01BVACXX:6:2302:9538:174776/2
833	HWI-ST558:73:B01BVACXX:6:2302:6953:187281/1
834	HWI-ST558:73:B01BVACXX:6:2302:6953:187281/2
835	HWI-ST558:73:B01BVACXX:6:2303:4975:22591/1
836	HWI-ST558:73:B01BVACXX:6:2303:4975:22591/2
837	HWI-ST558:73:B01BVACXX:6:2303:8752:111594/1
838	HWI-ST558:73:B01BVACXX:6:2303:8752:111594/2
839	HWI-ST558:73:B01BVACXX:6:2303:9187:159841/1
840	HWI-ST558:73:B01BVACXX:6:2303:9187:159841/2
841	HWI-ST558:73:B01BVACXX:6:2303:16875:169262/1
842	HWI-ST558:73:B01BVACXX:6:2303:16875:169262/2
843	HWI-ST558:73:B01BVACXX:6:2303:8214:185168/1
844	HWI-ST558:73:B01BVACXX:6:2303:8214:185168/2
845	HWI-ST558:73:B01BVACXX:6:2303:11142:187112/1
846	HWI-ST558:73:B01BVACXX:6:2303:11142:187112/2
847	HWI-ST558:73:B01BVACXX:6:2304:12082:15426/1
848	HWI-ST558:73:B01BVACXX:6:2304:12082:15426/2
849	HWI-ST558:73:B01BVACXX:6:2304:20210:33167/1
850	HWI-ST558:73:B01BVACXX:6:2304:20210:33167/2
851	HWI-ST558:73:B01BVACXX:6:2304:3273:54864/1
852	HWI-ST558:73:B01BVACXX:6:2304:3273:54864/2
853	HWI-ST558:73:B01BVACXX:6:2304:12605:83654/1
854	HWI-ST558:73:B01BVACXX:6:2304:12605:83654/2
855	HWI-ST558:73:B01BVACXX:6:2304:19744:145723/1
856	HWI-ST558:73:B01BVACXX:6:2304:19744:145723/2
857	HWI-ST558:73:B01BVACXX:6:2304:6724:159535/1
858	HWI-ST558:73:B01BVACXX:6:2304:6724:159535/2
859	HWI-ST558:73:B01BVACXX:6:2305:15164:44004/1
860	HWI-ST558:73:B01BVACXX:6:2305:15164:44004/2
861	HWI-ST558:73:B01BVACXX:6:2305:1669:57993/1
862	HWI-ST558:73:B01BVACXX:6:2305:1669:57993/2
863	HWI-ST558:73:B01BVACXX:6:2305:2105:64674/1
864	HWI-ST558:73:B01BVACXX:6:2305:2105:64674/2
865	HWI-ST558:73:B01BVACXX:6:2305:15519:78794/1
866	HWI-ST558:73:B01BVACXX:6:2305:15519:78794/2
867	HWI-ST558:73:B01BVACXX:6:2305:11604:97745/1
868	HWI-ST558:73:B01BVACXX:6:2305:11604:97745/2
869	HWI-ST558:73:B01BVACXX:6:2305:1219:103717/1
870	HWI-ST558:73:B01BVACXX:6:2305:1219:103717/2
871	HWI-ST558:73:B01BVACXX:6:2305:6286:120252/1
872	HWI-ST558:73:B01BVACXX:6:2305:6286:120252/2
873	HWI-ST558:73:B01BVACXX:6:2305:8899:125893/1
874	HWI-ST558:73:B01BVACXX:6:2305:8899:125893/2
875	HWI-ST558:73:B01BVACXX:6:2305:17381:135178/1
876	HWI-ST558:73:B01BVACXX:6:2305:17381:135178/2
877	HWI-ST558:73:B01BVACXX:6:2306:13151:25636/1
878	HWI-ST558:73:B01BVACXX:6:2306:13151:25636/2
879	HWI-ST558:73:B01BVACXX:6:2306:15983:25914/1
880	HWI-ST558:73:B01BVACXX:6:2306:15983:25914/2
881	HWI-ST558:73:B01BVACXX:6:2306:6312:42139/1
882	HWI-ST558:73:B01BVACXX:6:2306:6312:42139/2
883	HWI-ST558:73:B01BVACXX:6:2306:6621:52953/1
884	HWI-ST558:73:B01BVACXX:6:2306:6621:52953/2
885	HWI-ST558:73:B01BVACXX:6:2306:18029:68045/1
886	HWI-ST558:73:B01BVACXX:6:2306:18029:68045/2
887	HWI-ST558:73:B01BVACXX:6:2306:16538:99583/1
888	HWI-ST558:73:B01BVACXX:6:2306:16538:99583/2
889	HWI-ST558:73:B01BVACXX:6:2306:19282:108310/1
890	HWI-ST558:73:B01BVACXX:6:2306:19282:108310/2
891	HWI-ST558:73:B01BVACXX:6:2306:10366:109081/1
892	HWI-ST558:73:B01BVACXX:6:2306:10366:109081/2
893	HWI-ST558:73:B01BVACXX:6:2306:12194:113985/1
894	HWI-ST558:73:B01BVACXX:6:2306:12194:113985/2
895	HWI-ST558:73:B01BVACXX:6:2306:8532:146992/1
896	HWI-ST558:73:B01BVACXX:6:2306:8532:146992/2
897	HWI-ST558:73:B01BVACXX:6:2306:6510:157494/1
898	HWI-ST558:73:B01BVACXX:6:2306:6510:157494/2
899	HWI-ST558:73:B01BVACXX:6:2306:13032:183701/1
900	HWI-ST558:73:B01BVACXX:6:2306:13032:183701/2
901	HWI-ST558:73:B01BVACXX:6:2307:12416:11855/1
902	HWI-ST558:73:B01BVACXX:6:2307:12416:11855/2
903	HWI-ST558:73:B01BVACXX:6:2307:18054:16279/1
904	HWI-ST558:73:B01BVACXX:6:2307:18054:16279/2
905	HWI-ST558:73:B01BVACXX:6:2307:14467:25303/1
906	HWI-ST558:73:B01BVACXX:6:2307:14467:25303/2
907	HWI-ST558:73:B01BVACXX:6:2307:11534:51330/1
908	HWI-ST558:73:B01BVACXX:6:2307:11534:51330/2
909	HWI-ST558:73:B01BVACXX:6:2307:16182:51889/1
910	HWI-ST558:73:B01BVACXX:6:2307:16182:51889/2
911	HWI-ST558:73:B01BVACXX:6:2307:4743:66115/1
912	HWI-ST558:73:B01BVACXX:6:2307:4743:66115/2
913	HWI-ST558:73:B01BVACXX:6:2307:3691:74907/1
914	HWI-ST558:73:B01BVACXX:6:2307:3691:74907/2
915	HWI-ST558:73:B01BVACXX:6:2307:9827:76681/1
916	HWI-ST558:73:B01BVACXX:6:2307:9827:76681/2
917	HWI-ST558:73:B01BVACXX:6:2307:7106:96482/1
918	HWI-ST558:73:B01BVACXX:6:2307:7106:96482/2
919	HWI-ST558:73:B01BVACXX:6:2307:19211:98588/1
920	HWI-ST558:73:B01BVACXX:6:2307:19211:98588/2
921	HWI-ST558:73:B01BVACXX:6:2307:17211:108666/1
922	HWI-ST558:73:B01BVACXX:6:2307:17211:108666/2
923	HWI-ST558:73:B01BVACXX:6:2307:7051:111584/1
924	HWI-ST558:73:B01BVACXX:6:2307:7051:111584/2
925	HWI-ST558:73:B01BVACXX:6:2307:10310:132095/1
926	HWI-ST558:73:B01BVACXX:6:2307:10310:132095/2
927	HWI-ST558:73:B01BVACXX:6:2307:11264:156931/1
928	HWI-ST558:73:B01BVACXX:6:2307:11264:156931/2
929	HWI-ST558:73:B01BVACXX:6:2307:14907:175477/1
930	HWI-ST558:73:B01BVACXX:6:2307:14907:175477/2
931	HWI-ST558:73:B01BVACXX:6:2307:12188:198612/1
932	HWI-ST558:73:B01BVACXX:6:2307:12188:198612/2
933	HWI-ST558:73:B01BVACXX:6:2308:15773:30648/1
934	HWI-ST558:73:B01BVACXX:6:2308:15773:30648/2
935	HWI-ST558:73:B01BVACXX:6:1302:19927:91877/1
936	HWI-ST558:73:B01BVACXX:6:1305:3030:140698/2
937	HWI-ST558:73:B01BVACXX:6:2201:1325:121186/1
938	HWI-ST558:73:B01BVACXX:6:1306:12145:136093/2
939	NC_010976.1|Gyrodactylus_derjavinoides_bb_bb_bb_bb
940	HWI-ST558:73:B01BVACXX:6:2305:15480:114920/1
