
MITObim - mitochondrial baiting and iterative mapping
version 1.8
author: Christoph Hahn, (c) 2012-2016

quick option selected! -maf option will be ignored (if given)

Full command run:
/home/478358/src/MITObim/MITObim/MITObim_1.8.pl -end 100 --quick G.der-teu-tru.mt.fasta -readpool teu1-reads.fastq -ref G.der.teu.tru.mt -sample teu1 --clean --missmatch 2

All paramters seem to make sense:
startiteration: 0
enditeration: 100
sample: teu1
refname: G.der.teu.tru.mt
readpool: /home/478358/WORKING/GYRO/mt-genomes/3-mt-genomes/multi/teu1/seed_der-teu-tru_pe/teu1-reads.fastq
maf: 0
quick: /home/478358/WORKING/GYRO/mt-genomes/3-mt-genomes/multi/teu1/seed_der-teu-tru_pe/G.der-teu-tru.mt.fasta
paired: 0 (off=0, on=1)
assembly mode: 0 (mapping=0, denovo=1)
verbose: 0 (off=0, on=1)
split: 0 (off=0, on=1)
minimum avg. coverage: 0 (off=0)
clean: 1 (off=0, on=1)
trim reads: 0 (off=0, on=1)
trim overhang: 0 (no=0, yes=1)
platform: solexa
kmer baiting: 31
number of missmatches in mapping assembly: 2
proofreading: off

Starting MITObim 

==============
 ITERATION 0
==============
Nov  1 16:24:37


quick option baits reads from provided reference in iteration 0

fishing readpool using mirabait (k = 31)


running mapping assembly using MIRA

readpool contains 208998 reads
assembly contains 3 contig(s)
min contig length: 14741 bp
max contig length: 14908 bp
avg contig length: 14848 bp
find details on individual contigs in: /home/478358/WORKING/GYRO/mt-genomes/3-mt-genomes/multi/teu1/seed_der-teu-tru_pe/iteration0/teu1-G.der.teu.tru.mt_assembly/teu1-G.der.teu.tru.mt_d_info/teu1-G.der.teu.tru.mt_info_contigstats.txt

==============
 ITERATION 1
==============
Nov  1 16:28:45


recover backbone by running miraconvert on maf file


fishing readpool using mirabait (k = 31)


running mapping assembly using MIRA

readpool contains 209917 reads
assembly contains 3 contig(s)
min contig length: 14741 bp
max contig length: 14963 bp
avg contig length: 14870 bp
find details on individual contigs in: /home/478358/WORKING/GYRO/mt-genomes/3-mt-genomes/multi/teu1/seed_der-teu-tru_pe/iteration1/teu1-G.der.teu.tru.mt_assembly/teu1-G.der.teu.tru.mt_d_info/teu1-G.der.teu.tru.mt_info_contigstats.txt

==============
 ITERATION 2
==============
Nov  1 16:32:59


recover backbone by running miraconvert on maf file


fishing readpool using mirabait (k = 31)


running mapping assembly using MIRA

readpool contains 209025 reads
assembly contains 3 contig(s)
min contig length: 14741 bp
max contig length: 15043 bp
avg contig length: 14897 bp
find details on individual contigs in: /home/478358/WORKING/GYRO/mt-genomes/3-mt-genomes/multi/teu1/seed_der-teu-tru_pe/iteration2/teu1-G.der.teu.tru.mt_assembly/teu1-G.der.teu.tru.mt_d_info/teu1-G.der.teu.tru.mt_info_contigstats.txt

now removing directory iteration0

MITObim has reached a stationary read number after 2 iterations!!

if you found MITObim useful, please cite:
Hahn C, Bachmann L and Chevreux B. (2013) Reconstructing mitochondrial genomes directly from genomic next-generation sequencing reads -
a baiting and iterative mapping approach. Nucl. Acids Res. 41(13):e129. doi: 10.1093/nar/gkt371

Nov  1 16:37:06

removed ‘teu1-reads.fastq’
