
MITObim - mitochondrial baiting and iterative mapping
version 1.8
author: Christoph Hahn, (c) 2012-2016

quick option selected! -maf option will be ignored (if given)

Full command run:
/home/478358/src/MITObim/MITObim/MITObim_1.8.pl -end 100 --quick Gyrodactylus_teuchis_ciruclar_14789.reference.fasta -readpool teu3-reads.fastq -ref Gyrodactylus_teuchis_ciruclar_14789 -sample teu3 --clean --missmatch 2

All paramters seem to make sense:
startiteration: 0
enditeration: 100
sample: teu3
refname: Gyrodactylus_teuchis_ciruclar_14789
readpool: /home/478358/WORKING/GYRO/mt-genomes/3-mt-genomes/multi/teu3/seed_der-teu_pe/teu3.Gyrodactylus_teuchis_ciruclar_14789/teu3-reads.fastq
maf: 0
quick: /home/478358/WORKING/GYRO/mt-genomes/3-mt-genomes/multi/teu3/seed_der-teu_pe/teu3.Gyrodactylus_teuchis_ciruclar_14789/Gyrodactylus_teuchis_ciruclar_14789.reference.fasta
paired: 0 (off=0, on=1)
assembly mode: 0 (mapping=0, denovo=1)
verbose: 0 (off=0, on=1)
split: 0 (off=0, on=1)
minimum avg. coverage: 0 (off=0)
clean: 1 (off=0, on=1)
trim reads: 0 (off=0, on=1)
trim overhang: 0 (no=0, yes=1)
platform: solexa
kmer baiting: 31
number of missmatches in mapping assembly: 2
proofreading: off

Starting MITObim 

==============
 ITERATION 0
==============
Nov  1 15:18:24


quick option baits reads from provided reference in iteration 0

fishing readpool using mirabait (k = 31)


running mapping assembly using MIRA

readpool contains 174688 reads
assembly contains 1 contig(s)
contig length: 14891

==============
 ITERATION 1
==============
Nov  1 15:19:36


recover backbone by running miraconvert on maf file


fishing readpool using mirabait (k = 31)


running mapping assembly using MIRA

readpool contains 174705 reads
assembly contains 1 contig(s)
contig length: 14891

==============
 ITERATION 2
==============
Nov  1 15:20:54


recover backbone by running miraconvert on maf file


fishing readpool using mirabait (k = 31)


running mapping assembly using MIRA

readpool contains 174705 reads
assembly contains 1 contig(s)
contig length: 14891

now removing directory iteration0

MITObim has reached a stationary read number after 2 iterations!!

if you found MITObim useful, please cite:
Hahn C, Bachmann L and Chevreux B. (2013) Reconstructing mitochondrial genomes directly from genomic next-generation sequencing reads -
a baiting and iterative mapping approach. Nucl. Acids Res. 41(13):e129. doi: 10.1093/nar/gkt371

Nov  1 15:22:13

removed ‘teu3-reads.fastq’
