
MITObim - mitochondrial baiting and iterative mapping
version 1.8
author: Christoph Hahn, (c) 2012-2016

quick option selected! -maf option will be ignored (if given)

Full command run:
/home/478358/src/MITObim/MITObim/MITObim_1.8.pl -end 100 --quick G.der-teu-tru.mt.fasta -readpool tru2-reads.fastq -ref G.der.teu.tru.mt -sample tru2 --clean --missmatch 2

All paramters seem to make sense:
startiteration: 0
enditeration: 100
sample: tru2
refname: G.der.teu.tru.mt
readpool: /home/478358/WORKING/GYRO/mt-genomes/3-mt-genomes/multi/tru2/seed_der-teu-tru_pe/tru2-reads.fastq
maf: 0
quick: /home/478358/WORKING/GYRO/mt-genomes/3-mt-genomes/multi/tru2/seed_der-teu-tru_pe/G.der-teu-tru.mt.fasta
paired: 0 (off=0, on=1)
assembly mode: 0 (mapping=0, denovo=1)
verbose: 0 (off=0, on=1)
split: 0 (off=0, on=1)
minimum avg. coverage: 0 (off=0)
clean: 1 (off=0, on=1)
trim reads: 0 (off=0, on=1)
trim overhang: 0 (no=0, yes=1)
platform: solexa
kmer baiting: 31
number of missmatches in mapping assembly: 2
proofreading: off

Starting MITObim 

==============
 ITERATION 0
==============
Nov  1 16:26:24


quick option baits reads from provided reference in iteration 0

fishing readpool using mirabait (k = 31)


running mapping assembly using MIRA

readpool contains 109532 reads
assembly contains 3 contig(s)
min contig length: 14769 bp
max contig length: 14923 bp
avg contig length: 14851 bp
find details on individual contigs in: /home/478358/WORKING/GYRO/mt-genomes/3-mt-genomes/multi/tru2/seed_der-teu-tru_pe/iteration0/tru2-G.der.teu.tru.mt_assembly/tru2-G.der.teu.tru.mt_d_info/tru2-G.der.teu.tru.mt_info_contigstats.txt

==============
 ITERATION 1
==============
Nov  1 16:29:26


recover backbone by running miraconvert on maf file


fishing readpool using mirabait (k = 31)


running mapping assembly using MIRA

readpool contains 117456 reads
assembly contains 3 contig(s)
min contig length: 14769 bp
max contig length: 14928 bp
avg contig length: 14868 bp
find details on individual contigs in: /home/478358/WORKING/GYRO/mt-genomes/3-mt-genomes/multi/tru2/seed_der-teu-tru_pe/iteration1/tru2-G.der.teu.tru.mt_assembly/tru2-G.der.teu.tru.mt_d_info/tru2-G.der.teu.tru.mt_info_contigstats.txt

==============
 ITERATION 2
==============
Nov  1 16:32:38


recover backbone by running miraconvert on maf file


fishing readpool using mirabait (k = 31)


running mapping assembly using MIRA

readpool contains 120070 reads
assembly contains 3 contig(s)
min contig length: 14765 bp
max contig length: 14923 bp
avg contig length: 14863 bp
find details on individual contigs in: /home/478358/WORKING/GYRO/mt-genomes/3-mt-genomes/multi/tru2/seed_der-teu-tru_pe/iteration2/tru2-G.der.teu.tru.mt_assembly/tru2-G.der.teu.tru.mt_d_info/tru2-G.der.teu.tru.mt_info_contigstats.txt

now removing directory iteration0

==============
 ITERATION 3
==============
Nov  1 16:35:47


recover backbone by running miraconvert on maf file


fishing readpool using mirabait (k = 31)


running mapping assembly using MIRA

readpool contains 118776 reads
assembly contains 3 contig(s)
min contig length: 14770 bp
max contig length: 14928 bp
avg contig length: 14868 bp
find details on individual contigs in: /home/478358/WORKING/GYRO/mt-genomes/3-mt-genomes/multi/tru2/seed_der-teu-tru_pe/iteration3/tru2-G.der.teu.tru.mt_assembly/tru2-G.der.teu.tru.mt_d_info/tru2-G.der.teu.tru.mt_info_contigstats.txt

now removing directory iteration1

MITObim has reached a stationary read number after 3 iterations!!

if you found MITObim useful, please cite:
Hahn C, Bachmann L and Chevreux B. (2013) Reconstructing mitochondrial genomes directly from genomic next-generation sequencing reads -
a baiting and iterative mapping approach. Nucl. Acids Res. 41(13):e129. doi: 10.1093/nar/gkt371

Nov  1 16:38:56

removed ‘tru2-reads.fastq’
